{"/Users/parthpatel/real-estate-analyzer/backend/src/testApiOnStartup.ts": {"path":"/Users/parthpatel/real-estate-analyzer/backend/src/testApiOnStartup.ts","statementMap":{"0":{"start":{"line":1,"column":0},"end":{"line":1,"column":26}},"1":{"start":{"line":2,"column":0},"end":{"line":2,"column":40}},"2":{"start":{"line":4,"column":17},"end":{"line":4,"column":68}},"3":{"start":{"line":6,"column":24},"end":{"line":11,"column":2}},"4":{"start":{"line":14,"column":2},"end":{"line":27,"column":null}},"5":{"start":{"line":15,"column":16},"end":{"line":20,"column":6}},"6":{"start":{"line":21,"column":4},"end":{"line":21,"column":62}},"7":{"start":{"line":22,"column":4},"end":{"line":22,"column":20}},"8":{"start":{"line":24,"column":4},"end":{"line":24,"column":98}},"9":{"start":{"line":26,"column":4},"end":{"line":26,"column":16}},"10":{"start":{"line":31,"column":19},"end":{"line":31,"column":23}},"11":{"start":{"line":32,"column":2},"end":{"line":39,"column":null}},"12":{"start":{"line":33,"column":4},"end":{"line":38,"column":null}},"13":{"start":{"line":34,"column":6},"end":{"line":34,"column":63}},"14":{"start":{"line":35,"column":6},"end":{"line":35,"column":25}},"15":{"start":{"line":37,"column":6},"end":{"line":37,"column":63}},"16":{"start":{"line":40,"column":2},"end":{"line":40,"column":20}},"17":{"start":{"line":44,"column":2},"end":{"line":75,"column":null}},"18":{"start":{"line":45,"column":4},"end":{"line":45,"column":46}},"19":{"start":{"line":48,"column":4},"end":{"line":51,"column":null}},"20":{"start":{"line":49,"column":6},"end":{"line":49,"column":93}},"21":{"start":{"line":50,"column":6},"end":{"line":50,"column":13}},"22":{"start":{"line":54,"column":16},"end":{"line":54,"column":59}},"23":{"start":{"line":57,"column":15},"end":{"line":57,"column":57}},"24":{"start":{"line":60,"column":4},"end":{"line":63,"column":null}},"25":{"start":{"line":61,"column":26},"end":{"line":61,"column":79}},"26":{"start":{"line":62,"column":6},"end":{"line":62,"column":72}},"27":{"start":{"line":62,"column":23},"end":{"line":62,"column":72}},"28":{"start":{"line":66,"column":4},"end":{"line":69,"column":null}},"29":{"start":{"line":67,"column":25},"end":{"line":67,"column":77}},"30":{"start":{"line":68,"column":6},"end":{"line":68,"column":69}},"31":{"start":{"line":68,"column":22},"end":{"line":68,"column":69}},"32":{"start":{"line":71,"column":4},"end":{"line":71,"column":45}},"33":{"start":{"line":74,"column":4},"end":{"line":74,"column":54}},"34":{"start":{"line":43,"column":0},"end":{"line":43,"column":7}}},"fnMap":{"0":{"name":"testEndpoint","decl":{"start":{"line":13,"column":15},"end":{"line":13,"column":27}},"loc":{"start":{"line":13,"column":88},"end":{"line":28,"column":1}}},"1":{"name":"checkRequiredFields","decl":{"start":{"line":30,"column":9},"end":{"line":30,"column":28}},"loc":{"start":{"line":30,"column":52},"end":{"line":41,"column":1}}},"2":{"name":"runApiSmokeTests","decl":{"start":{"line":43,"column":22},"end":{"line":43,"column":38}},"loc":{"start":{"line":43,"column":38},"end":{"line":76,"column":1}}}},"branchMap":{"0":{"loc":{"start":{"line":4,"column":17},"end":{"line":4,"column":68}},"type":"binary-expr","locations":[{"start":{"line":4,"column":17},"end":{"line":4,"column":41}},{"start":{"line":4,"column":45},"end":{"line":4,"column":68}}]},"1":{"loc":{"start":{"line":13,"column":46},"end":{"line":13,"column":76}},"type":"default-arg","locations":[{"start":{"line":13,"column":71},"end":{"line":13,"column":76}}]},"2":{"loc":{"start":{"line":24,"column":63},"end":{"line":24,"column":96}},"type":"binary-expr","locations":[{"start":{"line":24,"column":63},"end":{"line":24,"column":81}},{"start":{"line":24,"column":85},"end":{"line":24,"column":96}}]},"3":{"loc":{"start":{"line":24,"column":63},"end":{"line":24,"column":81}},"type":"cond-expr","locations":[{"start":{"line":24,"column":75},"end":{"line":24,"column":77}},{"start":{"line":24,"column":75},"end":{"line":24,"column":81}}]},"4":{"loc":{"start":{"line":24,"column":63},"end":{"line":24,"column":77}},"type":"binary-expr","locations":[{"start":{"line":24,"column":63},"end":{"line":24,"column":77}},{"start":{"line":24,"column":75},"end":{"line":24,"column":77}}]},"5":{"loc":{"start":{"line":33,"column":4},"end":{"line":38,"column":null}},"type":"if","locations":[{"start":{"line":33,"column":4},"end":{"line":38,"column":null}},{"start":{"line":36,"column":11},"end":{"line":38,"column":null}}]},"6":{"loc":{"start":{"line":48,"column":4},"end":{"line":51,"column":null}},"type":"if","locations":[{"start":{"line":48,"column":4},"end":{"line":51,"column":null}}]},"7":{"loc":{"start":{"line":48,"column":8},"end":{"line":48,"column":87}},"type":"binary-expr","locations":[{"start":{"line":48,"column":8},"end":{"line":48,"column":45}},{"start":{"line":48,"column":49},"end":{"line":48,"column":87}}]},"8":{"loc":{"start":{"line":60,"column":4},"end":{"line":63,"column":null}},"type":"if","locations":[{"start":{"line":60,"column":4},"end":{"line":63,"column":null}}]},"9":{"loc":{"start":{"line":62,"column":6},"end":{"line":62,"column":72}},"type":"if","locations":[{"start":{"line":62,"column":6},"end":{"line":62,"column":72}}]},"10":{"loc":{"start":{"line":66,"column":4},"end":{"line":69,"column":null}},"type":"if","locations":[{"start":{"line":66,"column":4},"end":{"line":69,"column":null}}]},"11":{"loc":{"start":{"line":68,"column":6},"end":{"line":68,"column":69}},"type":"if","locations":[{"start":{"line":68,"column":6},"end":{"line":68,"column":69}}]}},"s":{"0":0,"1":0,"2":0,"3":0,"4":0,"5":0,"6":0,"7":0,"8":0,"9":0,"10":0,"11":0,"12":0,"13":0,"14":0,"15":0,"16":0,"17":0,"18":0,"19":0,"20":0,"21":0,"22":0,"23":0,"24":0,"25":0,"26":0,"27":0,"28":0,"29":0,"30":0,"31":0,"32":0,"33":0,"34":0},"f":{"0":0,"1":0,"2":0},"b":{"0":[0,0],"1":[0],"2":[0,0],"3":[0,0],"4":[0,0],"5":[0,0],"6":[0],"7":[0,0],"8":[0],"9":[0],"10":[0],"11":[0]}}
,"/Users/parthpatel/real-estate-analyzer/backend/src/analysis/BasePropertyAnalyzer.ts": {"path":"/Users/parthpatel/real-estate-analyzer/backend/src/analysis/BasePropertyAnalyzer.ts","statementMap":{"0":{"start":{"line":1,"column":0},"end":{"line":1,"column":71}},"1":{"start":{"line":26,"column":4},"end":{"line":26,"column":21}},"2":{"start":{"line":27,"column":4},"end":{"line":27,"column":35}},"3":{"start":{"line":31,"column":23},"end":{"line":33,"column":null}},"4":{"start":{"line":35,"column":4},"end":{"line":39,"column":6}},"5":{"start":{"line":43,"column":25},"end":{"line":49,"column":6}},"6":{"start":{"line":51,"column":4},"end":{"line":51,"column":82}},"7":{"start":{"line":51,"column":64},"end":{"line":51,"column":77}},"8":{"start":{"line":55,"column":4},"end":{"line":55,"column":78}},"9":{"start":{"line":59,"column":4},"end":{"line":59,"column":80}},"10":{"start":{"line":63,"column":4},"end":{"line":63,"column":86}},"11":{"start":{"line":67,"column":4},"end":{"line":67,"column":65}},"12":{"start":{"line":71,"column":28},"end":{"line":71,"column":59}},"13":{"start":{"line":72,"column":30},"end":{"line":72,"column":50}},"14":{"start":{"line":73,"column":44},"end":{"line":73,"column":46}},"15":{"start":{"line":74,"column":31},"end":{"line":74,"column":54}},"16":{"start":{"line":75,"column":29},"end":{"line":75,"column":76}},"17":{"start":{"line":77,"column":4},"end":{"line":77,"column":69}},"18":{"start":{"line":78,"column":4},"end":{"line":87,"column":7}},"19":{"start":{"line":89,"column":4},"end":{"line":97,"column":7}},"20":{"start":{"line":99,"column":4},"end":{"line":105,"column":7}},"21":{"start":{"line":107,"column":36},"end":{"line":107,"column":95}},"22":{"start":{"line":108,"column":34},"end":{"line":108,"column":91}},"23":{"start":{"line":110,"column":4},"end":{"line":114,"column":7}},"24":{"start":{"line":117,"column":21},"end":{"line":117,"column":66}},"25":{"start":{"line":118,"column":30},"end":{"line":118,"column":84}},"26":{"start":{"line":119,"column":30},"end":{"line":119,"column":69}},"27":{"start":{"line":120,"column":29},"end":{"line":120,"column":50}},"28":{"start":{"line":122,"column":4},"end":{"line":127,"column":7}},"29":{"start":{"line":129,"column":4},"end":{"line":238,"column":null}},"30":{"start":{"line":129,"column":20},"end":{"line":129,"column":21}},"31":{"start":{"line":130,"column":6},"end":{"line":130,"column":56}},"32":{"start":{"line":132,"column":26},"end":{"line":132,"column":57}},"33":{"start":{"line":133,"column":6},"end":{"line":133,"column":61}},"34":{"start":{"line":135,"column":37},"end":{"line":135,"column":105}},"35":{"start":{"line":136,"column":6},"end":{"line":136,"column":84}},"36":{"start":{"line":138,"column":26},"end":{"line":138,"column":74}},"37":{"start":{"line":139,"column":24},"end":{"line":139,"column":70}},"38":{"start":{"line":140,"column":26},"end":{"line":140,"column":76}},"39":{"start":{"line":142,"column":6},"end":{"line":146,"column":9}},"40":{"start":{"line":148,"column":33},"end":{"line":148,"column":87}},"41":{"start":{"line":149,"column":22},"end":{"line":149,"column":72}},"42":{"start":{"line":151,"column":6},"end":{"line":154,"column":9}},"43":{"start":{"line":157,"column":33},"end":{"line":157,"column":49}},"44":{"start":{"line":158,"column":31},"end":{"line":158,"column":64}},"45":{"start":{"line":161,"column":32},"end":{"line":161,"column":64}},"46":{"start":{"line":162,"column":27},"end":{"line":162,"column":78}},"47":{"start":{"line":165,"column":28},"end":{"line":165,"column":104}},"48":{"start":{"line":167,"column":6},"end":{"line":177,"column":9}},"49":{"start":{"line":180,"column":34},"end":{"line":180,"column":86}},"50":{"start":{"line":182,"column":6},"end":{"line":182,"column":77}},"51":{"start":{"line":184,"column":32},"end":{"line":184,"column":116}},"52":{"start":{"line":186,"column":18},"end":{"line":186,"column":67}},"53":{"start":{"line":187,"column":23},"end":{"line":187,"column":108}},"54":{"start":{"line":189,"column":6},"end":{"line":197,"column":9}},"55":{"start":{"line":199,"column":6},"end":{"line":199,"column":87}},"56":{"start":{"line":201,"column":27},"end":{"line":201,"column":78}},"57":{"start":{"line":202,"column":28},"end":{"line":202,"column":60}},"58":{"start":{"line":203,"column":6},"end":{"line":203,"column":75}},"59":{"start":{"line":205,"column":34},"end":{"line":205,"column":54}},"60":{"start":{"line":206,"column":27},"end":{"line":206,"column":73}},"61":{"start":{"line":208,"column":6},"end":{"line":214,"column":9}},"62":{"start":{"line":216,"column":6},"end":{"line":237,"column":9}},"63":{"start":{"line":240,"column":4},"end":{"line":240,"column":23}},"64":{"start":{"line":244,"column":27},"end":{"line":244,"column":62}},"65":{"start":{"line":245,"column":28},"end":{"line":247,"column":62}},"66":{"start":{"line":251,"column":31},"end":{"line":251,"column":82}},"67":{"start":{"line":251,"column":62},"end":{"line":251,"column":78}},"68":{"start":{"line":253,"column":4},"end":{"line":264,"column":7}},"69":{"start":{"line":266,"column":4},"end":{"line":272,"column":7}},"70":{"start":{"line":279,"column":28},"end":{"line":279,"column":59}},"71":{"start":{"line":280,"column":30},"end":{"line":280,"column":50}},"72":{"start":{"line":282,"column":24},"end":{"line":282,"column":52}},"73":{"start":{"line":283,"column":30},"end":{"line":283,"column":74}},"74":{"start":{"line":284,"column":16},"end":{"line":284,"column":65}},"75":{"start":{"line":285,"column":21},"end":{"line":285,"column":84}},"76":{"start":{"line":288,"column":28},"end":{"line":290,"column":62}},"77":{"start":{"line":292,"column":24},"end":{"line":292,"column":51}},"78":{"start":{"line":293,"column":25},"end":{"line":293,"column":64}},"79":{"start":{"line":294,"column":28},"end":{"line":294,"column":67}},"80":{"start":{"line":296,"column":4},"end":{"line":296,"column":56}},"81":{"start":{"line":297,"column":4},"end":{"line":297,"column":54}},"82":{"start":{"line":298,"column":4},"end":{"line":298,"column":59}},"83":{"start":{"line":299,"column":4},"end":{"line":299,"column":55}},"84":{"start":{"line":300,"column":4},"end":{"line":300,"column":59}},"85":{"start":{"line":301,"column":4},"end":{"line":301,"column":67}},"86":{"start":{"line":302,"column":4},"end":{"line":302,"column":29}},"87":{"start":{"line":303,"column":4},"end":{"line":303,"column":49}},"88":{"start":{"line":304,"column":4},"end":{"line":304,"column":55}},"89":{"start":{"line":305,"column":4},"end":{"line":309,"column":7}},"90":{"start":{"line":310,"column":4},"end":{"line":310,"column":54}},"91":{"start":{"line":311,"column":4},"end":{"line":311,"column":58}},"92":{"start":{"line":312,"column":4},"end":{"line":312,"column":48}},"93":{"start":{"line":313,"column":4},"end":{"line":313,"column":55}},"94":{"start":{"line":316,"column":26},"end":{"line":316,"column":77}},"95":{"start":{"line":316,"column":57},"end":{"line":316,"column":73}},"96":{"start":{"line":319,"column":30},"end":{"line":319,"column":106}},"97":{"start":{"line":322,"column":24},"end":{"line":322,"column":90}},"98":{"start":{"line":324,"column":4},"end":{"line":324,"column":49}},"99":{"start":{"line":325,"column":4},"end":{"line":325,"column":51}},"100":{"start":{"line":326,"column":4},"end":{"line":326,"column":58}},"101":{"start":{"line":327,"column":4},"end":{"line":327,"column":77}},"102":{"start":{"line":328,"column":4},"end":{"line":328,"column":46}},"103":{"start":{"line":329,"column":4},"end":{"line":329,"column":48}},"104":{"start":{"line":331,"column":38},"end":{"line":364,"column":6}},"105":{"start":{"line":366,"column":4},"end":{"line":366,"column":61}},"106":{"start":{"line":367,"column":4},"end":{"line":367,"column":79}},"107":{"start":{"line":368,"column":4},"end":{"line":368,"column":66}},"108":{"start":{"line":369,"column":4},"end":{"line":369,"column":70}},"109":{"start":{"line":370,"column":4},"end":{"line":370,"column":71}},"110":{"start":{"line":371,"column":4},"end":{"line":371,"column":77}},"111":{"start":{"line":372,"column":4},"end":{"line":372,"column":65}},"112":{"start":{"line":373,"column":4},"end":{"line":373,"column":71}},"113":{"start":{"line":374,"column":4},"end":{"line":374,"column":60}},"114":{"start":{"line":376,"column":4},"end":{"line":376,"column":18}},"115":{"start":{"line":381,"column":21},"end":{"line":381,"column":66}},"116":{"start":{"line":382,"column":30},"end":{"line":382,"column":84}},"117":{"start":{"line":383,"column":24},"end":{"line":383,"column":40}},"118":{"start":{"line":386,"column":30},"end":{"line":386,"column":69}},"119":{"start":{"line":388,"column":29},"end":{"line":388,"column":50}},"120":{"start":{"line":391,"column":30},"end":{"line":391,"column":62}},"121":{"start":{"line":392,"column":25},"end":{"line":392,"column":76}},"122":{"start":{"line":395,"column":31},"end":{"line":395,"column":92}},"123":{"start":{"line":396,"column":32},"end":{"line":396,"column":55}},"124":{"start":{"line":398,"column":4},"end":{"line":414,"column":6}},"125":{"start":{"line":21,"column":0},"end":{"line":21,"column":22}}},"fnMap":{"0":{"name":"(anonymous_0)","decl":{"start":{"line":25,"column":2},"end":{"line":25,"column":14}},"loc":{"start":{"line":25,"column":55},"end":{"line":28,"column":3}}},"1":{"name":"(anonymous_1)","decl":{"start":{"line":30,"column":12},"end":{"line":30,"column":36}},"loc":{"start":{"line":30,"column":36},"end":{"line":40,"column":3}}},"2":{"name":"(anonymous_2)","decl":{"start":{"line":42,"column":12},"end":{"line":42,"column":38}},"loc":{"start":{"line":42,"column":58},"end":{"line":52,"column":3}}},"3":{"name":"(anonymous_3)","decl":{"start":{"line":51,"column":46},"end":{"line":51,"column":47}},"loc":{"start":{"line":51,"column":64},"end":{"line":51,"column":77}}},"4":{"name":"(anonymous_4)","decl":{"start":{"line":54,"column":12},"end":{"line":54,"column":24}},"loc":{"start":{"line":54,"column":71},"end":{"line":56,"column":3}}},"5":{"name":"(anonymous_5)","decl":{"start":{"line":58,"column":12},"end":{"line":58,"column":28}},"loc":{"start":{"line":58,"column":40},"end":{"line":60,"column":3}}},"6":{"name":"(anonymous_6)","decl":{"start":{"line":62,"column":12},"end":{"line":62,"column":37}},"loc":{"start":{"line":62,"column":79},"end":{"line":64,"column":3}}},"7":{"name":"(anonymous_7)","decl":{"start":{"line":66,"column":12},"end":{"line":66,"column":25}},"loc":{"start":{"line":66,"column":58},"end":{"line":68,"column":3}}},"8":{"name":"(anonymous_8)","decl":{"start":{"line":70,"column":12},"end":{"line":70,"column":32}},"loc":{"start":{"line":70,"column":32},"end":{"line":241,"column":3}}},"9":{"name":"(anonymous_9)","decl":{"start":{"line":243,"column":12},"end":{"line":243,"column":33}},"loc":{"start":{"line":243,"column":65},"end":{"line":273,"column":3}}},"10":{"name":"(anonymous_10)","decl":{"start":{"line":251,"column":50},"end":{"line":251,"column":51}},"loc":{"start":{"line":251,"column":62},"end":{"line":251,"column":78}}},"11":{"name":"(anonymous_11)","decl":{"start":{"line":278,"column":9},"end":{"line":278,"column":16}},"loc":{"start":{"line":278,"column":16},"end":{"line":377,"column":3}}},"12":{"name":"(anonymous_12)","decl":{"start":{"line":316,"column":45},"end":{"line":316,"column":46}},"loc":{"start":{"line":316,"column":57},"end":{"line":316,"column":73}}},"13":{"name":"(anonymous_13)","decl":{"start":{"line":379,"column":12},"end":{"line":379,"column":31}},"loc":{"start":{"line":379,"column":51},"end":{"line":415,"column":3}}}},"branchMap":{"0":{"loc":{"start":{"line":81,"column":20},"end":{"line":81,"column":47}},"type":"binary-expr","locations":[{"start":{"line":81,"column":20},"end":{"line":81,"column":42}},{"start":{"line":81,"column":46},"end":{"line":81,"column":47}}]},"1":{"loc":{"start":{"line":82,"column":26},"end":{"line":82,"column":59}},"type":"binary-expr","locations":[{"start":{"line":82,"column":26},"end":{"line":82,"column":54}},{"start":{"line":82,"column":58},"end":{"line":82,"column":59}}]},"2":{"loc":{"start":{"line":95,"column":25},"end":{"line":95,"column":64}},"type":"binary-expr","locations":[{"start":{"line":95,"column":25},"end":{"line":95,"column":59}},{"start":{"line":95,"column":63},"end":{"line":95,"column":64}}]},"3":{"loc":{"start":{"line":117,"column":21},"end":{"line":117,"column":66}},"type":"binary-expr","locations":[{"start":{"line":117,"column":21},"end":{"line":117,"column":59}},{"start":{"line":117,"column":63},"end":{"line":117,"column":66}}]},"4":{"loc":{"start":{"line":117,"column":21},"end":{"line":117,"column":59}},"type":"cond-expr","locations":[{"start":{"line":117,"column":49},"end":{"line":117,"column":51}},{"start":{"line":117,"column":49},"end":{"line":117,"column":59}}]},"5":{"loc":{"start":{"line":117,"column":21},"end":{"line":117,"column":51}},"type":"binary-expr","locations":[{"start":{"line":117,"column":21},"end":{"line":117,"column":51}},{"start":{"line":117,"column":49},"end":{"line":117,"column":51}}]},"6":{"loc":{"start":{"line":118,"column":30},"end":{"line":118,"column":84}},"type":"binary-expr","locations":[{"start":{"line":118,"column":30},"end":{"line":118,"column":77}},{"start":{"line":118,"column":81},"end":{"line":118,"column":84}}]},"7":{"loc":{"start":{"line":118,"column":30},"end":{"line":118,"column":77}},"type":"cond-expr","locations":[{"start":{"line":118,"column":58},"end":{"line":118,"column":60}},{"start":{"line":118,"column":58},"end":{"line":118,"column":77}}]},"8":{"loc":{"start":{"line":118,"column":30},"end":{"line":118,"column":60}},"type":"binary-expr","locations":[{"start":{"line":118,"column":30},"end":{"line":118,"column":60}},{"start":{"line":118,"column":58},"end":{"line":118,"column":60}}]},"9":{"loc":{"start":{"line":119,"column":30},"end":{"line":119,"column":69}},"type":"binary-expr","locations":[{"start":{"line":119,"column":30},"end":{"line":119,"column":64}},{"start":{"line":119,"column":68},"end":{"line":119,"column":69}}]},"10":{"loc":{"start":{"line":180,"column":34},"end":{"line":180,"column":86}},"type":"cond-expr","locations":[{"start":{"line":180,"column":48},"end":{"line":180,"column":81}},{"start":{"line":180,"column":85},"end":{"line":180,"column":86}}]},"11":{"loc":{"start":{"line":180,"column":48},"end":{"line":180,"column":81}},"type":"binary-expr","locations":[{"start":{"line":180,"column":48},"end":{"line":180,"column":76}},{"start":{"line":180,"column":80},"end":{"line":180,"column":81}}]},"12":{"loc":{"start":{"line":246,"column":28},"end":{"line":246,"column":55}},"type":"binary-expr","locations":[{"start":{"line":246,"column":28},"end":{"line":246,"column":50}},{"start":{"line":246,"column":54},"end":{"line":246,"column":55}}]},"13":{"loc":{"start":{"line":247,"column":28},"end":{"line":247,"column":61}},"type":"binary-expr","locations":[{"start":{"line":247,"column":28},"end":{"line":247,"column":56}},{"start":{"line":247,"column":60},"end":{"line":247,"column":61}}]},"14":{"loc":{"start":{"line":261,"column":22},"end":{"line":261,"column":49}},"type":"binary-expr","locations":[{"start":{"line":261,"column":22},"end":{"line":261,"column":44}},{"start":{"line":261,"column":48},"end":{"line":261,"column":49}}]},"15":{"loc":{"start":{"line":262,"column":28},"end":{"line":262,"column":61}},"type":"binary-expr","locations":[{"start":{"line":262,"column":28},"end":{"line":262,"column":56}},{"start":{"line":262,"column":60},"end":{"line":262,"column":61}}]},"16":{"loc":{"start":{"line":289,"column":28},"end":{"line":289,"column":55}},"type":"binary-expr","locations":[{"start":{"line":289,"column":28},"end":{"line":289,"column":50}},{"start":{"line":289,"column":54},"end":{"line":289,"column":55}}]},"17":{"loc":{"start":{"line":290,"column":28},"end":{"line":290,"column":61}},"type":"binary-expr","locations":[{"start":{"line":290,"column":28},"end":{"line":290,"column":56}},{"start":{"line":290,"column":60},"end":{"line":290,"column":61}}]},"18":{"loc":{"start":{"line":307,"column":20},"end":{"line":307,"column":47}},"type":"binary-expr","locations":[{"start":{"line":307,"column":20},"end":{"line":307,"column":42}},{"start":{"line":307,"column":46},"end":{"line":307,"column":47}}]},"19":{"loc":{"start":{"line":308,"column":26},"end":{"line":308,"column":59}},"type":"binary-expr","locations":[{"start":{"line":308,"column":26},"end":{"line":308,"column":54}},{"start":{"line":308,"column":58},"end":{"line":308,"column":59}}]},"20":{"loc":{"start":{"line":319,"column":30},"end":{"line":319,"column":80}},"type":"cond-expr","locations":[{"start":{"line":319,"column":65},"end":{"line":319,"column":67}},{"start":{"line":319,"column":65},"end":{"line":319,"column":80}}]},"21":{"loc":{"start":{"line":319,"column":30},"end":{"line":319,"column":67}},"type":"binary-expr","locations":[{"start":{"line":319,"column":30},"end":{"line":319,"column":67}},{"start":{"line":319,"column":65},"end":{"line":319,"column":67}}]},"22":{"loc":{"start":{"line":357,"column":15},"end":{"line":357,"column":39}},"type":"binary-expr","locations":[{"start":{"line":357,"column":15},"end":{"line":357,"column":34}},{"start":{"line":357,"column":38},"end":{"line":357,"column":39}}]},"23":{"loc":{"start":{"line":381,"column":21},"end":{"line":381,"column":66}},"type":"binary-expr","locations":[{"start":{"line":381,"column":21},"end":{"line":381,"column":59}},{"start":{"line":381,"column":63},"end":{"line":381,"column":66}}]},"24":{"loc":{"start":{"line":381,"column":21},"end":{"line":381,"column":59}},"type":"cond-expr","locations":[{"start":{"line":381,"column":49},"end":{"line":381,"column":51}},{"start":{"line":381,"column":49},"end":{"line":381,"column":59}}]},"25":{"loc":{"start":{"line":381,"column":21},"end":{"line":381,"column":51}},"type":"binary-expr","locations":[{"start":{"line":381,"column":21},"end":{"line":381,"column":51}},{"start":{"line":381,"column":49},"end":{"line":381,"column":51}}]},"26":{"loc":{"start":{"line":382,"column":30},"end":{"line":382,"column":84}},"type":"binary-expr","locations":[{"start":{"line":382,"column":30},"end":{"line":382,"column":77}},{"start":{"line":382,"column":81},"end":{"line":382,"column":84}}]},"27":{"loc":{"start":{"line":382,"column":30},"end":{"line":382,"column":77}},"type":"cond-expr","locations":[{"start":{"line":382,"column":58},"end":{"line":382,"column":60}},{"start":{"line":382,"column":58},"end":{"line":382,"column":77}}]},"28":{"loc":{"start":{"line":382,"column":30},"end":{"line":382,"column":60}},"type":"binary-expr","locations":[{"start":{"line":382,"column":30},"end":{"line":382,"column":60}},{"start":{"line":382,"column":58},"end":{"line":382,"column":60}}]},"29":{"loc":{"start":{"line":386,"column":30},"end":{"line":386,"column":69}},"type":"binary-expr","locations":[{"start":{"line":386,"column":30},"end":{"line":386,"column":64}},{"start":{"line":386,"column":68},"end":{"line":386,"column":69}}]}},"s":{"0":0,"1":0,"2":0,"3":0,"4":0,"5":0,"6":0,"7":0,"8":0,"9":0,"10":0,"11":0,"12":0,"13":0,"14":0,"15":0,"16":0,"17":0,"18":0,"19":0,"20":0,"21":0,"22":0,"23":0,"24":0,"25":0,"26":0,"27":0,"28":0,"29":0,"30":0,"31":0,"32":0,"33":0,"34":0,"35":0,"36":0,"37":0,"38":0,"39":0,"40":0,"41":0,"42":0,"43":0,"44":0,"45":0,"46":0,"47":0,"48":0,"49":0,"50":0,"51":0,"52":0,"53":0,"54":0,"55":0,"56":0,"57":0,"58":0,"59":0,"60":0,"61":0,"62":0,"63":0,"64":0,"65":0,"66":0,"67":0,"68":0,"69":0,"70":0,"71":0,"72":0,"73":0,"74":0,"75":0,"76":0,"77":0,"78":0,"79":0,"80":0,"81":0,"82":0,"83":0,"84":0,"85":0,"86":0,"87":0,"88":0,"89":0,"90":0,"91":0,"92":0,"93":0,"94":0,"95":0,"96":0,"97":0,"98":0,"99":0,"100":0,"101":0,"102":0,"103":0,"104":0,"105":0,"106":0,"107":0,"108":0,"109":0,"110":0,"111":0,"112":0,"113":0,"114":0,"115":0,"116":0,"117":0,"118":0,"119":0,"120":0,"121":0,"122":0,"123":0,"124":0,"125":0},"f":{"0":0,"1":0,"2":0,"3":0,"4":0,"5":0,"6":0,"7":0,"8":0,"9":0,"10":0,"11":0,"12":0,"13":0},"b":{"0":[0,0],"1":[0,0],"2":[0,0],"3":[0,0],"4":[0,0],"5":[0,0],"6":[0,0],"7":[0,0],"8":[0,0],"9":[0,0],"10":[0,0],"11":[0,0],"12":[0,0],"13":[0,0],"14":[0,0],"15":[0,0],"16":[0,0],"17":[0,0],"18":[0,0],"19":[0,0],"20":[0,0],"21":[0,0],"22":[0,0],"23":[0,0],"24":[0,0],"25":[0,0],"26":[0,0],"27":[0,0],"28":[0,0],"29":[0,0]}}
,"/Users/parthpatel/real-estate-analyzer/backend/src/analysis/MultiFamilyAnalyzer.ts": {"path":"/Users/parthpatel/real-estate-analyzer/backend/src/analysis/MultiFamilyAnalyzer.ts","statementMap":{"0":{"start":{"line":1,"column":0},"end":{"line":1,"column":83}},"1":{"start":{"line":2,"column":0},"end":{"line":2,"column":71}},"2":{"start":{"line":8,"column":25},"end":{"line":8,"column":90}},"3":{"start":{"line":9,"column":4},"end":{"line":11,"column":10}},"4":{"start":{"line":10,"column":6},"end":{"line":10,"column":73}},"5":{"start":{"line":15,"column":122},"end":{"line":15,"column":131}},"6":{"start":{"line":18,"column":24},"end":{"line":18,"column":63}},"7":{"start":{"line":19,"column":22},"end":{"line":19,"column":59}},"8":{"start":{"line":20,"column":31},"end":{"line":20,"column":75}},"9":{"start":{"line":21,"column":20},"end":{"line":21,"column":70}},"10":{"start":{"line":24,"column":24},"end":{"line":24,"column":73}},"11":{"start":{"line":27,"column":26},"end":{"line":27,"column":27}},"12":{"start":{"line":28,"column":4},"end":{"line":34,"column":null}},"13":{"start":{"line":29,"column":6},"end":{"line":33,"column":51}},"14":{"start":{"line":37,"column":22},"end":{"line":37,"column":26}},"15":{"start":{"line":38,"column":18},"end":{"line":38,"column":41}},"16":{"start":{"line":40,"column":4},"end":{"line":40,"column":106}},"17":{"start":{"line":44,"column":28},"end":{"line":44,"column":59}},"18":{"start":{"line":45,"column":30},"end":{"line":45,"column":50}},"19":{"start":{"line":46,"column":24},"end":{"line":46,"column":52}},"20":{"start":{"line":47,"column":30},"end":{"line":47,"column":74}},"21":{"start":{"line":48,"column":16},"end":{"line":48,"column":65}},"22":{"start":{"line":49,"column":21},"end":{"line":49,"column":84}},"23":{"start":{"line":50,"column":28},"end":{"line":50,"column":81}},"24":{"start":{"line":53,"column":14},"end":{"line":53,"column":17}},"25":{"start":{"line":54,"column":4},"end":{"line":58,"column":null}},"26":{"start":{"line":55,"column":6},"end":{"line":55,"column":71}},"27":{"start":{"line":57,"column":6},"end":{"line":57,"column":53}},"28":{"start":{"line":60,"column":40},"end":{"line":83,"column":6}},"29":{"start":{"line":85,"column":4},"end":{"line":85,"column":19}},"30":{"start":{"line":89,"column":122},"end":{"line":89,"column":131}},"31":{"start":{"line":92,"column":24},"end":{"line":92,"column":70}},"32":{"start":{"line":93,"column":22},"end":{"line":93,"column":66}},"33":{"start":{"line":94,"column":31},"end":{"line":94,"column":82}},"34":{"start":{"line":95,"column":20},"end":{"line":95,"column":77}},"35":{"start":{"line":96,"column":25},"end":{"line":96,"column":69}},"36":{"start":{"line":99,"column":20},"end":{"line":99,"column":21}},"37":{"start":{"line":100,"column":32},"end":{"line":100,"column":33}},"38":{"start":{"line":101,"column":21},"end":{"line":101,"column":22}},"39":{"start":{"line":102,"column":18},"end":{"line":102,"column":19}},"40":{"start":{"line":104,"column":4},"end":{"line":109,"column":null}},"41":{"start":{"line":105,"column":6},"end":{"line":105,"column":74}},"42":{"start":{"line":106,"column":6},"end":{"line":106,"column":60}},"43":{"start":{"line":107,"column":6},"end":{"line":107,"column":57}},"44":{"start":{"line":108,"column":6},"end":{"line":108,"column":57}},"45":{"start":{"line":112,"column":18},"end":{"line":112,"column":43}},"46":{"start":{"line":114,"column":4},"end":{"line":129,"column":6}},"47":{"start":{"line":133,"column":4},"end":{"line":133,"column":73}},"48":{"start":{"line":133,"column":64},"end":{"line":133,"column":73}},"49":{"start":{"line":136,"column":6},"end":{"line":139,"column":48}},"50":{"start":{"line":141,"column":4},"end":{"line":141,"column":90}},"51":{"start":{"line":145,"column":31},"end":{"line":147,"column":9}},"52":{"start":{"line":146,"column":6},"end":{"line":146,"column":58}},"53":{"start":{"line":149,"column":4},"end":{"line":149,"column":90}},"54":{"start":{"line":153,"column":28},"end":{"line":155,"column":9}},"55":{"start":{"line":154,"column":6},"end":{"line":154,"column":58}},"56":{"start":{"line":157,"column":4},"end":{"line":157,"column":95}},"57":{"start":{"line":161,"column":24},"end":{"line":161,"column":51}},"58":{"start":{"line":162,"column":25},"end":{"line":162,"column":64}},"59":{"start":{"line":163,"column":28},"end":{"line":163,"column":81}},"60":{"start":{"line":165,"column":4},"end":{"line":169,"column":6}},"61":{"start":{"line":167,"column":33},"end":{"line":167,"column":46}},"62":{"start":{"line":6,"column":0},"end":{"line":6,"column":13}}},"fnMap":{"0":{"name":"(anonymous_0)","decl":{"start":{"line":7,"column":12},"end":{"line":7,"column":32}},"loc":{"start":{"line":7,"column":45},"end":{"line":12,"column":3}}},"1":{"name":"(anonymous_1)","decl":{"start":{"line":9,"column":38},"end":{"line":9,"column":39}},"loc":{"start":{"line":9,"column":54},"end":{"line":11,"column":5}}},"2":{"name":"(anonymous_2)","decl":{"start":{"line":14,"column":12},"end":{"line":14,"column":38}},"loc":{"start":{"line":14,"column":58},"end":{"line":41,"column":3}}},"3":{"name":"(anonymous_3)","decl":{"start":{"line":43,"column":12},"end":{"line":43,"column":44}},"loc":{"start":{"line":43,"column":44},"end":{"line":86,"column":3}}},"4":{"name":"(anonymous_4)","decl":{"start":{"line":88,"column":12},"end":{"line":88,"column":31}},"loc":{"start":{"line":88,"column":51},"end":{"line":130,"column":3}}},"5":{"name":"(anonymous_5)","decl":{"start":{"line":132,"column":10},"end":{"line":132,"column":41}},"loc":{"start":{"line":132,"column":41},"end":{"line":142,"column":3}}},"6":{"name":"(anonymous_6)","decl":{"start":{"line":144,"column":10},"end":{"line":144,"column":36}},"loc":{"start":{"line":144,"column":36},"end":{"line":150,"column":3}}},"7":{"name":"(anonymous_7)","decl":{"start":{"line":145,"column":58},"end":{"line":145,"column":59}},"loc":{"start":{"line":145,"column":74},"end":{"line":147,"column":5}}},"8":{"name":"(anonymous_8)","decl":{"start":{"line":152,"column":10},"end":{"line":152,"column":38}},"loc":{"start":{"line":152,"column":58},"end":{"line":158,"column":3}}},"9":{"name":"(anonymous_9)","decl":{"start":{"line":153,"column":55},"end":{"line":153,"column":56}},"loc":{"start":{"line":153,"column":71},"end":{"line":155,"column":5}}},"10":{"name":"(anonymous_10)","decl":{"start":{"line":160,"column":10},"end":{"line":160,"column":25}},"loc":{"start":{"line":160,"column":25},"end":{"line":170,"column":3}}},"11":{"name":"(anonymous_11)","decl":{"start":{"line":167,"column":25},"end":{"line":167,"column":29}},"loc":{"start":{"line":167,"column":33},"end":{"line":167,"column":46}}}},"branchMap":{"0":{"loc":{"start":{"line":24,"column":25},"end":{"line":24,"column":54}},"type":"binary-expr","locations":[{"start":{"line":24,"column":25},"end":{"line":24,"column":47}},{"start":{"line":24,"column":51},"end":{"line":24,"column":54}}]},"1":{"loc":{"start":{"line":28,"column":4},"end":{"line":34,"column":null}},"type":"if","locations":[{"start":{"line":28,"column":4},"end":{"line":34,"column":null}}]},"2":{"loc":{"start":{"line":30,"column":9},"end":{"line":30,"column":52}},"type":"binary-expr","locations":[{"start":{"line":30,"column":9},"end":{"line":30,"column":47}},{"start":{"line":30,"column":51},"end":{"line":30,"column":52}}]},"3":{"loc":{"start":{"line":31,"column":9},"end":{"line":31,"column":49}},"type":"binary-expr","locations":[{"start":{"line":31,"column":9},"end":{"line":31,"column":44}},{"start":{"line":31,"column":48},"end":{"line":31,"column":49}}]},"4":{"loc":{"start":{"line":32,"column":9},"end":{"line":32,"column":47}},"type":"binary-expr","locations":[{"start":{"line":32,"column":9},"end":{"line":32,"column":42}},{"start":{"line":32,"column":46},"end":{"line":32,"column":47}}]},"5":{"loc":{"start":{"line":33,"column":9},"end":{"line":33,"column":49}},"type":"binary-expr","locations":[{"start":{"line":33,"column":9},"end":{"line":33,"column":44}},{"start":{"line":33,"column":48},"end":{"line":33,"column":49}}]},"6":{"loc":{"start":{"line":50,"column":53},"end":{"line":50,"column":80}},"type":"binary-expr","locations":[{"start":{"line":50,"column":53},"end":{"line":50,"column":75}},{"start":{"line":50,"column":79},"end":{"line":50,"column":80}}]},"7":{"loc":{"start":{"line":96,"column":26},"end":{"line":96,"column":55}},"type":"binary-expr","locations":[{"start":{"line":96,"column":26},"end":{"line":96,"column":48}},{"start":{"line":96,"column":52},"end":{"line":96,"column":55}}]},"8":{"loc":{"start":{"line":104,"column":4},"end":{"line":109,"column":null}},"type":"if","locations":[{"start":{"line":104,"column":4},"end":{"line":109,"column":null}}]},"9":{"loc":{"start":{"line":105,"column":30},"end":{"line":105,"column":73}},"type":"binary-expr","locations":[{"start":{"line":105,"column":30},"end":{"line":105,"column":68}},{"start":{"line":105,"column":72},"end":{"line":105,"column":73}}]},"10":{"loc":{"start":{"line":106,"column":19},"end":{"line":106,"column":59}},"type":"binary-expr","locations":[{"start":{"line":106,"column":19},"end":{"line":106,"column":54}},{"start":{"line":106,"column":58},"end":{"line":106,"column":59}}]},"11":{"loc":{"start":{"line":107,"column":18},"end":{"line":107,"column":56}},"type":"binary-expr","locations":[{"start":{"line":107,"column":18},"end":{"line":107,"column":51}},{"start":{"line":107,"column":55},"end":{"line":107,"column":56}}]},"12":{"loc":{"start":{"line":108,"column":16},"end":{"line":108,"column":56}},"type":"binary-expr","locations":[{"start":{"line":108,"column":16},"end":{"line":108,"column":51}},{"start":{"line":108,"column":55},"end":{"line":108,"column":56}}]},"13":{"loc":{"start":{"line":133,"column":4},"end":{"line":133,"column":73}},"type":"if","locations":[{"start":{"line":133,"column":4},"end":{"line":133,"column":73}}]},"14":{"loc":{"start":{"line":133,"column":8},"end":{"line":133,"column":62}},"type":"binary-expr","locations":[{"start":{"line":133,"column":8},"end":{"line":133,"column":38}},{"start":{"line":133,"column":42},"end":{"line":133,"column":62}}]},"15":{"loc":{"start":{"line":136,"column":7},"end":{"line":136,"column":50}},"type":"binary-expr","locations":[{"start":{"line":136,"column":7},"end":{"line":136,"column":45}},{"start":{"line":136,"column":49},"end":{"line":136,"column":50}}]},"16":{"loc":{"start":{"line":137,"column":7},"end":{"line":137,"column":47}},"type":"binary-expr","locations":[{"start":{"line":137,"column":7},"end":{"line":137,"column":42}},{"start":{"line":137,"column":46},"end":{"line":137,"column":47}}]},"17":{"loc":{"start":{"line":138,"column":7},"end":{"line":138,"column":45}},"type":"binary-expr","locations":[{"start":{"line":138,"column":7},"end":{"line":138,"column":40}},{"start":{"line":138,"column":44},"end":{"line":138,"column":45}}]},"18":{"loc":{"start":{"line":139,"column":7},"end":{"line":139,"column":47}},"type":"binary-expr","locations":[{"start":{"line":139,"column":7},"end":{"line":139,"column":42}},{"start":{"line":139,"column":46},"end":{"line":139,"column":47}}]},"19":{"loc":{"start":{"line":141,"column":11},"end":{"line":141,"column":89}},"type":"cond-expr","locations":[{"start":{"line":141,"column":37},"end":{"line":141,"column":85}},{"start":{"line":141,"column":88},"end":{"line":141,"column":89}}]},"20":{"loc":{"start":{"line":149,"column":11},"end":{"line":149,"column":89}},"type":"cond-expr","locations":[{"start":{"line":149,"column":37},"end":{"line":149,"column":85}},{"start":{"line":149,"column":88},"end":{"line":149,"column":89}}]},"21":{"loc":{"start":{"line":157,"column":11},"end":{"line":157,"column":94}},"type":"cond-expr","locations":[{"start":{"line":157,"column":33},"end":{"line":157,"column":90}},{"start":{"line":157,"column":93},"end":{"line":157,"column":94}}]},"22":{"loc":{"start":{"line":163,"column":53},"end":{"line":163,"column":80}},"type":"binary-expr","locations":[{"start":{"line":163,"column":53},"end":{"line":163,"column":75}},{"start":{"line":163,"column":79},"end":{"line":163,"column":80}}]}},"s":{"0":0,"1":0,"2":0,"3":0,"4":0,"5":0,"6":0,"7":0,"8":0,"9":0,"10":0,"11":0,"12":0,"13":0,"14":0,"15":0,"16":0,"17":0,"18":0,"19":0,"20":0,"21":0,"22":0,"23":0,"24":0,"25":0,"26":0,"27":0,"28":0,"29":0,"30":0,"31":0,"32":0,"33":0,"34":0,"35":0,"36":0,"37":0,"38":0,"39":0,"40":0,"41":0,"42":0,"43":0,"44":0,"45":0,"46":0,"47":0,"48":0,"49":0,"50":0,"51":0,"52":0,"53":0,"54":0,"55":0,"56":0,"57":0,"58":0,"59":0,"60":0,"61":0,"62":0},"f":{"0":0,"1":0,"2":0,"3":0,"4":0,"5":0,"6":0,"7":0,"8":0,"9":0,"10":0,"11":0},"b":{"0":[0,0],"1":[0],"2":[0,0],"3":[0,0],"4":[0,0],"5":[0,0],"6":[0,0],"7":[0,0],"8":[0],"9":[0,0],"10":[0,0],"11":[0,0],"12":[0,0],"13":[0],"14":[0,0],"15":[0,0],"16":[0,0],"17":[0,0],"18":[0,0],"19":[0,0],"20":[0,0],"21":[0,0],"22":[0,0]}}
,"/Users/parthpatel/real-estate-analyzer/backend/src/analysis/SFRAnalyzer.ts": {"path":"/Users/parthpatel/real-estate-analyzer/backend/src/analysis/SFRAnalyzer.ts","statementMap":{"0":{"start":{"line":1,"column":0},"end":{"line":1,"column":83}},"1":{"start":{"line":2,"column":0},"end":{"line":2,"column":71}},"2":{"start":{"line":8,"column":4},"end":{"line":9,"column":72}},"3":{"start":{"line":13,"column":79},"end":{"line":13,"column":88}},"4":{"start":{"line":16,"column":24},"end":{"line":16,"column":63}},"5":{"start":{"line":17,"column":22},"end":{"line":17,"column":59}},"6":{"start":{"line":18,"column":24},"end":{"line":18,"column":61}},"7":{"start":{"line":19,"column":31},"end":{"line":19,"column":85}},"8":{"start":{"line":20,"column":20},"end":{"line":20,"column":70}},"9":{"start":{"line":21,"column":18},"end":{"line":21,"column":36}},"10":{"start":{"line":23,"column":4},"end":{"line":23,"column":88}},"11":{"start":{"line":27,"column":28},"end":{"line":27,"column":59}},"12":{"start":{"line":28,"column":30},"end":{"line":28,"column":50}},"13":{"start":{"line":29,"column":24},"end":{"line":29,"column":52}},"14":{"start":{"line":30,"column":30},"end":{"line":30,"column":74}},"15":{"start":{"line":31,"column":16},"end":{"line":31,"column":65}},"16":{"start":{"line":32,"column":21},"end":{"line":32,"column":84}},"17":{"start":{"line":33,"column":28},"end":{"line":33,"column":119}},"18":{"start":{"line":36,"column":4},"end":{"line":36,"column":53}},"19":{"start":{"line":37,"column":4},"end":{"line":37,"column":54}},"20":{"start":{"line":38,"column":4},"end":{"line":38,"column":59}},"21":{"start":{"line":39,"column":4},"end":{"line":39,"column":46}},"22":{"start":{"line":40,"column":4},"end":{"line":40,"column":58}},"23":{"start":{"line":41,"column":4},"end":{"line":41,"column":29}},"24":{"start":{"line":42,"column":4},"end":{"line":42,"column":40}},"25":{"start":{"line":43,"column":4},"end":{"line":43,"column":54}},"26":{"start":{"line":44,"column":4},"end":{"line":44,"column":75}},"27":{"start":{"line":45,"column":4},"end":{"line":45,"column":52}},"28":{"start":{"line":48,"column":24},"end":{"line":48,"column":51}},"29":{"start":{"line":49,"column":25},"end":{"line":49,"column":64}},"30":{"start":{"line":50,"column":26},"end":{"line":50,"column":83}},"31":{"start":{"line":50,"column":60},"end":{"line":50,"column":79}},"32":{"start":{"line":51,"column":24},"end":{"line":51,"column":90}},"33":{"start":{"line":55,"column":31},"end":{"line":55,"column":64}},"34":{"start":{"line":56,"column":30},"end":{"line":56,"column":55}},"35":{"start":{"line":57,"column":20},"end":{"line":57,"column":43}},"36":{"start":{"line":60,"column":21},"end":{"line":60,"column":66}},"37":{"start":{"line":61,"column":30},"end":{"line":61,"column":84}},"38":{"start":{"line":62,"column":31},"end":{"line":62,"column":47}},"39":{"start":{"line":65,"column":30},"end":{"line":65,"column":69}},"40":{"start":{"line":67,"column":29},"end":{"line":67,"column":50}},"41":{"start":{"line":70,"column":30},"end":{"line":70,"column":62}},"42":{"start":{"line":71,"column":25},"end":{"line":71,"column":76}},"43":{"start":{"line":74,"column":26},"end":{"line":74,"column":94}},"44":{"start":{"line":77,"column":4},"end":{"line":77,"column":59}},"45":{"start":{"line":78,"column":4},"end":{"line":78,"column":58}},"46":{"start":{"line":79,"column":4},"end":{"line":79,"column":46}},"47":{"start":{"line":80,"column":4},"end":{"line":81,"column":51}},"48":{"start":{"line":82,"column":4},"end":{"line":88,"column":7}},"49":{"start":{"line":91,"column":4},"end":{"line":91,"column":58}},"50":{"start":{"line":92,"column":4},"end":{"line":92,"column":60}},"51":{"start":{"line":93,"column":4},"end":{"line":93,"column":77}},"52":{"start":{"line":94,"column":4},"end":{"line":94,"column":61}},"53":{"start":{"line":95,"column":4},"end":{"line":95,"column":49}},"54":{"start":{"line":96,"column":4},"end":{"line":96,"column":52}},"55":{"start":{"line":99,"column":33},"end":{"line":100,"column":56}},"56":{"start":{"line":102,"column":4},"end":{"line":106,"column":7}},"57":{"start":{"line":108,"column":4},"end":{"line":108,"column":56}},"58":{"start":{"line":109,"column":4},"end":{"line":109,"column":50}},"59":{"start":{"line":110,"column":4},"end":{"line":110,"column":46}},"60":{"start":{"line":111,"column":4},"end":{"line":111,"column":78}},"61":{"start":{"line":112,"column":4},"end":{"line":112,"column":57}},"62":{"start":{"line":114,"column":32},"end":{"line":175,"column":6}},"63":{"start":{"line":178,"column":4},"end":{"line":178,"column":41}},"64":{"start":{"line":179,"column":4},"end":{"line":179,"column":37}},"65":{"start":{"line":180,"column":4},"end":{"line":180,"column":46}},"66":{"start":{"line":181,"column":4},"end":{"line":181,"column":66}},"67":{"start":{"line":182,"column":4},"end":{"line":182,"column":39}},"68":{"start":{"line":183,"column":4},"end":{"line":183,"column":57}},"69":{"start":{"line":184,"column":4},"end":{"line":184,"column":55}},"70":{"start":{"line":185,"column":4},"end":{"line":185,"column":69}},"71":{"start":{"line":186,"column":4},"end":{"line":186,"column":60}},"72":{"start":{"line":187,"column":4},"end":{"line":187,"column":72}},"73":{"start":{"line":188,"column":4},"end":{"line":188,"column":67}},"74":{"start":{"line":189,"column":4},"end":{"line":189,"column":66}},"75":{"start":{"line":190,"column":4},"end":{"line":190,"column":63}},"76":{"start":{"line":191,"column":4},"end":{"line":191,"column":68}},"77":{"start":{"line":192,"column":4},"end":{"line":192,"column":73}},"78":{"start":{"line":193,"column":4},"end":{"line":193,"column":69}},"79":{"start":{"line":194,"column":4},"end":{"line":194,"column":41}},"80":{"start":{"line":197,"column":4},"end":{"line":201,"column":null}},"81":{"start":{"line":198,"column":6},"end":{"line":198,"column":91}},"82":{"start":{"line":199,"column":6},"end":{"line":200,"column":58}},"83":{"start":{"line":203,"column":4},"end":{"line":203,"column":19}},"84":{"start":{"line":208,"column":24},"end":{"line":208,"column":52}},"85":{"start":{"line":209,"column":30},"end":{"line":209,"column":74}},"86":{"start":{"line":210,"column":30},"end":{"line":210,"column":66}},"87":{"start":{"line":211,"column":16},"end":{"line":211,"column":65}},"88":{"start":{"line":212,"column":21},"end":{"line":212,"column":84}},"89":{"start":{"line":213,"column":28},"end":{"line":213,"column":81}},"90":{"start":{"line":214,"column":24},"end":{"line":214,"column":51}},"91":{"start":{"line":215,"column":25},"end":{"line":215,"column":64}},"92":{"start":{"line":217,"column":4},"end":{"line":217,"column":56}},"93":{"start":{"line":218,"column":4},"end":{"line":218,"column":32}},"94":{"start":{"line":219,"column":4},"end":{"line":219,"column":46}},"95":{"start":{"line":220,"column":4},"end":{"line":220,"column":58}},"96":{"start":{"line":221,"column":4},"end":{"line":221,"column":59}},"97":{"start":{"line":222,"column":4},"end":{"line":222,"column":29}},"98":{"start":{"line":223,"column":4},"end":{"line":223,"column":40}},"99":{"start":{"line":224,"column":4},"end":{"line":224,"column":54}},"100":{"start":{"line":227,"column":27},"end":{"line":227,"column":45}},"101":{"start":{"line":228,"column":29},"end":{"line":228,"column":53}},"102":{"start":{"line":229,"column":28},"end":{"line":229,"column":73}},"103":{"start":{"line":230,"column":37},"end":{"line":230,"column":87}},"104":{"start":{"line":231,"column":33},"end":{"line":231,"column":74}},"105":{"start":{"line":234,"column":31},"end":{"line":234,"column":78}},"106":{"start":{"line":235,"column":36},"end":{"line":238,"column":null}},"107":{"start":{"line":240,"column":38},"end":{"line":240,"column":66}},"108":{"start":{"line":243,"column":24},"end":{"line":243,"column":87}},"109":{"start":{"line":244,"column":29},"end":{"line":244,"column":68}},"110":{"start":{"line":245,"column":31},"end":{"line":247,"column":null}},"111":{"start":{"line":249,"column":25},"end":{"line":249,"column":100}},"112":{"start":{"line":252,"column":32},"end":{"line":254,"column":66}},"113":{"start":{"line":257,"column":28},"end":{"line":257,"column":46}},"114":{"start":{"line":258,"column":30},"end":{"line":258,"column":53}},"115":{"start":{"line":259,"column":29},"end":{"line":259,"column":61}},"116":{"start":{"line":260,"column":38},"end":{"line":260,"column":88}},"117":{"start":{"line":261,"column":34},"end":{"line":261,"column":62}},"118":{"start":{"line":264,"column":32},"end":{"line":264,"column":79}},"119":{"start":{"line":265,"column":37},"end":{"line":268,"column":null}},"120":{"start":{"line":270,"column":39},"end":{"line":270,"column":68}},"121":{"start":{"line":273,"column":25},"end":{"line":273,"column":91}},"122":{"start":{"line":274,"column":30},"end":{"line":274,"column":71}},"123":{"start":{"line":275,"column":32},"end":{"line":277,"column":null}},"124":{"start":{"line":279,"column":26},"end":{"line":279,"column":103}},"125":{"start":{"line":282,"column":33},"end":{"line":284,"column":66}},"126":{"start":{"line":286,"column":4},"end":{"line":286,"column":39}},"127":{"start":{"line":287,"column":4},"end":{"line":287,"column":43}},"128":{"start":{"line":288,"column":4},"end":{"line":288,"column":47}},"129":{"start":{"line":289,"column":4},"end":{"line":289,"column":50}},"130":{"start":{"line":290,"column":4},"end":{"line":290,"column":56}},"131":{"start":{"line":291,"column":4},"end":{"line":291,"column":37}},"132":{"start":{"line":292,"column":4},"end":{"line":292,"column":48}},"133":{"start":{"line":293,"column":4},"end":{"line":293,"column":60}},"134":{"start":{"line":294,"column":4},"end":{"line":294,"column":39}},"135":{"start":{"line":295,"column":4},"end":{"line":295,"column":54}},"136":{"start":{"line":297,"column":4},"end":{"line":297,"column":40}},"137":{"start":{"line":298,"column":4},"end":{"line":298,"column":44}},"138":{"start":{"line":299,"column":4},"end":{"line":299,"column":48}},"139":{"start":{"line":300,"column":4},"end":{"line":300,"column":51}},"140":{"start":{"line":301,"column":4},"end":{"line":301,"column":57}},"141":{"start":{"line":302,"column":4},"end":{"line":302,"column":38}},"142":{"start":{"line":303,"column":4},"end":{"line":303,"column":49}},"143":{"start":{"line":304,"column":4},"end":{"line":304,"column":61}},"144":{"start":{"line":305,"column":4},"end":{"line":305,"column":40}},"145":{"start":{"line":306,"column":4},"end":{"line":306,"column":55}},"146":{"start":{"line":307,"column":4},"end":{"line":307,"column":54}},"147":{"start":{"line":309,"column":4},"end":{"line":330,"column":6}},"148":{"start":{"line":334,"column":4},"end":{"line":349,"column":6}},"149":{"start":{"line":353,"column":24},"end":{"line":353,"column":51}},"150":{"start":{"line":354,"column":25},"end":{"line":354,"column":64}},"151":{"start":{"line":355,"column":28},"end":{"line":355,"column":81}},"152":{"start":{"line":357,"column":22},"end":{"line":361,"column":6}},"153":{"start":{"line":359,"column":33},"end":{"line":359,"column":46}},"154":{"start":{"line":364,"column":4},"end":{"line":364,"column":51}},"155":{"start":{"line":365,"column":4},"end":{"line":365,"column":56}},"156":{"start":{"line":366,"column":4},"end":{"line":366,"column":78}},"157":{"start":{"line":366,"column":62},"end":{"line":366,"column":75}},"158":{"start":{"line":367,"column":4},"end":{"line":367,"column":68}},"159":{"start":{"line":368,"column":4},"end":{"line":368,"column":56}},"160":{"start":{"line":369,"column":4},"end":{"line":369,"column":49}},"161":{"start":{"line":371,"column":4},"end":{"line":371,"column":21}},"162":{"start":{"line":377,"column":23},"end":{"line":377,"column":87}},"163":{"start":{"line":380,"column":4},"end":{"line":395,"column":null}},"164":{"start":{"line":381,"column":24},"end":{"line":381,"column":69}},"165":{"start":{"line":384,"column":6},"end":{"line":394,"column":15}},"166":{"start":{"line":398,"column":4},"end":{"line":401,"column":null}},"167":{"start":{"line":399,"column":6},"end":{"line":399,"column":58}},"168":{"start":{"line":400,"column":6},"end":{"line":400,"column":41}},"169":{"start":{"line":404,"column":4},"end":{"line":415,"column":null}},"170":{"start":{"line":405,"column":23},"end":{"line":405,"column":65}},"171":{"start":{"line":406,"column":23},"end":{"line":406,"column":52}},"172":{"start":{"line":407,"column":26},"end":{"line":407,"column":51}},"173":{"start":{"line":408,"column":24},"end":{"line":408,"column":47}},"174":{"start":{"line":409,"column":26},"end":{"line":409,"column":51}},"175":{"start":{"line":410,"column":33},"end":{"line":410,"column":65}},"176":{"start":{"line":411,"column":22},"end":{"line":411,"column":43}},"177":{"start":{"line":413,"column":6},"end":{"line":414,"column":88}},"178":{"start":{"line":418,"column":4},"end":{"line":425,"column":null}},"179":{"start":{"line":419,"column":6},"end":{"line":424,"column":null}},"180":{"start":{"line":420,"column":8},"end":{"line":423,"column":10}},"181":{"start":{"line":428,"column":4},"end":{"line":445,"column":null}},"182":{"start":{"line":429,"column":6},"end":{"line":444,"column":8}},"183":{"start":{"line":448,"column":4},"end":{"line":448,"column":73}},"184":{"start":{"line":451,"column":4},"end":{"line":459,"column":7}},"185":{"start":{"line":461,"column":4},"end":{"line":461,"column":22}},"186":{"start":{"line":466,"column":19},"end":{"line":466,"column":34}},"187":{"start":{"line":467,"column":4},"end":{"line":467,"column":40}},"188":{"start":{"line":6,"column":0},"end":{"line":6,"column":13}}},"fnMap":{"0":{"name":"(anonymous_0)","decl":{"start":{"line":7,"column":12},"end":{"line":7,"column":32}},"loc":{"start":{"line":7,"column":45},"end":{"line":10,"column":3}}},"1":{"name":"(anonymous_1)","decl":{"start":{"line":12,"column":12},"end":{"line":12,"column":38}},"loc":{"start":{"line":12,"column":58},"end":{"line":24,"column":3}}},"2":{"name":"(anonymous_2)","decl":{"start":{"line":26,"column":12},"end":{"line":26,"column":44}},"loc":{"start":{"line":26,"column":44},"end":{"line":204,"column":3}}},"3":{"name":"(anonymous_3)","decl":{"start":{"line":50,"column":45},"end":{"line":50,"column":46}},"loc":{"start":{"line":50,"column":60},"end":{"line":50,"column":79}}},"4":{"name":"(anonymous_4)","decl":{"start":{"line":206,"column":12},"end":{"line":206,"column":40}},"loc":{"start":{"line":206,"column":40},"end":{"line":331,"column":3}}},"5":{"name":"(anonymous_5)","decl":{"start":{"line":333,"column":12},"end":{"line":333,"column":31}},"loc":{"start":{"line":333,"column":51},"end":{"line":350,"column":3}}},"6":{"name":"(anonymous_6)","decl":{"start":{"line":352,"column":10},"end":{"line":352,"column":25}},"loc":{"start":{"line":352,"column":25},"end":{"line":372,"column":3}}},"7":{"name":"(anonymous_7)","decl":{"start":{"line":359,"column":25},"end":{"line":359,"column":29}},"loc":{"start":{"line":359,"column":33},"end":{"line":359,"column":46}}},"8":{"name":"(anonymous_8)","decl":{"start":{"line":366,"column":54},"end":{"line":366,"column":58}},"loc":{"start":{"line":366,"column":62},"end":{"line":366,"column":75}}},"9":{"name":"(anonymous_9)","decl":{"start":{"line":375,"column":10},"end":{"line":375,"column":25}},"loc":{"start":{"line":375,"column":60},"end":{"line":462,"column":3}}},"10":{"name":"(anonymous_10)","decl":{"start":{"line":465,"column":9},"end":{"line":465,"column":16}},"loc":{"start":{"line":465,"column":16},"end":{"line":468,"column":3}}}},"branchMap":{"0":{"loc":{"start":{"line":18,"column":24},"end":{"line":18,"column":61}},"type":"binary-expr","locations":[{"start":{"line":18,"column":24},"end":{"line":18,"column":39}},{"start":{"line":18,"column":43},"end":{"line":18,"column":61}}]},"1":{"loc":{"start":{"line":33,"column":53},"end":{"line":33,"column":80}},"type":"binary-expr","locations":[{"start":{"line":33,"column":53},"end":{"line":33,"column":75}},{"start":{"line":33,"column":79},"end":{"line":33,"column":80}}]},"2":{"loc":{"start":{"line":33,"column":85},"end":{"line":33,"column":118}},"type":"binary-expr","locations":[{"start":{"line":33,"column":85},"end":{"line":33,"column":113}},{"start":{"line":33,"column":117},"end":{"line":33,"column":118}}]},"3":{"loc":{"start":{"line":44,"column":40},"end":{"line":44,"column":73}},"type":"binary-expr","locations":[{"start":{"line":44,"column":40},"end":{"line":44,"column":68}},{"start":{"line":44,"column":72},"end":{"line":44,"column":73}}]},"4":{"loc":{"start":{"line":55,"column":31},"end":{"line":55,"column":64}},"type":"binary-expr","locations":[{"start":{"line":55,"column":31},"end":{"line":55,"column":59}},{"start":{"line":55,"column":63},"end":{"line":55,"column":64}}]},"5":{"loc":{"start":{"line":60,"column":21},"end":{"line":60,"column":66}},"type":"binary-expr","locations":[{"start":{"line":60,"column":21},"end":{"line":60,"column":59}},{"start":{"line":60,"column":63},"end":{"line":60,"column":66}}]},"6":{"loc":{"start":{"line":60,"column":21},"end":{"line":60,"column":59}},"type":"cond-expr","locations":[{"start":{"line":60,"column":49},"end":{"line":60,"column":51}},{"start":{"line":60,"column":49},"end":{"line":60,"column":59}}]},"7":{"loc":{"start":{"line":60,"column":21},"end":{"line":60,"column":51}},"type":"binary-expr","locations":[{"start":{"line":60,"column":21},"end":{"line":60,"column":51}},{"start":{"line":60,"column":49},"end":{"line":60,"column":51}}]},"8":{"loc":{"start":{"line":61,"column":30},"end":{"line":61,"column":84}},"type":"binary-expr","locations":[{"start":{"line":61,"column":30},"end":{"line":61,"column":77}},{"start":{"line":61,"column":81},"end":{"line":61,"column":84}}]},"9":{"loc":{"start":{"line":61,"column":30},"end":{"line":61,"column":77}},"type":"cond-expr","locations":[{"start":{"line":61,"column":58},"end":{"line":61,"column":60}},{"start":{"line":61,"column":58},"end":{"line":61,"column":77}}]},"10":{"loc":{"start":{"line":61,"column":30},"end":{"line":61,"column":60}},"type":"binary-expr","locations":[{"start":{"line":61,"column":30},"end":{"line":61,"column":60}},{"start":{"line":61,"column":58},"end":{"line":61,"column":60}}]},"11":{"loc":{"start":{"line":65,"column":30},"end":{"line":65,"column":69}},"type":"binary-expr","locations":[{"start":{"line":65,"column":30},"end":{"line":65,"column":64}},{"start":{"line":65,"column":68},"end":{"line":65,"column":69}}]},"12":{"loc":{"start":{"line":80,"column":44},"end":{"line":81,"column":49}},"type":"cond-expr","locations":[{"start":{"line":81,"column":6},"end":{"line":81,"column":45}},{"start":{"line":81,"column":48},"end":{"line":81,"column":49}}]},"13":{"loc":{"start":{"line":80,"column":44},"end":{"line":80,"column":84}},"type":"binary-expr","locations":[{"start":{"line":80,"column":44},"end":{"line":80,"column":65}},{"start":{"line":80,"column":69},"end":{"line":80,"column":84}}]},"14":{"loc":{"start":{"line":99,"column":33},"end":{"line":100,"column":56}},"type":"cond-expr","locations":[{"start":{"line":100,"column":6},"end":{"line":100,"column":52}},{"start":{"line":100,"column":55},"end":{"line":100,"column":56}}]},"15":{"loc":{"start":{"line":197,"column":4},"end":{"line":201,"column":null}},"type":"if","locations":[{"start":{"line":197,"column":4},"end":{"line":201,"column":null}}]},"16":{"loc":{"start":{"line":197,"column":8},"end":{"line":197,"column":63}},"type":"binary-expr","locations":[{"start":{"line":197,"column":8},"end":{"line":197,"column":34}},{"start":{"line":197,"column":38},"end":{"line":197,"column":63}}]},"17":{"loc":{"start":{"line":213,"column":53},"end":{"line":213,"column":80}},"type":"binary-expr","locations":[{"start":{"line":213,"column":53},"end":{"line":213,"column":75}},{"start":{"line":213,"column":79},"end":{"line":213,"column":80}}]},"18":{"loc":{"start":{"line":355,"column":53},"end":{"line":355,"column":80}},"type":"binary-expr","locations":[{"start":{"line":355,"column":53},"end":{"line":355,"column":75}},{"start":{"line":355,"column":79},"end":{"line":355,"column":80}}]},"19":{"loc":{"start":{"line":380,"column":4},"end":{"line":395,"column":null}},"type":"if","locations":[{"start":{"line":380,"column":4},"end":{"line":395,"column":null}}]},"20":{"loc":{"start":{"line":380,"column":8},"end":{"line":380,"column":55}},"type":"cond-expr","locations":[{"start":{"line":380,"column":44},"end":{"line":380,"column":46}},{"start":{"line":380,"column":44},"end":{"line":380,"column":55}}]},"21":{"loc":{"start":{"line":380,"column":8},"end":{"line":380,"column":46}},"type":"binary-expr","locations":[{"start":{"line":380,"column":8},"end":{"line":380,"column":46}},{"start":{"line":380,"column":44},"end":{"line":380,"column":46}}]},"22":{"loc":{"start":{"line":380,"column":8},"end":{"line":380,"column":44}},"type":"cond-expr","locations":[{"start":{"line":380,"column":34},"end":{"line":380,"column":36}},{"start":{"line":380,"column":34},"end":{"line":380,"column":44}}]},"23":{"loc":{"start":{"line":380,"column":8},"end":{"line":380,"column":36}},"type":"binary-expr","locations":[{"start":{"line":380,"column":8},"end":{"line":380,"column":36}},{"start":{"line":380,"column":34},"end":{"line":380,"column":36}}]},"24":{"loc":{"start":{"line":391,"column":18},"end":{"line":393,"column":81}},"type":"cond-expr","locations":[{"start":{"line":392,"column":12},"end":{"line":392,"column":63}},{"start":{"line":393,"column":13},"end":{"line":393,"column":81}}]},"25":{"loc":{"start":{"line":393,"column":13},"end":{"line":393,"column":81}},"type":"binary-expr","locations":[{"start":{"line":393,"column":13},"end":{"line":393,"column":65}},{"start":{"line":393,"column":69},"end":{"line":393,"column":81}}]},"26":{"loc":{"start":{"line":398,"column":4},"end":{"line":401,"column":null}},"type":"if","locations":[{"start":{"line":398,"column":4},"end":{"line":401,"column":null}}]},"27":{"loc":{"start":{"line":398,"column":9},"end":{"line":398,"column":61}},"type":"binary-expr","locations":[{"start":{"line":398,"column":9},"end":{"line":398,"column":35}},{"start":{"line":398,"column":39},"end":{"line":398,"column":61}}]},"28":{"loc":{"start":{"line":404,"column":4},"end":{"line":415,"column":null}},"type":"if","locations":[{"start":{"line":404,"column":4},"end":{"line":415,"column":null}}]},"29":{"loc":{"start":{"line":404,"column":8},"end":{"line":404,"column":44}},"type":"cond-expr","locations":[{"start":{"line":404,"column":34},"end":{"line":404,"column":36}},{"start":{"line":404,"column":34},"end":{"line":404,"column":44}}]},"30":{"loc":{"start":{"line":404,"column":8},"end":{"line":404,"column":36}},"type":"binary-expr","locations":[{"start":{"line":404,"column":8},"end":{"line":404,"column":36}},{"start":{"line":404,"column":34},"end":{"line":404,"column":36}}]},"31":{"loc":{"start":{"line":406,"column":23},"end":{"line":406,"column":52}},"type":"binary-expr","locations":[{"start":{"line":406,"column":23},"end":{"line":406,"column":47}},{"start":{"line":406,"column":51},"end":{"line":406,"column":52}}]},"32":{"loc":{"start":{"line":406,"column":23},"end":{"line":406,"column":47}},"type":"cond-expr","locations":[{"start":{"line":406,"column":40},"end":{"line":406,"column":42}},{"start":{"line":406,"column":40},"end":{"line":406,"column":47}}]},"33":{"loc":{"start":{"line":406,"column":23},"end":{"line":406,"column":42}},"type":"binary-expr","locations":[{"start":{"line":406,"column":23},"end":{"line":406,"column":42}},{"start":{"line":406,"column":40},"end":{"line":406,"column":42}}]},"34":{"loc":{"start":{"line":407,"column":26},"end":{"line":407,"column":51}},"type":"binary-expr","locations":[{"start":{"line":407,"column":26},"end":{"line":407,"column":46}},{"start":{"line":407,"column":50},"end":{"line":407,"column":51}}]},"35":{"loc":{"start":{"line":408,"column":24},"end":{"line":408,"column":47}},"type":"binary-expr","locations":[{"start":{"line":408,"column":24},"end":{"line":408,"column":42}},{"start":{"line":408,"column":46},"end":{"line":408,"column":47}}]},"36":{"loc":{"start":{"line":409,"column":26},"end":{"line":409,"column":51}},"type":"binary-expr","locations":[{"start":{"line":409,"column":26},"end":{"line":409,"column":46}},{"start":{"line":409,"column":50},"end":{"line":409,"column":51}}]},"37":{"loc":{"start":{"line":410,"column":33},"end":{"line":410,"column":65}},"type":"binary-expr","locations":[{"start":{"line":410,"column":33},"end":{"line":410,"column":60}},{"start":{"line":410,"column":64},"end":{"line":410,"column":65}}]},"38":{"loc":{"start":{"line":411,"column":22},"end":{"line":411,"column":43}},"type":"binary-expr","locations":[{"start":{"line":411,"column":22},"end":{"line":411,"column":38}},{"start":{"line":411,"column":42},"end":{"line":411,"column":43}}]},"39":{"loc":{"start":{"line":418,"column":4},"end":{"line":425,"column":null}},"type":"if","locations":[{"start":{"line":418,"column":4},"end":{"line":425,"column":null}}]},"40":{"loc":{"start":{"line":418,"column":8},"end":{"line":418,"column":42}},"type":"cond-expr","locations":[{"start":{"line":418,"column":34},"end":{"line":418,"column":36}},{"start":{"line":418,"column":34},"end":{"line":418,"column":42}}]},"41":{"loc":{"start":{"line":418,"column":8},"end":{"line":418,"column":36}},"type":"binary-expr","locations":[{"start":{"line":418,"column":8},"end":{"line":418,"column":36}},{"start":{"line":418,"column":34},"end":{"line":418,"column":36}}]},"42":{"loc":{"start":{"line":419,"column":6},"end":{"line":424,"column":null}},"type":"if","locations":[{"start":{"line":419,"column":6},"end":{"line":424,"column":null}}]},"43":{"loc":{"start":{"line":428,"column":4},"end":{"line":445,"column":null}},"type":"if","locations":[{"start":{"line":428,"column":4},"end":{"line":445,"column":null}}]},"44":{"loc":{"start":{"line":452,"column":28},"end":{"line":452,"column":64}},"type":"cond-expr","locations":[{"start":{"line":452,"column":54},"end":{"line":452,"column":56}},{"start":{"line":452,"column":54},"end":{"line":452,"column":64}}]},"45":{"loc":{"start":{"line":452,"column":28},"end":{"line":452,"column":56}},"type":"binary-expr","locations":[{"start":{"line":452,"column":28},"end":{"line":452,"column":56}},{"start":{"line":452,"column":54},"end":{"line":452,"column":56}}]},"46":{"loc":{"start":{"line":453,"column":29},"end":{"line":453,"column":76}},"type":"cond-expr","locations":[{"start":{"line":453,"column":65},"end":{"line":453,"column":67}},{"start":{"line":453,"column":65},"end":{"line":453,"column":76}}]},"47":{"loc":{"start":{"line":453,"column":29},"end":{"line":453,"column":67}},"type":"binary-expr","locations":[{"start":{"line":453,"column":29},"end":{"line":453,"column":67}},{"start":{"line":453,"column":65},"end":{"line":453,"column":67}}]},"48":{"loc":{"start":{"line":453,"column":29},"end":{"line":453,"column":65}},"type":"cond-expr","locations":[{"start":{"line":453,"column":55},"end":{"line":453,"column":57}},{"start":{"line":453,"column":55},"end":{"line":453,"column":65}}]},"49":{"loc":{"start":{"line":453,"column":29},"end":{"line":453,"column":57}},"type":"binary-expr","locations":[{"start":{"line":453,"column":29},"end":{"line":453,"column":57}},{"start":{"line":453,"column":55},"end":{"line":453,"column":57}}]},"50":{"loc":{"start":{"line":454,"column":24},"end":{"line":454,"column":82}},"type":"cond-expr","locations":[{"start":{"line":454,"column":69},"end":{"line":454,"column":71}},{"start":{"line":454,"column":69},"end":{"line":454,"column":82}}]},"51":{"loc":{"start":{"line":454,"column":24},"end":{"line":454,"column":71}},"type":"binary-expr","locations":[{"start":{"line":454,"column":24},"end":{"line":454,"column":71}},{"start":{"line":454,"column":69},"end":{"line":454,"column":71}}]},"52":{"loc":{"start":{"line":454,"column":25},"end":{"line":454,"column":69}},"type":"cond-expr","locations":[{"start":{"line":454,"column":51},"end":{"line":454,"column":53}},{"start":{"line":454,"column":51},"end":{"line":454,"column":69}}]},"53":{"loc":{"start":{"line":454,"column":25},"end":{"line":454,"column":53}},"type":"binary-expr","locations":[{"start":{"line":454,"column":25},"end":{"line":454,"column":53}},{"start":{"line":454,"column":51},"end":{"line":454,"column":53}}]}},"s":{"0":0,"1":0,"2":0,"3":0,"4":0,"5":0,"6":0,"7":0,"8":0,"9":0,"10":0,"11":0,"12":0,"13":0,"14":0,"15":0,"16":0,"17":0,"18":0,"19":0,"20":0,"21":0,"22":0,"23":0,"24":0,"25":0,"26":0,"27":0,"28":0,"29":0,"30":0,"31":0,"32":0,"33":0,"34":0,"35":0,"36":0,"37":0,"38":0,"39":0,"40":0,"41":0,"42":0,"43":0,"44":0,"45":0,"46":0,"47":0,"48":0,"49":0,"50":0,"51":0,"52":0,"53":0,"54":0,"55":0,"56":0,"57":0,"58":0,"59":0,"60":0,"61":0,"62":0,"63":0,"64":0,"65":0,"66":0,"67":0,"68":0,"69":0,"70":0,"71":0,"72":0,"73":0,"74":0,"75":0,"76":0,"77":0,"78":0,"79":0,"80":0,"81":0,"82":0,"83":0,"84":0,"85":0,"86":0,"87":0,"88":0,"89":0,"90":0,"91":0,"92":0,"93":0,"94":0,"95":0,"96":0,"97":0,"98":0,"99":0,"100":0,"101":0,"102":0,"103":0,"104":0,"105":0,"106":0,"107":0,"108":0,"109":0,"110":0,"111":0,"112":0,"113":0,"114":0,"115":0,"116":0,"117":0,"118":0,"119":0,"120":0,"121":0,"122":0,"123":0,"124":0,"125":0,"126":0,"127":0,"128":0,"129":0,"130":0,"131":0,"132":0,"133":0,"134":0,"135":0,"136":0,"137":0,"138":0,"139":0,"140":0,"141":0,"142":0,"143":0,"144":0,"145":0,"146":0,"147":0,"148":0,"149":0,"150":0,"151":0,"152":0,"153":0,"154":0,"155":0,"156":0,"157":0,"158":0,"159":0,"160":0,"161":0,"162":0,"163":0,"164":0,"165":0,"166":0,"167":0,"168":0,"169":0,"170":0,"171":0,"172":0,"173":0,"174":0,"175":0,"176":0,"177":0,"178":0,"179":0,"180":0,"181":0,"182":0,"183":0,"184":0,"185":0,"186":0,"187":0,"188":0},"f":{"0":0,"1":0,"2":0,"3":0,"4":0,"5":0,"6":0,"7":0,"8":0,"9":0,"10":0},"b":{"0":[0,0],"1":[0,0],"2":[0,0],"3":[0,0],"4":[0,0],"5":[0,0],"6":[0,0],"7":[0,0],"8":[0,0],"9":[0,0],"10":[0,0],"11":[0,0],"12":[0,0],"13":[0,0],"14":[0,0],"15":[0],"16":[0,0],"17":[0,0],"18":[0,0],"19":[0],"20":[0,0],"21":[0,0],"22":[0,0],"23":[0,0],"24":[0,0],"25":[0,0],"26":[0],"27":[0,0],"28":[0],"29":[0,0],"30":[0,0],"31":[0,0],"32":[0,0],"33":[0,0],"34":[0,0],"35":[0,0],"36":[0,0],"37":[0,0],"38":[0,0],"39":[0],"40":[0,0],"41":[0,0],"42":[0],"43":[0],"44":[0,0],"45":[0,0],"46":[0,0],"47":[0,0],"48":[0,0],"49":[0,0],"50":[0,0],"51":[0,0],"52":[0,0],"53":[0,0]}}
,"/Users/parthpatel/real-estate-analyzer/backend/src/analysis/index.ts": {"path":"/Users/parthpatel/real-estate-analyzer/backend/src/analysis/index.ts","statementMap":{"0":{"start":{"line":1,"column":0},"end":{"line":1,"column":9}},"1":{"start":{"line":1,"column":9},"end":{"line":1,"column":60}},"2":{"start":{"line":2,"column":0},"end":{"line":2,"column":9}},"3":{"start":{"line":2,"column":9},"end":{"line":2,"column":44}},"4":{"start":{"line":3,"column":0},"end":{"line":3,"column":9}},"5":{"start":{"line":3,"column":9},"end":{"line":3,"column":62}}},"fnMap":{"0":{"name":"(anonymous_0)","decl":{"start":{"line":1,"column":9},"end":{"line":1,"column":28}},"loc":{"start":{"line":1,"column":9},"end":{"line":1,"column":60}}},"1":{"name":"(anonymous_1)","decl":{"start":{"line":2,"column":9},"end":{"line":2,"column":20}},"loc":{"start":{"line":2,"column":9},"end":{"line":2,"column":44}}},"2":{"name":"(anonymous_2)","decl":{"start":{"line":3,"column":9},"end":{"line":3,"column":29}},"loc":{"start":{"line":3,"column":9},"end":{"line":3,"column":62}}}},"branchMap":{},"s":{"0":0,"1":0,"2":0,"3":0,"4":0,"5":0},"f":{"0":0,"1":0,"2":0},"b":{}}
,"/Users/parthpatel/real-estate-analyzer/backend/src/controllers/censusController.ts": {"path":"/Users/parthpatel/real-estate-analyzer/backend/src/controllers/censusController.ts","statementMap":{"0":{"start":{"line":7,"column":0},"end":{"line":7,"column":58}},"1":{"start":{"line":8,"column":0},"end":{"line":8,"column":41}},"2":{"start":{"line":14,"column":34},"end":{"line":42,"column":1}},"3":{"start":{"line":15,"column":2},"end":{"line":41,"column":null}},"4":{"start":{"line":16,"column":38},"end":{"line":24,"column":6}},"5":{"start":{"line":27,"column":4},"end":{"line":31,"column":null}},"6":{"start":{"line":28,"column":6},"end":{"line":30,"column":9}},"7":{"start":{"line":33,"column":17},"end":{"line":33,"column":63}},"8":{"start":{"line":34,"column":4},"end":{"line":34,"column":38}},"9":{"start":{"line":36,"column":4},"end":{"line":36,"column":67}},"10":{"start":{"line":37,"column":4},"end":{"line":40,"column":7}},"11":{"start":{"line":14,"column":13},"end":{"line":14,"column":34}},"12":{"start":{"line":47,"column":29},"end":{"line":75,"column":1}},"13":{"start":{"line":48,"column":2},"end":{"line":74,"column":null}},"14":{"start":{"line":49,"column":38},"end":{"line":57,"column":6}},"15":{"start":{"line":60,"column":4},"end":{"line":64,"column":null}},"16":{"start":{"line":61,"column":6},"end":{"line":63,"column":9}},"17":{"start":{"line":66,"column":17},"end":{"line":66,"column":58}},"18":{"start":{"line":67,"column":4},"end":{"line":67,"column":38}},"19":{"start":{"line":69,"column":4},"end":{"line":69,"column":62}},"20":{"start":{"line":70,"column":4},"end":{"line":73,"column":7}},"21":{"start":{"line":47,"column":13},"end":{"line":47,"column":29}},"22":{"start":{"line":80,"column":30},"end":{"line":108,"column":1}},"23":{"start":{"line":81,"column":2},"end":{"line":107,"column":null}},"24":{"start":{"line":82,"column":38},"end":{"line":90,"column":6}},"25":{"start":{"line":93,"column":4},"end":{"line":97,"column":null}},"26":{"start":{"line":94,"column":6},"end":{"line":96,"column":9}},"27":{"start":{"line":99,"column":17},"end":{"line":99,"column":59}},"28":{"start":{"line":100,"column":4},"end":{"line":100,"column":38}},"29":{"start":{"line":102,"column":4},"end":{"line":102,"column":63}},"30":{"start":{"line":103,"column":4},"end":{"line":106,"column":7}},"31":{"start":{"line":80,"column":13},"end":{"line":80,"column":30}},"32":{"start":{"line":113,"column":42},"end":{"line":141,"column":1}},"33":{"start":{"line":114,"column":2},"end":{"line":140,"column":null}},"34":{"start":{"line":115,"column":38},"end":{"line":123,"column":6}},"35":{"start":{"line":126,"column":4},"end":{"line":130,"column":null}},"36":{"start":{"line":127,"column":6},"end":{"line":129,"column":9}},"37":{"start":{"line":132,"column":17},"end":{"line":132,"column":71}},"38":{"start":{"line":133,"column":4},"end":{"line":133,"column":38}},"39":{"start":{"line":135,"column":4},"end":{"line":135,"column":75}},"40":{"start":{"line":136,"column":4},"end":{"line":139,"column":7}},"41":{"start":{"line":113,"column":13},"end":{"line":113,"column":42}}},"fnMap":{"0":{"name":"(anonymous_0)","decl":{"start":{"line":14,"column":34},"end":{"line":14,"column":39}},"loc":{"start":{"line":14,"column":72},"end":{"line":42,"column":1}}},"1":{"name":"(anonymous_1)","decl":{"start":{"line":47,"column":29},"end":{"line":47,"column":34}},"loc":{"start":{"line":47,"column":67},"end":{"line":75,"column":1}}},"2":{"name":"(anonymous_2)","decl":{"start":{"line":80,"column":30},"end":{"line":80,"column":35}},"loc":{"start":{"line":80,"column":68},"end":{"line":108,"column":1}}},"3":{"name":"(anonymous_3)","decl":{"start":{"line":113,"column":42},"end":{"line":113,"column":47}},"loc":{"start":{"line":113,"column":80},"end":{"line":141,"column":1}}}},"branchMap":{"0":{"loc":{"start":{"line":22,"column":12},"end":{"line":22,"column":75}},"type":"cond-expr","locations":[{"start":{"line":22,"column":29},"end":{"line":22,"column":63}},{"start":{"line":22,"column":66},"end":{"line":22,"column":75}}]},"1":{"loc":{"start":{"line":27,"column":4},"end":{"line":31,"column":null}},"type":"if","locations":[{"start":{"line":27,"column":4},"end":{"line":31,"column":null}}]},"2":{"loc":{"start":{"line":27,"column":8},"end":{"line":27,"column":87}},"type":"binary-expr","locations":[{"start":{"line":27,"column":8},"end":{"line":27,"column":21}},{"start":{"line":27,"column":25},"end":{"line":27,"column":39}},{"start":{"line":27,"column":43},"end":{"line":27,"column":54}},{"start":{"line":27,"column":58},"end":{"line":27,"column":70}},{"start":{"line":27,"column":74},"end":{"line":27,"column":87}}]},"3":{"loc":{"start":{"line":55,"column":12},"end":{"line":55,"column":75}},"type":"cond-expr","locations":[{"start":{"line":55,"column":29},"end":{"line":55,"column":63}},{"start":{"line":55,"column":66},"end":{"line":55,"column":75}}]},"4":{"loc":{"start":{"line":60,"column":4},"end":{"line":64,"column":null}},"type":"if","locations":[{"start":{"line":60,"column":4},"end":{"line":64,"column":null}}]},"5":{"loc":{"start":{"line":60,"column":8},"end":{"line":60,"column":87}},"type":"binary-expr","locations":[{"start":{"line":60,"column":8},"end":{"line":60,"column":21}},{"start":{"line":60,"column":25},"end":{"line":60,"column":39}},{"start":{"line":60,"column":43},"end":{"line":60,"column":54}},{"start":{"line":60,"column":58},"end":{"line":60,"column":70}},{"start":{"line":60,"column":74},"end":{"line":60,"column":87}}]},"6":{"loc":{"start":{"line":88,"column":12},"end":{"line":88,"column":75}},"type":"cond-expr","locations":[{"start":{"line":88,"column":29},"end":{"line":88,"column":63}},{"start":{"line":88,"column":66},"end":{"line":88,"column":75}}]},"7":{"loc":{"start":{"line":93,"column":4},"end":{"line":97,"column":null}},"type":"if","locations":[{"start":{"line":93,"column":4},"end":{"line":97,"column":null}}]},"8":{"loc":{"start":{"line":93,"column":8},"end":{"line":93,"column":87}},"type":"binary-expr","locations":[{"start":{"line":93,"column":8},"end":{"line":93,"column":21}},{"start":{"line":93,"column":25},"end":{"line":93,"column":39}},{"start":{"line":93,"column":43},"end":{"line":93,"column":54}},{"start":{"line":93,"column":58},"end":{"line":93,"column":70}},{"start":{"line":93,"column":74},"end":{"line":93,"column":87}}]},"9":{"loc":{"start":{"line":121,"column":12},"end":{"line":121,"column":75}},"type":"cond-expr","locations":[{"start":{"line":121,"column":29},"end":{"line":121,"column":63}},{"start":{"line":121,"column":66},"end":{"line":121,"column":75}}]},"10":{"loc":{"start":{"line":126,"column":4},"end":{"line":130,"column":null}},"type":"if","locations":[{"start":{"line":126,"column":4},"end":{"line":130,"column":null}}]},"11":{"loc":{"start":{"line":126,"column":8},"end":{"line":126,"column":87}},"type":"binary-expr","locations":[{"start":{"line":126,"column":8},"end":{"line":126,"column":21}},{"start":{"line":126,"column":25},"end":{"line":126,"column":39}},{"start":{"line":126,"column":43},"end":{"line":126,"column":54}},{"start":{"line":126,"column":58},"end":{"line":126,"column":70}},{"start":{"line":126,"column":74},"end":{"line":126,"column":87}}]}},"s":{"0":1,"1":1,"2":1,"3":3,"4":3,"5":3,"6":1,"7":2,"8":1,"9":1,"10":1,"11":1,"12":1,"13":1,"14":1,"15":1,"16":0,"17":1,"18":1,"19":0,"20":0,"21":1,"22":1,"23":1,"24":1,"25":1,"26":0,"27":1,"28":1,"29":0,"30":0,"31":1,"32":1,"33":1,"34":1,"35":1,"36":0,"37":1,"38":1,"39":0,"40":0,"41":1},"f":{"0":3,"1":1,"2":1,"3":1},"b":{"0":[0,3],"1":[1],"2":[3,3,3,1,1],"3":[0,1],"4":[0],"5":[1,0,0,0,0],"6":[0,1],"7":[0],"8":[1,0,0,0,0],"9":[0,1],"10":[0],"11":[1,1,1,0,0]}}
,"/Users/parthpatel/real-estate-analyzer/backend/src/controllers/dealController.ts": {"path":"/Users/parthpatel/real-estate-analyzer/backend/src/controllers/dealController.ts","statementMap":{"0":{"start":{"line":2,"column":0},"end":{"line":2,"column":54}},"1":{"start":{"line":3,"column":0},"end":{"line":3,"column":41}},"2":{"start":{"line":6,"column":0},"end":{"line":6,"column":68}},"3":{"start":{"line":10,"column":27},"end":{"line":13,"column":1}},"4":{"start":{"line":11,"column":2},"end":{"line":11,"column":51}},"5":{"start":{"line":12,"column":2},"end":{"line":12,"column":43}},"6":{"start":{"line":15,"column":26},"end":{"line":18,"column":1}},"7":{"start":{"line":16,"column":2},"end":{"line":16,"column":50}},"8":{"start":{"line":17,"column":2},"end":{"line":17,"column":43}},"9":{"start":{"line":31,"column":27},"end":{"line":51,"column":1}},"10":{"start":{"line":32,"column":2},"end":{"line":50,"column":null}},"11":{"start":{"line":34,"column":19},"end":{"line":34,"column":31}},"12":{"start":{"line":35,"column":18},"end":{"line":35,"column":55}},"13":{"start":{"line":38,"column":4},"end":{"line":42,"column":7}},"14":{"start":{"line":39,"column":6},"end":{"line":41,"column":null}},"15":{"start":{"line":40,"column":8},"end":{"line":40,"column":64}},"16":{"start":{"line":44,"column":4},"end":{"line":44,"column":73}},"17":{"start":{"line":46,"column":4},"end":{"line":46,"column":20}},"18":{"start":{"line":48,"column":4},"end":{"line":48,"column":52}},"19":{"start":{"line":49,"column":4},"end":{"line":49,"column":59}},"20":{"start":{"line":31,"column":13},"end":{"line":31,"column":27}},"21":{"start":{"line":56,"column":27},"end":{"line":445,"column":1}},"22":{"start":{"line":57,"column":2},"end":{"line":444,"column":null}},"23":{"start":{"line":58,"column":4},"end":{"line":58,"column":77}},"24":{"start":{"line":59,"column":4},"end":{"line":59,"column":64}},"25":{"start":{"line":60,"column":4},"end":{"line":60,"column":73}},"26":{"start":{"line":62,"column":19},"end":{"line":62,"column":29}},"27":{"start":{"line":63,"column":17},"end":{"line":63,"column":50}},"28":{"start":{"line":65,"column":4},"end":{"line":67,"column":null}},"29":{"start":{"line":66,"column":6},"end":{"line":66,"column":63}},"30":{"start":{"line":69,"column":4},"end":{"line":73,"column":7}},"31":{"start":{"line":76,"column":20},"end":{"line":76,"column":35}},"32":{"start":{"
[...]
d":{"line":388,"column":3}}}},"branchMap":{"0":{"loc":{"start":{"line":14,"column":4},"end":{"line":14,"column":58}},"type":"if","locations":[{"start":{"line":14,"column":4},"end":{"line":14,"column":58}}]},"1":{"loc":{"start":{"line":23,"column":11},"end":{"line":23,"column":62}},"type":"binary-expr","locations":[{"start":{"line":23,"column":11},"end":{"line":23,"column":29}},{"start":{"line":23,"column":34},"end":{"line":23,"column":61}}]},"2":{"loc":{"start":{"line":51,"column":4},"end":{"line":51,"column":33}},"type":"if","locations":[{"start":{"line":51,"column":4},"end":{"line":51,"column":33}}]},"3":{"loc":{"start":{"line":59,"column":4},"end":{"line":59,"column":35}},"type":"if","locations":[{"start":{"line":59,"column":4},"end":{"line":59,"column":35}}]},"4":{"loc":{"start":{"line":67,"column":4},"end":{"line":67,"column":31}},"type":"if","locations":[{"start":{"line":67,"column":4},"end":{"line":67,"column":31}}]},"5":{"loc":{"start":{"line":81,"column":6},"end":{"line":84,"column":null}},"type":"if","locations":[{"start":{"line":81,"column":6},"end":{"line":84,"column":null}}]},"6":{"loc":{"start":{"line":81,"column":10},"end":{"line":82,"column":51}},"type":"binary-expr","locations":[{"start":{"line":81,"column":11},"end":{"line":81,"column":28}},{"start":{"line":81,"column":32},"end":{"line":81,"column":50}},{"start":{"line":82,"column":11},"end":{"line":82,"column":27}},{"start":{"line":82,"column":31},"end":{"line":82,"column":50}}]},"7":{"loc":{"start":{"line":92,"column":4},"end":{"line":96,"column":null}},"type":"if","locations":[{"start":{"line":92,"column":4},"end":{"line":96,"column":null}}]},"8":{"loc":{"start":{"line":112,"column":6},"end":{"line":116,"column":null}},"type":"if","locations":[{"start":{"line":112,"column":6},"end":{"line":116,"column":null}}]},"9":{"loc":{"start":{"line":118,"column":6},"end":{"line":122,"column":null}},"type":"if","locations":[{"start":{"line":118,"column":6},"end":{"line":122,"column":null}},{"start":{"line":120,"column":13},"end":{"line":122,"column":null}}]},"10":{"loc":{"start":{"line":127,"column":6},"end":{"line":129,"column":null}},"type":"if","locations":[{"start":{"line":127,"column":6},"end":{"line":129,"column":null}}]},"11":{"loc":{"start":{"line":155,"column":31},"end":{"line":155,"column":94}},"type":"cond-expr","locations":[{"start":{"line":155,"column":53},"end":{"line":155,"column":90}},{"start":{"line":155,"column":93},"end":{"line":155,"column":94}}]},"12":{"loc":{"start":{"line":171,"column":11},"end":{"line":171,"column":50}},"type":"cond-expr","locations":[{"start":{"line":171,"column":28},"end":{"line":171,"column":46}},{"start":{"line":171,"column":49},"end":{"line":171,"column":50}}]},"13":{"loc":{"start":{"line":178,"column":11},"end":{"line":178,"column":56}},"type":"cond-expr","locations":[{"start":{"line":178,"column":31},"end":{"line":178,"column":52}},{"start":{"line":178,"column":55},"end":{"line":178,"column":56}}]},"14":{"loc":{"start":{"line":185,"column":11},"end":{"line":185,"column":61}},"type":"cond-expr","locations":[{"start":{"line":185,"column":27},"end":{"line":185,"column":57}},{"start":{"line":185,"column":60},"end":{"line":185,"column":61}}]},"15":{"loc":{"start":{"line":192,"column":11},"end":{"line":192,"column":90}},"type":"cond-expr","locations":[{"start":{"line":192,"column":38},"end":{"line":192,"column":86}},{"start":{"line":192,"column":89},"end":{"line":192,"column":90}}]},"16":{"loc":{"start":{"line":232,"column":4},"end":{"line":232,"column":38}},"type":"if","locations":[{"start":{"line":232,"column":4},"end":{"line":232,"column":38}}]},"17":{"loc":{"start":{"line":243,"column":4},"end":{"line":243,"column":33}},"type":"if","locations":[{"start":{"line":243,"column":4},"end":{"line":243,"column":33}}]},"18":{"loc":{"start":{"line":254,"column":4},"end":{"line":254,"column":35}},"type":"if","locations":[{"start":{"line":254,"column":4},"end":{"line":254,"column":35}}]},"19":{"loc":{"start":{"line":265,"column":4},"end":{"line":265,"column":33}},"type":"if","locations":[{"start":{"line":265,"column":4},"end":{"line":265,"column":33}}]},"20":{"loc":{"start":{"line":276,"column":4},"end":{"line":276,"column":33}},"type":"if","locations":[{"start":{"line":276,"column":4},"end":{"line":276,"column":33}}]},"21":{"loc":{"start":{"line":287,"column":4},"end":{"line":287,"column":33}},"type":"if","locations":[{"start":{"line":287,"column":4},"end":{"line":287,"column":33}}]},"22":{"loc":{"start":{"line":298,"column":4},"end":{"line":298,"column":28}},"type":"if","locations":[{"start":{"line":298,"column":4},"end":{"line":298,"column":28}}]},"23":{"loc":{"start":{"line":309,"column":4},"end":{"line":309,"column":26}},"type":"if","locations":[{"start":{"line":309,"column":4},"end":{"line":309,"column":26}}]},"24":{"loc":{"start":{"line":323,"column":4},"end":{"line":323,"column":35}},"type":"if","locations":[{"start":{"line":323,"column":4},"end":{"line":323,"column":35}}]},"25":{"loc":{"start":{"line":352,"column":4},"end":{"line":352,"column":31}},"type":"default-arg","locations":[{"start":{"line":352,"column":30},"end":{"line":352,"column":31}}]},"26":{"loc":{"start":{"line":354,"column":4},"end":{"line":354,"column":66}},"type":"if","locations":[{"start":{"line":354,"column":4},"end":{"line":354,"column":66}}]},"27":{"loc":{"start":{"line":354,"column":8},"end":{"line":354,"column":55}},"type":"binary-expr","locations":[{"start":{"line":354,"column":8},"end":{"line":354,"column":27}},{"start":{"line":354,"column":31},"end":{"line":354,"column":55}}]},"28":{"loc":{"start":{"line":357,"column":4},"end":{"line":360,"column":null}},"type":"if","locations":[{"start":{"line":357,"column":4},"end":{"line":360,"column":null}}]},"29":{"loc":{"start":{"line":373,"column":4},"end":{"line":373,"column":52}},"type":"if","locations":[{"start":{"line":373,"column":4},"end":{"line":373,"column":52}}]},"30":{"loc":{"start":{"line":373,"column":8},"end":{"line":373,"column":41}},"type":"binary-expr","locations":[{"start":{"line":373,"column":8},"end":{"line":373,"column":20}},{"start":{"line":373,"column":24},"end":{"line":373,"column":41}}]},"31":{"loc":{"start":{"line":386,"column":4},"end":{"line":386,"column":58}},"type":"if","locations":[{"start":{"line":386,"column":4},"end":{"line":386,"column":58}}]}},"s":{"0":0,"1":0,"2":0,"3":0,"4":0,"5":0,"6":0,"7":0,"8":0,"9":0,"10":0,"11":0,"12":0,"13":0,"14":0,"15":0,"16":0,"17":0,"18":0,"19":0,"20":0,"21":0,"22":0,"23":0,"24":0,"25":0,"26":0,"27":0,"28":0,"29":0,"30":0,"31":0,"32":0,"33":0,"34":0,"35":0,"36":0,"37":0,"38":0,"39":0,"40":0,"41":0,"42":0,"43":0,"44":0,"45":0,"46":0,"47":0,"48":0,"49":0,"50":0,"51":0,"52":0,"53":0,"54":0,"55":0,"56":0,"57":0,"58":0,"59":0,"60":0,"61":0,"62":0,"63":0,"64":0,"65":0,"66":0,"67":0,"68":0,"69":0,"70":0,"71":0,"72":0,"73":0,"74":0,"75":0,"76":0,"77":0,"78":0,"79":0,"80":0,"81":0,"82":0,"83":0,"84":0,"85":0,"86":0,"87":0,"88":0,"89":0,"90":0,"91":0,"92":0,"93":0,"94":0,"95":0,"96":0,"97":0,"98":0,"99":0,"100":0,"101":0,"102":0,"103":0,"104":0,"105":0,"106":0,"107":0,"108":0,"109":0,"110":0,"111":0,"112":0},"f":{"0":0,"1":0,"2":0,"3":0,"4":0,"5":0,"6":0,"7":0,"8":0,"9":0,"10":0,"11":0,"12":0,"13":0,"14":0,"15":0,"16":0,"17":0,"18":0,"19":0,"20":0,"21":0,"22":0,"23":0,"24":0,"25":0,"26":0,"27":0,"28":0},"b":{"0":[0],"1":[0,0],"2":[0],"3":[0],"4":[0],"5":[0],"6":[0,0,0,0],"7":[0],"8":[0],"9":[0,0],"10":[0],"11":[0,0],"12":[0,0],"13":[0,0],"14":[0,0],"15":[0,0],"16":[0],"17":[0],"18":[0],"19":[0],"20":[0],"21":[0],"22":[0],"23":[0],"24":[0],"25":[0],"26":[0],"27":[0,0],"28":[0],"29":[0],"30":[0,0],"31":[0]}}
,"/Users/parthpatel/real-estate-analyzer/backend/src/utils/logger.ts": {"path":"/Users/parthpatel/real-estate-analyzer/backend/src/utils/logger.ts","statementMap":{"0":{"start":{"line":1,"column":0},"end":{"line":1,"column":30}},"1":{"start":{"line":3,"column":13},"end":{"line":13,"column":3}},"2":{"start":{"line":16,"column":0},"end":{"line":20,"column":null}},"3":{"start":{"line":17,"column":2},"end":{"line":19,"column":6}}},"fnMap":{},"branchMap":{"0":{"loc":{"start":{"line":16,"column":0},"end":{"line":20,"column":null}},"type":"if","locations":[{"start":{"line":16,"column":0},"end":{"line":20,"column":null}}]}},"s":{"0":0,"1":0,"2":0,"3":0},"f":{},"b":{"0":[0]}}
,"/Users/parthpatel/real-estate-analyzer/backend/src/utils/modelCheck.ts": {"path":"/Users/parthpatel/real-estate-analyzer/backend/src/utils/modelCheck.ts","statementMap":{"0":{"start":{"line":1,"column":0},"end":{"line":1,"column":32}},"1":{"start":{"line":2,"column":0},"end":{"line":2,"column":34}},"2":{"start":{"line":5,"column":0},"end":{"line":5,"column":24}},"3":{"start":{"line":11,"column":27},"end":{"line":11,"column":55}},"4":{"start":{"line":12,"column":2},"end":{"line":12,"column":54}},"5":{"start":{"line":15,"column":25},"end":{"line":15,"column":33}},"6":{"start":{"line":18,"column":24},"end":{"line":18,"column":89}},"7":{"start":{"line":18,"column":55},"end":{"line":18,"column":88}},"8":{"start":{"line":20,"column":2},"end":{"line":23,"column":null}},"9":{"start":{"line":21,"column":4},"end":{"line":21,"column":60}},"10":{"start":{"line":22,"column":4},"end":{"line":22,"column":17}},"11":{"start":{"line":25,"column":2},"end":{"line":25,"column":52}},"12":{"start":{"line":26,"column":2},"end":{"line":26,"column":14}},"13":{"start":{"line":10,"column":0},"end":{"line":10,"column":16}},"14":{"start":{"line":33,"column":2},"end":{"line":58,"column":null}},"15":{"start":{"line":34,"column":15},"end":{"line":34,"column":37}},"16":{"start":{"line":35,"column":24},"end":{"line":35,"column":60}},"17":{"start":{"line":36,"column":28},"end":{"line":36,"column":56}},"18":{"start":{"line":36,"column":49},"end":{"line":36,"column":55}},"19":{"start":{"line":38,"column":4},"end":{"line":38,"column":61}},"20":{"start":{"line":41,"column":32},"end":{"line":41,"column":41}},"21":{"start":{"line":44,"column":31},"end":{"line":45,"column":null}},"22":{"start":{"line":45,"column":20},"end":{"line":45,"column":57}},"23":{"start":{"line":48,"column":4},"end":{"line":51,"column":null}},"24":{"start":{"line":49,"column":6},"end":{"line":49,"column":72}},"25":{"start":{"line":50,"column":6},"end":{"line":50,"column":19}},"26":{"start":{"line":53,"column":4},"end":{"line":53,"column":66}},"27":{"start":{"line":54,"column":4},"end":{"line":54,"column":16}},"28":{"start":{"line":56,"column":4},"end":{"line":56,"column":55}},"29":{"start":{"line":57,"column":4},"end":{"line":57,"column":17}},"30":{"start":{"line":32,"column":0},"end":{"line":32,"column":7}}},"fnMap":{"0":{"name":"checkModels","decl":{"start":{"line":10,"column":16},"end":{"line":10,"column":27}},"loc":{"start":{"line":10,"column":27},"end":{"line":27,"column":1}}},"1":{"name":"(anonymous_2)","decl":{"start":{"line":18,"column":46},"end":{"line":18,"column":51}},"loc":{"start":{"line":18,"column":55},"end":{"line":18,"column":88}}},"2":{"name":"checkCollections","decl":{"start":{"line":32,"column":22},"end":{"line":32,"column":38}},"loc":{"start":{"line":32,"column":38},"end":{"line":59,"column":1}}},"3":{"name":"(anonymous_4)","decl":{"start":{"line":36,"column":44},"end":{"line":36,"column":45}},"loc":{"start":{"line":36,"column":49},"end":{"line":36,"column":55}}},"4":{"name":"(anonymous_5)","decl":{"start":{"line":45,"column":6},"end":{"line":45,"column":16}},"loc":{"start":{"line":45,"column":20},"end":{"line":45,"column":57}}}},"branchMap":{"0":{"loc":{"start":{"line":20,"column":2},"end":{"line":23,"column":null}},"type":"if","locations":[{"start":{"line":20,"column":2},"end":{"line":23,"column":null}}]},"1":{"loc":{"start":{"line":48,"column":4},"end":{"line":51,"column":null}},"type":"if","locations":[{"start":{"line":48,"column":4},"end":{"line":51,"column":null}}]}},"s":{"0":0,"1":0,"2":0,"3":0,"4":0,"5":0,"6":0,"7":0,"8":0,"9":0,"10":0,"11":0,"12":0,"13":0,"14":0,"15":0,"16":0,"17":0,"18":0,"19":0,"20":0,"21":0,"22":0,"23":0,"24":0,"25":0,"26":0,"27":0,"28":0,"29":0,"30":0},"f":{"0":0,"1":0,"2":0,"3":0,"4":0},"b":{"0":[0],"1":[0]}}
,"/Users/parthpatel/real-estate-analyzer/backend/src/utils/fixers/projectionFixer.ts": {"path":"/Users/parthpatel/real-estate-analyzer/backend/src/utils/fixers/projectionFixer.ts","statementMap":{"0":{"start":{"line":23,"column":2},"end":{"line":26,"column":null}},"1":{"start":{"line":24,"column":4},"end":{"line":24,"column":69}},"2":{"start":{"line":25,"column":4},"end":{"line":25,"column":23}},"3":{"start":{"line":28,"column":20},"end":{"line":28,"column":34}},"4":{"start":{"line":29,"column":19},"end":{"line":29,"column":54}},"5":{"start":{"line":34,"column":2},"end":{"line":34,"column":89}},"6":{"start":{"line":35,"column":2},"end":{"line":35,"column":171}},"7":{"start":{"line":38,"column":27},"end":{"line":75,"column":4}},"8":{"start":{"line":39,"column":4},"end":{"line":42,"column":null}},"9":{"start":{"line":41,"column":6},"end":{"line":41,"column":18}},"10":{"start":{"line":45,"column":28},"end":{"line":45,"column":68}},"11":{"start":{"line":48,"column":22},"end":{"line":53,"column":6}},"12":{"start":{"line":56,"column":4},"end":{"line":62,"column":6}},"13":{"start":{"line":66,"column":6},"end":{"line":67,"column":92}},"14":{"start":{"line":69,"column":4},"end":{"line":69,"column":71}},"15":{"start":{"line":72,"column":4},"end":{"line":72,"column":65}},"16":{"start":{"line":74,"column":4},"end":{"line":74,"column":21}},"17":{"start":{"line":78,"column":2},"end":{"line":82,"column":null}},"18":{"start":{"line":79,"column":27},"end":{"line":79,"column":46}},"19":{"start":{"line":80,"column":26},"end":{"line":80,"column":71}},"20":{"start":{"line":81,"column":4},"end":{"line":81,"column":255}},"21":{"start":{"line":84,"column":2},"end":{"line":84,"column":26}},"22":{"start":{"line":19,"column":0},"end":{"line":19,"column":16}},"23":{"start":{"line":95,"column":2},"end":{"line":98,"column":null}},"24":{"start":{"line":96,"column":4},"end":{"line":96,"column":74}},"25":{"start":{"line":97,"column":4},"end":{"line":97,"column":16}},"26":{"start":{"line":101,"column":20},"end":{"line":101,"column":34}},"27":{"start":{"line":102,"column":2},"end":{"line":108,"column":null}},"28":{"start":{"line":106,"column":4},"end":{"line":106,"column":86}},"29":{"start":{"line":107,"column":4},"end":{"line":107,"column":16}},"30":{"start":{"line":110,"column":2},"end":{"line":110,"column":15}},"31":{"start":{"line":93,"column":0},"end":{"line":93,"column":16}},"32":{"start":{"line":113,"column":0},"end":{"line":116,"column":2}}},"fnMap":{"0":{"name":"ensureExpenseInflation","decl":{"start":{"line":19,"column":16},"end":{"line":19,"column":38}},"loc":{"start":{"line":21,"column":29},"end":{"line":85,"column":1}}},"1":{"name":"(anonymous_1)","decl":{"start":{"line":38,"column":43},"end":{"line":38,"column":44}},"loc":{"start":{"line":38,"column":59},"end":{"line":75,"column":3}}},"2":{"name":"shouldRegenerateProjections","decl":{"start":{"line":93,"column":16},"end":{"line":93,"column":43}},"loc":{"start":{"line":93,"column":62},"end":{"line":111,"column":1}}}},"branchMap":{"0":{"loc":{"start":{"line":21,"column":2},"end":{"line":21,"column":29}},"type":"default-arg","locations":[{"start":{"line":21,"column":26},"end":{"line":21,"column":29}}]},"1":{"loc":{"start":{"line":23,"column":2},"end":{"line":26,"column":null}},"type":"if","locations":[{"start":{"line":23,"column":2},"end":{"line":26,"column":null}}]},"2":{"loc":{"start":{"line":23,"column":6},"end":{"line":23,"column":76}},"type":"binary-expr","locations":[{"start":{"line":23,"column":6},"end":{"line":23,"column":18}},{"start":{"line":23,"column":22},"end":{"line":23,"column":49}},{"start":{"line":23,"column":53},"end":{"line":23,"column":76}}]},"3":{"loc":{"start":{"line":35,"column":59},"end":{"line":35,"column":97}},"type":"binary-expr","locations":[{"start":{"line":35,"column":59},"end":{"line":35,"column":92}},{"start":{"line":35,"column":96},"end":{"line":35,"column":97}}]},"4":{"loc":{"start":{"line":35,"column":59},"end":{"line":35,"column":92}},"type":"cond-expr","locations":[{"start":{"line":35,"column":80},"end":{"line":35,"column":82}},{"start":{"line":35,"column":80},"end":{"line":35,"column":92}}]},"5":{"loc":{"start":{"line":35,"column":59},"end":{"line":35,"column":82}},"type":"binary-expr","locations":[{"start":{"line":35,"column":59},"end":{"line":35,"column":82}},{"start":{"line":35,"column":80},"end":{"line":35,"column":82}}]},"6":{"loc":{"start":{"line":35,"column":130},"end":{"line":35,"column":167}},"type":"binary-expr","locations":[{"start":{"line":35,"column":130},"end":{"line":35,"column":162}},{"start":{"line":35,"column":166},"end":{"line":35,"column":167}}]},"7":{"loc":{"start":{"line":35,"column":130},"end":{"line":35,"column":162}},"type":"cond-expr","locations":[{"start":{"line":35,"column":150},"end":{"line":35,"column":152}},{"start":{"line":35,"column":150},"end":{"line":35,"column":162}}]},"8":{"loc":{"start":{"line":35,"column":130},"end":{"line":35,"column":152}},"type":"binary-expr","locations":[{"start":{"line":35,"column":130},"end":{"line":35,"column":152}},{"start":{"line":35,"column":150},"end":{"line":35,"column":152}}]},"9":{"loc":{"start":{"line":39,"column":4},"end":{"line":42,"column":null}},"type":"if","locations":[{"start":{"line":39,"column":4},"end":{"line":42,"column":null}}]},"10":{"loc":{"start":{"line":66,"column":7},"end":{"line":66,"column":41}},"type":"binary-expr","locations":[{"start":{"line":66,"column":7},"end":{"line":66,"column":21}},{"start":{"line":66,"column":25},"end":{"line":66,"column":41}}]},"11":{"loc":{"start":{"line":67,"column":12},"end":{"line":67,"column":90}},"type":"binary-expr","locations":[{"start":{"line":67,"column":12},"end":{"line":67,"column":28}},{"start":{"line":67,"column":33},"end":{"line":67,"column":84}},{"start":{"line":67,"column":89},"end":{"line":67,"column":90}}]},"12":{"loc":{"start":{"line":67,"column":49},"end":{"line":67,"column":83}},"type":"binary-expr","locations":[{"start":{"line":67,"column":49},"end":{"line":67,"column":63}},{"start":{"line":67,"column":67},"end":{"line":67,"column":83}}]},"13":{"loc":{"start":{"line":72,"column":42},"end":{"line":72,"column":63}},"type":"binary-expr","locations":[{"start":{"line":72,"column":42},"end":{"line":72,"column":58}},{"start":{"line":72,"column":62},"end":{"line":72,"column":63}}]},"14":{"loc":{"start":{"line":78,"column":2},"end":{"line":82,"column":null}},"type":"if","locations":[{"start":{"line":78,"column":2},"end":{"line":82,"column":null}}]},"15":{"loc":{"start":{"line":95,"column":2},"end":{"line":98,"column":null}},"type":"if","locations":[{"start":{"line":95,"column":2},"end":{"line":98,"column":null}}]},"16":{"loc":{"start":{"line":95,"column":6},"end":{"line":95,"column":77}},"type":"binary-expr","locations":[{"start":{"line":95,"column":6},"end":{"line":95,"column":18}},{"start":{"line":95,"column":22},"end":{"line":95,"column":49}},{"start":{"line":95,"column":53},"end":{"line":95,"column":77}}]},"17":{"loc":{"start":{"line":102,"column":2},"end":{"line":108,"column":null}},"type":"if","locations":[{"start":{"line":102,"column":2},"end":{"line":108,"column":null}}]},"18":{"loc":{"start":{"line":102,"column":6},"end":{"line":105,"column":42}},"type":"binary-expr","locations":[{"start":{"line":102,"column":6},"end":{"line":102,"column":16}},{"start":{"line":103,"column":6},"end":{"line":103,"column":50}},{"start":{"line":104,"column":6},"end":{"line":104,"column":48}},{"start":{"line":105,"column":6},"end":{"line":105,"column":42}}]}},"s":{"0":0,"1":0,"2":0,"3":0,"4":0,"5":0,"6":0,"7":0,"8":0,"9":0,"10":0,"11":0,"12":0,"13":0,"14":0,"15":0,"16":0,"17":0,"18":0,"19":0,"20":0,"21":0,"22":0,"23":0,"24":0,"25":0,"26":0,"27":0,"28":0,"29":0,"30":0,"31":0,"32":0},"f":{"0":0,"1":0,"2":0},"b":{"0":[0],"1":[0],"2":[0,0,0],"3":[0,0],"4":[0,0],"5":[0,0],"6":[0,0],"7":[0,0],"8":[0,0],"9":[0],"10":[0,0],"11":[0,0,0],"12":[0,0],"13":[0,0],"14":[0],"15":[0],"16":[0,0,0],"17":[0],"18":[0,0,0,0]}}
}
