{"/Users/parthpatel/real-estate-analyzer/backend/src/testApiOnStartup.ts": {"path":"/Users/parthpatel/real-estate-analyzer/backend/src/testApiOnStartup.ts","statementMap":{"0":{"start":{"line":1,"column":0},"end":{"line":1,"column":26}},"1":{"start":{"line":3,"column":17},"end":{"line":3,"column":68}},"2":{"start":{"line":5,"column":24},"end":{"line":10,"column":2}},"3":{"start":{"line":13,"column":2},"end":{"line":20,"column":null}},"4":{"start":{"line":14,"column":16},"end":{"line":14,"column":76}},"5":{"start":{"line":15,"column":4},"end":{"line":15,"column":62}},"6":{"start":{"line":16,"column":4},"end":{"line":16,"column":20}},"7":{"start":{"line":18,"column":4},"end":{"line":18,"column":100}},"8":{"start":{"line":19,"column":4},"end":{"line":19,"column":16}},"9":{"start":{"line":24,"column":19},"end":{"line":24,"column":23}},"10":{"start":{"line":25,"column":2},"end":{"line":32,"column":null}},"11":{"start":{"line":26,"column":4},"end":{"line":31,"column":null}},"12":{"start":{"line":27,"column":6},"end":{"line":27,"column":65}},"13":{"start":{"line":28,"column":6},"end":{"line":28,"column":25}},"14":{"start":{"line":30,"column":6},"end":{"line":30,"column":63}},"15":{"start":{"line":33,"column":2},"end":{"line":33,"column":20}},"16":{"start":{"line":37,"column":2},"end":{"line":37,"column":44}},"17":{"start":{"line":39,"column":14},"end":{"line":39,"column":57}},"18":{"start":{"line":41,"column":13},"end":{"line":41,"column":55}},"19":{"start":{"line":43,"column":2},"end":{"line":46,"column":null}},"20":{"start":{"line":44,"column":24},"end":{"line":44,"column":77}},"21":{"start":{"line":45,"column":4},"end":{"line":45,"column":70}},"22":{"start":{"line":45,"column":21},"end":{"line":45,"column":70}},"23":{"start":{"line":48,"column":2},"end":{"line":51,"column":null}},"24":{"start":{"line":49,"column":23},"end":{"line":49,"column":75}},"25":{"start":{"line":50,"column":4},"end":{"line":50,"column":67}},"26":{"start":{"line":50,"column":20},"end":{"line":50,"column":67}},"27":{"start":{"line":52,"column":2},"end":{"line":52,"column":43}},"28":{"start":{"line":36,"column":0},"end":{"line":36,"column":7}}},"fnMap":{"0":{"name":"testEndpoint","decl":{"start":{"line":12,"column":15},"end":{"line":12,"column":27}},"loc":{"start":{"line":12,"column":88},"end":{"line":21,"column":1}}},"1":{"name":"checkRequiredFields","decl":{"start":{"line":23,"column":9},"end":{"line":23,"column":28}},"loc":{"start":{"line":23,"column":52},"end":{"line":34,"column":1}}},"2":{"name":"runApiSmokeTests","decl":{"start":{"line":36,"column":22},"end":{"line":36,"column":38}},"loc":{"start":{"line":36,"column":38},"end":{"line":53,"column":1}}}},"branchMap":{"0":{"loc":{"start":{"line":3,"column":17},"end":{"line":3,"column":68}},"type":"binary-expr","locations":[{"start":{"line":3,"column":17},"end":{"line":3,"column":41}},{"start":{"line":3,"column":45},"end":{"line":3,"column":68}}]},"1":{"loc":{"start":{"line":12,"column":46},"end":{"line":12,"column":76}},"type":"default-arg","locations":[{"start":{"line":12,"column":71},"end":{"line":12,"column":76}}]},"2":{"loc":{"start":{"line":18,"column":65},"end":{"line":18,"column":98}},"type":"binary-expr","locations":[{"start":{"line":18,"column":65},"end":{"line":18,"column":83}},{"start":{"line":18,"column":87},"end":{"line":18,"column":98}}]},"3":{"loc":{"start":{"line":18,"column":65},"end":{"line":18,"column":83}},"type":"cond-expr","locations":[{"start":{"line":18,"column":77},"end":{"line":18,"column":79}},{"start":{"line":18,"column":77},"end":{"line":18,"column":83}}]},"4":{"loc":{"start":{"line":18,"column":65},"end":{"line":18,"column":79}},"type":"binary-expr","locations":[{"start":{"line":18,"column":65},"end":{"line":18,"column":79}},{"start":{"line":18,"column":77},"end":{"line":18,"column":79}}]},"5":{"loc":{"start":{"line":26,"column":4},"end":{"line":31,"column":null}},"type":"if","locations":[{"start":{"line":26,"column":4},"end":{"line":31,"column":null}},{"start":{"line":29,"column":11},"end":{"line":31,"column":null}}]},"6":{"loc":{"start":{"line":43,"column":2},"end":{"line":46,"column":null}},"type":"if","locations":[{"start":{"line":43,"column":2},"end":{"line":46,"column":null}}]},"7":{"loc":{"start":{"line":45,"column":4},"end":{"line":45,"column":70}},"type":"if","locations":[{"start":{"line":45,"column":4},"end":{"line":45,"column":70}}]},"8":{"loc":{"start":{"line":48,"column":2},"end":{"line":51,"column":null}},"type":"if","locations":[{"start":{"line":48,"column":2},"end":{"line":51,"column":null}}]},"9":{"loc":{"start":{"line":50,"column":4},"end":{"line":50,"column":67}},"type":"if","locations":[{"start":{"line":50,"column":4},"end":{"line":50,"column":67}}]}},"s":{"0":0,"1":0,"2":0,"3":0,"4":0,"5":0,"6":0,"7":0,"8":0,"9":0,"10":0,"11":0,"12":0,"13":0,"14":0,"15":0,"16":0,"17":0,"18":0,"19":0,"20":0,"21":0,"22":0,"23":0,"24":0,"25":0,"26":0,"27":0,"28":0},"f":{"0":0,"1":0,"2":0},"b":{"0":[0,0],"1":[0],"2":[0,0],"3":[0,0],"4":[0,0],"5":[0,0],"6":[0],"7":[0],"8":[0],"9":[0]}}
,"/Users/parthpatel/real-estate-analyzer/backend/src/analysis/BasePropertyAnalyzer.ts": {"path":"/Users/parthpatel/real-estate-analyzer/backend/src/analysis/BasePropertyAnalyzer.ts","statementMap":{"0":{"start":{"line":1,"column":0},"end":{"line":1,"column":71}},"1":{"start":{"line":25,"column":4},"end":{"line":25,"column":21}},"2":{"start":{"line":26,"column":4},"end":{"line":26,"column":35}},"3":{"start":{"line":30,"column":23},"end":{"line":32,"column":null}},"4":{"start":{"line":34,"column":4},"end":{"line":38,"column":6}},"5":{"start":{"line":42,"column":25},"end":{"line":48,"column":6}},"6":{"start":{"line":50,"column":4},"end":{"line":50,"column":82}},"7":{"start":{"line":50,"column":64},"end":{"line":50,"column":77}},"8":{"start":{"line":54,"column":4},"end":{"line":54,"column":78}},"9":{"start":{"line":58,"column":4},"end":{"line":58,"column":80}},"10":{"start":{"line":62,"column":4},"end":{"line":62,"column":86}},"11":{"start":{"line":66,"column":4},"end":{"line":66,"column":65}},"12":{"start":{"line":70,"column":28},"end":{"line":70,"column":59}},"13":{"start":{"line":71,"column":30},"end":{"line":71,"column":50}},"14":{"start":{"line":72,"column":44},"end":{"line":72,"column":46}},"15":{"start":{"line":73,"column":31},"end":{"line":73,"column":54}},"16":{"start":{"line":74,"column":29},"end":{"line":74,"column":76}},"17":{"start":{"line":76,"column":4},"end":{"line":76,"column":73}},"18":{"start":{"line":77,"column":4},"end":{"line":77,"column":94}},"19":{"start":{"line":79,"column":36},"end":{"line":79,"column":95}},"20":{"start":{"line":80,"column":34},"end":{"line":80,"column":91}},"21":{"start":{"line":82,"column":4},"end":{"line":85,"column":7}},"22":{"start":{"line":87,"column":4},"end":{"line":140,"column":null}},"23":{"start":{"line":87,"column":20},"end":{"line":87,"column":21}},"24":{"start":{"line":88,"column":26},"end":{"line":88,"column":57}},"25":{"start":{"line":90,"column":37},"end":{"line":90,"column":105}},"26":{"start":{"line":92,"column":26},"end":{"line":92,"column":74}},"27":{"start":{"line":93,"column":24},"end":{"line":93,"column":70}},"28":{"start":{"line":94,"column":26},"end":{"line":94,"column":76}},"29":{"start":{"line":96,"column":6},"end":{"line":101,"column":9}},"30":{"start":{"line":103,"column":33},"end":{"line":103,"column":87}},"31":{"start":{"line":104,"column":22},"end":{"line":104,"column":72}},"32":{"start":{"line":106,"column":32},"end":{"line":106,"column":100}},"33":{"start":{"line":108,"column":18},"end":{"line":108,"column":67}},"34":{"start":{"line":109,"column":23},"end":{"line":109,"column":86}},"35":{"start":{"line":111,"column":6},"end":{"line":111,"column":87}},"36":{"start":{"line":113,"column":27},"end":{"line":113,"column":78}},"37":{"start":{"line":114,"column":28},"end":{"line":114,"column":60}},"38":{"start":{"line":115,"column":6},"end":{"line":115,"column":75}},"39":{"start":{"line":117,"column":34},"end":{"line":117,"column":54}},"40":{"start":{"line":118,"column":27},"end":{"line":118,"column":73}},"41":{"start":{"line":120,"column":6},"end":{"line":139,"column":9}},"42":{"start":{"line":142,"column":4},"end":{"line":142,"column":23}},"43":{"start":{"line":146,"column":27},"end":{"line":146,"column":62}},"44":{"start":{"line":147,"column":28},"end":{"line":147,"column":81}},"45":{"start":{"line":148,"column":31},"end":{"line":148,"column":82}},"46":{"start":{"line":148,"column":62},"end":{"line":148,"column":78}},"47":{"start":{"line":150,"column":4},"end":{"line":156,"column":7}},"48":{"start":{"line":163,"column":28},"end":{"line":163,"column":59}},"49":{"start":{"line":164,"column":30},"end":{"line":164,"column":50}},"50":{"start":{"line":166,"column":24},"end":{"line":166,"column":52}},"51":{"start":{"line":167,"column":30},"end":{"line":167,"column":74}},"52":{"start":{"line":168,"column":16},"end":{"line":168,"column":65}},"53":{"start":{"line":169,"column":21},"end":{"line":169,"column":84}},"54":{"start":{"line":171,"column":24},"end":{"line":171,"column":51}},"55":{"start":{"line":172,"column":25},"end":{"line":172,"column":64}},"56":{"start":{"line":173,"column":28},"end":{"line":173,"column":67}},"57":{"start":{"line":175,"column":4},"end":{"line":175,"column":56}},"58":{"start":{"line":176,"column":4},"end":{"line":176,"column":54}},"59":{"start":{"line":177,"column":4},"end":{"line":177,"column":59}},"60":{"start":{"line":178,"column":4},"end":{"line":178,"column":55}},"61":{"start":{"line":179,"column":4},"end":{"line":179,"column":59}},"62":{"start":{"line":180,"column":4},"end":{"line":180,"column":67}},"63":{"start":{"line":181,"column":4},"end":{"line":181,"column":29}},"64":{"start":{"line":182,"column":4},"end":{"line":182,"column":49}},"65":{"start":{"line":183,"column":4},"end":{"line":183,"column":55}},"66":{"start":{"line":184,"column":4},"end":{"line":184,"column":54}},"67":{"start":{"line":185,"column":4},"end":{"line":185,"column":58}},"68":{"start":{"line":186,"column":4},"end":{"line":186,"column":48}},"69":{"start":{"line":187,"column":4},"end":{"line":187,"column":55}},"70":{"start":{"line":189,"column":38},"end":{"line":222,"column":6}},"71":{"start":{"line":216,"column":56},"end":{"line":216,"column":72}},"72":{"start":{"line":224,"column":4},"end":{"line":224,"column":61}},"73":{"start":{"line":225,"column":4},"end":{"line":225,"column":79}},"74":{"start":{"line":226,"column":4},"end":{"line":226,"column":66}},"75":{"start":{"line":227,"column":4},"end":{"line":227,"column":70}},"76":{"start":{"line":228,"column":4},"end":{"line":228,"column":71}},"77":{"start":{"line":229,"column":4},"end":{"line":229,"column":77}},"78":{"start":{"line":230,"column":4},"end":{"line":230,"column":65}},"79":{"start":{"line":231,"column":4},"end":{"line":231,"column":60}},"80":{"start":{"line":233,"column":4},"end":{"line":233,"column":18}},"81":{"start":{"line":237,"column":4},"end":{"line":252,"column":6}},"82":{"start":{"line":20,"column":0},"end":{"line":20,"column":22}}},"fnMap":{"0":{"name":"(anonymous_0)","decl":{"start":{"line":24,"column":2},"end":{"line":24,"column":14}},"loc":{"start":{"line":24,"column":55},"end":{"line":27,"column":3}}},"1":{"name":"(anonymous_1)","decl":{"start":{"line":29,"column":12},"end":{"line":29,"column":36}},"loc":{"start":{"line":29,"column":36},"end":{"line":39,"column":3}}},"2":{"name":"(anonymous_2)","decl":{"start":{"line":41,"column":12},"end":{"line":41,"column":38}},"loc":{"start":{"line":41,"column":58},"end":{"line":51,"column":3}}},"3":{"name":"(anonymous_3)","decl":{"start":{"line":50,"column":46},"end":{"line":50,"column":47}},"loc":{"start":{"line":50,"column":64},"end":{"line":50,"column":77}}},"4":{"name":"(anonymous_4)","decl":{"start":{"line":53,"column":12},"end":{"line":53,"column":24}},"loc":{"start":{"line":53,"column":71},"end":{"line":55,"column":3}}},"5":{"name":"(anonymous_5)","decl":{"start":{"line":57,"column":12},"end":{"line":57,"column":28}},"loc":{"start":{"line":57,"column":40},"end":{"line":59,"column":3}}},"6":{"name":"(anonymous_6)","decl":{"start":{"line":61,"column":12},"end":{"line":61,"column":37}},"loc":{"start":{"line":61,"column":79},"end":{"line":63,"column":3}}},"7":{"name":"(anonymous_7)","decl":{"start":{"line":65,"column":12},"end":{"line":65,"column":25}},"loc":{"start":{"line":65,"column":58},"end":{"line":67,"column":3}}},"8":{"name":"(anonymous_8)","decl":{"start":{"line":69,"column":12},"end":{"line":69,"column":32}},"loc":{"start":{"line":69,"column":32},"end":{"line":143,"column":3}}},"9":{"name":"(anonymous_9)","decl":{"start":{"line":145,"column":12},"end":{"line":145,"column":33}},"loc":{"start":{"line":145,"column":65},"end":{"line":157,"column":3}}},"10":{"name":"(anonymous_10)","decl":{"start":{"line":148,"column":50},"end":{"line":148,"column":51}},"loc":{"start":{"line":148,"column":62},"end":{"line":148,"column":78}}},"11":{"name":"(anonymous_11)","decl":{"start":{"line":162,"column":9},"end":{"line":162,"column":16}},"loc":{"start":{"line":162,"column":16},"end":{"line":234,"column":3}}},"12":{"name":"(anonymous_12)","decl":{"start":{"line":216,"column":44},"end":{"line":216,"column":45}},"loc":{"start":{"line":216,"column":56},"end":{"line":216,"column":72}}},"13":{"name":"(anonymous_13)","decl":{"start":{"line":236,"column":12},"end":{"line":236,"column":31}},"loc":{"start":{"line":236,"column":51},"end":{"line":253,"column":3}}}},"branchMap":{"0":{"loc":{"start":{"line":147,"column":53},"end":{"line":147,"column":80}},"type":"binary-expr","locations":[{"start":{"line":147,"column":53},"end":{"line":147,"column":75}},{"start":{"line":147,"column":79},"end":{"line":147,"column":80}}]},"1":{"loc":{"start":{"line":215,"column":15},"end":{"line":215,"column":39}},"type":"binary-expr","locations":[{"start":{"line":215,"column":15},"end":{"line":215,"column":34}},{"start":{"line":215,"column":38},"end":{"line":215,"column":39}}]},"2":{"loc":{"start":{"line":217,"column":29},"end":{"line":217,"column":83}},"type":"binary-expr","locations":[{"start":{"line":217,"column":29},"end":{"line":217,"column":78}},{"start":{"line":217,"column":82},"end":{"line":217,"column":83}}]},"3":{"loc":{"start":{"line":217,"column":29},"end":{"line":217,"column":78}},"type":"cond-expr","locations":[{"start":{"line":217,"column":64},"end":{"line":217,"column":66}},{"start":{"line":217,"column":64},"end":{"line":217,"column":78}}]},"4":{"loc":{"start":{"line":217,"column":29},"end":{"line":217,"column":66}},"type":"binary-expr","locations":[{"start":{"line":217,"column":29},"end":{"line":217,"column":66}},{"start":{"line":217,"column":64},"end":{"line":217,"column":66}}]},"5":{"loc":{"start":{"line":218,"column":23},"end":{"line":218,"column":52}},"type":"binary-expr","locations":[{"start":{"line":218,"column":23},"end":{"line":218,"column":47}},{"start":{"line":218,"column":51},"end":{"line":218,"column":52}}]}},"s":{"0":1,"1":4,"2":4,"3":28,"4":28,"5":0,"6":0,"7":0,"8":172,"9":4,"10":4,"11":4,"12":16,"13":16,"14":16,"15":16,"16":16,"17":16,"18":16,"19":16,"20":16,"21":16,"22":16,"23":16,"24":160,"25":160,"26":160,"27":160,"28":160,"29":160,"30":160,"31":160,"32":160,"33":160,"34":160,"35":160,"36":160,"37":160,"38":160,"39":160,"40":160,"41":160,"42":16,"43":16,"44":16,"45":16,"46":160,"47":16,"48":4,"49":4,"50":4,"51":4,"52":4,"53":4,"54":4,"55":4,"56":4,"57":4,"58":4,"59":4,"60":4,"61":4,"62":4,"63":4,"64":4,"65":4,"66":4,"67":4,"68":4,"69":4,"70":4,"71":40,"72":4,"73":4,"74":4,"75":4,"76":4,"77":4,"78":4,"79":4,"80":4,"81":0,"82":1},"f":{"0":4,"1":28,"2":0,"3":0,"4":172,"5":4,"6":4,"7":4,"8":16,"9":16,"10":160,"11":4,"12":40,"13":0},"b":{"0":[16,0],"1":[4,0],"2":[4,0],"3":[0,4],"4":[4,4],"5":[4,0]}}
,"/Users/parthpatel/real-estate-analyzer/backend/src/analysis/MultiFamilyAnalyzer.ts": {"path":"/Users/parthpatel/real-estate-analyzer/backend/src/analysis/MultiFamilyAnalyzer.ts","statementMap":{"0":{"start":{"line":1,"column":0},"end":{"line":1,"column":83}},"1":{"start":{"line":2,"column":0},"end":{"line":2,"column":71}},"2":{"start":{"line":8,"column":25},"end":{"line":8,"column":90}},"3":{"start":{"line":9,"column":4},"end":{"line":11,"column":10}},"4":{"start":{"line":10,"column":6},"end":{"line":10,"column":73}},"5":{"start":{"line":15,"column":122},"end":{"line":15,"column":131}},"6":{"start":{"line":18,"column":24},"end":{"line":18,"column":63}},"7":{"start":{"line":19,"column":22},"end":{"line":19,"column":59}},"8":{"start":{"line":20,"column":31},"end":{"line":20,"column":75}},"9":{"start":{"line":21,"column":20},"end":{"line":21,"column":70}},"10":{"start":{"line":24,"column":24},"end":{"line":24,"column":73}},"11":{"start":{"line":27,"column":26},"end":{"line":27,"column":27}},"12":{"start":{"line":28,"column":4},"end":{"line":34,"column":null}},"13":{"start":{"line":29,"column":6},"end":{"line":33,"column":51}},"14":{"start":{"line":37,"column":22},"end":{"line":37,"column":26}},"15":{"start":{"line":38,"column":18},"end":{"line":38,"column":41}},"16":{"start":{"line":40,"column":4},"end":{"line":40,"column":106}},"17":{"start":{"line":44,"column":28},"end":{"line":44,"column":59}},"18":{"start":{"line":45,"column":30},"end":{"line":45,"column":50}},"19":{"start":{"line":46,"column":24},"end":{"line":46,"column":52}},"20":{"start":{"line":47,"column":30},"end":{"line":47,"column":74}},"21":{"start":{"line":48,"column":16},"end":{"line":48,"column":65}},"22":{"start":{"line":49,"column":21},"end":{"line":49,"column":84}},"23":{"start":{"line":50,"column":28},"end":{"line":50,"column":81}},"24":{"start":{"line":53,"column":14},"end":{"line":53,"column":17}},"25":{"start":{"line":54,"column":4},"end":{"line":58,"column":null}},"26":{"start":{"line":55,"column":6},"end":{"line":55,"column":71}},"27":{"start":{"line":57,"column":6},"end":{"line":57,"column":53}},"28":{"start":{"line":60,"column":40},"end":{"line":83,"column":6}},"29":{"start":{"line":85,"column":4},"end":{"line":85,"column":19}},"30":{"start":{"line":89,"column":122},"end":{"line":89,"column":131}},"31":{"start":{"line":92,"column":24},"end":{"line":92,"column":70}},"32":{"start":{"line":93,"column":22},"end":{"line":93,"column":66}},"33":{"start":{"line":94,"column":31},"end":{"line":94,"column":82}},"34":{"start":{"line":95,"column":20},"end":{"line":95,"column":77}},"35":{"start":{"line":96,"column":25},"end":{"line":96,"column":69}},"36":{"start":{"line":99,"column":20},"end":{"line":99,"column":21}},"37":{"start":{"line":100,"column":32},"end":{"line":100,"column":33}},"38":{"start":{"line":101,"column":21},"end":{"line":101,"column":22}},"39":{"start":{"line":102,"column":18},"end":{"line":102,"column":19}},"40":{"start":{"line":104,"column":4},"end":{"line":109,"column":null}},"41":{"start":{"line":105,"column":6},"end":{"line":105,"column":74}},"42":{"start":{"line":106,"column":6},"end":{"line":106,"column":60}},"43":{"start":{"line":107,"column":6},"end":{"line":107,"column":57}},"44":{"start":{"line":108,"column":6},"end":{"line":108,"column":57}},"45":{"start":{"line":112,"column":18},"end":{"line":112,"column":43}},"46":{"start":{"line":114,"column":4},"end":{"line":129,"column":6}},"47":{"start":{"line":133,"column":4},"end":{"line":133,"column":73}},"48":{"start":{"line":133,"column":64},"end":{"line":133,"column":73}},"49":{"start":{"line":136,"column":6},"end":{"line":139,"column":48}},"50":{"start":{"line":141,"column":4},"end":{"line":141,"column":90}},"51":{"start":{"line":145,"column":31},"end":{"line":147,"column":9}},"52":{"start":{"line":146,"column":6},"end":{"line":146,"column":58}},"53":{"start":{"line":149,"column":4},"end":{"line":149,"column":90}},"54":{"start":{"line":153,"column":28},"end":{"line":155,"column":9}},"55":{"start":{"line":154,"column":6},"end":{"line":154,"column":58}},"56":{"start":{"line":157,"column":4},"end":{"line":157,"column":95}},"57":{"start":{"line":161,"column":24},"end":{"line":161,"column":51}},"58":{"start":{"line":162,"column":25},"end":{"line":162,"column":64}},"59":{"start":{"line":163,"column":28},"end":{"line":163,"column":81}},"60":{"start":{"line":165,"column":4},"end":{"line":169,"column":6}},"61":{"start":{"line":167,"column":33},"end":{"line":167,"column":46}},"62":{"start":{"line":6,"column":0},"end":{"line":6,"column":13}}},"fnMap":{"0":{"name":"(anonymous_0)","decl":{"start":{"line":7,"column":12},"end":{"line":7,"column":32}},"loc":{"start":{"line":7,"column":45},"end":{"line":12,"column":3}}},"1":{"name":"(anonymous_1)","decl":{"start":{"line":9,"column":38},"end":{"line":9,"column":39}},"loc":{"start":{"line":9,"column":54},"end":{"line":11,"column":5}}},"2":{"name":"(anonymous_2)","decl":{"start":{"line":14,"column":12},"end":{"line":14,"column":38}},"loc":{"start":{"line":14,"column":58},"end":{"line":41,"column":3}}},"3":{"name":"(anonymous_3)","decl":{"start":{"line":43,"column":12},"end":{"line":43,"column":44}},"loc":{"start":{"line":43,"column":44},"end":{"line":86,"column":3}}},"4":{"name":"(anonymous_4)","decl":{"start":{"line":88,"column":12},"end":{"line":88,"column":31}},"loc":{"start":{"line":88,"column":51},"end":{"line":130,"column":3}}},"5":{"name":"(anonymous_5)","decl":{"start":{"line":132,"column":10},"end":{"line":132,"column":41}},"loc":{"start":{"line":132,"column":41},"end":{"line":142,"column":3}}},"6":{"name":"(anonymous_6)","decl":{"start":{"line":144,"column":10},"end":{"line":144,"column":36}},"loc":{"start":{"line":144,"column":36},"end":{"line":150,"column":3}}},"7":{"name":"(anonymous_7)","decl":{"start":{"line":145,"column":58},"end":{"line":145,"column":59}},"loc":{"start":{"line":145,"column":74},"end":{"line":147,"column":5}}},"8":{"name":"(anonymous_8)","decl":{"start":{"line":152,"column":10},"end":{"line":152,"column":38}},"loc":{"start":{"line":152,"column":58},"end":{"line":158,"column":3}}},"9":{"name":"(anonymous_9)","decl":{"start":{"line":153,"column":55},"end":{"line":153,"column":56}},"loc":{"start":{"line":153,"column":71},"end":{"line":155,"column":5}}},"10":{"name":"(anonymous_10)","decl":{"start":{"line":160,"column":10},"end":{"line":160,"column":25}},"loc":{"start":{"line":160,"column":25},"end":{"line":170,"column":3}}},"11":{"name":"(anonymous_11)","decl":{"start":{"line":167,"column":25},"end":{"line":167,"column":29}},"loc":{"start":{"line":167,"column":33},"end":{"line":167,"column":46}}}},"branchMap":{"0":{"loc":{"start":{"line":24,"column":25},"end":{"line":24,"column":54}},"type":"binary-expr","locations":[{"start":{"line":24,"column":25},"end":{"line":24,"column":47}},{"start":{"line":24,"column":51},"end":{"line":24,"column":54}}]},"1":{"loc":{"start":{"line":28,"column":4},"end":{"line":34,"column":null}},"type":"if","locations":[{"start":{"line":28,"column":4},"end":{"line":34,"column":null}}]},"2":{"loc":{"start":{"line":30,"column":9},"end":{"line":30,"column":52}},"type":"binary-expr","locations":[{"start":{"line":30,"column":9},"end":{"line":30,"column":47}},{"start":{"line":30,"column":51},"end":{"line":30,"column":52}}]},"3":{"loc":{"start":{"line":31,"column":9},"end":{"line":31,"column":49}},"type":"binary-expr","locations":[{"start":{"line":31,"column":9},"end":{"line":31,"column":44}},{"start":{"line":31,"column":48},"end":{"line":31,"column":49}}]},"4":{"loc":{"start":{"line":32,"column":9},"end":{"line":32,"column":47}},"type":"binary-expr","locations":[{"start":{"line":32,"column":9},"end":{"line":32,"column":42}},{"start":{"line":32,"column":46},"end":{"line":32,"column":47}}]},"5":{"loc":{"start":{"line":33,"column":9},"end":{"line":33,"column":49}},"type":"binary-expr","locations":[{"start":{"line":33,"column":9},"end":{"line":33,"column":44}},{"start":{"line":33,"column":48},"end":{"line":33,"column":49}}]},"6":{"loc":{"start":{"line":50,"column":53},"end":{"line":50,"column":80}},"type":"binary-expr","locations":[{"start":{"line":50,"column":53},"end":{"line":50,"column":75}},{"start":{"line":50,"column":79},"end":{"line":50,"column":80}}]},"7":{"loc":{"start":{"line":96,"column":26},"end":{"line":96,"column":55}},"type":"binary-expr","locations":[{"start":{"line":96,"column":26},"end":{"line":96,"column":48}},{"start":{"line":96,"column":52},"end":{"line":96,"column":55}}]},"8":{"loc":{"start":{"line":104,"column":4},"end":{"line":109,"column":null}},"type":"if","locations":[{"start":{"line":104,"column":4},"end":{"line":109,"column":null}}]},"9":{"loc":{"start":{"line":105,"column":30},"end":{"line":105,"column":73}},"type":"binary-expr","locations":[{"start":{"line":105,"column":30},"end":{"line":105,"column":68}},{"start":{"line":105,"column":72},"end":{"line":105,"column":73}}]},"10":{"loc":{"start":{"line":106,"column":19},"end":{"line":106,"column":59}},"type":"binary-expr","locations":[{"start":{"line":106,"column":19},"end":{"line":106,"column":54}},{"start":{"line":106,"column":58},"end":{"line":106,"column":59}}]},"11":{"loc":{"start":{"line":107,"column":18},"end":{"line":107,"column":56}},"type":"binary-expr","locations":[{"start":{"line":107,"column":18},"end":{"line":107,"column":51}},{"start":{"line":107,"column":55},"end":{"line":107,"column":56}}]},"12":{"loc":{"start":{"line":108,"column":16},"end":{"line":108,"column":56}},"type":"binary-expr","locations":[{"start":{"line":108,"column":16},"end":{"line":108,"column":51}},{"start":{"line":108,"column":55},"end":{"line":108,"column":56}}]},"13":{"loc":{"start":{"line":133,"column":4},"end":{"line":133,"column":73}},"type":"if","locations":[{"start":{"line":133,"column":4},"end":{"line":133,"column":73}}]},"14":{"loc":{"start":{"line":133,"column":8},"end":{"line":133,"column":62}},"type":"binary-expr","locations":[{"start":{"line":133,"column":8},"end":{"line":133,"column":38}},{"start":{"line":133,"column":42},"end":{"line":133,"column":62}}]},"15":{"loc":{"start":{"line":136,"column":7},"end":{"line":136,"column":50}},"type":"binary-expr","locations":[{"start":{"line":136,"column":7},"end":{"line":136,"column":45}},{"start":{"line":136,"column":49},"end":{"line":136,"column":50}}]},"16":{"loc":{"start":{"line":137,"column":7},"end":{"line":137,"column":47}},"type":"binary-expr","locations":[{"start":{"line":137,"column":7},"end":{"line":137,"column":42}},{"start":{"line":137,"column":46},"end":{"line":137,"column":47}}]},"17":{"loc":{"start":{"line":138,"column":7},"end":{"line":138,"column":45}},"type":"binary-expr","locations":[{"start":{"line":138,"column":7},"end":{"line":138,"column":40}},{"start":{"line":138,"column":44},"end":{"line":138,"column":45}}]},"18":{"loc":{"start":{"line":139,"column":7},"end":{"line":139,"column":47}},"type":"binary-expr","locations":[{"start":{"line":139,"column":7},"end":{"line":139,"column":42}},{"start":{"line":139,"column":46},"end":{"line":139,"column":47}}]},"19":{"loc":{"start":{"line":141,"column":11},"end":{"line":141,"column":89}},"type":"cond-expr","locations":[{"start":{"line":141,"column":37},"end":{"line":141,"column":85}},{"start":{"line":141,"column":88},"end":{"line":141,"column":89}}]},"20":{"loc":{"start":{"line":149,"column":11},"end":{"line":149,"column":89}},"type":"cond-expr","locations":[{"start":{"line":149,"column":37},"end":{"line":149,"column":85}},{"start":{"line":149,"column":88},"end":{"line":149,"column":89}}]},"21":{"loc":{"start":{"line":157,"column":11},"end":{"line":157,"column":94}},"type":"cond-expr","locations":[{"start":{"line":157,"column":33},"end":{"line":157,"column":90}},{"start":{"line":157,"column":93},"end":{"line":157,"column":94}}]},"22":{"loc":{"start":{"line":163,"column":53},"end":{"line":163,"column":80}},"type":"binary-expr","locations":[{"start":{"line":163,"column":53},"end":{"line":163,"column":75}},{"start":{"line":163,"column":79},"end":{"line":163,"column":80}}]}},"s":{"0":0,"1":0,"2":0,"3":0,"4":0,"5":0,"6":0,"7":0,"8":0,"9":0,"10":0,"11":0,"12":0,"13":0,"14":0,"15":0,"16":0,"17":0,"18":0,"19":0,"20":0,"21":0,"22":0,"23":0,"24":0,"25":0,"26":0,"27":0,"28":0,"29":0,"30":0,"31":0,"32":0,"33":0,"34":0,"35":0,"36":0,"37":0,"38":0,"39":0,"40":0,"41":0,"42":0,"43":0,"44":0,"45":0,"46":0,"47":0,"48":0,"49":0,"50":0,"51":0,"52":0,"53":0,"54":0,"55":0,"56":0,"57":0,"58":0,"59":0,"60":0,"61":0,"62":0},"f":{"0":0,"1":0,"2":0,"3":0,"4":0,"5":0,"6":0,"7":0,"8":0,"9":0,"10":0,"11":0},"b":{"0":[0,0],"1":[0],"2":[0,0],"3":[0,0],"4":[0,0],"5":[0,0],"6":[0,0],"7":[0,0],"8":[0],"9":[0,0],"10":[0,0],"11":[0,0],"12":[0,0],"13":[0],"14":[0,0],"15":[0,0],"16":[0,0],"17":[0,0],"18":[0,0],"19":[0,0],"20":[0,0],"21":[0,0],"22":[0,0]}}
,"/Users/parthpatel/real-estate-analyzer/backend/src/analysis/SFRAnalyzer.ts": {"path":"/Users/parthpatel/real-estate-analyzer/backend/src/analysis/SFRAnalyzer.ts","statementMap":{"0":{"start":{"line":1,"column":0},"end":{"line":1,"column":83}},"1":{"start":{"line":2,"column":0},"end":{"line":2,"column":71}},"2":{"start":{"line":8,"column":4},"end":{"line":9,"column":72}},"3":{"start":{"line":13,"column":79},"end":{"line":13,"column":88}},"4":{"start":{"line":16,"column":24},"end":{"line":16,"column":63}},"5":{"start":{"line":17,"column":22},"end":{"line":17,"column":59}},"6":{"start":{"line":18,"column":24},"end":{"line":18,"column":61}},"7":{"start":{"line":19,"column":31},"end":{"line":19,"column":85}},"8":{"start":{"line":20,"column":20},"end":{"line":20,"column":70}},"9":{"start":{"line":21,"column":18},"end":{"line":21,"column":36}},"10":{"start":{"line":23,"column":4},"end":{"line":23,"column":88}},"11":{"start":{"line":27,"column":28},"end":{"line":27,"column":59}},"12":{"start":{"line":28,"column":30},"end":{"line":28,"column":50}},"13":{"start":{"line":29,"column":24},"end":{"line":29,"column":52}},"14":{"start":{"line":30,"column":30},"end":{"line":30,"column":74}},"15":{"start":{"line":31,"column":16},"end":{"line":31,"column":65}},"16":{"start":{"line":32,"column":21},"end":{"line":32,"column":84}},"17":{"start":{"line":33,"column":28},"end":{"line":33,"column":81}},"18":{"start":{"line":36,"column":4},"end":{"line":36,"column":53}},"19":{"start":{"line":37,"column":4},"end":{"line":37,"column":54}},"20":{"start":{"line":38,"column":4},"end":{"line":38,"column":59}},"21":{"start":{"line":39,"column":4},"end":{"line":39,"column":46}},"22":{"start":{"line":40,"column":4},"end":{"line":40,"column":58}},"23":{"start":{"line":41,"column":4},"end":{"line":41,"column":29}},"24":{"start":{"line":42,"column":4},"end":{"line":42,"column":40}},"25":{"start":{"line":43,"column":4},"end":{"line":43,"column":54}},"26":{"start":{"line":44,"column":4},"end":{"line":44,"column":52}},"27":{"start":{"line":47,"column":24},"end":{"line":47,"column":51}},"28":{"start":{"line":48,"column":25},"end":{"line":48,"column":64}},"29":{"start":{"line":49,"column":26},"end":{"line":49,"column":83}},"30":{"start":{"line":49,"column":60},"end":{"line":49,"column":79}},"31":{"start":{"line":50,"column":24},"end":{"line":50,"column":90}},"32":{"start":{"line":53,"column":4},"end":{"line":53,"column":59}},"33":{"start":{"line":54,"column":4},"end":{"line":54,"column":58}},"34":{"start":{"line":55,"column":4},"end":{"line":55,"column":46}},"35":{"start":{"line":56,"column":4},"end":{"line":57,"column":51}},"36":{"start":{"line":58,"column":4},"end":{"line":64,"column":7}},"37":{"start":{"line":65,"column":4},"end":{"line":65,"column":57}},"38":{"start":{"line":67,"column":32},"end":{"line":119,"column":6}},"39":{"start":{"line":122,"column":4},"end":{"line":122,"column":41}},"40":{"start":{"line":123,"column":4},"end":{"line":123,"column":37}},"41":{"start":{"line":124,"column":4},"end":{"line":124,"column":46}},"42":{"start":{"line":125,"column":4},"end":{"line":125,"column":66}},"43":{"start":{"line":126,"column":4},"end":{"line":126,"column":39}},"44":{"start":{"line":127,"column":4},"end":{"line":127,"column":57}},"45":{"start":{"line":128,"column":4},"end":{"line":128,"column":55}},"46":{"start":{"line":129,"column":4},"end":{"line":129,"column":69}},"47":{"start":{"line":130,"column":4},"end":{"line":130,"column":60}},"48":{"start":{"line":131,"column":4},"end":{"line":131,"column":72}},"49":{"start":{"line":132,"column":4},"end":{"line":132,"column":67}},"50":{"start":{"line":133,"column":4},"end":{"line":133,"column":66}},"51":{"start":{"line":134,"column":4},"end":{"line":134,"column":63}},"52":{"start":{"line":135,"column":4},"end":{"line":135,"column":68}},"53":{"start":{"line":136,"column":4},"end":{"line":136,"column":41}},"54":{"start":{"line":139,"column":4},"end":{"line":143,"column":null}},"55":{"start":{"line":140,"column":6},"end":{"line":140,"column":91}},"56":{"start":{"line":141,"column":6},"end":{"line":142,"column":58}},"57":{"start":{"line":145,"column":4},"end":{"line":145,"column":19}},"58":{"start":{"line":150,"column":24},"end":{"line":150,"column":52}},"59":{"start":{"line":151,"column":30},"end":{"line":151,"column":74}},"60":{"start":{"line":152,"column":30},"end":{"line":152,"column":66}},"61":{"start":{"line":153,"column":16},"end":{"line":153,"column":65}},"62":{"start":{"line":154,"column":21},"end":{"line":154,"column":84}},"63":{"start":{"line":155,"column":28},"end":{"line":155,"column":81}},"64":{"start":{"line":156,"column":24},"end":{"line":156,"column":51}},"65":{"start":{"line":157,"column":25},"end":{"line":157,"column":64}},"66":{"start":{"line":159,"column":4},"end":{"line":159,"column":56}},"67":{"start":{"line":160,"column":4},"end":{"line":160,"column":32}},"68":{"start":{"line":161,"column":4},"end":{"line":161,"column":46}},"69":{"start":{"line":162,"column":4},"end":{"line":162,"column":58}},"70":{"start":{"line":163,"column":4},"end":{"line":163,"column":59}},"71":{"start":{"line":164,"column":4},"end":{"line":164,"column":29}},"72":{"start":{"line":165,"column":4},"end":{"line":165,"column":40}},"73":{"start":{"line":166,"column":4},"end":{"line":166,"column":54}},"74":{"start":{"line":169,"column":27},"end":{"line":169,"column":45}},"75":{"start":{"line":170,"column":29},"end":{"line":170,"column":53}},"76":{"start":{"line":171,"column":28},"end":{"line":171,"column":73}},"77":{"start":{"line":172,"column":37},"end":{"line":172,"column":87}},"78":{"start":{"line":173,"column":33},"end":{"line":173,"column":74}},"79":{"start":{"line":176,"column":31},"end":{"line":176,"column":78}},"80":{"start":{"line":177,"column":36},"end":{"line":180,"column":null}},"81":{"start":{"line":182,"column":38},"end":{"line":182,"column":66}},"82":{"start":{"line":185,"column":24},"end":{"line":185,"column":87}},"83":{"start":{"line":186,"column":29},"end":{"line":186,"column":68}},"84":{"start":{"line":187,"column":31},"end":{"line":189,"column":null}},"85":{"start":{"line":191,"column":25},"end":{"line":191,"column":100}},"86":{"start":{"line":194,"column":32},"end":{"line":196,"column":66}},"87":{"start":{"line":199,"column":28},"end":{"line":199,"column":46}},"88":{"start":{"line":200,"column":30},"end":{"line":200,"column":53}},"89":{"start":{"line":201,"column":29},"end":{"line":201,"column":61}},"90":{"start":{"line":202,"column":38},"end":{"line":202,"column":88}},"91":{"start":{"line":203,"column":34},"end":{"line":203,"column":62}},"92":{"start":{"line":206,"column":32},"end":{"line":206,"column":79}},"93":{"start":{"line":207,"column":37},"end":{"line":210,"column":null}},"94":{"start":{"line":212,"column":39},"end":{"line":212,"column":68}},"95":{"start":{"line":215,"column":25},"end":{"line":215,"column":91}},"96":{"start":{"line":216,"column":30},"end":{"line":216,"column":71}},"97":{"start":{"line":217,"column":32},"end":{"line":219,"column":null}},"98":{"start":{"line":221,"column":26},"end":{"line":221,"column":103}},"99":{"start":{"line":224,"column":33},"end":{"line":226,"column":66}},"100":{"start":{"line":228,"column":4},"end":{"line":228,"column":39}},"101":{"start":{"line":229,"column":4},"end":{"line":229,"column":43}},"102":{"start":{"line":230,"column":4},"end":{"line":230,"column":47}},"103":{"start":{"line":231,"column":4},"end":{"line":231,"column":50}},"104":{"start":{"line":232,"column":4},"end":{"line":232,"column":56}},"105":{"start":{"line":233,"column":4},"end":{"line":233,"column":37}},"106":{"start":{"line":234,"column":4},"end":{"line":234,"column":48}},"107":{"start":{"line":235,"column":4},"end":{"line":235,"column":60}},"108":{"start":{"line":236,"column":4},"end":{"line":236,"column":39}},"109":{"start":{"line":237,"column":4},"end":{"line":237,"column":54}},"110":{"start":{"line":239,"column":4},"end":{"line":239,"column":40}},"111":{"start":{"line":240,"column":4},"end":{"line":240,"column":44}},"112":{"start":{"line":241,"column":4},"end":{"line":241,"column":48}},"113":{"start":{"line":242,"column":4},"end":{"line":242,"column":51}},"114":{"start":{"line":243,"column":4},"end":{"line":243,"column":57}},"115":{"start":{"line":244,"column":4},"end":{"line":244,"column":38}},"116":{"start":{"line":245,"column":4},"end":{"line":245,"column":49}},"117":{"start":{"line":246,"column":4},"end":{"line":246,"column":61}},"118":{"start":{"line":247,"column":4},"end":{"line":247,"column":40}},"119":{"start":{"line":248,"column":4},"end":{"line":248,"column":55}},"120":{"start":{"line":249,"column":4},"end":{"line":249,"column":54}},"121":{"start":{"line":251,"column":4},"end":{"line":272,"column":6}},"122":{"start":{"line":276,"column":4},"end":{"line":291,"column":6}},"123":{"start":{"line":295,"column":24},"end":{"line":295,"column":51}},"124":{"start":{"line":296,"column":25},"end":{"line":296,"column":64}},"125":{"start":{"line":297,"column":28},"end":{"line":297,"column":81}},"126":{"start":{"line":299,"column":22},"end":{"line":303,"column":6}},"127":{"start":{"line":301,"column":33},"end":{"line":301,"column":46}},"128":{"start":{"line":306,"column":4},"end":{"line":306,"column":51}},"129":{"start":{"line":307,"column":4},"end":{"line":307,"column":56}},"130":{"start":{"line":308,"column":4},"end":{"line":308,"column":78}},"131":{"start":{"line":308,"column":62},"end":{"line":308,"column":75}},"132":{"start":{"line":309,"column":4},"end":{"line":309,"column":68}},"133":{"start":{"line":310,"column":4},"end":{"line":310,"column":56}},"134":{"start":{"line":311,"column":4},"end":{"line":311,"column":49}},"135":{"start":{"line":313,"column":4},"end":{"line":313,"column":21}},"136":{"start":{"line":319,"column":23},"end":{"line":319,"column":87}},"137":{"start":{"line":322,"column":4},"end":{"line":337,"column":null}},"138":{"start":{"line":323,"column":24},"end":{"line":323,"column":69}},"139":{"start":{"line":326,"column":6},"end":{"line":336,"column":15}},"140":{"start":{"line":340,"column":4},"end":{"line":343,"column":null}},"141":{"start":{"line":341,"column":6},"end":{"line":341,"column":58}},"142":{"start":{"line":342,"column":6},"end":{"line":342,"column":41}},"143":{"start":{"line":346,"column":4},"end":{"line":357,"column":null}},"144":{"start":{"line":347,"column":23},"end":{"line":347,"column":65}},"145":{"start":{"line":348,"column":23},"end":{"line":348,"column":52}},"146":{"start":{"line":349,"column":26},"end":{"line":349,"column":51}},"147":{"start":{"line":350,"column":24},"end":{"line":350,"column":47}},"148":{"start":{"line":351,"column":26},"end":{"line":351,"column":51}},"149":{"start":{"line":352,"column":33},"end":{"line":352,"column":65}},"150":{"start":{"line":353,"column":22},"end":{"line":353,"column":43}},"151":{"start":{"line":355,"column":6},"end":{"line":356,"column":88}},"152":{"start":{"line":360,"column":4},"end":{"line":367,"column":null}},"153":{"start":{"line":361,"column":6},"end":{"line":366,"column":null}},"154":{"start":{"line":362,"column":8},"end":{"line":365,"column":10}},"155":{"start":{"line":370,"column":4},"end":{"line":387,"column":null}},"156":{"start":{"line":371,"column":6},"end":{"line":386,"column":8}},"157":{"start":{"line":390,"column":4},"end":{"line":390,"column":73}},"158":{"start":{"line":393,"column":4},"end":{"line":401,"column":7}},"159":{"start":{"line":403,"column":4},"end":{"line":403,"column":22}},"160":{"start":{"line":408,"column":19},"end":{"line":408,"column":34}},"161":{"start":{"line":409,"column":4},"end":{"line":409,"column":40}},"162":{"start":{"line":6,"column":0},"end":{"line":6,"column":13}}},"fnMap":{"0":{"name":"(anonymous_0)","decl":{"start":{"line":7,"column":12},"end":{"line":7,"column":32}},"loc":{"start":{"line":7,"column":45},"end":{"line":10,"column":3}}},"1":{"name":"(anonymous_1)","decl":{"start":{"line":12,"column":12},"end":{"line":12,"column":38}},"loc":{"start":{"line":12,"column":58},"end":{"line":24,"column":3}}},"2":{"name":"(anonymous_2)","decl":{"start":{"line":26,"column":12},"end":{"line":26,"column":44}},"loc":{"start":{"line":26,"column":44},"end":{"line":146,"column":3}}},"3":{"name":"(anonymous_3)","decl":{"start":{"line":49,"column":45},"end":{"line":49,"column":46}},"loc":{"start":{"line":49,"column":60},"end":{"line":49,"column":79}}},"4":{"name":"(anonymous_4)","decl":{"start":{"line":148,"column":12},"end":{"line":148,"column":40}},"loc":{"start":{"line":148,"column":40},"end":{"line":273,"column":3}}},"5":{"name":"(anonymous_5)","decl":{"start":{"line":275,"column":12},"end":{"line":275,"column":31}},"loc":{"start":{"line":275,"column":51},"end":{"line":292,"column":3}}},"6":{"name":"(anonymous_6)","decl":{"start":{"line":294,"column":10},"end":{"line":294,"column":25}},"loc":{"start":{"line":294,"column":25},"end":{"line":314,"column":3}}},"7":{"name":"(anonymous_7)","decl":{"start":{"line":301,"column":25},"end":{"line":301,"column":29}},"loc":{"start":{"line":301,"column":33},"end":{"line":301,"column":46}}},"8":{"name":"(anonymous_8)","decl":{"start":{"line":308,"column":54},"end":{"line":308,"column":58}},"loc":{"start":{"line":308,"column":62},"end":{"line":308,"column":75}}},"9":{"name":"(anonymous_9)","decl":{"start":{"line":317,"column":10},"end":{"line":317,"column":25}},"loc":{"start":{"line":317,"column":60},"end":{"line":404,"column":3}}},"10":{"name":"(anonymous_10)","decl":{"start":{"line":407,"column":9},"end":{"line":407,"column":16}},"loc":{"start":{"line":407,"column":16},"end":{"line":410,"column":3}}}},"branchMap":{"0":{"loc":{"start":{"line":18,"column":24},"end":{"line":18,"column":61}},"type":"binary-expr","locations":[{"start":{"line":18,"column":24},"end":{"line":18,"column":39}},{"start":{"line":18,"column":43},"end":{"line":18,"column":61}}]},"1":{"loc":{"start":{"line":33,"column":53},"end":{"line":33,"column":80}},"type":"binary-expr","locations":[{"start":{"line":33,"column":53},"end":{"line":33,"column":75}},{"start":{"line":33,"column":79},"end":{"line":33,"column":80}}]},"2":{"loc":{"start":{"line":56,"column":44},"end":{"line":57,"column":49}},"type":"cond-expr","locations":[{"start":{"line":57,"column":6},"end":{"line":57,"column":45}},{"start":{"line":57,"column":48},"end":{"line":57,"column":49}}]},"3":{"loc":{"start":{"line":56,"column":44},"end":{"line":56,"column":84}},"type":"binary-expr","locations":[{"start":{"line":56,"column":44},"end":{"line":56,"column":65}},{"start":{"line":56,"column":69},"end":{"line":56,"column":84}}]},"4":{"loc":{"start":{"line":139,"column":4},"end":{"line":143,"column":null}},"type":"if","locations":[{"start":{"line":139,"column":4},"end":{"line":143,"column":null}}]},"5":{"loc":{"start":{"line":139,"column":8},"end":{"line":139,"column":63}},"type":"binary-expr","locations":[{"start":{"line":139,"column":8},"end":{"line":139,"column":34}},{"start":{"line":139,"column":38},"end":{"line":139,"column":63}}]},"6":{"loc":{"start":{"line":155,"column":53},"end":{"line":155,"column":80}},"type":"binary-expr","locations":[{"start":{"line":155,"column":53},"end":{"line":155,"column":75}},{"start":{"line":155,"column":79},"end":{"line":155,"column":80}}]},"7":{"loc":{"start":{"line":297,"column":53},"end":{"line":297,"column":80}},"type":"binary-expr","locations":[{"start":{"line":297,"column":53},"end":{"line":297,"column":75}},{"start":{"line":297,"column":79},"end":{"line":297,"column":80}}]},"8":{"loc":{"start":{"line":322,"column":4},"end":{"line":337,"column":null}},"type":"if","locations":[{"start":{"line":322,"column":4},"end":{"line":337,"column":null}}]},"9":{"loc":{"start":{"line":322,"column":8},"end":{"line":322,"column":55}},"type":"cond-expr","locations":[{"start":{"line":322,"column":44},"end":{"line":322,"column":46}},{"start":{"line":322,"column":44},"end":{"line":322,"column":55}}]},"10":{"loc":{"start":{"line":322,"column":8},"end":{"line":322,"column":46}},"type":"binary-expr","locations":[{"start":{"line":322,"column":8},"end":{"line":322,"column":46}},{"start":{"line":322,"column":44},"end":{"line":322,"column":46}}]},"11":{"loc":{"start":{"line":322,"column":8},"end":{"line":322,"column":44}},"type":"cond-expr","locations":[{"start":{"line":322,"column":34},"end":{"line":322,"column":36}},{"start":{"line":322,"column":34},"end":{"line":322,"column":44}}]},"12":{"loc":{"start":{"line":322,"column":8},"end":{"line":322,"column":36}},"type":"binary-expr","locations":[{"start":{"line":322,"column":8},"end":{"line":322,"column":36}},{"start":{"line":322,"column":34},"end":{"line":322,"column":36}}]},"13":{"loc":{"start":{"line":333,"column":18},"end":{"line":335,"column":81}},"type":"cond-expr","locations":[{"start":{"line":334,"column":12},"end":{"line":334,"column":63}},{"start":{"line":335,"column":13},"end":{"line":335,"column":81}}]},"14":{"loc":{"start":{"line":335,"column":13},"end":{"line":335,"column":81}},"type":"binary-expr","locations":[{"start":{"line":335,"column":13},"end":{"line":335,"column":65}},{"start":{"line":335,"column":69},"end":{"line":335,"column":81}}]},"15":{"loc":{"start":{"line":340,"column":4},"end":{"line":343,"column":null}},"type":"if","locations":[{"start":{"line":340,"column":4},"end":{"line":343,"column":null}}]},"16":{"loc":{"start":{"line":340,"column":9},"end":{"line":340,"column":61}},"type":"binary-expr","locations":[{"start":{"line":340,"column":9},"end":{"line":340,"column":35}},{"start":{"line":340,"column":39},"end":{"line":340,"column":61}}]},"17":{"loc":{"start":{"line":346,"column":4},"end":{"line":357,"column":null}},"type":"if","locations":[{"start":{"line":346,"column":4},"end":{"line":357,"column":null}}]},"18":{"loc":{"start":{"line":346,"column":8},"end":{"line":346,"column":44}},"type":"cond-expr","locations":[{"start":{"line":346,"column":34},"end":{"line":346,"column":36}},{"start":{"line":346,"column":34},"end":{"line":346,"column":44}}]},"19":{"loc":{"start":{"line":346,"column":8},"end":{"line":346,"column":36}},"type":"binary-expr","locations":[{"start":{"line":346,"column":8},"end":{"line":346,"column":36}},{"start":{"line":346,"column":34},"end":{"line":346,"column":36}}]},"20":{"loc":{"start":{"line":348,"column":23},"end":{"line":348,"column":52}},"type":"binary-expr","locations":[{"start":{"line":348,"column":23},"end":{"line":348,"column":47}},{"start":{"line":348,"column":51},"end":{"line":348,"column":52}}]},"21":{"loc":{"start":{"line":348,"column":23},"end":{"line":348,"column":47}},"type":"cond-expr","locations":[{"start":{"line":348,"column":40},"end":{"line":348,"column":42}},{"start":{"line":348,"column":40},"end":{"line":348,"column":47}}]},"22":{"loc":{"start":{"line":348,"column":23},"end":{"line":348,"column":42}},"type":"binary-expr","locations":[{"start":{"line":348,"column":23},"end":{"line":348,"column":42}},{"start":{"line":348,"column":40},"end":{"line":348,"column":42}}]},"23":{"loc":{"start":{"line":349,"column":26},"end":{"line":349,"column":51}},"type":"binary-expr","locations":[{"start":{"line":349,"column":26},"end":{"line":349,"column":46}},{"start":{"line":349,"column":50},"end":{"line":349,"column":51}}]},"24":{"loc":{"start":{"line":350,"column":24},"end":{"line":350,"column":47}},"type":"binary-expr","locations":[{"start":{"line":350,"column":24},"end":{"line":350,"column":42}},{"start":{"line":350,"column":46},"end":{"line":350,"column":47}}]},"25":{"loc":{"start":{"line":351,"column":26},"end":{"line":351,"column":51}},"type":"binary-expr","locations":[{"start":{"line":351,"column":26},"end":{"line":351,"column":46}},{"start":{"line":351,"column":50},"end":{"line":351,"column":51}}]},"26":{"loc":{"start":{"line":352,"column":33},"end":{"line":352,"column":65}},"type":"binary-expr","locations":[{"start":{"line":352,"column":33},"end":{"line":352,"column":60}},{"start":{"line":352,"column":64},"end":{"line":352,"column":65}}]},"27":{"loc":{"start":{"line":353,"column":22},"end":{"line":353,"column":43}},"type":"binary-expr","locations":[{"start":{"line":353,"column":22},"end":{"line":353,"column":38}},{"start":{"line":353,"column":42},"end":{"line":353,"column":43}}]},"28":{"loc":{"start":{"line":360,"column":4},"end":{"line":367,"column":null}},"type":"if","locations":[{"start":{"line":360,"column":4},"end":{"line":367,"column":null}}]},"29":{"loc":{"start":{"line":360,"column":8},"end":{"line":360,"column":42}},"type":"cond-expr","locations":[{"start":{"line":360,"column":34},"end":{"line":360,"column":36}},{"start":{"line":360,"column":34},"end":{"line":360,"column":42}}]},"30":{"loc":{"start":{"line":360,"column":8},"end":{"line":360,"column":36}},"type":"binary-expr","locations":[{"start":{"line":360,"column":8},"end":{"line":360,"column":36}},{"start":{"line":360,"column":34},"end":{"line":360,"column":36}}]},"31":{"loc":{"start":{"line":361,"column":6},"end":{"line":366,"column":null}},"type":"if","locations":[{"start":{"line":361,"column":6},"end":{"line":366,"column":null}}]},"32":{"loc":{"start":{"line":370,"column":4},"end":{"line":387,"column":null}},"type":"if","locations":[{"start":{"line":370,"column":4},"end":{"line":387,"column":null}}]},"33":{"loc":{"start":{"line":394,"column":28},"end":{"line":394,"column":64}},"type":"cond-expr","locations":[{"start":{"line":394,"column":54},"end":{"line":394,"column":56}},{"start":{"line":394,"column":54},"end":{"line":394,"column":64}}]},"34":{"loc":{"start":{"line":394,"column":28},"end":{"line":394,"column":56}},"type":"binary-expr","locations":[{"start":{"line":394,"column":28},"end":{"line":394,"column":56}},{"start":{"line":394,"column":54},"end":{"line":394,"column":56}}]},"35":{"loc":{"start":{"line":395,"column":29},"end":{"line":395,"column":76}},"type":"cond-expr","locations":[{"start":{"line":395,"column":65},"end":{"line":395,"column":67}},{"start":{"line":395,"column":65},"end":{"line":395,"column":76}}]},"36":{"loc":{"start":{"line":395,"column":29},"end":{"line":395,"column":67}},"type":"binary-expr","locations":[{"start":{"line":395,"column":29},"end":{"line":395,"column":67}},{"start":{"line":395,"column":65},"end":{"line":395,"column":67}}]},"37":{"loc":{"start":{"line":395,"column":29},"end":{"line":395,"column":65}},"type":"cond-expr","locations":[{"start":{"line":395,"column":55},"end":{"line":395,"column":57}},{"start":{"line":395,"column":55},"end":{"line":395,"column":65}}]},"38":{"loc":{"start":{"line":395,"column":29},"end":{"line":395,"column":57}},"type":"binary-expr","locations":[{"start":{"line":395,"column":29},"end":{"line":395,"column":57}},{"start":{"line":395,"column":55},"end":{"line":395,"column":57}}]},"39":{"loc":{"start":{"line":396,"column":24},"end":{"line":396,"column":82}},"type":"cond-expr","locations":[{"start":{"line":396,"column":69},"end":{"line":396,"column":71}},{"start":{"line":396,"column":69},"end":{"line":396,"column":82}}]},"40":{"loc":{"start":{"line":396,"column":24},"end":{"line":396,"column":71}},"type":"binary-expr","locations":[{"start":{"line":396,"column":24},"end":{"line":396,"column":71}},{"start":{"line":396,"column":69},"end":{"line":396,"column":71}}]},"41":{"loc":{"start":{"line":396,"column":25},"end":{"line":396,"column":69}},"type":"cond-expr","locations":[{"start":{"line":396,"column":51},"end":{"line":396,"column":53}},{"start":{"line":396,"column":51},"end":{"line":396,"column":69}}]},"42":{"loc":{"start":{"line":396,"column":25},"end":{"line":396,"column":53}},"type":"binary-expr","locations":[{"start":{"line":396,"column":25},"end":{"line":396,"column":53}},{"start":{"line":396,"column":51},"end":{"line":396,"column":53}}]}},"s":{"0":1,"1":1,"2":172,"3":12,"4":12,"5":12,"6":12,"7":12,"8":12,"9":12,"10":12,"11":4,"12":4,"13":4,"14":4,"15":4,"16":4,"17":4,"18":4,"19":4,"20":4,"21":4,"22":4,"23":4,"24":4,"25":4,"26":4,"27":4,"28":4,"29":4,"30":40,"31":4,"32":4,"33":4,"34":4,"35":4,"36":4,"37":4,"38":4,"39":4,"40":4,"41":4,"42":4,"43":4,"44":4,"45":4,"46":4,"47":4,"48":4,"49":4,"50":4,"51":4,"52":4,"53":4,"54":4,"55":0,"56":0,"57":4,"58":4,"59":4,"60":4,"61":4,"62":4,"63":4,"64":4,"65":4,"66":4,"67":4,"68":4,"69":4,"70":4,"71":4,"72":4,"73":4,"74":4,"75":4,"76":4,"77":4,"78":4,"79":4,"80":4,"81":4,"82":4,"83":4,"84":4,"85":4,"86":4,"87":4,"88":4,"89":4,"90":4,"91":4,"92":4,"93":4,"94":4,"95":4,"96":4,"97":4,"98":4,"99":4,"100":4,"101":4,"102":4,"103":4,"104":4,"105":4,"106":4,"107":4,"108":4,"109":4,"110":4,"111":4,"112":4,"113":4,"114":4,"115":4,"116":4,"117":4,"118":4,"119":4,"120":4,"121":4,"122":4,"123":4,"124":4,"125":4,"126":4,"127":40,"128":4,"129":4,"130":4,"131":40,"132":4,"133":4,"134":4,"135":4,"136":4,"137":4,"138":4,"139":4,"140":4,"141":0,"142":0,"143":4,"144":4,"145":4,"146":4,"147":4,"148":4,"149":4,"150":4,"151":4,"152":4,"153":4,"154":0,"155":4,"156":0,"157":4,"158":4,"159":4,"160":4,"161":4,"162":1},"f":{"0":172,"1":12,"2":4,"3":40,"4":4,"5":4,"6":4,"7":40,"8":40,"9":4,"10":4},"b":{"0":[12,0],"1":[4,0],"2":[4,0],"3":[4,4],"4":[0],"5":[4,0],"6":[4,0],"7":[4,0],"8":[4],"9":[0,4],"10":[4,4],"11":[0,4],"12":[4,4],"13":[4,0],"14":[0,0],"15":[0],"16":[4,0],"17":[4],"18":[0,4],"19":[4,4],"20":[4,0],"21":[0,4],"22":[4,4],"23":[4,0],"24":[4,0],"25":[4,0],"26":[4,0],"27":[4,0],"28":[4],"29":[0,4],"30":[4,4],"31":[0],"32":[0],"33":[0,4],"34":[4,4],"35":[0,4],"36":[4,4],"37":[0,4],"38":[4,4],"39":[0,4],"40":[4,4],"41":[0,4],"42":[4,4]}}
,"/Users/parthpatel/real-estate-analyzer/backend/src/analysis/index.ts": {"path":"/Users/parthpatel/real-estate-analyzer/backend/src/analysis/index.ts","statementMap":{"0":{"start":{"line":1,"column":0},"end":{"line":1,"column":9}},"1":{"start":{"line":1,"column":9},"end":{"line":1,"column":60}},"2":{"start":{"line":2,"column":0},"end":{"line":2,"column":9}},"3":{"start":{"line":2,"column":9},"end":{"line":2,"column":44}},"4":{"start":{"line":3,"column":0},"end":{"line":3,"column":9}},"5":{"start":{"line":3,"column":9},"end":{"line":3,"column":62}}},"fnMap":{"0":{"name":"(anonymous_0)","decl":{"start":{"line":1,"column":9},"end":{"line":1,"column":28}},"loc":{"start":{"line":1,"column":9},"end":{"line":1,"column":60}}},"1":{"name":"(anonymous_1)","decl":{"start":{"line":2,"column":9},"end":{"line":2,"column":20}},"loc":{"start":{"line":2,"column":9},"end":{"line":2,"column":44}}},"2":{"name":"(anonymous_2)","decl":{"start":{"line":3,"column":9},"end":{"line":3,"column":29}},"loc":{"start":{"line":3,"column":9},"end":{"line":3,"column":62}}}},"branchMap":{},"s":{"0":0,"1":0,"2":0,"3":0,"4":0,"5":0},"f":{"0":0,"1":0,"2":0},"b":{}}
,"/Users/parthpatel/real-estate-analyzer/backend/src/controllers/dealController.ts": {"path":"/Users/parthpatel/real-estate-analyzer/backend/src/controllers/dealController.ts","statementMap":{"0":{"start":{"line":2,"column":0},"end":{"line":2,"column":54}},"1":{"start":{"line":3,"column":0},"end":{"line":3,"column":41}},"2":{"start":{"line":6,"column":0},"end":{"line":6,"column":68}},"3":{"start":{"line":10,"column":27},"end":{"line":13,"column":1}},"4":{"start":{"line":11,"column":2},"end":{"line":11,"column":51}},"5":{"start":{"line":12,"column":2},"end":{"line":12,"column":43}},"6":{"start":{"line":15,"column":26},"end":{"line":18,"column":1}},"7":{"start":{"line":16,"column":2},"end":{"line":16,"column":50}},"8":{"start":{"line":17,"column":2},"end":{"line":17,"column":43}},"9":{"start":{"line":31,"column":27},"end":{"line":51,"column":1}},"10":{"start":{"line":32,"column":2},"end":{"line":50,"column":null}},"11":{"start":{"line":34,"column":19},"end":{"line":34,"column":31}},"12":{"start":{"line":35,"column":18},"end":{"line":35,"column":55}},"13":{"start":{"line":38,"column":4},"end":{"line":42,"column":7}},"14":{"start":{"line":39,"column":6},"end":{"line":41,"column":null}},"15":{"start":{"line":40,"column":8},"end":{"line":40,"column":64}},"16":{"start":{"line":44,"column":4},"end":{"line":44,"column":73}},"17":{"start":{"line":46,"column":4},"end":{"line":46,"column":20}},"18":{"start":{"line":48,"column":4},"end":{"line":48,"column":52}},"19":{"start":{"line":49,"column":4},"end":{"line":49,"column":59}},"20":{"start":{"line":31,"column":13},"end":{"line":31,"column":27}},"21":{"start":{"line":56,"column":27},"end":{"line":445,"column":1}},"22":{"start":{"line":57,"column":2},"end":{"line":444,"column":null}},"23":{"start":{"line":58,"column":4},"end":{"line":58,"column":77}},"24":{"start":{"line":59,"column":4},"end":{"line":59,"column":64}},"25":{"start":{"line":60,"column":4},"end":{"line":60,"column":73}},"26":{"start":{"line":62,"column":19},"end":{"line":62,"column":29}},"27":{"start":{"line":63,"column":17},"end":{"line":63,"column":50}},"28":{"start":{"line":65,"column":4},"end":{"line":67,"column":null}},"29":{"start":{"line":66,"column":6},"end":{"line":66,"column":63}},"30":{"start":{"line":69,"column":4},"end":{"line":73,"column":7}},"31":{"start":{"line":76,"column":20},"end":{"line":76,"column":35}},"32":{"start":{"line":79,"column":25},"end":{"line":102,"column":6}},"33":{"start":{"line":105,"column":26},"end":{"line":105,"column":30}},"34":{"start":{"line":106,"column":4},"end":{"line":180,"column":null}},"35":{"start":{"line":107,"column":17},"end":{"line":107,"column":49}},"36":{"start":{"line":110,"column":23},"end":{"line":110,"column":40}},"37":{"start":{"line":111,"column":23},"end":{"line":111,"column":52}},"38":{"start":{"line":112,"column":26},"end":{"line":112,"column":51}},"39":{"start":{"line":113,"column":24},"end":{"line":113,"column":47}},"40":{"start":{"line":114,"column":26},"end":{"line":114,"column":51}},"41":{"start":{"line":115,"column":33},"end":{"line":115,"column":65}},"42":{"start":{"line":116,"column":22},"end":{"line":116,"column":43}},"43":{"start":{"line":119,"column":28},"end":{"line":119,"column":107}},"44":{"start":{"line":120,"column":23},"end":{"line":120,"column":80}},"45":{"start":{"line":122,"column":6},"end":{"line":137,"column":8}},"46":{"start":{"line":140,"column":26},"end":{"line":140,"column":45}},"47":{"start":{"line":141,"column":25},"end":{"line":141,"column":68}},"48":{"start":{"line":142,"column":27},"end":{"line":142,"column":58}},"49":{"start":{"line":143,"column":28},"end":{"line":143,"column":49}},"50":{"start":{"line":146,"column":21},"end":{"line":146,"column":22}},"51":{"start":{"line":147,"column":6},"end":{"line":152,"column":null}},"52":{"start":{"line":148,"column":8},"end":{"line":149,"column":66}},"53":{"start":{"line":151,"column":8},"end":{"line":151,"column":46}},"54":{"start":{"line":155,"column":26},"end":{"line":155,"column":86}},"55":{"start":{"line":156,"column":24},"end":{"line":156,"column":82}},"56":{"start":{"line":157,"column":26},"end":{"line":157,"column":73}},"57":{"start":{"line":158,"column":33},"end":{"line":158,"column":85}},"58":{"start":{"line":159,"column":22},"end":{"line":159,"column":88}},"59":{"start":{"line":161,"column":28},"end":{"line":161,"column":107}},"60":{"start":{"line":162,"column":23},"end":{"line":162,"column":50}},"61":{"start":{"line":164,"column":6},"end":{"line":179,"column":8}},"62":{"start":{"line":183,"column":23},"end":{"line":183,"column":56}},"63":{"start":{"line":184,"column":24},"end":{"line":184,"column":74}},"64":{"start":{"line":185,"column":28},"end":{"line":185,"column":58}},"65":{"start":{"line":187,"column":6},"end":{"line":190,"column":56}},"66":{"start":{"line":193,"column":22},"end":{"line":193,"column":63}},"67":{"start":{"line":194,"column":30},"end":{"line":194,"column":74}},"68":{"start":{"line":195,"column":27},"end":{"line":195,"column":56}},"69":{"start":{"line":198,"column":28},"end":{"line":198,"column":77}},"70":{"start":{"line":199,"column":20},"end":{"line":199,"column":61}},"71":{"start":{"line":200,"column":23},"end":{"line":200,"column":63}},"72":{"start":{"line":201,"column":17},"end":{"line":201,"column":46}},"73":{"start":{"line":203,"column":27},"end":{"line":210,"column":6}},"74":{"start":{"line":212,"column":23},"end":{"line":218,"column":6}},"75":{"start":{"line":221,"column":4},"end":{"line":221,"column":73}},"76":{"start":{"line":222,"column":18},"end":{"line":222,"column":66}},"77":{"start":{"line":223,"column":29},"end":{"line":223,"column":89}},"78":{"start":{"line":224,"column":27},"end":{"line":224,"column":78}},"79":{"start":{"line":225,"column":30},"end":{"line":225,"column":76}},"80":{"start":{"line":226,"column":26},"end":{"line":226,"column":47}},"81":{"start":{"line":227,"column":23},"end":{"line":227,"column":58}},"82":{"start":{"line":228,"column":25},"end":{"line":228,"column":45}},"83":{"start":{"line":229,"column":26},"end":{"line":229,"column":42}},"84":{"start":{"line":232,"column":4},"end":{"line":232,"column":43}},"85":{"start":{"line":235,"column":4},"end":{"line":235,"column":72}},"86":{"start":{"line":236,"column":4},"end":{"line":236,"column":40}},"87":{"start":{"line":237,"column":4},"end":{"line":237,"column":88}},"88":{"start":{"line":241,"column":24},"end":{"line":341,"column":6}},"89":{"start":{"line":242,"column":19},"end":{"line":242,"column":24}},"90":{"start":{"line":243,"column":33},"end":{"line":243,"column":72}},"91":{"start":{"line":244,"column":31},"end":{"line":244,"column":68}},"92":{"start":{"line":245,"column":34},"end":{"line":245,"column":74}},"93":{"start":{"line":248,"column":6},"end":{"line":252,"column":9}},"94":{"start":{"line":255,"column":28},"end":{"line":255,"column":62}},"95":{"start":{"line":258,"column":24},"end":{"line":258,"column":53}},"96":{"start":{"line":261,"column":32},"end":{"line":262,"column":71}},"97":{"start":{"line":264,"column":30},"end":{"line":265,"column":69}},"98":{"start":{"line":267,"column":32},"end":{"line":268,"column":71}},"99":{"start":{"line":270,"column":6},"end":{"line":275,"column":9}},"100":{"start":{"line":278,"column":33},"end":{"line":278,"column":83}},"101":{"start":{"line":279,"column":22},"end":{"line":279,"column":86}},"102":{"start":{"line":282,"column":32},"end":{"line":282,"column":118}},"103":{"start":{"line":285,"column":35},"end":{"line":285,"column":54}},"104":{"start":{"line":288,"column":18},"end":{"line":288,"column":119}},"105":{"start":{"line":291,"column":26},"end":{"line":291,"column":43}},"106":{"start":{"line":294,"column":23},"end":{"line":294,"column":40}},"107":{"start":{"line":297,"column":34},"end":{"line":297,"column":57}},"108":{"start":{"line":298,"column":28},"end":{"line":298,"column":46}},"109":{"start":{"line":299,"column":29},"end":{"line":299,"column":68}},"110":{"start":{"line":301,"column":28},"end":{"line":301,"column":29}},"111":{"start":{"line":302,"column":6},"end":{"line":311,"column":null}},"112":{"start":{"line":303,"column":27},"end":{"line":303,"column":33}},"113":{"start":{"line":304,"column":34},"end":{"line":304,"column":60}},"114":{"start":{"line":306,"column":8},"end":{"line":310,"column":null}},"115":{"start":{"line":307,"column":10},"end":{"line":307,"column":127}},"116":{"start":{"line":309,"column":10},"end":{"line":309,"column":63}},"117":{"start":{"line":314,"column":21},"end":{"line":314,"column":52}},"118":{"start":{"line":317,"column":27},"end":{"line":317,"column":116}},"119":{"start":{"line":320,"column":26},"end":{"line":320,"column":49}},"120":{"start":{"line":322,"column":6},"end":{"line":340,"column":8}},"121":{"start":{"line":344,"column":22},"end":{"line":344,"column":42}},"122":{"start":{"line":345,"column":32},"end":{"line":345,"column":87}},"123":{"start":{"line":346,"column":31},"end":{"line":346,"column":54}},"124":{"start":{"line":347,"column":25},"end":{"line":347,"column":73}},"125":{"start":{"line":348,"column":27},"end":{"line":348,"column":52}},"126":{"start":{"line":349,"column":32},"end":{"line":349,"column":82}},"127":{"start":{"line":352,"column":26},"end":{"line":352,"column":83}},"128":{"start":{"line":352,"column":60},"end":{"line":352,"column":79}},"129":{"start":{"line":353,"column":30},"end":{"line":353,"column":69}},"130":{"start":{"line":354,"column":24},"end":{"line":354,"column":77}},"131":{"start":{"line":355,"column":31},"end":{"line":355,"column":68}},"132":{"start":{"line":359,"column":16},"end":{"line":359,"column":35}},"133":{"start":{"line":361,"column":25},"end":{"line":368,"column":6}},"134":{"start":{"line":370,"column":20},"end":{"line":375,"column":6}},"135":{"start":{"line":378,"column":29},"end":{"line":389,"column":6}},"136":{"start":{"line":392,"column":25},"end":{"line":395,"column":6}},"137":{"start":{"line":398,"column":32},"end":{"line":398,"column":71}},"138":{"start":{"line":402,"column":33},"end":{"line":402,"column":71}},"139":{"start":{"line":405,"column":4},"end":{"line":414,"column":null}},"140":{"start":{"line":406,"column":24},"end":{"line":406,"column":85}},"141":{"start":{"line":407,"column":23},"end":{"line":407,"column":84}},"142":{"start":{"line":410,"column":6},"end":{"line":413,"column":null}},"143":{"start":{"line":411,"column":8},"end":{"line":411,"column":96}},"144":{"start":{"line":412,"column":8},"end":{"line":412,"column":89}},"145":{"start":{"line":417,"column":4},"end":{"line":430,"column":null}},"146":{"start":{"line":418,"column":20},"end":{"line":418,"column":81}},"147":{"start":{"line":419,"column":21},"end":{"line":419,"column":82}},"148":{"start":{"line":421,"column":6},"end":{"line":421,"column":53}},"149":{"start":{"line":422,"column":6},"end":{"line":422,"column":90}},"150":{"start":{"line":423,"column":6},"end":{"line":423,"column":60}},"151":{"start":{"line":424,"column":6},"end":{"line":424,"column":62}},"152":{"start":{"line":425,"column":6},"end":{"line":425,"column":90}},"153":{"start":{"line":426,"column":6},"end":{"line":426,"column":56}},"154":{"start":{"line":427,"column":6},"end":{"line":427,"column":58}},"155":{"start":{"line":428,"column":6},"end":{"line":428,"column":99}},"156":{"start":{"line":429,"column":6},"end":{"line":429,"column":53}},"157":{"start":{"line":432,"column":4},"end":{"line":438,"column":7}},"158":{"start":{"line":440,"column":4},"end":{"line":440,"column":35}},"159":{"start":{"line":442,"column":4},"end":{"line":442,"column":64}},"160":{"start":{"line":443,"column":4},"end":{"line":443,"column":58}},"161":{"start":{"line":56,"column":13},"end":{"line":56,"column":27}},"162":{"start":{"line":450,"column":30},"end":{"line":466,"column":1}},"163":{"start":{"line":451,"column":2},"end":{"line":465,"column":null}},"164":{"start":{"line":452,"column":21},"end":{"line":452,"column":31}},"165":{"start":{"line":454,"column":4},"end":{"line":456,"column":null}},"166":{"start":{"line":455,"column":6},"end":{"line":455,"column":93}},"167":{"start":{"line":459,"column":19},"end":{"line":459,"column":31}},"168":{"start":{"line":460,"column":18},"end":{"line":460,"column":64}},"169":{"start":{"line":461,"column":4},"end":{"line":461,"column":20}},"170":{"start":{"line":463,"column":4},"end":{"line":463,"column":67}},"171":{"start":{"line":464,"column":4},"end":{"line":464,"column":59}},"172":{"start":{"line":450,"column":13},"end":{"line":450,"column":30}},"173":{"start":{"line":471,"column":26},"end":{"line":485,"column":1}},"174":{"start":{"line":472,"column":2},"end":{"line":484,"column":null}},"175":{"start":{"line":474,"column":37},"end":{"line":477,"column":6}},"176":{"start":{"line":479,"column":17},"end":{"line":479,"column":53}},"177":{"start":{"line":480,"column":4},"end":{"line":480,"column":31}},"178":{"start":{"line":482,"column":4},"end":{"line":482,"column":48}},"179":{"start":{"line":483,"column":4},"end":{"line":483,"column":61}},"180":{"start":{"line":471,"column":13},"end":{"line":471,"column":26}},"181":{"start":{"line":490,"column":26},"end":{"line":507,"column":1}},"182":{"start":{"line":491,"column":2},"end":{"line":506,"column":null}},"183":{"start":{"line":492,"column":19},"end":{"line":492,"column":29}},"184":{"start":{"line":495,"column":37},"end":{"line":499,"column":6}},"185":{"start":{"line":501,"column":17},"end":{"line":501,"column":53}},"186":{"start":{"line":502,"column":4},"end":{"line":502,"column":19}},"187":{"start":{"line":504,"column":4},"end":{"line":504,"column":65}},"188":{"start":{"line":505,"column":4},"end":{"line":505,"column":61}},"189":{"start":{"line":490,"column":13},"end":{"line":490,"column":26}},"190":{"start":{"line":512,"column":26},"end":{"line":526,"column":1}},"191":{"start":{"line":513,"column":2},"end":{"line":525,"column":null}},"192":{"start":{"line":514,"column":19},"end":{"line":514,"column":29}},"193":{"start":{"line":515,"column":20},"end":{"line":515,"column":52}},"194":{"start":{"line":517,"column":4},"end":{"line":519,"column":null}},"195":{"start":{"line":518,"column":6},"end":{"line":518,"column":63}},"196":{"start":{"line":521,"column":4},"end":{"line":521,"column":55}},"197":{"start":{"line":523,"column":4},"end":{"line":523,"column":65}},"198":{"start":{"line":524,"column":4},"end":{"line":524,"column":61}},"199":{"start":{"line":512,"column":13},"end":{"line":512,"column":26}},"200":{"start":{"line":531,"column":27},"end":{"line":557,"column":1}},"201":{"start":{"line":532,"column":2},"end":{"line":556,"column":null}},"202":{"start":{"line":533,"column":42},"end":{"line":533,"column":50}},"203":{"start":{"line":535,"column":4},"end":{"line":537,"column":null}},"204":{"start":{"line":536,"column":6},"end":{"line":536,"column":93}},"205":{"start":{"line":540,"column":4},"end":{"line":544,"column":null}},"206":{"start":{"line":541,"column":6},"end":{"line":541,"column":52}},"207":{"start":{"line":543,"column":6},"end":{"line":543,"column":51}},"208":{"start":{"line":547,"column":28},"end":{"line":547,"column":62}},"209":{"start":{"line":550,"column":4},"end":{"line":550,"column":73}},"210":{"start":{"line":552,"column":4},"end":{"line":552,"column":30}},"211":{"start":{"line":554,"column":4},"end":{"line":554,"column":49}},"212":{"start":{"line":555,"column":4},"end":{"line":555,"column":62}},"213":{"start":{"line":531,"column":13},"end":{"line":531,"column":27}}},"fnMap":{"0":{"name":"(anonymous_0)","decl":{"start":{"line":10,"column":27},"end":{"line":10,"column":32}},"loc":{"start":{"line":10,"column":47},"end":{"line":13,"column":1}}},"1":{"name":"(anonymous_1)","decl":{"start":{"line":15,"column":26},"end":{"line":15,"column":31}},"loc":{"start":{"line":15,"column":46},"end":{"line":18,"column":1}}},"2":{"name":"(anonymous_2)","decl":{"start":{"line":31,"column":27},"end":{"line":31,"column":32}},"loc":{"start":{"line":31,"column":78},"end":{"line":51,"column":1}}},"3":{"name":"(anonymous_3)","decl":{"start":{"line":38,"column":18},"end":{"line":38,"column":22}},"loc":{"start":{"line":38,"column":25},"end":{"line":42,"column":5}}},"4":{"name":"(anonymous_4)","decl":{"start":{"line":56,"column":27},"end":{"line":56,"column":32}},"loc":{"start":{"line":56,"column":65},"end":{"line":445,"column":1}}},"5":{"name":"(anonymous_5)","decl":{"start":{"line":241,"column":52},"end":{"line":241,"column":53}},"loc":{"start":{"line":241,"column":61},"end":{"line":341,"column":5}}},"6":{"name":"(anonymous_6)","decl":{"start":{"line":352,"column":45},"end":{"line":352,"column":46}},"loc":{"start":{"line":352,"column":60},"end":{"line":352,"column":79}}},"7":{"name":"(anonymous_7)","decl":{"start":{"line":450,"column":30},"end":{"line":450,"column":35}},"loc":{"start":{"line":450,"column":81},"end":{"line":466,"column":1}}},"8":{"name":"(anonymous_8)","decl":{"start":{"line":471,"column":26},"end":{"line":471,"column":31}},"loc":{"start":{"line":471,"column":77},"end":{"line":485,"column":1}}},"9":{"name":"(anonymous_9)","decl":{"start":{"line":490,"column":26},"end":{"line":490,"column":31}},"loc":{"start":{"line":490,"column":77},"end":{"line":507,"column":1}}},"10":{"name":"(anonymous_10)","decl":{"start":{"line":512,"column":26},"end":{"line":512,"column":31}},"loc":{"start":{"line":512,"column":64},"end":{"line":526,"column":1}}},"11":{"name":"(anonymous_11)","decl":{"start":{"line":531,"column":27},"end":{"line":531,"column":32}},"loc":{"start":{"line":531,"column":65},"end":{"line":557,"column":1}}}},"branchMap":{"0":{"loc":{"start":{"line":34,"column":19},"end":{"line":34,"column":31}},"type":"cond-expr","locations":[{"start":{"line":34,"column":27},"end":{"line":34,"column":29}},{"start":{"line":34,"column":27},"end":{"line":34,"column":31}}]},"1":{"loc":{"start":{"line":34,"column":19},"end":{"line":34,"column":29}},"type":"binary-expr","locations":[{"start":{"line":34,"column":19},"end":{"line":34,"column":29}},{"start":{"line":34,"column":27},"end":{"line":34,"column":29}}]},"2":{"loc":{"start":{"line":39,"column":6},"end":{"line":41,"column":null}},"type":"if","locations":[{"start":{"line":39,"column":6},"end":{"line":41,"column":null}}]},"3":{"loc":{"start":{"line":65,"column":4},"end":{"line":67,"column":null}},"type":"if","locations":[{"start":{"line":65,"column":4},"end":{"line":67,"column":null}}]},"4":{"loc":{"start":{"line":94,"column":27},"end":{"line":101,"column":null}},"type":"binary-expr","locations":[{"start":{"line":94,"column":27},"end":{"line":94,"column":54}},{"start":{"line":94,"column":58},"end":{"line":101,"column":null}}]},"5":{"loc":{"start":{"line":106,"column":4},"end":{"line":180,"column":null}},"type":"if","locations":[{"start":{"line":106,"column":4},"end":{"line":180,"column":null}},{"start":{"line":138,"column":11},"end":{"line":180,"column":null}}]},"6":{"loc":{"start":{"line":106,"column":8},"end":{"line":106,"column":60}},"type":"binary-expr","locations":[{"start":{"line":106,"column":8},"end":{"line":106,"column":24}},{"start":{"line":106,"column":28},"end":{"line":106,"column":60}}]},"7":{"loc":{"start":{"line":110,"column":23},"end":{"line":110,"column":40}},"type":"binary-expr","locations":[{"start":{"line":110,"column":23},"end":{"line":110,"column":34}},{"start":{"line":110,"column":38},"end":{"line":110,"column":40}}]},"8":{"loc":{"start":{"line":111,"column":23},"end":{"line":111,"column":52}},"type":"binary-expr","locations":[{"start":{"line":111,"column":23},"end":{"line":111,"column":47}},{"start":{"line":111,"column":51},"end":{"line":111,"column":52}}]},"9":{"loc":{"start":{"line":111,"column":23},"end":{"line":111,"column":47}},"type":"cond-expr","locations":[{"start":{"line":111,"column":40},"end":{"line":111,"column":42}},{"start":{"line":111,"column":40},"end":{"line":111,"column":47}}]},"10":{"loc":{"start":{"line":111,"column":23},"end":{"line":111,"column":42}},"type":"binary-expr","locations":[{"start":{"line":111,"column":23},"end":{"line":111,"column":42}},{"start":{"line":111,"column":40},"end":{"line":111,"column":42}}]},"11":{"loc":{"start":{"line":112,"column":26},"end":{"line":112,"column":51}},"type":"binary-expr","locations":[{"start":{"line":112,"column":26},"end":{"line":112,"column":46}},{"start":{"line":112,"column":50},"end":{"line":112,"column":51}}]},"12":{"loc":{"start":{"line":113,"column":24},"end":{"line":113,"column":47}},"type":"binary-expr","locations":[{"start":{"line":113,"column":24},"end":{"line":113,"column":42}},{"start":{"line":113,"column":46},"end":{"line":113,"column":47}}]},"13":{"loc":{"start":{"line":114,"column":26},"end":{"line":114,"column":51}},"type":"binary-expr","locations":[{"start":{"line":114,"column":26},"end":{"line":114,"column":46}},{"start":{"line":114,"column":50},"end":{"line":114,"column":51}}]},"14":{"loc":{"start":{"line":115,"column":33},"end":{"line":115,"column":65}},"type":"binary-expr","locations":[{"start":{"line":115,"column":33},"end":{"line":115,"column":60}},{"start":{"line":115,"column":64},"end":{"line":115,"column":65}}]},"15":{"loc":{"start":{"line":116,"column":22},"end":{"line":116,"column":43}},"type":"binary-expr","locations":[{"start":{"line":116,"column":22},"end":{"line":116,"column":38}},{"start":{"line":116,"column":42},"end":{"line":116,"column":43}}]},"16":{"loc":{"start":{"line":120,"column":24},"end":{"line":120,"column":63}},"type":"binary-expr","locations":[{"start":{"line":120,"column":24},"end":{"line":120,"column":40}},{"start":{"line":120,"column":44},"end":{"line":120,"column":63}}]},"17":{"loc":{"start":{"line":120,"column":24},"end":{"line":120,"column":40}},"type":"cond-expr","locations":[{"start":{"line":120,"column":33},"end":{"line":120,"column":35}},{"start":{"line":120,"column":33},"end":{"line":120,"column":40}}]},"18":{"loc":{"start":{"line":120,"column":24},"end":{"line":120,"column":35}},"type":"binary-expr","locations":[{"start":{"line":120,"column":24},"end":{"line":120,"column":35}},{"start":{"line":120,"column":33},"end":{"line":120,"column":35}}]},"19":{"loc":{"start":{"line":124,"column":17},"end":{"line":124,"column":56}},"type":"binary-expr","locations":[{"start":{"line":124,"column":17},"end":{"line":124,"column":33}},{"start":{"line":124,"column":37},"end":{"line":124,"column":56}}]},"20":{"loc":{"start":{"line":124,"column":17},"end":{"line":124,"column":33}},"type":"cond-expr","locations":[{"start":{"line":124,"column":26},"end":{"line":124,"column":28}},{"start":{"line":124,"column":26},"end":{"line":124,"column":33}}]},"21":{"loc":{"start":{"line":124,"column":17},"end":{"line":124,"column":28}},"type":"binary-expr","locations":[{"start":{"line":124,"column":17},"end":{"line":124,"column":28}},{"start":{"line":124,"column":26},"end":{"line":124,"column":28}}]},"22":{"loc":{"start":{"line":125,"column":21},"end":{"line":125,"column":125}},"type":"binary-expr","locations":[{"start":{"line":125,"column":21},"end":{"line":125,"column":41}},{"start":{"line":125,"column":45},"end":{"line":125,"column":125}}]},"23":{"loc":{"start":{"line":125,"column":21},"end":{"line":125,"column":41}},"type":"cond-expr","locations":[{"start":{"line":125,"column":30},"end":{"line":125,"column":32}},{"start":{"line":125,"column":30},"end":{"line":125,"column":41}}]},"24":{"loc":{"start":{"line":125,"column":21},"end":{"line":125,"column":32}},"type":"binary-expr","locations":[{"start":{"line":125,"column":21},"end":{"line":125,"column":32}},{"start":{"line":125,"column":30},"end":{"line":125,"column":32}}]},"25":{"loc":{"start":{"line":147,"column":6},"end":{"line":152,"column":null}},"type":"if","locations":[{"start":{"line":147,"column":6},"end":{"line":152,"column":null}},{"start":{"line":150,"column":13},"end":{"line":152,"column":null}}]},"26":{"loc":{"start":{"line":157,"column":26},"end":{"line":157,"column":73}},"type":"binary-expr","locations":[{"start":{"line":157,"column":26},"end":{"line":157,"column":49}},{"start":{"line":157,"column":54},"end":{"line":157,"column":72}}]},"27":{"loc":{"start":{"line":198,"column":51},"end":{"line":198,"column":76}},"type":"binary-expr","locations":[{"start":{"line":198,"column":51},"end":{"line":198,"column":71}},{"start":{"line":198,"column":75},"end":{"line":198,"column":76}}]},"28":{"loc":{"start":{"line":217,"column":11},"end":{"line":217,"column":49}},"type":"binary-expr","locations":[{"start":{"line":217,"column":11},"end":{"line":217,"column":44}},{"start":{"line":217,"column":48},"end":{"line":217,"column":49}}]},"29":{"loc":{"start":{"line":217,"column":11},"end":{"line":217,"column":44}},"type":"cond-expr","locations":[{"start":{"line":217,"column":39},"end":{"line":217,"column":41}},{"start":{"line":217,"column":39},"end":{"line":217,"column":44}}]},"30":{"loc":{"start":{"line":217,"column":11},"end":{"line":217,"column":41}},"type":"binary-expr","locations":[{"start":{"line":217,"column":11},"end":{"line":217,"column":41}},{"start":{"line":217,"column":39},"end":{"line":217,"column":41}}]},"31":{"loc":{"start":{"line":217,"column":11},"end":{"line":217,"column":39}},"type":"cond-expr","locations":[{"start":{"line":217,"column":27},"end":{"line":217,"column":29}},{"start":{"line":217,"column":27},"end":{"line":217,"column":39}}
[...]
mn":8}},"loc":{"start":{"line":253,"column":77},"end":{"line":256,"column":3}}},"20":{"name":"(anonymous_20)","decl":{"start":{"line":264,"column":2},"end":{"line":264,"column":8}},"loc":{"start":{"line":264,"column":80},"end":{"line":267,"column":3}}},"21":{"name":"(anonymous_21)","decl":{"start":{"line":275,"column":2},"end":{"line":275,"column":8}},"loc":{"start":{"line":275,"column":75},"end":{"line":278,"column":3}}},"22":{"name":"(anonymous_22)","decl":{"start":{"line":286,"column":2},"end":{"line":286,"column":8}},"loc":{"start":{"line":286,"column":77},"end":{"line":289,"column":3}}},"23":{"name":"(anonymous_23)","decl":{"start":{"line":297,"column":2},"end":{"line":297,"column":8}},"loc":{"start":{"line":297,"column":73},"end":{"line":300,"column":3}}},"24":{"name":"(anonymous_24)","decl":{"start":{"line":308,"column":2},"end":{"line":308,"column":8}},"loc":{"start":{"line":308,"column":71},"end":{"line":311,"column":3}}},"25":{"name":"(anonymous_25)","decl":{"start":{"line":321,"column":2},"end":{"line":321,"column":8}},"loc":{"start":{"line":321,"column":94},"end":{"line":338,"column":3}}},"26":{"name":"(anonymous_26)","decl":{"start":{"line":348,"column":2},"end":{"line":348,"column":8}},"loc":{"start":{"line":348,"column":99},"end":{"line":351,"column":3}}}},"branchMap":{"0":{"loc":{"start":{"line":14,"column":4},"end":{"line":14,"column":58}},"type":"if","locations":[{"start":{"line":14,"column":4},"end":{"line":14,"column":58}}]},"1":{"loc":{"start":{"line":23,"column":11},"end":{"line":23,"column":62}},"type":"binary-expr","locations":[{"start":{"line":23,"column":11},"end":{"line":23,"column":29}},{"start":{"line":23,"column":34},"end":{"line":23,"column":61}}]},"2":{"loc":{"start":{"line":51,"column":4},"end":{"line":51,"column":33}},"type":"if","locations":[{"start":{"line":51,"column":4},"end":{"line":51,"column":33}}]},"3":{"loc":{"start":{"line":59,"column":4},"end":{"line":59,"column":35}},"type":"if","locations":[{"start":{"line":59,"column":4},"end":{"line":59,"column":35}}]},"4":{"loc":{"start":{"line":67,"column":4},"end":{"line":67,"column":31}},"type":"if","locations":[{"start":{"line":67,"column":4},"end":{"line":67,"column":31}}]},"5":{"loc":{"start":{"line":81,"column":6},"end":{"line":84,"column":null}},"type":"if","locations":[{"start":{"line":81,"column":6},"end":{"line":84,"column":null}}]},"6":{"loc":{"start":{"line":81,"column":10},"end":{"line":82,"column":51}},"type":"binary-expr","locations":[{"start":{"line":81,"column":11},"end":{"line":81,"column":28}},{"start":{"line":81,"column":32},"end":{"line":81,"column":50}},{"start":{"line":82,"column":11},"end":{"line":82,"column":27}},{"start":{"line":82,"column":31},"end":{"line":82,"column":50}}]},"7":{"loc":{"start":{"line":92,"column":4},"end":{"line":96,"column":null}},"type":"if","locations":[{"start":{"line":92,"column":4},"end":{"line":96,"column":null}}]},"8":{"loc":{"start":{"line":112,"column":6},"end":{"line":116,"column":null}},"type":"if","locations":[{"start":{"line":112,"column":6},"end":{"line":116,"column":null}}]},"9":{"loc":{"start":{"line":118,"column":6},"end":{"line":122,"column":null}},"type":"if","locations":[{"start":{"line":118,"column":6},"end":{"line":122,"column":null}},{"start":{"line":120,"column":13},"end":{"line":122,"column":null}}]},"10":{"loc":{"start":{"line":127,"column":6},"end":{"line":129,"column":null}},"type":"if","locations":[{"start":{"line":127,"column":6},"end":{"line":129,"column":null}}]},"11":{"loc":{"start":{"line":155,"column":31},"end":{"line":155,"column":94}},"type":"cond-expr","locations":[{"start":{"line":155,"column":53},"end":{"line":155,"column":90}},{"start":{"line":155,"column":93},"end":{"line":155,"column":94}}]},"12":{"loc":{"start":{"line":171,"column":11},"end":{"line":171,"column":50}},"type":"cond-expr","locations":[{"start":{"line":171,"column":28},"end":{"line":171,"column":46}},{"start":{"line":171,"column":49},"end":{"line":171,"column":50}}]},"13":{"loc":{"start":{"line":178,"column":11},"end":{"line":178,"column":56}},"type":"cond-expr","locations":[{"start":{"line":178,"column":31},"end":{"line":178,"column":52}},{"start":{"line":178,"column":55},"end":{"line":178,"column":56}}]},"14":{"loc":{"start":{"line":185,"column":11},"end":{"line":185,"column":61}},"type":"cond-expr","locations":[{"start":{"line":185,"column":27},"end":{"line":185,"column":57}},{"start":{"line":185,"column":60},"end":{"line":185,"column":61}}]},"15":{"loc":{"start":{"line":192,"column":11},"end":{"line":192,"column":90}},"type":"cond-expr","locations":[{"start":{"line":192,"column":38},"end":{"line":192,"column":86}},{"start":{"line":192,"column":89},"end":{"line":192,"column":90}}]},"16":{"loc":{"start":{"line":232,"column":4},"end":{"line":232,"column":38}},"type":"if","locations":[{"start":{"line":232,"column":4},"end":{"line":232,"column":38}}]},"17":{"loc":{"start":{"line":243,"column":4},"end":{"line":243,"column":33}},"type":"if","locations":[{"start":{"line":243,"column":4},"end":{"line":243,"column":33}}]},"18":{"loc":{"start":{"line":254,"column":4},"end":{"line":254,"column":35}},"type":"if","locations":[{"start":{"line":254,"column":4},"end":{"line":254,"column":35}}]},"19":{"loc":{"start":{"line":265,"column":4},"end":{"line":265,"column":33}},"type":"if","locations":[{"start":{"line":265,"column":4},"end":{"line":265,"column":33}}]},"20":{"loc":{"start":{"line":276,"column":4},"end":{"line":276,"column":33}},"type":"if","locations":[{"start":{"line":276,"column":4},"end":{"line":276,"column":33}}]},"21":{"loc":{"start":{"line":287,"column":4},"end":{"line":287,"column":33}},"type":"if","locations":[{"start":{"line":287,"column":4},"end":{"line":287,"column":33}}]},"22":{"loc":{"start":{"line":298,"column":4},"end":{"line":298,"column":28}},"type":"if","locations":[{"start":{"line":298,"column":4},"end":{"line":298,"column":28}}]},"23":{"loc":{"start":{"line":309,"column":4},"end":{"line":309,"column":26}},"type":"if","locations":[{"start":{"line":309,"column":4},"end":{"line":309,"column":26}}]},"24":{"loc":{"start":{"line":323,"column":4},"end":{"line":323,"column":35}},"type":"if","locations":[{"start":{"line":323,"column":4},"end":{"line":323,"column":35}}]},"25":{"loc":{"start":{"line":349,"column":4},"end":{"line":349,"column":58}},"type":"if","locations":[{"start":{"line":349,"column":4},"end":{"line":349,"column":58}}]}},"s":{"0":39,"1":39,"2":39,"3":1,"4":38,"5":28,"6":0,"7":172,"8":172,"9":6,"10":1,"11":5,"12":12,"13":0,"14":12,"15":12,"16":0,"17":12,"18":4,"19":4,"20":4,"21":4,"22":4,"23":44,"24":4,"25":4,"26":4,"27":4,"28":4,"29":0,"30":0,"31":0,"32":4,"33":164,"34":1968,"35":4,"36":4,"37":4,"38":4,"39":4,"40":4,"41":164,"42":164,"43":4,"44":4,"45":4,"46":160,"47":92,"48":68,"49":160,"50":160,"51":4,"52":0,"53":0,"54":0,"55":16,"56":16,"57":16,"58":16,"59":16,"60":16,"61":16,"62":4,"63":4,"64":0,"65":4,"66":0,"67":0,"68":6,"69":1,"70":5,"71":0,"72":0,"73":0,"74":6,"75":1,"76":5,"77":6,"78":1,"79":5,"80":7,"81":1,"82":6,"83":6,"84":1,"85":5,"86":6,"87":1,"88":5,"89":6,"90":1,"91":5,"92":2,"93":1,"94":1,"95":1,"96":1,"97":1,"98":1,"99":1,"100":2,"101":1,"102":1,"103":2},"f":{"0":39,"1":28,"2":0,"3":172,"4":172,"5":6,"6":12,"7":12,"8":4,"9":164,"10":1968,"11":16,"12":4,"13":4,"14":0,"15":4,"16":0,"17":6,"18":0,"19":6,"20":6,"21":7,"22":6,"23":6,"24":6,"25":2,"26":2},"b":{"0":[1],"1":[28,28],"2":[1],"3":[0],"4":[0],"5":[4],"6":[44,44,40,0],"7":[0],"8":[4],"9":[92,68],"10":[4],"11":[16,0],"12":[4,0],"13":[4,0],"14":[0,0],"15":[4,0],"16":[1],"17":[0],"18":[1],"19":[1],"20":[1],"21":[1],"22":[1],"23":[1],"24":[1],"25":[1]}}
,"/Users/parthpatel/real-estate-analyzer/backend/src/utils/logger.ts": {"path":"/Users/parthpatel/real-estate-analyzer/backend/src/utils/logger.ts","statementMap":{"0":{"start":{"line":1,"column":0},"end":{"line":1,"column":30}},"1":{"start":{"line":3,"column":13},"end":{"line":13,"column":3}},"2":{"start":{"line":16,"column":0},"end":{"line":20,"column":null}},"3":{"start":{"line":17,"column":2},"end":{"line":19,"column":6}}},"fnMap":{},"branchMap":{"0":{"loc":{"start":{"line":16,"column":0},"end":{"line":20,"column":null}},"type":"if","locations":[{"start":{"line":16,"column":0},"end":{"line":20,"column":null}}]}},"s":{"0":0,"1":0,"2":0,"3":0},"f":{},"b":{"0":[0]}}
,"/Users/parthpatel/real-estate-analyzer/backend/src/utils/modelCheck.ts": {"path":"/Users/parthpatel/real-estate-analyzer/backend/src/utils/modelCheck.ts","statementMap":{"0":{"start":{"line":1,"column":0},"end":{"line":1,"column":32}},"1":{"start":{"line":2,"column":0},"end":{"line":2,"column":34}},"2":{"start":{"line":5,"column":0},"end":{"line":5,"column":24}},"3":{"start":{"line":11,"column":27},"end":{"line":11,"column":55}},"4":{"start":{"line":12,"column":2},"end":{"line":12,"column":54}},"5":{"start":{"line":15,"column":25},"end":{"line":15,"column":33}},"6":{"start":{"line":18,"column":24},"end":{"line":18,"column":89}},"7":{"start":{"line":18,"column":55},"end":{"line":18,"column":88}},"8":{"start":{"line":20,"column":2},"end":{"line":23,"column":null}},"9":{"start":{"line":21,"column":4},"end":{"line":21,"column":60}},"10":{"start":{"line":22,"column":4},"end":{"line":22,"column":17}},"11":{"start":{"line":25,"column":2},"end":{"line":25,"column":52}},"12":{"start":{"line":26,"column":2},"end":{"line":26,"column":14}},"13":{"start":{"line":10,"column":0},"end":{"line":10,"column":16}},"14":{"start":{"line":33,"column":2},"end":{"line":58,"column":null}},"15":{"start":{"line":34,"column":15},"end":{"line":34,"column":37}},"16":{"start":{"line":35,"column":24},"end":{"line":35,"column":60}},"17":{"start":{"line":36,"column":28},"end":{"line":36,"column":56}},"18":{"start":{"line":36,"column":49},"end":{"line":36,"column":55}},"19":{"start":{"line":38,"column":4},"end":{"line":38,"column":61}},"20":{"start":{"line":41,"column":32},"end":{"line":41,"column":41}},"21":{"start":{"line":44,"column":31},"end":{"line":45,"column":null}},"22":{"start":{"line":45,"column":20},"end":{"line":45,"column":57}},"23":{"start":{"line":48,"column":4},"end":{"line":51,"column":null}},"24":{"start":{"line":49,"column":6},"end":{"line":49,"column":72}},"25":{"start":{"line":50,"column":6},"end":{"line":50,"column":19}},"26":{"start":{"line":53,"column":4},"end":{"line":53,"column":66}},"27":{"start":{"line":54,"column":4},"end":{"line":54,"column":16}},"28":{"start":{"line":56,"column":4},"end":{"line":56,"column":55}},"29":{"start":{"line":57,"column":4},"end":{"line":57,"column":17}},"30":{"start":{"line":32,"column":0},"end":{"line":32,"column":7}}},"fnMap":{"0":{"name":"checkModels","decl":{"start":{"line":10,"column":16},"end":{"line":10,"column":27}},"loc":{"start":{"line":10,"column":27},"end":{"line":27,"column":1}}},"1":{"name":"(anonymous_2)","decl":{"start":{"line":18,"column":46},"end":{"line":18,"column":51}},"loc":{"start":{"line":18,"column":55},"end":{"line":18,"column":88}}},"2":{"name":"checkCollections","decl":{"start":{"line":32,"column":22},"end":{"line":32,"column":38}},"loc":{"start":{"line":32,"column":38},"end":{"line":59,"column":1}}},"3":{"name":"(anonymous_4)","decl":{"start":{"line":36,"column":44},"end":{"line":36,"column":45}},"loc":{"start":{"line":36,"column":49},"end":{"line":36,"column":55}}},"4":{"name":"(anonymous_5)","decl":{"start":{"line":45,"column":6},"end":{"line":45,"column":16}},"loc":{"start":{"line":45,"column":20},"end":{"line":45,"column":57}}}},"branchMap":{"0":{"loc":{"start":{"line":20,"column":2},"end":{"line":23,"column":null}},"type":"if","locations":[{"start":{"line":20,"column":2},"end":{"line":23,"column":null}}]},"1":{"loc":{"start":{"line":48,"column":4},"end":{"line":51,"column":null}},"type":"if","locations":[{"start":{"line":48,"column":4},"end":{"line":51,"column":null}}]}},"s":{"0":0,"1":0,"2":0,"3":0,"4":0,"5":0,"6":0,"7":0,"8":0,"9":0,"10":0,"11":0,"12":0,"13":0,"14":0,"15":0,"16":0,"17":0,"18":0,"19":0,"20":0,"21":0,"22":0,"23":0,"24":0,"25":0,"26":0,"27":0,"28":0,"29":0,"30":0},"f":{"0":0,"1":0,"2":0,"3":0,"4":0},"b":{"0":[0],"1":[0]}}
,"/Users/parthpatel/real-estate-analyzer/backend/src/utils/fixers/projectionFixer.ts": {"path":"/Users/parthpatel/real-estate-analyzer/backend/src/utils/fixers/projectionFixer.ts","statementMap":{"0":{"start":{"line":23,"column":2},"end":{"line":26,"column":null}},"1":{"start":{"line":24,"column":4},"end":{"line":24,"column":69}},"2":{"start":{"line":25,"column":4},"end":{"line":25,"column":23}},"3":{"start":{"line":28,"column":20},"end":{"line":28,"column":34}},"4":{"start":{"line":29,"column":19},"end":{"line":29,"column":54}},"5":{"start":{"line":34,"column":2},"end":{"line":34,"column":89}},"6":{"start":{"line":35,"column":2},"end":{"line":35,"column":171}},"7":{"start":{"line":38,"column":27},"end":{"line":75,"column":4}},"8":{"start":{"line":39,"column":4},"end":{"line":42,"column":null}},"9":{"start":{"line":41,"column":6},"end":{"line":41,"column":18}},"10":{"start":{"line":45,"column":28},"end":{"line":45,"column":68}},"11":{"start":{"line":48,"column":22},"end":{"line":53,"column":6}},"12":{"start":{"line":56,"column":4},"end":{"line":62,"column":6}},"13":{"start":{"line":66,"column":6},"end":{"line":67,"column":92}},"14":{"start":{"line":69,"column":4},"end":{"line":69,"column":71}},"15":{"start":{"line":72,"column":4},"end":{"line":72,"column":65}},"16":{"start":{"line":74,"column":4},"end":{"line":74,"column":21}},"17":{"start":{"line":78,"column":2},"end":{"line":82,"column":null}},"18":{"start":{"line":79,"column":27},"end":{"line":79,"column":46}},"19":{"start":{"line":80,"column":26},"end":{"line":80,"column":71}},"20":{"start":{"line":81,"column":4},"end":{"line":81,"column":255}},"21":{"start":{"line":84,"column":2},"end":{"line":84,"column":26}},"22":{"start":{"line":19,"column":0},"end":{"line":19,"column":16}},"23":{"start":{"line":95,"column":2},"end":{"line":98,"column":null}},"24":{"start":{"line":96,"column":4},"end":{"line":96,"column":74}},"25":{"start":{"line":97,"column":4},"end":{"line":97,"column":16}},"26":{"start":{"line":101,"column":20},"end":{"line":101,"column":34}},"27":{"start":{"line":102,"column":2},"end":{"line":108,"column":null}},"28":{"start":{"line":106,"column":4},"end":{"line":106,"column":86}},"29":{"start":{"line":107,"column":4},"end":{"line":107,"column":16}},"30":{"start":{"line":110,"column":2},"end":{"line":110,"column":15}},"31":{"start":{"line":93,"column":0},"end":{"line":93,"column":16}},"32":{"start":{"line":113,"column":0},"end":{"line":116,"column":2}}},"fnMap":{"0":{"name":"ensureExpenseInflation","decl":{"start":{"line":19,"column":16},"end":{"line":19,"column":38}},"loc":{"start":{"line":21,"column":29},"end":{"line":85,"column":1}}},"1":{"name":"(anonymous_1)","decl":{"start":{"line":38,"column":43},"end":{"line":38,"column":44}},"loc":{"start":{"line":38,"column":59},"end":{"line":75,"column":3}}},"2":{"name":"shouldRegenerateProjections","decl":{"start":{"line":93,"column":16},"end":{"line":93,"column":43}},"loc":{"start":{"line":93,"column":62},"end":{"line":111,"column":1}}}},"branchMap":{"0":{"loc":{"start":{"line":21,"column":2},"end":{"line":21,"column":29}},"type":"default-arg","locations":[{"start":{"line":21,"column":26},"end":{"line":21,"column":29}}]},"1":{"loc":{"start":{"line":23,"column":2},"end":{"line":26,"column":null}},"type":"if","locations":[{"start":{"line":23,"column":2},"end":{"line":26,"column":null}}]},"2":{"loc":{"start":{"line":23,"column":6},"end":{"line":23,"column":76}},"type":"binary-expr","locations":[{"start":{"line":23,"column":6},"end":{"line":23,"column":18}},{"start":{"line":23,"column":22},"end":{"line":23,"column":49}},{"start":{"line":23,"column":53},"end":{"line":23,"column":76}}]},"3":{"loc":{"start":{"line":35,"column":59},"end":{"line":35,"column":97}},"type":"binary-expr","locations":[{"start":{"line":35,"column":59},"end":{"line":35,"column":92}},{"start":{"line":35,"column":96},"end":{"line":35,"column":97}}]},"4":{"loc":{"start":{"line":35,"column":59},"end":{"line":35,"column":92}},"type":"cond-expr","locations":[{"start":{"line":35,"column":80},"end":{"line":35,"column":82}},{"start":{"line":35,"column":80},"end":{"line":35,"column":92}}]},"5":{"loc":{"start":{"line":35,"column":59},"end":{"line":35,"column":82}},"type":"binary-expr","locations":[{"start":{"line":35,"column":59},"end":{"line":35,"column":82}},{"start":{"line":35,"column":80},"end":{"line":35,"column":82}}]},"6":{"loc":{"start":{"line":35,"column":130},"end":{"line":35,"column":167}},"type":"binary-expr","locations":[{"start":{"line":35,"column":130},"end":{"line":35,"column":162}},{"start":{"line":35,"column":166},"end":{"line":35,"column":167}}]},"7":{"loc":{"start":{"line":35,"column":130},"end":{"line":35,"column":162}},"type":"cond-expr","locations":[{"start":{"line":35,"column":150},"end":{"line":35,"column":152}},{"start":{"line":35,"column":150},"end":{"line":35,"column":162}}]},"8":{"loc":{"start":{"line":35,"column":130},"end":{"line":35,"column":152}},"type":"binary-expr","locations":[{"start":{"line":35,"column":130},"end":{"line":35,"column":152}},{"start":{"line":35,"column":150},"end":{"line":35,"column":152}}]},"9":{"loc":{"start":{"line":39,"column":4},"end":{"line":42,"column":null}},"type":"if","locations":[{"start":{"line":39,"column":4},"end":{"line":42,"column":null}}]},"10":{"loc":{"start":{"line":66,"column":7},"end":{"line":66,"column":41}},"type":"binary-expr","locations":[{"start":{"line":66,"column":7},"end":{"line":66,"column":21}},{"start":{"line":66,"column":25},"end":{"line":66,"column":41}}]},"11":{"loc":{"start":{"line":67,"column":12},"end":{"line":67,"column":90}},"type":"binary-expr","locations":[{"start":{"line":67,"column":12},"end":{"line":67,"column":28}},{"start":{"line":67,"column":33},"end":{"line":67,"column":84}},{"start":{"line":67,"column":89},"end":{"line":67,"column":90}}]},"12":{"loc":{"start":{"line":67,"column":49},"end":{"line":67,"column":83}},"type":"binary-expr","locations":[{"start":{"line":67,"column":49},"end":{"line":67,"column":63}},{"start":{"line":67,"column":67},"end":{"line":67,"column":83}}]},"13":{"loc":{"start":{"line":72,"column":42},"end":{"line":72,"column":63}},"type":"binary-expr","locations":[{"start":{"line":72,"column":42},"end":{"line":72,"column":58}},{"start":{"line":72,"column":62},"end":{"line":72,"column":63}}]},"14":{"loc":{"start":{"line":78,"column":2},"end":{"line":82,"column":null}},"type":"if","locations":[{"start":{"line":78,"column":2},"end":{"line":82,"column":null}}]},"15":{"loc":{"start":{"line":95,"column":2},"end":{"line":98,"column":null}},"type":"if","locations":[{"start":{"line":95,"column":2},"end":{"line":98,"column":null}}]},"16":{"loc":{"start":{"line":95,"column":6},"end":{"line":95,"column":77}},"type":"binary-expr","locations":[{"start":{"line":95,"column":6},"end":{"line":95,"column":18}},{"start":{"line":95,"column":22},"end":{"line":95,"column":49}},{"start":{"line":95,"column":53},"end":{"line":95,"column":77}}]},"17":{"loc":{"start":{"line":102,"column":2},"end":{"line":108,"column":null}},"type":"if","locations":[{"start":{"line":102,"column":2},"end":{"line":108,"column":null}}]},"18":{"loc":{"start":{"line":102,"column":6},"end":{"line":105,"column":42}},"type":"binary-expr","locations":[{"start":{"line":102,"column":6},"end":{"line":102,"column":16}},{"start":{"line":103,"column":6},"end":{"line":103,"column":50}},{"start":{"line":104,"column":6},"end":{"line":104,"column":48}},{"start":{"line":105,"column":6},"end":{"line":105,"column":42}}]}},"s":{"0":0,"1":0,"2":0,"3":0,"4":0,"5":0,"6":0,"7":0,"8":0,"9":0,"10":0,"11":0,"12":0,"13":0,"14":0,"15":0,"16":0,"17":0,"18":0,"19":0,"20":0,"21":0,"22":0,"23":0,"24":0,"25":0,"26":0,"27":0,"28":0,"29":0,"30":0,"31":0,"32":0},"f":{"0":0,"1":0,"2":0},"b":{"0":[0],"1":[0],"2":[0,0,0],"3":[0,0],"4":[0,0],"5":[0,0],"6":[0,0],"7":[0,0],"8":[0,0],"9":[0],"10":[0,0],"11":[0,0,0],"12":[0,0],"13":[0,0],"14":[0],"15":[0],"16":[0,0,0],"17":[0],"18":[0,0,0,0]}}
}
