TN:
SF:src/testApiOnStartup.ts
FN:13,testEndpoint
FN:30,checkRequiredFields
FN:43,runApiSmokeTests
FNF:3
FNH:0
FNDA:0,testEndpoint
FNDA:0,checkRequiredFields
FNDA:0,runApiSmokeTests
DA:1,0
DA:2,0
DA:4,0
DA:6,0
DA:14,0
DA:15,0
DA:21,0
DA:22,0
DA:24,0
DA:26,0
DA:31,0
DA:32,0
DA:33,0
DA:34,0
DA:35,0
DA:37,0
DA:40,0
DA:43,0
DA:44,0
DA:45,0
DA:48,0
DA:49,0
DA:50,0
DA:54,0
DA:57,0
DA:60,0
DA:61,0
DA:62,0
DA:66,0
DA:67,0
DA:68,0
DA:71,0
DA:74,0
LF:33
LH:0
BRDA:4,0,0,0
BRDA:4,0,1,0
BRDA:13,1,0,0
BRDA:24,2,0,0
BRDA:24,2,1,0
BRDA:24,3,0,0
BRDA:24,3,1,0
BRDA:24,4,0,0
BRDA:24,4,1,0
BRDA:33,5,0,0
BRDA:33,5,1,0
BRDA:48,6,0,0
BRDA:48,7,0,0
BRDA:48,7,1,0
BRDA:60,8,0,0
BRDA:62,9,0,0
BRDA:66,10,0,0
BRDA:68,11,0,0
BRF:18
BRH:0
end_of_record
TN:
SF:src/analysis/BasePropertyAnalyzer.ts
FN:25,(anonymous_0)
FN:30,(anonymous_1)
FN:42,(anonymous_2)
FN:51,(anonymous_3)
FN:54,(anonymous_4)
FN:58,(anonymous_5)
FN:62,(anonymous_6)
FN:66,(anonymous_7)
FN:70,(anonymous_8)
FN:243,(anonymous_9)
FN:251,(anonymous_10)
FN:278,(anonymous_11)
FN:316,(anonymous_12)
FN:379,(anonymous_13)
FNF:14
FNH:0
FNDA:0,(anonymous_0)
FNDA:0,(anonymous_1)
FNDA:0,(anonymous_2)
FNDA:0,(anonymous_3)
FNDA:0,(anonymous_4)
FNDA:0,(anonymous_5)
FNDA:0,(anonymous_6)
FNDA:0,(anonymous_7)
FNDA:0,(anonymous_8)
FNDA:0,(anonymous_9)
FNDA:0,(anonymous_10)
FNDA:0,(anonymous_11)
FNDA:0,(anonymous_12)
FNDA:0,(anonymous_13)
DA:1,0
DA:21,0
DA:26,0
DA:27,0
DA:31,0
DA:35,0
DA:43,0
DA:51,0
DA:55,0
DA:59,0
DA:63,0
DA:67,0
DA:71,0
DA:72,0
DA:73,0
DA:74,0
DA:75,0
DA:77,0
DA:78,0
DA:89,0
DA:99,0
DA:107,0
DA:108,0
DA:110,0
DA:117,0
DA:118,0
DA:119,0
DA:120,0
DA:122,0
DA:129,0
DA:130,0
DA:132,0
DA:133,0
DA:135,0
DA:136,0
DA:138,0
DA:139,0
DA:140,0
DA:142,0
DA:148,0
DA:149,0
DA:151,0
DA:157,0
DA:158,0
DA:161,0
DA:162,0
DA:165,0
DA:167,0
DA:180,0
DA:182,0
DA:184,0
DA:186,0
DA:187,0
DA:189,0
DA:199,0
DA:201,0
DA:202,0
DA:203,0
DA:205,0
DA:206,0
DA:208,0
DA:216,0
DA:240,0
DA:244,0
DA:245,0
DA:251,0
DA:253,0
DA:266,0
DA:279,0
DA:280,0
DA:282,0
DA:283,0
DA:284,0
DA:285,0
DA:288,0
DA:292,0
DA:293,0
DA:294,0
DA:296,0
DA:297,0
DA:298,0
DA:299,0
DA:300,0
DA:301,0
DA:302,0
DA:303,0
DA:304,0
DA:305,0
DA:310,0
DA:311,0
DA:312,0
DA:313,0
DA:316,0
DA:319,0
DA:322,0
DA:324,0
DA:325,0
DA:326,0
DA:327,0
DA:328,0
DA:329,0
DA:331,0
DA:366,0
DA:367,0
DA:368,0
DA:369,0
DA:370,0
DA:371,0
DA:372,0
DA:373,0
DA:374,0
DA:376,0
DA:381,0
DA:382,0
DA:383,0
DA:386,0
DA:388,0
DA:391,0
DA:392,0
DA:395,0
DA:396,0
DA:398,0
LF:122
LH:0
BRDA:81,0,0,0
BRDA:81,0,1,0
BRDA:82,1,0,0
BRDA:82,1,1,0
BRDA:95,2,0,0
BRDA:95,2,1,0
BRDA:117,3,0,0
BRDA:117,3,1,0
BRDA:117,4,0,0
BRDA:117,4,1,0
BRDA:117,5,0,0
BRDA:117,5,1,0
BRDA:118,6,0,0
BRDA:118,6,1,0
BRDA:118,7,0,0
BRDA:118,7,1,0
BRDA:118,8,0,0
BRDA:118,8,1,0
BRDA:119,9,0,0
BRDA:119,9,1,0
BRDA:180,10,0,0
BRDA:180,10,1,0
BRDA:180,11,0,0
BRDA:180,11,1,0
BRDA:246,12,0,0
BRDA:246,12,1,0
BRDA:247,13,0,0
BRDA:247,13,1,0
BRDA:261,14,0,0
BRDA:261,14,1,0
BRDA:262,15,0,0
BRDA:262,15,1,0
BRDA:289,16,0,0
BRDA:289,16,1,0
BRDA:290,17,0,0
BRDA:290,17,1,0
BRDA:307,18,0,0
BRDA:307,18,1,0
BRDA:308,19,0,0
BRDA:308,19,1,0
BRDA:319,20,0,0
BRDA:319,20,1,0
BRDA:319,21,0,0
BRDA:319,21,1,0
BRDA:357,22,0,0
BRDA:357,22,1,0
BRDA:381,23,0,0
BRDA:381,23,1,0
BRDA:381,24,0,0
BRDA:381,24,1,0
BRDA:381,25,0,0
BRDA:381,25,1,0
BRDA:382,26,0,0
BRDA:382,26,1,0
BRDA:382,27,0,0
BRDA:382,27,1,0
BRDA:382,28,0,0
BRDA:382,28,1,0
BRDA:386,29,0,0
BRDA:386,29,1,0
BRF:60
BRH:0
end_of_record
TN:
SF:src/analysis/MultiFamilyAnalyzer.ts
FN:7,(anonymous_0)
FN:9,(anonymous_1)
FN:14,(anonymous_2)
FN:43,(anonymous_3)
FN:88,(anonymous_4)
FN:132,(anonymous_5)
FN:144,(anonymous_6)
FN:145,(anonymous_7)
FN:152,(anonymous_8)
FN:153,(anonymous_9)
FN:160,(anonymous_10)
FN:167,(anonymous_11)
FNF:12
FNH:0
FNDA:0,(anonymous_0)
FNDA:0,(anonymous_1)
FNDA:0,(anonymous_2)
FNDA:0,(anonymous_3)
FNDA:0,(anonymous_4)
FNDA:0,(anonymous_5)
FNDA:0,(anonymous_6)
FNDA:0,(anonymous_7)
FNDA:0,(anonymous_8)
FNDA:0,(anonymous_9)
FNDA:0,(anonymous_10)
FNDA:0,(anonymous_11)
DA:1,0
DA:2,0
DA:6,0
DA:8,0
DA:9,0
DA:10,0
DA:15,0
DA:18,0
DA:19,0
DA:20,0
DA:21,0
DA:24,0
DA:27,0
DA:28,0
DA:29,0
DA:37,0
DA:38,0
DA:40,0
DA:44,0
DA:45,0
DA:46,0
DA:47,0
DA:48,0
DA:49,0
DA:50,0
DA:53,0
DA:54,0
DA:55,0
DA:57,0
DA:60,0
DA:85,0
DA:89,0
DA:92,0
DA:93,0
DA:94,0
DA:95,0
DA:96,0
DA:99,0
DA:100,0
DA:101,0
DA:102,0
DA:104,0
DA:105,0
DA:106,0
DA:107,0
DA:108,0
DA:112,0
DA:114,0
DA:133,0
DA:136,0
DA:141,0
DA:145,0
DA:146,0
DA:149,0
DA:153,0
DA:154,0
DA:157,0
DA:161,0
DA:162,0
DA:163,0
DA:165,0
DA:167,0
LF:62
LH:0
BRDA:24,0,0,0
BRDA:24,0,1,0
BRDA:28,1,0,0
BRDA:30,2,0,0
BRDA:30,2,1,0
BRDA:31,3,0,0
BRDA:31,3,1,0
BRDA:32,4,0,0
BRDA:32,4,1,0
BRDA:33,5,0,0
BRDA:33,5,1,0
BRDA:50,6,0,0
BRDA:50,6,1,0
BRDA:96,7,0,0
BRDA:96,7,1,0
BRDA:104,8,0,0
BRDA:105,9,0,0
BRDA:105,9,1,0
BRDA:106,10,0,0
BRDA:106,10,1,0
BRDA:107,11,0,0
BRDA:107,11,1,0
BRDA:108,12,0,0
BRDA:108,12,1,0
BRDA:133,13,0,0
BRDA:133,14,0,0
BRDA:133,14,1,0
BRDA:136,15,0,0
BRDA:136,15,1,0
BRDA:137,16,0,0
BRDA:137,16,1,0
BRDA:138,17,0,0
BRDA:138,17,1,0
BRDA:139,18,0,0
BRDA:139,18,1,0
BRDA:141,19,0,0
BRDA:141,19,1,0
BRDA:149,20,0,0
BRDA:149,20,1,0
BRDA:157,21,0,0
BRDA:157,21,1,0
BRDA:163,22,0,0
BRDA:163,22,1,0
BRF:43
BRH:0
end_of_record
TN:
SF:src/analysis/SFRAnalyzer.ts
FN:7,(anonymous_0)
FN:12,(anonymous_1)
FN:26,(anonymous_2)
FN:50,(anonymous_3)
FN:206,(anonymous_4)
FN:333,(anonymous_5)
FN:352,(anonymous_6)
FN:359,(anonymous_7)
FN:366,(anonymous_8)
FN:375,(anonymous_9)
FN:465,(anonymous_10)
FNF:11
FNH:0
FNDA:0,(anonymous_0)
FNDA:0,(anonymous_1)
FNDA:0,(anonymous_2)
FNDA:0,(anonymous_3)
FNDA:0,(anonymous_4)
FNDA:0,(anonymous_5)
FNDA:0,(anonymous_6)
FNDA:0,(anonymous_7)
FNDA:0,(anonymous_8)
FNDA:0,(anonymous_9)
FNDA:0,(anonymous_10)
DA:1,0
DA:2,0
DA:6,0
DA:8,0
DA:13,0
DA:16,0
DA:17,0
DA:18,0
DA:19,0
DA:20,0
DA:21,0
DA:23,0
DA:27,0
DA:28,0
DA:29,0
DA:30,0
DA:31,0
DA:32,0
DA:33,0
DA:36,0
DA:37,0
DA:38,0
DA:39,0
DA:40,0
DA:41,0
DA:42,0
DA:43,0
DA:44,0
DA:45,0
DA:48,0
DA:49,0
DA:50,0
DA:51,0
DA:55,0
DA:56,0
DA:57,0
DA:60,0
DA:61,0
DA:62,0
DA:65,0
DA:67,0
DA:70,0
DA:71,0
DA:74,0
DA:77,0
DA:78,0
DA:79,0
DA:80,0
DA:82,0
DA:91,0
DA:92,0
DA:93,0
DA:94,0
DA:95,0
DA:96,0
DA:99,0
DA:102,0
DA:108,0
DA:109,0
DA:110,0
DA:111,0
DA:112,0
DA:114,0
DA:178,0
DA:179,0
DA:180,0
DA:181,0
DA:182,0
DA:183,0
DA:184,0
DA:185,0
DA:186,0
DA:187,0
DA:188,0
DA:189,0
DA:190,0
DA:191,0
DA:192,0
DA:193,0
DA:194,0
DA:197,0
DA:198,0
DA:199,0
DA:203,0
DA:208,0
DA:209,0
DA:210,0
DA:211,0
DA:212,0
DA:213,0
DA:214,0
DA:215,0
DA:217,0
DA:218,0
DA:219,0
DA:220,0
DA:221,0
DA:222,0
DA:223,0
DA:224,0
DA:227,0
DA:228,0
DA:229,0
DA:230,0
DA:231,0
DA:234,0
DA:235,0
DA:240,0
DA:243,0
DA:244,0
DA:245,0
DA:249,0
DA:252,0
DA:257,0
DA:258,0
DA:259,0
DA:260,0
DA:261,0
DA:264,0
DA:265,0
DA:270,0
DA:273,0
DA:274,0
DA:275,0
DA:279,0
DA:282,0
DA:286,0
DA:287,0
DA:288,0
DA:289,0
DA:290,0
DA:291,0
DA:292,0
DA:293,0
DA:294,0
DA:295,0
DA:297,0
DA:298,0
DA:299,0
DA:300,0
DA:301,0
DA:302,0
DA:303,0
DA:304,0
DA:305,0
DA:306,0
DA:307,0
DA:309,0
DA:334,0
DA:353,0
DA:354,0
DA:355,0
DA:357,0
DA:359,0
DA:364,0
DA:365,0
DA:366,0
DA:367,0
DA:368,0
DA:369,0
DA:371,0
DA:377,0
DA:380,0
DA:381,0
DA:384,0
DA:398,0
DA:399,0
DA:400,0
DA:404,0
DA:405,0
DA:406,0
DA:407,0
DA:408,0
DA:409,0
DA:410,0
DA:411,0
DA:413,0
DA:418,0
DA:419,0
DA:420,0
DA:428,0
DA:429,0
DA:448,0
DA:451,0
DA:461,0
DA:466,0
DA:467,0
LF:187
LH:0
BRDA:18,0,0,0
BRDA:18,0,1,0
BRDA:33,1,0,0
BRDA:33,1,1,0
BRDA:33,2,0,0
BRDA:33,2,1,0
BRDA:44,3,0,0
BRDA:44,3,1,0
BRDA:55,4,0,0
BRDA:55,4,1,0
BRDA:60,5,0,0
BRDA:60,5,1,0
BRDA:60,6,0,0
BRDA:60,6,1,0
BRDA:60,7,0,0
BRDA:60,7,1,0
BRDA:61,8,0,0
BRDA:61,8,1,0
BRDA:61,9,0,0
BRDA:61,9,1,0
BRDA:61,10,0,0
BRDA:61,10,1,0
BRDA:65,11,0,0
BRDA:65,11,1,0
BRDA:80,12,0,0
BRDA:80,12,1,0
BRDA:80,13,0,0
BRDA:80,13,1,0
BRDA:99,14,0,0
BRDA:99,14,1,0
BRDA:197,15,0,0
BRDA:197,16,0,0
BRDA:197,16,1,0
BRDA:213,17,0,0
BRDA:213,17,1,0
BRDA:355,18,0,0
BRDA:355,18,1,0
BRDA:380,19,0,0
BRDA:380,20,0,0
BRDA:380,20,1,0
BRDA:380,21,0,0
BRDA:380,21,1,0
BRDA:380,22,0,0
BRDA:380,22,1,0
BRDA:380,23,0,0
BRDA:380,23,1,0
BRDA:391,24,0,0
BRDA:391,24,1,0
BRDA:393,25,0,0
BRDA:393,25,1,0
BRDA:398,26,0,0
BRDA:398,27,0,0
BRDA:398,27,1,0
BRDA:404,28,0,0
BRDA:404,29,0,0
BRDA:404,29,1,0
BRDA:404,30,0,0
BRDA:404,30,1,0
BRDA:406,31,0,0
BRDA:406,31,1,0
BRDA:406,32,0,0
BRDA:406,32,1,0
BRDA:406,33,0,0
BRDA:406,33,1,0
BRDA:407,34,0,0
BRDA:407,34,1,0
BRDA:408,35,0,0
BRDA:408,35,1,0
BRDA:409,36,0,0
BRDA:409,36,1,0
BRDA:410,37,0,0
BRDA:410,37,1,0
BRDA:411,38,0,0
BRDA:411,38,1,0
BRDA:418,39,0,0
BRDA:418,40,0,0
BRDA:418,40,1,0
BRDA:418,41,0,0
BRDA:418,41,1,0
BRDA:419,42,0,0
BRDA:428,43,0,0
BRDA:452,44,0,0
BRDA:452,44,1,0
BRDA:452,45,0,0
BRDA:452,45,1,0
BRDA:453,46,0,0
BRDA:453,46,1,0
BRDA:453,47,0,0
BRDA:453,47,1,0
BRDA:453,48,0,0
BRDA:453,48,1,0
BRDA:453,49,0,0
BRDA:453,49,1,0
BRDA:454,50,0,0
BRDA:454,50,1,0
BRDA:454,51,0,0
BRDA:454,51,1,0
BRDA:454,52,0,0
BRDA:454,52,1,0
BRDA:454,53,0,0
BRDA:454,53,1,0
BRF:101
BRH:0
end_of_record
TN:
SF:src/analysis/index.ts
FN:1,(anonymous_0)
FN:2,(anonymous_1)
FN:3,(anonymous_2)
FNF:3
FNH:0
FNDA:0,(anonymous_0)
FNDA:0,(anonymous_1)
FNDA:0,(anonymous_2)
DA:1,0
DA:2,0
DA:3,0
LF:3
LH:0
BRF:0
BRH:0
end_of_record
TN:
SF:src/controllers/censusController.ts
FN:14,(anonymous_0)
FN:47,(anonymous_1)
FN:80,(anonymous_2)
FN:113,(anonymous_3)
FNF:4
FNH:4
FNDA:3,(anonymous_0)
FNDA:1,(anonymous_1)
FNDA:1,(anonymous_2)
FNDA:1,(anonymous_3)
DA:7,1
DA:8,1
DA:14,1
DA:15,3
DA:16,3
DA:27,3
DA:28,1
DA:33,2
DA:34,1
DA:36,1
DA:37,1
DA:47,1
DA:48,1
DA:49,1
DA:60,1
DA:61,0
DA:66,1
DA:67,1
DA:69,0
DA:70,0
DA:80,1
DA:81,1
DA:82,1
DA:93,1
DA:94,0
DA:99,1
DA:100,1
DA:102,0
DA:103,0
DA:113,1
DA:114,1
DA:115,1
DA:126,1
DA:127,0
DA:132,1
DA:133,1
DA:135,0
DA:136,0
LF:38
LH:29
BRDA:22,0,0,0
BRDA:22,0,1,3
BRDA:27,1,0,1
BRDA:27,2,0,3
BRDA:27,2,1,3
BRDA:27,2,2,3
BRDA:27,2,3,1
BRDA:27,2,4,1
BRDA:55,3,0,0
BRDA:55,3,1,1
BRDA:60,4,0,0
BRDA:60,5,0,1
BRDA:60,5,1,0
BRDA:60,5,2,0
BRDA:60,5,3,0
BRDA:60,5,4,0
BRDA:88,6,0,0
BRDA:88,6,1,1
BRDA:93,7,0,0
BRDA:93,8,0,1
BRDA:93,8,1,0
BRDA:93,8,2,0
BRDA:93,8,3,0
BRDA:93,8,4,0
BRDA:121,9,0,0
BRDA:121,9,1,1
BRDA:126,10,0,0
BRDA:126,11,0,1
BRDA:126,11,1,1
BRDA:126,11,2,1
BRDA:126,11,3,0
BRDA:126,11,4,0
BRF:32
BRH:15
end_of_record
TN:
SF:src/controllers/dealController.ts
FN:10,(anonymous_0)
FN:15,(anonymous_1)
FN:31,(anonymous_2)
FN:38,(anonymous_3)
FN:56,(anonymous_4)
FN:241,(anonymous_5)
FN:352,(anonymous_6)
FN:450,(anonymous_7)
FN:471,(anonymous_8)
FN:490,(anonymous_9)
FN:512,(anonymous_10)
FN:531,(anonymous_11)
FNF:12
FNH:0
FNDA:0,(anonymous_0)
FNDA:0,(anonymous_1)
FNDA:0,(anonymous_2)
FNDA:0,(anonymous_3)
FNDA:0,(anonymous_4)
FNDA:0,(anonymous_5)
FNDA:0,(anonymous_6)
FNDA:0,(anonymous_7)
FNDA:0,(anonymous_8)
FNDA:0,(anonymous_9)
FNDA:0,(anonymous_10)
FNDA:0,(anonymous_11)
DA:2,0
DA:3,0
DA:6,0
DA:10,0
DA:11,0
DA:12,0
DA:15,0
DA:16,0
DA:17,0
DA:31,0
DA:32,0
DA:34,0
DA:35,0
DA:38,0
DA:39,0
DA:40,0
DA:44,0
DA:46,0
DA:48,0
DA:49,0
DA:56,0
DA:57,0
DA:58,0
DA:59,0
DA:60,0
DA:62,0
DA:63,0
DA:65,0
DA:66,0
DA:69,0
DA:76,0
DA:79,0
DA:105,0
DA:106,0
DA:107,0
DA:110,0
DA:111,0
DA:112,0
DA:113,0
DA:114,0
DA:115,0
DA:116,0
DA:119,0
DA:120,0
DA:122,0
DA:140,0
DA:141,0
DA:142,0
DA:143,0
DA:146,0
DA:147,0
DA:148,0
DA:151,0
DA:155,0
DA:156,0
DA:157,0
DA:158,0
DA:159,0
DA:161,0
DA:162,0
DA:164,0
DA:183,0
DA:184,0
DA:185,0
DA:187,0
DA:193,0
DA:194,0
DA:195,0
DA:198,0
DA:199,0
DA:200,0
DA:201,0
DA:203,0
DA:212,0
DA:221,0
DA:222,0
DA:223,0
DA:224,0
DA:225,0
DA:226,0
DA:227,0
DA:228,0
DA:229,0
DA:232,0
DA:235,0
DA:236,0
DA:237,0
DA:241,0
DA:242,0
DA:243,0
DA:244,0
DA:245,0
DA:248,0
DA:255,0
DA:258,0
DA:261,0
DA:264,0
DA:267,0
DA:270,0
DA:278,0
DA:279,0
DA:282,0
DA:285,0
DA:288,0
DA:291,0
DA:294,0
DA:297,0
DA:298,0
DA:299,0
DA:301,0
DA:302,0
DA:303,0
DA:304,0
DA:306,0
DA:307,0
DA:309,0
DA:314,0
DA:317,0
DA:320,0
DA:322,0
DA:344,0
DA:345,0
DA:346,0
DA:347,0
DA:348,0
DA:349,0
DA:352,0
DA:353,0
DA:354,0
DA:355,0
DA:359,0
DA:361,0
DA:370,0
DA:378,0
DA:392,0
DA:398,0
DA:402,0
DA:405,0
DA:406,0
DA:407,0
DA:410,0
DA:411,0
DA:412,0
DA:417,0
DA:418,0
DA:419,0
DA:421,0
DA:422,0
DA:423,0
DA:424,0
DA:425,0
DA:426,0
DA:427,0
DA:428,0
DA:429,0
DA:432,0
DA:440,0
DA:442,0
DA:443,0
DA:450,0
DA:451,0
DA:452,0
DA:454,0
DA:455,0
DA:459,0
DA:460,0
DA:461,0
DA:463,0
DA:464,0
DA:471,0
DA:472,0
DA:474,0
DA:479,0
DA:480,0
DA:482,0
DA:483,0
DA:490,0
DA:491,0
DA:492,0
DA:495,0
DA:501,0
DA:502,0
DA:504,0
DA:505,0
DA:512,0
DA:513,0
DA:514,0
DA:515,0
DA:517,0
DA:518,0
DA:521,0
DA:523,0
DA:524,0
DA:531,0
DA:532,0
DA:533,0
DA:535,0
DA:536,0
DA:540,0
DA:541,0
DA:543,0
DA:547,0
DA:550,0
DA:552,0
DA:554,0
DA:555,0
LF:206
LH:0
BRDA:34,0,0,0
BRDA:34,0,1,0
BRDA:34,1,0,0
BRDA:34,1,1,0
BRDA:39,2,0,0
BRDA:65,3,0,0
BRDA:94,4,0,0
BRDA:94,4,1,0
BRDA:106,5,0,0
BRDA:106,5,1,0
BRDA:106,6,0,0
BRDA:106,6,1,0
BRDA:110,7,0,0
BRDA:110,7,1,0
BRDA:111,8,0,0
BRDA:111,8,1,0
BRDA:111,9,0,0
BRDA:111,9,1,0
BRDA:111,10,0,0
BRDA:111,10,1,0
BRDA:112,11,0,0
BRDA:112,11,1,0
BRDA:113,12,0,0
BRDA:113,12,1,0
BRDA:114,13,0,0
BRDA:114,13,1,0
BRDA:115,14,0,0
BRDA:115,14,1,0
BRDA:116,15,0,0
BRDA:116,15,1,0
BRDA:120,16,0,0
BRDA:120,16,1,0
BRDA:120,17,0,0
BRDA:120,17,1,0
BRDA:120,18,0,0
BRDA:120,18,1,0
BRDA:124,19,0,0
BRDA:124,19,1,0
BRDA:124,20,0,0
BRDA:124,20,1,0
BRDA:124,21,0,0
BRDA:124,21,1,0
BRDA:125,22,0,0
BRDA:125,22,1,0
BRDA:125,23,0,0
BRDA:125,23,1,0
BRDA:125,24,0,0
BRDA:125,24,1,0
BRDA:147,25,0,0
BRDA:147,25,1,0
BRDA:157,26,0,0
BRDA:157,26,1,0
BRDA:198,27,0,0
BRDA:198,27,1,0
BRDA:217,28,0,0
BRDA:217,28,1,0
BRDA:217,29,0,0
BRDA:217,29,1,0
BRDA:217,30,0,0
BRDA:217,30,1,0
BRDA:217,31,0,0
BRDA:217,31,1,0
BRDA:217,32,0,0
BRDA:217,32,1,0
BRDA:261,33,0,0
BRDA:261,33,1,0
BRDA:264,34,0,0
BRDA:264,34,1,0
BRDA:267,35,0,0
BRDA:267,35,1,0
BRDA:302,36,0,0
BRDA:306,37,0,0
BRDA:306,37,1,0
BRDA:317,38,0,0
BRDA:317,38,1,0
BRDA:359,39,0,0
BRDA:359,39,1,0
BRDA:388,40,0,0
BRDA:388,40,1,0
BRDA:388,41,0,0
BRDA:388,41,1,0
BRDA:388,42,0,0
BRDA:388,42,1,0
BRDA:405,43,0,0
BRDA:405,44,0,0
BRDA:405,44,1,0
BRDA:405,45,0,0
BRDA:405,45,1,0
BRDA:405,46,0,0
BRDA:405,46,1,0
BRDA:405,47,0,0
BRDA:405,47,1,0
BRDA:410,48,0,0
BRDA:417,49,0,0
BRDA:417,50,0,0
BRDA:417,50,1,0
BRDA:417,51,0,0
BRDA:417,51,1,0
BRDA:417,52,0,0
BRDA:417,52,1,0
BRDA:417,53,0,0
BRDA:417,53,1,0
BRDA:417,54,0,0
BRDA:417,54,1,0
BRDA:417,55,0,0
BRDA:417,55,1,0
BRDA:435,56,0,0
BRDA:435,56,1,0
BRDA:435,57,0,0
BRDA:435,57,1,0
BRDA:436,58,0,0
BRDA:436,58,1,0
BRDA:436,59,0,0
BRDA:436,59,1,0
BRDA:437,60,0,0
BRDA:437,60,1,0
BRDA:437,61,0,0
BRDA:437,61,1,0
BRDA:437,62,0,0
BRDA:437,62,1,0
BRDA:454,63,0,0
BRDA:454,64,0,0
BRDA:454,64,1,0
BRDA:459,65,0,0
BRDA:459,65,1,0
BRDA:459,66,0,0
BRDA:459,66,1,0
BRDA:476,67,0,0
BRDA:476,67,1,0
BRDA:476,68,0,0
BRDA:476,68,1,0
BRDA:498,69,0,0
BRDA:498,69,1,0
BRDA:498,70,0,0
BRDA:498,70,1,0
BRDA:517,71,0,0
BRDA:535,72,0,0
BRDA:535,73,0,0
BRDA:535,73,1,0
BRDA:540,74,0,0
BRDA:540,74,1,0
BRF:141
BRH:0
end_of_record
TN:
SF:src/controllers/deals.ts
FN:17,(anonymous_0)
FN:91,(anonymous_1)
FN:106,(anonymous_2)
FN:122,(anonymous_3)
FN:153,(anonymous_4)
FN:189,(anonymous_5)
FN:205,(anonymous_6)
FN:327,(anonymous_7)
FN:365,(anonymous_8)
FN:404,(anonymous_9)
FN:442,(anonymous_10)
FN:484,(anonymous_11)
FNF:12
FNH:0
FNDA:0,(anonymous_0)
FNDA:0,(anonymous_1)
FNDA:0,(anonymous_2)
FNDA:0,(anonymous_3)
FNDA:0,(anonymous_4)
FNDA:0,(anonymous_5)
FNDA:0,(anonymous_6)
FNDA:0,(anonymous_7)
FNDA:0,(anonymous_8)
FNDA:0,(anonymous_9)
FNDA:0,(anonymous_10)
FNDA:0,(anonymous_11)
DA:1,0
DA:3,0
DA:4,0
DA:6,0
DA:7,0
DA:8,0
DA:9,0
DA:10,0
DA:14,0
DA:17,0
DA:18,0
DA:19,0
DA:20,0
DA:21,0
DA:31,0
DA:43,0
DA:47,0
DA:48,0
DA:49,0
DA:50,0
DA:52,0
DA:55,0
DA:58,0
DA:59,0
DA:62,0
DA:66,0
DA:79,0
DA:80,0
DA:91,0
DA:92,0
DA:93,0
DA:94,0
DA:96,0
DA:97,0
DA:98,0
DA:100,0
DA:106,0
DA:107,0
DA:108,0
DA:109,0
DA:110,0
DA:112,0
DA:113,0
DA:114,0
DA:116,0
DA:122,0
DA:123,0
DA:124,0
DA:125,0
DA:133,0
DA:135,0
DA:136,0
DA:141,0
DA:143,0
DA:144,0
DA:145,0
DA:147,0
DA:153,0
DA:154,0
DA:155,0
DA:156,0
DA:158,0
DA:166,0
DA:169,0
DA:170,0
DA:172,0
DA:177,0
DA:179,0
DA:180,0
DA:181,0
DA:183,0
DA:189,0
DA:190,0
DA:191,0
DA:192,0
DA:193,0
DA:195,0
DA:196,0
DA:197,0
DA:199,0
DA:205,0
DA:206,0
DA:207,0
DA:208,0
DA:211,0
DA:222,0
DA:223,0
DA:224,0
DA:225,0
DA:226,0
DA:227,0
DA:228,0
DA:229,0
DA:231,0
DA:234,0
DA:235,0
DA:239,0
DA:240,0
DA:242,0
DA:244,0
DA:254,0
DA:255,0
DA:256,0
DA:257,0
DA:259,0
DA:260,0
DA:261,0
DA:262,0
DA:263,0
DA:266,0
DA:267,0
DA:268,0
DA:271,0
DA:272,0
DA:273,0
DA:281,0
DA:282,0
DA:283,0
DA:293,0
DA:294,0
DA:314,0
DA:315,0
DA:317,0
DA:318,0
DA:319,0
DA:321,0
DA:327,0
DA:328,0
DA:329,0
DA:330,0
DA:333,0
DA:334,0
DA:335,0
DA:336,0
DA:340,0
DA:351,0
DA:353,0
DA:355,0
DA:356,0
DA:357,0
DA:359,0
DA:365,0
DA:366,0
DA:367,0
DA:368,0
DA:371,0
DA:372,0
DA:373,0
DA:374,0
DA:378,0
DA:390,0
DA:392,0
DA:394,0
DA:395,0
DA:396,0
DA:398,0
DA:404,0
DA:405,0
DA:406,0
DA:407,0
DA:410,0
DA:411,0
DA:412,0
DA:413,0
DA:417,0
DA:428,0
DA:430,0
DA:432,0
DA:433,0
DA:434,0
DA:436,0
DA:442,0
DA:443,0
DA:480,0
DA:484,0
DA:485,0
DA:543,0
LF:177
LH:0
BRDA:20,0,0,0
BRDA:32,1,0,0
BRDA:32,1,1,0
BRDA:33,2,0,0
BRDA:33,2,1,0
BRDA:34,3,0,0
BRDA:34,3,1,0
BRDA:35,4,0,0
BRDA:35,4,1,0
BRDA:36,5,0,0
BRDA:36,5,1,0
BRDA:37,6,0,0
BRDA:37,6,1,0
BRDA:38,7,0,0
BRDA:38,7,1,0
BRDA:39,8,0,0
BRDA:39,8,1,0
BRDA:39,9,0,0
BRDA:39,9,1,0
BRDA:40,10,0,0
BRDA:40,10,1,0
BRDA:47,11,0,0
BRDA:47,11,1,0
BRDA:49,12,0,0
BRDA:49,12,1,0
BRDA:62,13,0,0
BRDA:62,13,1,0
BRDA:64,14,0,0
BRDA:64,14,1,0
BRDA:67,15,0,0
BRDA:67,15,1,0
BRDA:68,16,0,0
BRDA:68,16,1,0
BRDA:69,17,0,0
BRDA:69,17,1,0
BRDA:70,18,0,0
BRDA:70,18,1,0
BRDA:73,19,0,0
BRDA:73,19,1,0
BRDA:74,20,0,0
BRDA:74,20,1,0
BRDA:75,21,0,0
BRDA:75,21,1,0
BRDA:76,22,0,0
BRDA:76,22,1,0
BRDA:97,23,0,0
BRDA:97,23,1,0
BRDA:113,24,0,0
BRDA:113,24,1,0
BRDA:144,25,0,0
BRDA:144,25,1,0
BRDA:180,26,0,0
BRDA:180,26,1,0
BRDA:196,27,0,0
BRDA:196,27,1,0
BRDA:208,28,0,0
BRDA:208,28,1,0
BRDA:212,29,0,0
BRDA:212,29,1,0
BRDA:212,30,0,0
BRDA:212,30,1,0
BRDA:212,31,0,0
BRDA:212,31,1,0
BRDA:213,32,0,0
BRDA:213,32,1,0
BRDA:213,33,0,0
BRDA:213,33,1,0
BRDA:213,34,0,0
BRDA:213,34,1,0
BRDA:214,35,0,0
BRDA:214,35,1,0
BRDA:214,36,0,0
BRDA:214,36,1,0
BRDA:214,37,0,0
BRDA:214,37,1,0
BRDA:215,38,0,0
BRDA:215,38,1,0
BRDA:215,39,0,0
BRDA:215,39,1,0
BRDA:215,40,0,0
BRDA:215,40,1,0
BRDA:216,41,0,0
BRDA:216,41,1,0
BRDA:216,42,0,0
BRDA:216,42,1,0
BRDA:216,43,0,0
BRDA:216,43,1,0
BRDA:217,44,0,0
BRDA:217,44,1,0
BRDA:217,45,0,0
BRDA:217,45,1,0
BRDA:217,46,0,0
BRDA:217,46,1,0
BRDA:222,47,0,0
BRDA:222,47,1,0
BRDA:226,48,0,0
BRDA:226,48,1,0
BRDA:234,49,0,0
BRDA:259,50,0,0
BRDA:259,50,1,0
BRDA:263,51,0,0
BRDA:263,51,1,0
BRDA:263,52,0,0
BRDA:263,52,1,0
BRDA:263,53,0,0
BRDA:263,53,1,0
BRDA:266,54,0,0
BRDA:271,55,0,0
BRDA:281,56,0,0
BRDA:318,57,0,0
BRDA:318,57,1,0
BRDA:334,58,0,0
BRDA:343,59,0,0
BRDA:343,59,1,0
BRDA:346,60,0,0
BRDA:346,60,1,0
BRDA:356,61,0,0
BRDA:356,61,1,0
BRDA:372,62,0,0
BRDA:381,63,0,0
BRDA:381,63,1,0
BRDA:395,64,0,0
BRDA:395,64,1,0
BRDA:411,65,0,0
BRDA:421,66,0,0
BRDA:421,66,1,0
BRDA:433,67,0,0
BRDA:433,67,1,0
BRF:128
BRH:0
end_of_record
TN:
SF:src/models/Deal.ts
FN:350,(anonymous_6)
FN:354,(anonymous_7)
FN:358,(anonymous_8)
FN:362,(anonymous_9)
FN:366,(anonymous_10)
FN:372,(anonymous_11)
FN:376,(anonymous_12)
FN:380,(anonymous_13)
FN:384,(anonymous_14)
FN:388,(anonymous_15)
FNF:10
FNH:0
FNDA:0,(anonymous_6)
FNDA:0,(anonymous_7)
FNDA:0,(anonymous_8)
FNDA:0,(anonymous_9)
FNDA:0,(anonymous_10)
FNDA:0,(anonymous_11)
FNDA:0,(anonymous_12)
FNDA:0,(anonymous_13)
FNDA:0,(anonymous_14)
FNDA:0,(anonymous_15)
DA:1,0
DA:212,0
DA:220,0
DA:327,0
DA:350,0
DA:354,0
DA:358,0
DA:362,0
DA:366,0
DA:372,0
DA:376,0
DA:380,0
DA:384,0
DA:388,0
DA:404,0
DA:407,0
DA:414,0
DA:421,0
LF:18
LH:0
BRF:0
BRH:0
end_of_record
TN:
SF:src/prompts/aiPrompts.ts
FN:3,sfrAnalysisPrompt
FN:190,mfAnalysisPrompt
FN:205,(anonymous_2)
FN:206,(anonymous_3)
FN:231,(anonymous_4)
FNF:5
FNH:0
FNDA:0,sfrAnalysisPrompt
FNDA:0,mfAnalysisPrompt
FNDA:0,(anonymous_2)
FNDA:0,(anonymous_3)
FNDA:0,(anonymous_4)
DA:3,0
DA:5,0
DA:6,0
DA:7,0
DA:8,0
DA:10,0
DA:11,0
DA:12,0
DA:13,0
DA:16,0
DA:17,0
DA:18,0
DA:19,0
DA:20,0
DA:21,0
DA:22,0
DA:23,0
DA:24,0
DA:27,0
DA:28,0
DA:31,0
DA:32,0
DA:33,0
DA:34,0
DA:35,0
DA:36,0
DA:37,0
DA:38,0
DA:41,0
DA:42,0
DA:45,0
DA:46,0
DA:48,0
DA:190,0
DA:192,0
DA:193,0
DA:194,0
DA:195,0
DA:198,0
DA:199,0
DA:200,0
DA:201,0
DA:202,0
DA:205,0
DA:206,0
DA:207,0
DA:208,0
DA:211,0
DA:212,0
DA:213,0
DA:214,0
DA:215,0
DA:216,0
DA:217,0
DA:218,0
DA:220,0
DA:232,0
LF:57
LH:0
BRDA:6,0,0,0
BRDA:6,0,1,0
BRDA:6,1,0,0
BRDA:6,1,1,0
BRDA:6,2,0,0
BRDA:6,2,1,0
BRDA:6,3,0,0
BRDA:6,3,1,0
BRDA:6,4,0,0
BRDA:6,4,1,0
BRDA:6,5,0,0
BRDA:6,5,1,0
BRDA:6,6,0,0
BRDA:6,6,1,0
BRDA:6,7,0,0
BRDA:6,7,1,0
BRDA:6,8,0,0
BRDA:6,8,1,0
BRDA:6,9,0,0
BRDA:6,9,1,0
BRDA:7,10,0,0
BRDA:7,10,1,0
BRDA:7,11,0,0
BRDA:7,11,1,0
BRDA:7,12,0,0
BRDA:7,12,1,0
BRDA:7,13,0,0
BRDA:7,13,1,0
BRDA:7,14,0,0
BRDA:7,14,1,0
BRDA:7,15,0,0
BRDA:7,15,1,0
BRDA:8,16,0,0
BRDA:8,16,1,0
BRDA:10,17,0,0
BRDA:10,17,1,0
BRDA:10,18,0,0
BRDA:10,18,1,0
BRDA:10,19,0,0
BRDA:10,19,1,0
BRDA:10,20,0,0
BRDA:10,20,1,0
BRDA:10,21,0,0
BRDA:10,21,1,0
BRDA:10,22,0,0
BRDA:10,22,1,0
BRDA:11,23,0,0
BRDA:11,23,1,0
BRDA:12,24,0,0
BRDA:12,24,1,0
BRDA:12,25,0,0
BRDA:12,25,1,0
BRDA:12,26,0,0
BRDA:12,26,1,0
BRDA:12,27,0,0
BRDA:12,27,1,0
BRDA:12,28,0,0
BRDA:12,28,1,0
BRDA:12,29,0,0
BRDA:12,29,1,0
BRDA:12,30,0,0
BRDA:12,30,1,0
BRDA:12,31,0,0
BRDA:12,31,1,0
BRDA:12,32,0,0
BRDA:12,32,1,0
BRDA:12,33,0,0
BRDA:12,33,1,0
BRDA:12,34,0,0
BRDA:12,34,1,0
BRDA:12,35,0,0
BRDA:12,35,1,0
BRDA:13,36,0,0
BRDA:13,36,1,0
BRDA:13,37,0,0
BRDA:13,37,1,0
BRDA:13,38,0,0
BRDA:13,38,1,0
BRDA:13,39,0,0
BRDA:13,39,1,0
BRDA:13,40,0,0
BRDA:13,40,1,0
BRDA:13,41,0,0
BRDA:13,41,1,0
BRDA:13,42,0,0
BRDA:13,42,1,0
BRDA:13,43,0,0
BRDA:13,43,1,0
BRDA:13,44,0,0
BRDA:13,44,1,0
BRDA:13,45,0,0
BRDA:13,45,1,0
BRDA:13,46,0,0
BRDA:13,46,1,0
BRDA:13,47,0,0
BRDA:13,47,1,0
BRDA:16,48,0,0
BRDA:16,48,1,0
BRDA:16,49,0,0
BRDA:16,49,1,0
BRDA:16,50,0,0
BRDA:16,50,1,0
BRDA:16,51,0,0
BRDA:16,51,1,0
BRDA:16,52,0,0
BRDA:16,52,1,0
BRDA:16,53,0,0
BRDA:16,53,1,0
BRDA:17,54,0,0
BRDA:17,54,1,0
BRDA:17,55,0,0
BRDA:17,55,1,0
BRDA:17,56,0,0
BRDA:17,56,1,0
BRDA:17,57,0,0
BRDA:17,57,1,0
BRDA:17,58,0,0
BRDA:17,58,1,0
BRDA:17,59,0,0
BRDA:17,59,1,0
BRDA:18,60,0,0
BRDA:18,60,1,0
BRDA:18,61,0,0
BRDA:18,61,1,0
BRDA:18,62,0,0
BRDA:18,62,1,0
BRDA:18,63,0,0
BRDA:18,63,1,0
BRDA:18,64,0,0
BRDA:18,64,1,0
BRDA:18,65,0,0
BRDA:18,65,1,0
BRDA:19,66,0,0
BRDA:19,66,1,0
BRDA:19,67,0,0
BRDA:19,67,1,0
BRDA:19,68,0,0
BRDA:19,68,1,0
BRDA:19,69,0,0
BRDA:19,69,1,0
BRDA:19,70,0,0
BRDA:19,70,1,0
BRDA:19,71,0,0
BRDA:19,71,1,0
BRDA:20,72,0,0
BRDA:20,72,1,0
BRDA:20,73,0,0
BRDA:20,73,1,0
BRDA:20,74,0,0
BRDA:20,74,1,0
BRDA:20,75,0,0
BRDA:20,75,1,0
BRDA:20,76,0,0
BRDA:20,76,1,0
BRDA:20,77,0,0
BRDA:20,77,1,0
BRDA:21,78,0,0
BRDA:21,78,1,0
BRDA:21,79,0,0
BRDA:21,79,1,0
BRDA:21,80,0,0
BRDA:21,80,1,0
BRDA:21,81,0,0
BRDA:21,81,1,0
BRDA:21,82,0,0
BRDA:21,82,1,0
BRDA:21,83,0,0
BRDA:21,83,1,0
BRDA:22,84,0,0
BRDA:22,84,1,0
BRDA:22,85,0,0
BRDA:22,85,1,0
BRDA:22,86,0,0
BRDA:22,86,1,0
BRDA:22,87,0,0
BRDA:22,87,1,0
BRDA:22,88,0,0
BRDA:22,88,1,0
BRDA:22,89,0,0
BRDA:22,89,1,0
BRDA:23,90,0,0
BRDA:23,90,1,0
BRDA:23,91,0,0
BRDA:23,91,1,0
BRDA:23,92,0,0
BRDA:23,92,1,0
BRDA:23,93,0,0
BRDA:23,93,1,0
BRDA:23,94,0,0
BRDA:23,94,1,0
BRDA:23,95,0,0
BRDA:23,95,1,0
BRDA:24,96,0,0
BRDA:24,96,1,0
BRDA:24,97,0,0
BRDA:24,97,1,0
BRDA:24,98,0,0
BRDA:24,98,1,0
BRDA:24,99,0,0
BRDA:24,99,1,0
BRDA:24,100,0,0
BRDA:24,100,1,0
BRDA:24,101,0,0
BRDA:24,101,1,0
BRDA:27,102,0,0
BRDA:27,102,1,0
BRDA:27,103,0,0
BRDA:27,103,1,0
BRDA:27,104,0,0
BRDA:27,104,1,0
BRDA:27,105,0,0
BRDA:27,105,1,0
BRDA:27,106,0,0
BRDA:27,106,1,0
BRDA:27,107,0,0
BRDA:27,107,1,0
BRDA:27,108,0,0
BRDA:27,108,1,0
BRDA:27,109,0,0
BRDA:27,109,1,0
BRDA:28,110,0,0
BRDA:28,110,1,0
BRDA:28,111,0,0
BRDA:28,111,1,0
BRDA:28,112,0,0
BRDA:28,112,1,0
BRDA:28,113,0,0
BRDA:28,113,1,0
BRDA:28,114,0,0
BRDA:28,114,1,0
BRDA:28,115,0,0
BRDA:28,115,1,0
BRDA:28,116,0,0
BRDA:28,116,1,0
BRDA:28,117,0,0
BRDA:28,117,1,0
BRDA:31,118,0,0
BRDA:31,118,1,0
BRDA:31,119,0,0
BRDA:31,119,1,0
BRDA:31,120,0,0
BRDA:31,120,1,0
BRDA:31,121,0,0
BRDA:31,121,1,0
BRDA:31,122,0,0
BRDA:31,122,1,0
BRDA:32,123,0,0
BRDA:32,123,1,0
BRDA:32,124,0,0
BRDA:32,124,1,0
BRDA:32,125,0,0
BRDA:32,125,1,0
BRDA:32,126,0,0
BRDA:32,126,1,0
BRDA:32,127,0,0
BRDA:32,127,1,0
BRDA:33,128,0,0
BRDA:33,128,1,0
BRDA:34,129,0,0
BRDA:34,129,1,0
BRDA:35,130,0,0
BRDA:35,130,1,0
BRDA:36,131,0,0
BRDA:36,131,1,0
BRDA:37,132,0,0
BRDA:37,132,1,0
BRDA:38,133,0,0
BRDA:38,133,1,0
BRDA:42,134,0,0
BRDA:42,134,1,0
BRDA:45,135,0,0
BRDA:45,135,1,0
BRDA:55,136,0,0
BRDA:55,136,1,0
BRDA:55,137,0,0
BRDA:55,137,1,0
BRDA:56,138,0,0
BRDA:56,138,1,0
BRDA:57,139,0,0
BRDA:57,139,1,0
BRDA:58,140,0,0
BRDA:58,140,1,0
BRDA:61,141,0,0
BRDA:61,141,1,0
BRDA:61,142,0,0
BRDA:61,142,1,0
BRDA:61,143,0,0
BRDA:61,143,1,0
BRDA:61,144,0,0
BRDA:61,144,1,0
BRDA:61,145,0,0
BRDA:61,145,1,0
BRDA:61,146,0,0
BRDA:61,146,1,0
BRDA:65,147,0,0
BRDA:65,147,1,0
BRDA:65,148,0,0
BRDA:65,148,1,0
BRDA:65,149,0,0
BRDA:65,149,1,0
BRDA:65,150,0,0
BRDA:65,150,1,0
BRDA:65,151,0,0
BRDA:65,151,1,0
BRDA:65,152,0,0
BRDA:65,152,1,0
BRDA:71,153,0,0
BRDA:71,153,1,0
BRDA:71,154,0,0
BRDA:71,154,1,0
BRDA:71,155,0,0
BRDA:71,155,1,0
BRDA:71,156,0,0
BRDA:71,156,1,0
BRDA:71,157,0,0
BRDA:71,157,1,0
BRDA:82,158,0,0
BRDA:82,158,1,0
BRDA:97,159,0,0
BRDA:97,159,1,0
BRDA:97,160,0,0
BRDA:97,160,1,0
BRDA:97,161,0,0
BRDA:97,161,1,0
BRDA:97,162,0,0
BRDA:97,162,1,0
BRDA:97,163,0,0
BRDA:97,163,1,0
BRDA:97,164,0,0
BRDA:97,164,1,0
BRDA:97,165,0,0
BRDA:97,165,1,0
BRDA:97,166,0,0
BRDA:97,166,1,0
BRDA:98,167,0,0
BRDA:98,167,1,0
BRDA:98,168,0,0
BRDA:98,168,1,0
BRDA:98,169,0,0
BRDA:98,169,1,0
BRDA:98,170,0,0
BRDA:98,170,1,0
BRDA:98,171,0,0
BRDA:98,171,1,0
BRDA:98,172,0,0
BRDA:98,172,1,0
BRDA:98,173,0,0
BRDA:98,173,1,0
BRDA:98,174,0,0
BRDA:98,174,1,0
BRDA:99,175,0,0
BRDA:99,175,1,0
BRDA:99,176,0,0
BRDA:99,176,1,0
BRDA:99,177,0,0
BRDA:99,177,1,0
BRDA:99,178,0,0
BRDA:99,178,1,0
BRDA:99,179,0,0
BRDA:99,179,1,0
BRDA:99,180,0,0
BRDA:99,180,1,0
BRDA:99,181,0,0
BRDA:99,181,1,0
BRDA:99,182,0,0
BRDA:99,182,1,0
BRDA:100,183,0,0
BRDA:100,183,1,0
BRDA:100,184,0,0
BRDA:100,184,1,0
BRDA:100,185,0,0
BRDA:100,185,1,0
BRDA:100,186,0,0
BRDA:100,186,1,0
BRDA:100,187,0,0
BRDA:100,187,1,0
BRDA:100,188,0,0
BRDA:100,188,1,0
BRDA:100,189,0,0
BRDA:100,189,1,0
BRDA:100,190,0,0
BRDA:100,190,1,0
BRDA:101,191,0,0
BRDA:101,191,1,0
BRDA:101,192,0,0
BRDA:101,192,1,0
BRDA:101,193,0,0
BRDA:101,193,1,0
BRDA:101,194,0,0
BRDA:101,194,1,0
BRDA:104,195,0,0
BRDA:104,195,1,0
BRDA:104,196,0,0
BRDA:104,196,1,0
BRDA:104,197,0,0
BRDA:104,197,1,0
BRDA:104,198,0,0
BRDA:104,198,1,0
BRDA:105,199,0,0
BRDA:105,199,1,0
BRDA:105,200,0,0
BRDA:105,200,1,0
BRDA:105,201,0,0
BRDA:105,201,1,0
BRDA:105,202,0,0
BRDA:105,202,1,0
BRDA:106,203,0,0
BRDA:106,203,1,0
BRDA:106,204,0,0
BRDA:106,204,1,0
BRDA:106,205,0,0
BRDA:106,205,1,0
BRDA:106,206,0,0
BRDA:106,206,1,0
BRDA:107,207,0,0
BRDA:107,207,1,0
BRDA:107,208,0,0
BRDA:107,208,1,0
BRDA:107,209,0,0
BRDA:107,209,1,0
BRDA:107,210,0,0
BRDA:107,210,1,0
BRDA:193,211,0,0
BRDA:193,211,1,0
BRDA:193,212,0,0
BRDA:193,212,1,0
BRDA:193,213,0,0
BRDA:193,213,1,0
BRDA:193,214,0,0
BRDA:193,214,1,0
BRDA:193,215,0,0
BRDA:193,215,1,0
BRDA:193,216,0,0
BRDA:193,216,1,0
BRDA:193,217,0,0
BRDA:193,217,1,0
BRDA:193,218,0,0
BRDA:193,218,1,0
BRDA:193,219,0,0
BRDA:193,219,1,0
BRDA:193,220,0,0
BRDA:193,220,1,0
BRDA:194,221,0,0
BRDA:194,221,1,0
BRDA:194,222,0,0
BRDA:194,222,1,0
BRDA:194,223,0,0
BRDA:194,223,1,0
BRDA:194,224,0,0
BRDA:194,224,1,0
BRDA:194,225,0,0
BRDA:194,225,1,0
BRDA:194,226,0,0
BRDA:194,226,1,0
BRDA:195,227,0,0
BRDA:195,227,1,0
BRDA:198,228,0,0
BRDA:198,228,1,0
BRDA:198,229,0,0
BRDA:198,229,1,0
BRDA:198,230,0,0
BRDA:198,230,1,0
BRDA:198,231,0,0
BRDA:198,231,1,0
BRDA:198,232,0,0
BRDA:198,232,1,0
BRDA:198,233,0,0
BRDA:198,233,1,0
BRDA:198,234,0,0
BRDA:198,234,1,0
BRDA:198,235,0,0
BRDA:198,235,1,0
BRDA:198,236,0,0
BRDA:198,236,1,0
BRDA:198,237,0,0
BRDA:198,237,1,0
BRDA:198,238,0,0
BRDA:198,238,1,0
BRDA:198,239,0,0
BRDA:198,239,1,0
BRDA:199,240,0,0
BRDA:199,240,1,0
BRDA:199,241,0,0
BRDA:199,241,1,0
BRDA:199,242,0,0
BRDA:199,242,1,0
BRDA:199,243,0,0
BRDA:199,243,1,0
BRDA:199,244,0,0
BRDA:199,244,1,0
BRDA:199,245,0,0
BRDA:199,245,1,0
BRDA:199,246,0,0
BRDA:199,246,1,0
BRDA:199,247,0,0
BRDA:199,247,1,0
BRDA:199,248,0,0
BRDA:199,248,1,0
BRDA:199,249,0,0
BRDA:199,249,1,0
BRDA:199,250,0,0
BRDA:199,250,1,0
BRDA:199,251,0,0
BRDA:199,251,1,0
BRDA:200,252,0,0
BRDA:200,252,1,0
BRDA:200,253,0,0
BRDA:200,253,1,0
BRDA:200,254,0,0
BRDA:200,254,1,0
BRDA:200,255,0,0
BRDA:200,255,1,0
BRDA:200,256,0,0
BRDA:200,256,1,0
BRDA:200,257,0,0
BRDA:200,257,1,0
BRDA:201,258,0,0
BRDA:201,258,1,0
BRDA:201,259,0,0
BRDA:201,259,1,0
BRDA:201,260,0,0
BRDA:201,260,1,0
BRDA:201,261,0,0
BRDA:201,261,1,0
BRDA:201,262,0,0
BRDA:201,262,1,0
BRDA:201,263,0,0
BRDA:201,263,1,0
BRDA:202,264,0,0
BRDA:202,264,1,0
BRDA:211,265,0,0
BRDA:211,265,1,0
BRDA:211,266,0,0
BRDA:211,266,1,0
BRDA:211,267,0,0
BRDA:211,267,1,0
BRDA:211,268,0,0
BRDA:211,268,1,0
BRDA:211,269,0,0
BRDA:211,269,1,0
BRDA:212,270,0,0
BRDA:212,270,1,0
BRDA:212,271,0,0
BRDA:212,271,1,0
BRDA:212,272,0,0
BRDA:212,272,1,0
BRDA:212,273,0,0
BRDA:212,273,1,0
BRDA:212,274,0,0
BRDA:212,274,1,0
BRDA:213,275,0,0
BRDA:213,275,1,0
BRDA:214,276,0,0
BRDA:214,276,1,0
BRDA:215,277,0,0
BRDA:215,277,1,0
BRDA:216,278,0,0
BRDA:216,278,1,0
BRDA:217,279,0,0
BRDA:217,279,1,0
BRDA:218,280,0,0
BRDA:218,280,1,0
BRDA:248,281,0,0
BRDA:248,281,1,0
BRDA:252,282,0,0
BRDA:252,282,1,0
BRDA:252,283,0,0
BRDA:252,283,1,0
BRDA:252,284,0,0
BRDA:252,284,1,0
BRDA:252,285,0,0
BRDA:252,285,1,0
BRDA:254,286,0,0
BRDA:254,286,1,0
BRDA:255,287,0,0
BRDA:255,287,1,0
BRDA:255,288,0,0
BRDA:255,288,1,0
BRDA:258,289,0,0
BRDA:258,289,1,0
BRDA:258,290,0,0
BRDA:258,290,1,0
BRDA:258,291,0,0
BRDA:258,291,1,0
BRDA:258,292,0,0
BRDA:258,292,1,0
BRDA:259,293,0,0
BRDA:259,293,1,0
BRDA:259,294,0,0
BRDA:259,294,1,0
BRDA:259,295,0,0
BRDA:259,295,1,0
BRDA:259,296,0,0
BRDA:259,296,1,0
BRDA:260,297,0,0
BRDA:260,297,1,0
BRDA:260,298,0,0
BRDA:260,298,1,0
BRDA:260,299,0,0
BRDA:260,299,1,0
BRDA:260,300,0,0
BRDA:260,300,1,0
BRDA:261,301,0,0
BRDA:261,301,1,0
BRDA:261,302,0,0
BRDA:261,302,1,0
BRDA:261,303,0,0
BRDA:261,303,1,0
BRDA:261,304,0,0
BRDA:261,304,1,0
BRDA:262,305,0,0
BRDA:262,305,1,0
BRDA:262,306,0,0
BRDA:262,306,1,0
BRDA:262,307,0,0
BRDA:262,307,1,0
BRDA:262,308,0,0
BRDA:262,308,1,0
BRF:618
BRH:0
end_of_record
TN:
SF:src/prompts/contextBuilder.ts
FN:3,buildSFRContext
FNF:1
FNH:0
FNDA:0,buildSFRContext
DA:3,0
DA:7,0
LF:2
LH:0
BRF:0
BRH:0
end_of_record
TN:
SF:src/repositories/DealRepository.ts
FN:9,(anonymous_0)
FN:21,(anonymous_1)
FN:34,(anonymous_2)
FN:49,(anonymous_3)
FN:65,(anonymous_4)
FN:81,(anonymous_5)
FN:108,(anonymous_6)
FNF:7
FNH:0
FNDA:0,(anonymous_0)
FNDA:0,(anonymous_1)
FNDA:0,(anonymous_2)
FNDA:0,(anonymous_3)
FNDA:0,(anonymous_4)
FNDA:0,(anonymous_5)
FNDA:0,(anonymous_6)
DA:1,0
DA:3,0
DA:5,0
DA:10,0
DA:11,0
DA:13,0
DA:14,0
DA:22,0
DA:23,0
DA:24,0
DA:26,0
DA:27,0
DA:35,0
DA:36,0
DA:37,0
DA:39,0
DA:41,0
DA:42,0
DA:50,0
DA:51,0
DA:55,0
DA:57,0
DA:58,0
DA:66,0
DA:67,0
DA:71,0
DA:73,0
DA:74,0
DA:82,0
DA:84,0
DA:85,0
DA:89,0
DA:94,0
DA:100,0
DA:101,0
DA:109,0
DA:110,0
DA:111,0
DA:113,0
DA:114,0
DA:120,0
LF:41
LH:0
BRDA:23,0,0,0
BRDA:23,0,1,0
BRDA:37,1,0,0
BRDA:84,2,0,0
BRF:4
BRH:0
end_of_record
TN:
SF:src/routes/aiRoutes.ts
FNF:0
FNH:0
DA:1,0
DA:2,0
DA:3,0
DA:6,0
DA:8,0
LF:5
LH:0
BRF:0
BRH:0
end_of_record
TN:
SF:src/routes/analysis.ts
FNF:0
FNH:0
DA:1,0
DA:3,0
DA:10,0
LF:3
LH:0
BRF:0
BRH:0
end_of_record
TN:
SF:src/routes/analyzeRoutes.ts
FN:11,(anonymous_1)
FNF:1
FNH:0
FNDA:0,(anonymous_1)
DA:1,0
DA:2,0
DA:3,0
DA:5,0
DA:6,0
DA:8,0
DA:11,0
DA:12,0
DA:13,0
DA:14,0
DA:16,0
DA:18,0
DA:19,0
DA:20,0
DA:24,0
DA:34,0
DA:35,0
DA:37,0
DA:40,0
DA:43,0
DA:44,0
DA:45,0
DA:46,0
DA:47,0
DA:48,0
DA:50,0
DA:51,0
DA:60,0
DA:69,0
DA:70,0
DA:72,0
DA:73,0
DA:74,0
DA:76,0
DA:81,0
DA:83,0
LF:36
LH:0
BRDA:18,0,0,0
BRDA:18,1,0,0
BRDA:18,1,1,0
BRDA:25,2,0,0
BRDA:25,2,1,0
BRDA:25,3,0,0
BRDA:25,3,1,0
BRDA:25,4,0,0
BRDA:25,4,1,0
BRDA:26,5,0,0
BRDA:26,5,1,0
BRDA:26,6,0,0
BRDA:26,6,1,0
BRDA:26,7,0,0
BRDA:26,7,1,0
BRDA:27,8,0,0
BRDA:27,8,1,0
BRDA:27,9,0,0
BRDA:27,9,1,0
BRDA:27,10,0,0
BRDA:27,10,1,0
BRDA:28,11,0,0
BRDA:28,11,1,0
BRDA:28,12,0,0
BRDA:28,12,1,0
BRDA:28,13,0,0
BRDA:28,13,1,0
BRDA:29,14,0,0
BRDA:29,14,1,0
BRDA:29,15,0,0
BRDA:29,15,1,0
BRDA:29,16,0,0
BRDA:29,16,1,0
BRDA:30,17,0,0
BRDA:30,17,1,0
BRDA:30,18,0,0
BRDA:30,18,1,0
BRDA:30,19,0,0
BRDA:30,19,1,0
BRDA:34,20,0,0
BRDA:34,20,1,0
BRDA:44,21,0,0
BRDA:44,21,1,0
BRDA:73,22,0,0
BRDA:73,22,1,0
BRF:45
BRH:0
end_of_record
TN:
SF:src/routes/censusRoutes.ts
FNF:0
FNH:0
DA:5,0
DA:6,0
DA:13,0
DA:21,0
DA:29,0
DA:37,0
DA:45,0
DA:47,0
LF:8
LH:0
BRF:0
BRH:0
end_of_record
TN:
SF:src/routes/deals.ts
FN:17,(anonymous_1)
FNF:1
FNH:0
FNDA:0,(anonymous_1)
DA:1,0
DA:2,0
DA:12,0
DA:14,0
DA:17,0
DA:18,0
DA:19,0
DA:25,0
DA:29,0
DA:32,0
DA:33,0
DA:36,0
DA:37,0
DA:38,0
DA:39,0
DA:40,0
DA:43,0
DA:45,0
LF:18
LH:0
BRDA:18,0,0,0
BRDA:18,1,0,0
BRDA:18,1,1,0
BRF:3
BRH:0
end_of_record
TN:
SF:src/services/aiService.ts
FN:7,getAIInsights
FN:69,(anonymous_1)
FNF:2
FNH:0
FNDA:0,getAIInsights
FNDA:0,(anonymous_1)
DA:1,0
DA:2,0
DA:5,0
DA:7,0
DA:8,0
DA:9,0
DA:10,0
DA:11,0
DA:22,0
DA:23,0
DA:25,0
DA:28,0
DA:30,0
DA:32,0
DA:34,0
DA:48,0
DA:49,0
DA:58,0
DA:59,0
DA:69,0
DA:70,0
DA:71,0
DA:72,0
DA:73,0
DA:74,0
DA:78,0
DA:88,0
DA:90,0
DA:91,0
LF:29
LH:0
BRDA:10,0,0,0
BRDA:22,1,0,0
BRDA:22,1,1,0
BRDA:35,2,0,0
BRDA:35,2,1,0
BRDA:36,3,0,0
BRDA:36,3,1,0
BRDA:37,4,0,0
BRDA:37,4,1,0
BRDA:38,5,0,0
BRDA:38,5,1,0
BRDA:40,6,0,0
BRDA:40,6,1,0
BRDA:72,7,0,0
BRDA:79,8,0,0
BRDA:79,8,1,0
BRDA:88,9,0,0
BRDA:88,9,1,0
BRDA:88,10,0,0
BRDA:88,10,1,0
BRDA:88,11,0,0
BRDA:88,11,1,0
BRDA:88,12,0,0
BRDA:88,12,1,0
BRDA:88,13,0,0
BRDA:88,13,1,0
BRF:26
BRH:0
end_of_record
TN:
SF:src/services/censusService.ts
FN:14,(anonymous_1)
FN:27,(anonymous_2)
FN:69,(anonymous_3)
FN:112,(anonymous_4)
FN:159,(anonymous_5)
FN:184,(anonymous_6)
FN:196,(anonymous_7)
FN:212,(anonymous_8)
FN:224,(anonymous_9)
FN:240,(anonymous_10)
FN:252,(anonymous_11)
FNF:11
FNH:0
FNDA:0,(anonymous_1)
FNDA:0,(anonymous_2)
FNDA:0,(anonymous_3)
FNDA:0,(anonymous_4)
FNDA:0,(anonymous_5)
FNDA:0,(anonymous_6)
FNDA:0,(anonymous_7)
FNDA:0,(anonymous_8)
FNDA:0,(anonymous_9)
FNDA:0,(anonymous_10)
FNDA:0,(anonymous_11)
DA:6,0
DA:8,0
DA:10,0
DA:15,0
DA:16,0
DA:18,0
DA:19,0
DA:28,0
DA:30,0
DA:31,0
DA:34,0
DA:36,0
DA:37,0
DA:38,0
DA:39,0
DA:40,0
DA:41,0
DA:42,0
DA:43,0
DA:45,0
DA:51,0
DA:53,0
DA:55,0
DA:58,0
DA:60,0
DA:61,0
DA:70,0
DA:72,0
DA:73,0
DA:76,0
DA:78,0
DA:79,0
DA:80,0
DA:81,0
DA:82,0
DA:83,0
DA:84,0
DA:85,0
DA:87,0
DA:94,0
DA:96,0
DA:98,0
DA:101,0
DA:103,0
DA:104,0
DA:113,0
DA:115,0
DA:116,0
DA:119,0
DA:121,0
DA:122,0
DA:123,0
DA:124,0
DA:125,0
DA:126,0
DA:127,0
DA:128,0
DA:130,0
DA:141,0
DA:143,0
DA:145,0
DA:148,0
DA:150,0
DA:151,0
DA:160,0
DA:162,0
DA:169,0
DA:175,0
DA:176,0
DA:186,0
DA:187,0
DA:191,0
DA:192,0
DA:195,0
DA:196,0
DA:197,0
DA:201,0
DA:214,0
DA:215,0
DA:219,0
DA:220,0
DA:223,0
DA:224,0
DA:225,0
DA:229,0
DA:242,0
DA:243,0
DA:247,0
DA:248,0
DA:251,0
DA:252,0
DA:253,0
DA:257,0
DA:258,0
DA:259,0
DA:260,0
DA:261,0
DA:264,0
DA:265,0
DA:268,0
DA:281,0
LF:101
LH:0
BRDA:15,0,0,0
BRDA:15,0,1,0
BRDA:18,1,0,0
BRDA:30,2,0,0
BRDA:30,2,1,0
BRDA:31,3,0,0
BRDA:31,3,1,0
BRDA:36,4,0,0
BRDA:36,4,1,0
BRDA:38,5,0,0
BRDA:38,5,1,0
BRDA:38,6,0,0
BRDA:38,6,1,0
BRDA:38,6,2,0
BRDA:40,7,0,0
BRDA:40,7,1,0
BRDA:40,8,0,0
BRDA:40,8,1,0
BRDA:42,9,0,0
BRDA:42,9,1,0
BRDA:72,10,0,0
BRDA:72,10,1,0
BRDA:73,11,0,0
BRDA:73,11,1,0
BRDA:78,12,0,0
BRDA:78,12,1,0
BRDA:80,13,0,0
BRDA:80,13,1,0
BRDA:80,14,0,0
BRDA:80,14,1,0
BRDA:80,14,2,0
BRDA:82,15,0,0
BRDA:82,15,1,0
BRDA:82,16,0,0
BRDA:82,16,1,0
BRDA:84,17,0,0
BRDA:84,17,1,0
BRDA:115,18,0,0
BRDA:115,18,1,0
BRDA:116,19,0,0
BRDA:116,19,1,0
BRDA:121,20,0,0
BRDA:121,20,1,0
BRDA:123,21,0,0
BRDA:123,21,1,0
BRDA:123,22,0,0
BRDA:123,22,1,0
BRDA:123,22,2,0
BRDA:125,23,0,0
BRDA:125,23,1,0
BRDA:125,24,0,0
BRDA:125,24,1,0
BRDA:127,25,0,0
BRDA:127,25,1,0
BRDA:186,26,0,0
BRDA:186,27,0,0
BRDA:186,27,1,0
BRDA:202,28,0,0
BRDA:202,28,1,0
BRDA:203,29,0,0
BRDA:203,29,1,0
BRDA:214,30,0,0
BRDA:214,31,0,0
BRDA:214,31,1,0
BRDA:230,32,0,0
BRDA:230,32,1,0
BRDA:231,33,0,0
BRDA:231,33,1,0
BRDA:242,34,0,0
BRDA:242,35,0,0
BRDA:242,35,1,0
BRDA:257,36,0,0
BRDA:257,36,1,0
BRDA:258,37,0,0
BRDA:258,37,1,0
BRDA:259,38,0,0
BRDA:259,38,1,0
BRDA:260,39,0,0
BRDA:260,39,1,0
BRDA:261,40,0,0
BRDA:261,40,1,0
BRDA:264,41,0,0
BRDA:264,41,1,0
BRDA:265,42,0,0
BRDA:265,42,1,0
BRDA:274,43,0,0
BRDA:274,43,1,0
BRDA:275,44,0,0
BRDA:275,44,1,0
BRF:89
BRH:0
end_of_record
TN:
SF:src/services/dealService.ts
FN:8,(anonymous_0)
FN:15,(anonymous_1)
FN:31,(anonymous_2)
FN:44,(anonymous_3)
FN:57,(anonymous_4)
FN:90,(anonymous_5)
FNF:6
FNH:0
FNDA:0,(anonymous_0)
FNDA:0,(anonymous_1)
FNDA:0,(anonymous_2)
FNDA:0,(anonymous_3)
FNDA:0,(anonymous_4)
FNDA:0,(anonymous_5)
DA:1,0
DA:3,0
DA:5,0
DA:9,0
DA:16,0
DA:17,0
DA:18,0
DA:21,0
DA:23,0
DA:24,0
DA:32,0
DA:33,0
DA:34,0
DA:36,0
DA:37,0
DA:45,0
DA:46,0
DA:47,0
DA:49,0
DA:50,0
DA:58,0
DA:59,0
DA:60,0
DA:62,0
DA:63,0
DA:64,0
DA:66,0
DA:67,0
DA:70,0
DA:73,0
DA:74,0
DA:75,0
DA:76,0
DA:78,0
DA:82,0
DA:83,0
DA:91,0
DA:92,0
DA:93,0
DA:95,0
DA:96,0
DA:102,0
LF:42
LH:0
BRDA:8,0,0,0
BRDA:33,1,0,0
BRDA:33,1,1,0
BRDA:46,2,0,0
BRDA:46,2,1,0
BRDA:60,3,0,0
BRDA:60,3,1,0
BRDA:62,4,0,0
BRDA:62,4,1,0
BRDA:66,5,0,0
BRDA:73,6,0,0
BRDA:73,6,1,0
BRDA:75,7,0,0
BRDA:75,7,1,0
BRF:14
BRH:0
end_of_record
TN:
SF:src/services/openai.ts
FN:11,(anonymous_1)
FN:38,(anonymous_2)
FNF:2
FNH:0
FNDA:0,(anonymous_1)
FNDA:0,(anonymous_2)
DA:1,0
DA:2,0
DA:3,0
DA:6,0
DA:9,0
DA:11,0
DA:12,0
DA:13,0
DA:14,0
DA:15,0
DA:19,0
DA:22,0
DA:23,0
DA:26,0
DA:27,0
DA:30,0
DA:32,0
DA:33,0
DA:38,0
DA:39,0
DA:40,0
DA:41,0
DA:44,0
DA:46,0
DA:48,0
DA:49,0
DA:51,0
DA:67,0
DA:68,0
DA:70,0
DA:71,0
DA:74,0
DA:76,0
DA:79,0
DA:80,0
DA:81,0
DA:82,0
DA:86,0
DA:88,0
DA:89,0
DA:90,0
DA:93,0
DA:94,0
LF:43
LH:0
BRDA:13,0,0,0
BRDA:22,1,0,0
BRDA:40,2,0,0
BRDA:46,3,0,0
BRDA:46,3,1,0
BRDA:67,4,0,0
BRDA:67,4,1,0
BRDA:67,5,0,0
BRDA:67,5,1,0
BRDA:68,6,0,0
BRDA:68,6,1,0
BRDA:68,7,0,0
BRDA:68,7,1,0
BRDA:68,8,0,0
BRDA:68,8,1,0
BRDA:70,9,0,0
BRDA:79,10,0,0
BRDA:79,10,1,0
BRDA:81,11,0,0
BRF:19
BRH:0
end_of_record
TN:
SF:src/services/propertyEnrichmentService.ts
FN:14,(anonymous_0)
FN:63,(anonymous_1)
FN:111,(anonymous_2)
FNF:3
FNH:0
FNDA:0,(anonymous_0)
FNDA:0,(anonymous_1)
FNDA:0,(anonymous_2)
DA:6,0
DA:7,0
DA:14,0
DA:15,0
DA:17,0
DA:19,0
DA:20,0
DA:21,0
DA:25,0
DA:26,0
DA:29,0
DA:30,0
DA:32,0
DA:33,0
DA:34,0
DA:38,0
DA:44,0
DA:47,0
DA:52,0
DA:54,0
DA:63,0
DA:64,0
DA:66,0
DA:69,0
DA:70,0
DA:71,0
DA:74,0
DA:97,0
DA:102,0
DA:103,0
DA:111,0
DA:112,0
DA:114,0
DA:116,0
DA:117,0
DA:120,0
DA:123,0
DA:124,0
DA:133,0
DA:134,0
DA:143,0
DA:144,0
DA:152,0
DA:153,0
DA:154,0
DA:162,0
DA:163,0
DA:164,0
DA:165,0
DA:167,0
DA:175,0
DA:177,0
DA:178,0
LF:53
LH:0
BRDA:19,0,0,0
BRDA:26,1,0,0
BRDA:26,1,1,0
BRDA:30,2,0,0
BRDA:30,2,1,0
BRDA:32,3,0,0
BRDA:32,4,0,0
BRDA:32,4,1,0
BRDA:69,5,0,0
BRDA:69,5,1,0
BRDA:69,6,0,0
BRDA:69,6,1,0
BRDA:69,7,0,0
BRDA:69,7,1,0
BRDA:69,8,0,0
BRDA:69,8,1,0
BRDA:70,9,0,0
BRDA:70,9,1,0
BRDA:70,10,0,0
BRDA:70,10,1,0
BRDA:70,11,0,0
BRDA:70,11,1,0
BRDA:70,12,0,0
BRDA:70,12,1,0
BRDA:71,13,0,0
BRDA:71,13,1,0
BRDA:71,14,0,0
BRDA:71,14,1,0
BRDA:71,15,0,0
BRDA:71,15,1,0
BRDA:71,16,0,0
BRDA:71,16,1,0
BRDA:75,17,0,0
BRDA:75,17,1,0
BRDA:80,18,0,0
BRDA:80,18,1,0
BRDA:85,19,0,0
BRDA:85,19,1,0
BRDA:85,20,0,0
BRDA:85,20,1,0
BRDA:91,21,0,0
BRDA:91,21,1,0
BRDA:92,22,0,0
BRDA:92,22,1,0
BRDA:93,23,0,0
BRDA:93,23,1,0
BRDA:93,24,0,0
BRDA:93,24,1,0
BRDA:116,25,0,0
BRDA:116,26,0,0
BRDA:116,26,1,0
BRDA:116,26,2,0
BRDA:123,27,0,0
BRDA:133,28,0,0
BRDA:143,29,0,0
BRDA:152,30,0,0
BRDA:162,31,0,0
BRDA:162,32,0,0
BRDA:162,32,1,0
BRF:59
BRH:0
end_of_record
TN:
SF:src/tests/manualCensusTest.ts
FN:34,testCensusApi
FNF:1
FNH:0
FNDA:0,testCensusApi
DA:10,0
DA:11,0
DA:12,0
DA:15,0
DA:16,0
DA:19,0
DA:20,0
DA:21,0
DA:22,0
DA:23,0
DA:27,0
DA:35,0
DA:37,0
DA:39,0
DA:40,0
DA:41,0
DA:44,0
DA:45,0
DA:49,0
DA:52,0
DA:53,0
DA:54,0
DA:57,0
DA:58,0
DA:59,0
DA:61,0
DA:63,0
DA:64,0
DA:69,0
LF:29
LH:0
BRDA:21,0,0,0
BRF:1
BRH:0
end_of_record
TN:
SF:src/utils/analysisAdapter.ts
FN:16,adaptAnalysisForFrontend
FN:264,(anonymous_1)
FN:388,generateProjections
FN:452,(anonymous_3)
FN:595,(anonymous_4)
FN:620,updateExitAnalysisAndReturns
FN:681,(anonymous_6)
FN:722,(anonymous_7)
FN:757,validateAnalysisConsistency
FN:768,(anonymous_9)
FNF:10
FNH:0
FNDA:0,adaptAnalysisForFrontend
FNDA:0,(anonymous_1)
FNDA:0,generateProjections
FNDA:0,(anonymous_3)
FNDA:0,(anonymous_4)
FNDA:0,updateExitAnalysisAndReturns
FNDA:0,(anonymous_6)
FNDA:0,(anonymous_7)
FNDA:0,validateAnalysisConsistency
FNDA:0,(anonymous_9)
DA:1,0
DA:2,0
DA:16,0
DA:17,0
DA:18,0
DA:19,0
DA:20,0
DA:23,0
DA:26,0
DA:36,0
DA:38,0
DA:60,0
DA:67,0
DA:69,0
DA:70,0
DA:71,0
DA:78,0
DA:79,0
DA:82,0
DA:84,0
DA:96,0
DA:100,0
DA:101,0
DA:107,0
DA:108,0
DA:109,0
DA:110,0
DA:111,0
DA:112,0
DA:113,0
DA:115,0
DA:119,0
DA:120,0
DA:125,0
DA:126,0
DA:127,0
DA:131,0
DA:132,0
DA:133,0
DA:153,0
DA:157,0
DA:158,0
DA:159,0
DA:163,0
DA:168,0
DA:170,0
DA:173,0
DA:179,0
DA:184,0
DA:187,0
DA:190,0
DA:191,0
DA:192,0
DA:195,0
DA:199,0
DA:200,0
DA:202,0
DA:208,0
DA:215,0
DA:218,0
DA:222,0
DA:223,0
DA:225,0
DA:231,0
DA:238,0
DA:243,0
DA:244,0
DA:248,0
DA:252,0
DA:253,0
DA:254,0
DA:257,0
DA:258,0
DA:261,0
DA:264,0
DA:265,0
DA:268,0
DA:270,0
DA:287,0
DA:288,0
DA:289,0
DA:294,0
DA:296,0
DA:297,0
DA:300,0
DA:301,0
DA:305,0
DA:306,0
DA:311,0
DA:312,0
DA:315,0
DA:316,0
DA:318,0
DA:319,0
DA:321,0
DA:329,0
DA:334,0
DA:335,0
DA:339,0
DA:341,0
DA:342,0
DA:346,0
DA:347,0
DA:350,0
DA:351,0
DA:354,0
DA:355,0
DA:356,0
DA:361,0
DA:370,0
DA:379,0
DA:381,0
DA:383,0
DA:389,0
DA:390,0
DA:393,0
DA:396,0
DA:397,0
DA:398,0
DA:399,0
DA:400,0
DA:401,0
DA:402,0
DA:403,0
DA:404,0
DA:405,0
DA:408,0
DA:409,0
DA:410,0
DA:411,0
DA:412,0
DA:413,0
DA:416,0
DA:417,0
DA:418,0
DA:420,0
DA:421,0
DA:422,0
DA:425,0
DA:428,0
DA:430,0
DA:452,0
DA:453,0
DA:456,0
DA:459,0
DA:460,0
DA:463,0
DA:466,0
DA:469,0
DA:472,0
DA:475,0
DA:478,0
DA:483,0
DA:484,0
DA:485,0
DA:486,0
DA:489,0
DA:491,0
DA:495,0
DA:496,0
DA:500,0
DA:503,0
DA:506,0
DA:510,0
DA:513,0
DA:516,0
DA:520,0
DA:522,0
DA:542,0
DA:543,0
DA:546,0
DA:547,0
DA:548,0
DA:550,0
DA:554,0
DA:555,0
DA:556,0
DA:558,0
DA:582,0
DA:583,0
DA:584,0
DA:585,0
DA:586,0
DA:587,0
DA:588,0
DA:591,0
DA:593,0
DA:595,0
DA:621,0
DA:622,0
DA:623,0
DA:624,0
DA:627,0
DA:630,0
DA:631,0
DA:634,0
DA:646,0
DA:655,0
DA:658,0
DA:661,0
DA:662,0
DA:663,0
DA:664,0
DA:667,0
DA:671,0
DA:679,0
DA:680,0
DA:681,0
DA:682,0
DA:683,0
DA:685,0
DA:687,0
DA:688,0
DA:689,0
DA:690,0
DA:692,0
DA:701,0
DA:712,0
DA:720,0
DA:722,0
DA:727,0
DA:728,0
DA:730,0
DA:731,0
DA:732,0
DA:733,0
DA:735,0
DA:737,0
DA:738,0
DA:739,0
DA:745,0
DA:747,0
DA:749,0
DA:758,0
DA:759,0
DA:762,0
DA:763,0
DA:767,0
DA:768,0
DA:771,0
DA:772,0
DA:776,0
DA:777,0
DA:784,0
DA:785,0
DA:790,0
DA:791,0
DA:793,0
DA:794,0
DA:795,0
DA:796,0
DA:798,0
DA:799,0
DA:806,0
DA:807,0
DA:812,0
DA:813,0
DA:814,0
DA:818,0
DA:819,0
DA:820,0
DA:821,0
DA:822,0
DA:824,0
DA:825,0
DA:837,0
DA:838,0
DA:842,0
LF:268
LH:0
BRDA:30,0,0,0
BRDA:30,0,1,0
BRDA:30,1,0,0
BRDA:30,1,1,0
BRDA:31,2,0,0
BRDA:31,2,1,0
BRDA:31,3,0,0
BRDA:31,3,1,0
BRDA:36,4,0,0
BRDA:50,5,0,0
BRDA:50,5,1,0
BRDA:67,6,0,0
BRDA:69,7,0,0
BRDA:78,8,0,0
BRDA:82,9,0,0
BRDA:86,10,0,0
BRDA:86,10,1,0
BRDA:87,11,0,0
BRDA:87,11,1,0
BRDA:88,12,0,0
BRDA:88,12,1,0
BRDA:89,13,0,0
BRDA:89,13,1,0
BRDA:90,14,0,0
BRDA:90,14,1,0
BRDA:92,15,0,0
BRDA:92,15,1,0
BRDA:92,16,0,0
BRDA:92,16,1,0
BRDA:100,17,0,0
BRDA:108,18,0,0
BRDA:108,18,1,0
BRDA:108,19,0,0
BRDA:108,19,1,0
BRDA:108,20,0,0
BRDA:108,20,1,0
BRDA:109,21,0,0
BRDA:109,21,1,0
BRDA:110,22,0,0
BRDA:110,22,1,0
BRDA:111,23,0,0
BRDA:111,23,1,0
BRDA:112,24,0,0
BRDA:112,24,1,0
BRDA:113,25,0,0
BRDA:113,25,1,0
BRDA:125,26,0,0
BRDA:125,27,0,0
BRDA:125,27,1,0
BRDA:131,28,0,0
BRDA:131,28,1,0
BRDA:153,29,0,0
BRDA:153,30,0,0
BRDA:153,30,1,0
BRDA:153,30,2,0
BRDA:163,31,0,0
BRDA:163,32,0,0
BRDA:163,32,1,0
BRDA:163,32,2,0
BRDA:168,33,0,0
BRDA:168,33,1,0
BRDA:168,34,0,0
BRDA:168,34,1,0
BRDA:168,35,0,0
BRDA:168,35,1,0
BRDA:168,36,0,0
BRDA:168,36,1,0
BRDA:168,37,0,0
BRDA:168,37,1,0
BRDA:190,38,0,0
BRDA:190,38,1,0
BRDA:195,39,0,0
BRDA:195,40,0,0
BRDA:195,40,1,0
BRDA:195,40,2,0
BRDA:218,41,0,0
BRDA:218,42,0,0
BRDA:218,42,1,0
BRDA:218,42,2,0
BRDA:243,43,0,0
BRDA:248,44,0,0
BRDA:248,45,0,0
BRDA:248,45,1,0
BRDA:248,45,2,0
BRDA:257,46,0,0
BRDA:261,47,0,0
BRDA:261,47,1,0
BRDA:261,48,0,0
BRDA:261,48,1,0
BRDA:261,49,0,0
BRDA:261,49,1,0
BRDA:268,50,0,0
BRDA:294,51,0,0
BRDA:294,51,1,0
BRDA:296,52,0,0
BRDA:296,53,0,0
BRDA:296,53,1,0
BRDA:300,54,0,0
BRDA:300,55,0,0
BRDA:300,55,1,0
BRDA:305,56,0,0
BRDA:305,57,0,0
BRDA:305,57,1,0
BRDA:307,58,0,0
BRDA:307,58,1,0
BRDA:307,58,2,0
BRDA:307,59,0,0
BRDA:307,59,1,0
BRDA:307,60,0,0
BRDA:307,60,1,0
BRDA:307,61,0,0
BRDA:307,61,1,0
BRDA:307,62,0,0
BRDA:307,62,1,0
BRDA:307,63,0,0
BRDA:307,63,1,0
BRDA:307,64,0,0
BRDA:307,64,1,0
BRDA:315,65,0,0
BRDA:316,66,0,0
BRDA:316,66,1,0
BRDA:316,66,2,0
BRDA:316,67,0,0
BRDA:316,67,1,0
BRDA:316,68,0,0
BRDA:316,68,1,0
BRDA:318,69,0,0
BRDA:318,69,1,0
BRDA:318,70,0,0
BRDA:318,70,1,0
BRDA:318,71,0,0
BRDA:318,71,1,0
BRDA:319,72,0,0
BRDA:319,72,1,0
BRDA:319,73,0,0
BRDA:319,73,1,0
BRDA:319,74,0,0
BRDA:319,74,1,0
BRDA:319,75,0,0
BRDA:319,75,1,0
BRDA:319,76,0,0
BRDA:319,76,1,0
BRDA:334,77,0,0
BRDA:339,78,0,0
BRDA:339,79,0,0
BRDA:339,79,1,0
BRDA:339,79,2,0
BRDA:339,80,0,0
BRDA:339,80,1,0
BRDA:339,81,0,0
BRDA:339,81,1,0
BRDA:339,82,0,0
BRDA:339,82,1,0
BRDA:339,83,0,0
BRDA:339,83,1,0
BRDA:346,84,0,0
BRDA:346,85,0,0
BRDA:346,85,1,0
BRDA:350,86,0,0
BRDA:350,86,1,0
BRDA:350,87,0,0
BRDA:350,87,1,0
BRDA:350,88,0,0
BRDA:350,88,1,0
BRDA:351,89,0,0
BRDA:351,89,1,0
BRDA:351,90,0,0
BRDA:351,90,1,0
BRDA:351,91,0,0
BRDA:351,91,1,0
BRDA:354,92,0,0
BRDA:371,93,0,0
BRDA:371,93,1,0
BRDA:371,94,0,0
BRDA:371,94,1,0
BRDA:372,95,0,0
BRDA:372,95,1,0
BRDA:372,96,0,0
BRDA:372,96,1,0
BRDA:372,97,0,0
BRDA:372,97,1,0
BRDA:372,98,0,0
BRDA:372,98,1,0
BRDA:376,99,0,0
BRDA:376,99,1,0
BRDA:376,100,0,0
BRDA:376,100,1,0
BRDA:376,101,0,0
BRDA:376,101,1,0
BRDA:376,102,0,0
BRDA:376,102,1,0
BRDA:376,103,0,0
BRDA:376,103,1,0
BRDA:393,104,0,0
BRDA:393,104,1,0
BRDA:396,105,0,0
BRDA:396,105,1,0
BRDA:397,106,0,0
BRDA:397,106,1,0
BRDA:398,107,0,0
BRDA:398,107,1,0
BRDA:399,108,0,0
BRDA:399,108,1,0
BRDA:400,109,0,0
BRDA:400,109,1,0
BRDA:401,110,0,0
BRDA:401,110,1,0
BRDA:402,111,0,0
BRDA:402,111,1,0
BRDA:403,112,0,0
BRDA:403,112,1,0
BRDA:404,113,0,0
BRDA:404,113,1,0
BRDA:405,114,0,0
BRDA:405,114,1,0
BRDA:408,115,0,0
BRDA:408,115,1,0
BRDA:409,116,0,0
BRDA:409,116,1,0
BRDA:410,117,0,0
BRDA:410,117,1,0
BRDA:411,118,0,0
BRDA:411,118,1,0
BRDA:412,119,0,0
BRDA:412,119,1,0
BRDA:413,120,0,0
BRDA:413,120,1,0
BRDA:420,121,0,0
BRDA:420,121,1,0
BRDA:483,122,0,0
BRDA:483,122,1,0
BRDA:483,123,0,0
BRDA:483,123,1,0
BRDA:483,124,0,0
BRDA:483,124,1,0
BRDA:484,125,0,0
BRDA:484,125,1,0
BRDA:484,126,0,0
BRDA:484,126,1,0
BRDA:484,127,0,0
BRDA:484,127,1,0
BRDA:489,128,0,0
BRDA:489,128,1,0
BRDA:489,129,0,0
BRDA:489,129,1,0
BRDA:489,130,0,0
BRDA:489,130,1,0
BRDA:503,131,0,0
BRDA:503,131,1,0
BRDA:547,132,0,0
BRDA:547,133,0,0
BRDA:547,133,1,0
BRDA:550,134,0,0
BRDA:555,135,0,0
BRDA:555,135,1,0
BRDA:582,136,0,0
BRDA:606,137,0,0
BRDA:606,137,1,0
BRDA:630,138,0,0
BRDA:630,138,1,0
BRDA:635,139,0,0
BRDA:635,139,1,0
BRDA:636,140,0,0
BRDA:636,140,1,0
BRDA:637,141,0,0
BRDA:637,141,1,0
BRDA:638,142,0,0
BRDA:638,142,1,0
BRDA:639,143,0,0
BRDA:639,143,1,0
BRDA:649,144,0,0
BRDA:649,144,1,0
BRDA:650,145,0,0
BRDA:650,145,1,0
BRDA:655,146,0,0
BRDA:658,147,0,0
BRDA:658,147,1,0
BRDA:658,148,0,0
BRDA:658,148,1,0
BRDA:658,149,0,0
BRDA:658,149,1,0
BRDA:663,150,0,0
BRDA:663,150,1,0
BRDA:668,151,0,0
BRDA:668,151,1,0
BRDA:669,152,0,0
BRDA:669,152,1,0
BRDA:673,153,0,0
BRDA:673,153,1,0
BRDA:674,154,0,0
BRDA:674,154,1,0
BRDA:682,155,0,0
BRDA:682,155,1,0
BRDA:682,156,0,0
BRDA:682,156,1,0
BRDA:689,157,0,0
BRDA:689,157,1,0
BRDA:727,158,0,0
BRDA:727,159,0,0
BRDA:727,159,1,0
BRDA:737,160,0,0
BRDA:737,161,0,0
BRDA:737,161,1,0
BRDA:759,162,0,0
BRDA:759,163,0,0
BRDA:759,163,1,0
BRDA:759,163,2,0
BRDA:759,164,0,0
BRDA:759,164,1,0
BRDA:759,165,0,0
BRDA:759,165,1,0
BRDA:768,166,0,0
BRDA:768,166,1,0
BRDA:771,167,0,0
BRDA:773,168,0,0
BRDA:773,168,1,0
BRDA:776,169,0,0
BRDA:793,170,0,0
BRDA:793,171,0,0
BRDA:793,171,1,0
BRDA:793,171,2,0
BRDA:794,172,0,0
BRDA:794,172,1,0
BRDA:794,173,0,0
BRDA:794,173,1,0
BRDA:795,174,0,0
BRDA:795,174,1,0
BRDA:798,175,0,0
BRDA:812,176,0,0
BRDA:812,177,0,0
BRDA:812,177,1,0
BRDA:813,178,0,0
BRDA:813,178,1,0
BRDA:814,179,0,0
BRDA:814,179,1,0
BRDA:815,180,0,0
BRDA:815,180,1,0
BRDA:816,181,0,0
BRDA:816,181,1,0
BRDA:818,182,0,0
BRDA:818,182,1,0
BRDA:819,183,0,0
BRDA:819,183,1,0
BRDA:821,184,0,0
BRDA:821,184,1,0
BRDA:824,185,0,0
BRF:346
BRH:0
end_of_record
TN:
SF:src/utils/financialCalculations.ts
FN:11,(anonymous_0)
FN:22,(anonymous_1)
FN:29,(anonymous_2)
FN:36,(anonymous_3)
FN:43,(anonymous_4)
FN:50,(anonymous_5)
FN:58,(anonymous_6)
FN:66,(anonymous_7)
FN:74,(anonymous_8)
FN:98,(anonymous_9)
FN:99,(anonymous_10)
FN:140,(anonymous_11)
FN:170,(anonymous_12)
FN:177,(anonymous_13)
FN:184,(anonymous_14)
FN:191,(anonymous_15)
FN:201,(anonymous_16)
FN:227,(anonymous_17)
FN:242,(anonymous_18)
FN:253,(anonymous_19)
FN:264,(anonymous_20)
FN:275,(anonymous_21)
FN:286,(anonymous_22)
FN:297,(anonymous_23)
FN:308,(anonymous_24)
FN:321,(anonymous_25)
FN:348,(anonymous_26)
FN:372,(anonymous_27)
FN:385,(anonymous_28)
FNF:29
FNH:0
FNDA:0,(anonymous_0)
FNDA:0,(anonymous_1)
FNDA:0,(anonymous_2)
FNDA:0,(anonymous_3)
FNDA:0,(anonymous_4)
FNDA:0,(anonymous_5)
FNDA:0,(anonymous_6)
FNDA:0,(anonymous_7)
FNDA:0,(anonymous_8)
FNDA:0,(anonymous_9)
FNDA:0,(anonymous_10)
FNDA:0,(anonymous_11)
FNDA:0,(anonymous_12)
FNDA:0,(anonymous_13)
FNDA:0,(anonymous_14)
FNDA:0,(anonymous_15)
FNDA:0,(anonymous_16)
FNDA:0,(anonymous_17)
FNDA:0,(anonymous_18)
FNDA:0,(anonymous_19)
FNDA:0,(anonymous_20)
FNDA:0,(anonymous_21)
FNDA:0,(anonymous_22)
FNDA:0,(anonymous_23)
FNDA:0,(anonymous_24)
FNDA:0,(anonymous_25)
FNDA:0,(anonymous_26)
FNDA:0,(anonymous_27)
FNDA:0,(anonymous_28)
DA:3,0
DA:12,0
DA:13,0
DA:14,0
DA:15,0
DA:23,0
DA:30,0
DA:37,0
DA:44,0
DA:51,0
DA:52,0
DA:59,0
DA:60,0
DA:67,0
DA:68,0
DA:75,0
DA:76,0
DA:79,0
DA:80,0
DA:81,0
DA:83,0
DA:87,0
DA:88,0
DA:89,0
DA:92,0
DA:93,0
DA:94,0
DA:95,0
DA:98,0
DA:99,0
DA:100,0
DA:104,0
DA:105,0
DA:106,0
DA:107,0
DA:109,0
DA:110,0
DA:112,0
DA:113,0
DA:114,0
DA:115,0
DA:118,0
DA:119,0
DA:121,0
DA:124,0
DA:127,0
DA:128,0
DA:132,0
DA:133,0
DA:134,0
DA:147,0
DA:149,0
DA:150,0
DA:151,0
DA:152,0
DA:155,0
DA:157,0
DA:171,0
DA:178,0
DA:185,0
DA:192,0
DA:202,0
DA:217,0
DA:232,0
DA:233,0
DA:243,0
DA:244,0
DA:254,0
DA:255,0
DA:265,0
DA:266,0
DA:276,0
DA:277,0
DA:287,0
DA:288,0
DA:298,0
DA:299,0
DA:309,0
DA:310,0
DA:323,0
DA:325,0
DA:326,0
DA:329,0
DA:330,0
DA:334,0
DA:337,0
DA:354,0
DA:357,0
DA:358,0
DA:359,0
DA:363,0
DA:373,0
DA:374,0
DA:386,0
DA:387,0
LF:95
LH:0
BRDA:14,0,0,0
BRDA:23,1,0,0
BRDA:23,1,1,0
BRDA:51,2,0,0
BRDA:59,3,0,0
BRDA:67,4,0,0
BRDA:81,5,0,0
BRDA:81,6,0,0
BRDA:81,6,1,0
BRDA:81,6,2,0
BRDA:81,6,3,0
BRDA:92,7,0,0
BRDA:112,8,0,0
BRDA:118,9,0,0
BRDA:118,9,1,0
BRDA:127,10,0,0
BRDA:155,11,0,0
BRDA:155,11,1,0
BRDA:171,12,0,0
BRDA:171,12,1,0
BRDA:178,13,0,0
BRDA:178,13,1,0
BRDA:185,14,0,0
BRDA:185,14,1,0
BRDA:192,15,0,0
BRDA:192,15,1,0
BRDA:232,16,0,0
BRDA:243,17,0,0
BRDA:254,18,0,0
BRDA:265,19,0,0
BRDA:276,20,0,0
BRDA:287,21,0,0
BRDA:298,22,0,0
BRDA:309,23,0,0
BRDA:323,24,0,0
BRDA:352,25,0,0
BRDA:354,26,0,0
BRDA:354,27,0,0
BRDA:354,27,1,0
BRDA:357,28,0,0
BRDA:373,29,0,0
BRDA:373,30,0,0
BRDA:373,30,1,0
BRDA:386,31,0,0
BRF:44
BRH:0
end_of_record
TN:
SF:src/utils/logger.ts
FNF:0
FNH:0
DA:1,0
DA:3,0
DA:16,0
DA:17,0
LF:4
LH:0
BRDA:16,0,0,0
BRF:1
BRH:0
end_of_record
TN:
SF:src/utils/modelCheck.ts
FN:10,checkModels
FN:18,(anonymous_2)
FN:32,checkCollections
FN:36,(anonymous_4)
FN:45,(anonymous_5)
FNF:5
FNH:0
FNDA:0,checkModels
FNDA:0,(anonymous_2)
FNDA:0,checkCollections
FNDA:0,(anonymous_4)
FNDA:0,(anonymous_5)
DA:1,0
DA:2,0
DA:5,0
DA:10,0
DA:11,0
DA:12,0
DA:15,0
DA:18,0
DA:20,0
DA:21,0
DA:22,0
DA:25,0
DA:26,0
DA:32,0
DA:33,0
DA:34,0
DA:35,0
DA:36,0
DA:38,0
DA:41,0
DA:44,0
DA:45,0
DA:48,0
DA:49,0
DA:50,0
DA:53,0
DA:54,0
DA:56,0
DA:57,0
LF:29
LH:0
BRDA:20,0,0,0
BRDA:48,1,0,0
BRF:2
BRH:0
end_of_record
TN:
SF:src/utils/fixers/projectionFixer.ts
FN:19,ensureExpenseInflation
FN:38,(anonymous_1)
FN:93,shouldRegenerateProjections
FNF:3
FNH:0
FNDA:0,ensureExpenseInflation
FNDA:0,(anonymous_1)
FNDA:0,shouldRegenerateProjections
DA:19,0
DA:23,0
DA:24,0
DA:25,0
DA:28,0
DA:29,0
DA:34,0
DA:35,0
DA:38,0
DA:39,0
DA:41,0
DA:45,0
DA:48,0
DA:56,0
DA:66,0
DA:69,0
DA:72,0
DA:74,0
DA:78,0
DA:79,0
DA:80,0
DA:81,0
DA:84,0
DA:93,0
DA:95,0
DA:96,0
DA:97,0
DA:101,0
DA:102,0
DA:106,0
DA:107,0
DA:110,0
DA:113,0
LF:33
LH:0
BRDA:21,0,0,0
BRDA:23,1,0,0
BRDA:23,2,0,0
BRDA:23,2,1,0
BRDA:23,2,2,0
BRDA:35,3,0,0
BRDA:35,3,1,0
BRDA:35,4,0,0
BRDA:35,4,1,0
BRDA:35,5,0,0
BRDA:35,5,1,0
BRDA:35,6,0,0
BRDA:35,6,1,0
BRDA:35,7,0,0
BRDA:35,7,1,0
BRDA:35,8,0,0
BRDA:35,8,1,0
BRDA:39,9,0,0
BRDA:66,10,0,0
BRDA:66,10,1,0
BRDA:67,11,0,0
BRDA:67,11,1,0
BRDA:67,11,2,0
BRDA:67,12,0,0
BRDA:67,12,1,0
BRDA:72,13,0,0
BRDA:72,13,1,0
BRDA:78,14,0,0
BRDA:95,15,0,0
BRDA:95,16,0,0
BRDA:95,16,1,0
BRDA:95,16,2,0
BRDA:102,17,0,0
BRDA:102,18,0,0
BRDA:102,18,1,0
BRDA:102,18,2,0
BRDA:102,18,3,0
BRF:37
BRH:0
end_of_record
