TN:
SF:src/testApiOnStartup.ts
FN:12,testEndpoint
FN:23,checkRequiredFields
FN:36,runApiSmokeTests
FNF:3
FNH:0
FNDA:0,testEndpoint
FNDA:0,checkRequiredFields
FNDA:0,runApiSmokeTests
DA:1,0
DA:3,0
DA:5,0
DA:13,0
DA:14,0
DA:15,0
DA:16,0
DA:18,0
DA:19,0
DA:24,0
DA:25,0
DA:26,0
DA:27,0
DA:28,0
DA:30,0
DA:33,0
DA:36,0
DA:37,0
DA:39,0
DA:41,0
DA:43,0
DA:44,0
DA:45,0
DA:48,0
DA:49,0
DA:50,0
DA:52,0
LF:27
LH:0
BRDA:3,0,0,0
BRDA:3,0,1,0
BRDA:12,1,0,0
BRDA:18,2,0,0
BRDA:18,2,1,0
BRDA:18,3,0,0
BRDA:18,3,1,0
BRDA:18,4,0,0
BRDA:18,4,1,0
BRDA:26,5,0,0
BRDA:26,5,1,0
BRDA:43,6,0,0
BRDA:45,7,0,0
BRDA:48,8,0,0
BRDA:50,9,0,0
BRF:15
BRH:0
end_of_record
TN:
SF:src/analysis/BasePropertyAnalyzer.ts
FN:24,(anonymous_0)
FN:29,(anonymous_1)
FN:41,(anonymous_2)
FN:50,(anonymous_3)
FN:53,(anonymous_4)
FN:57,(anonymous_5)
FN:61,(anonymous_6)
FN:65,(anonymous_7)
FN:69,(anonymous_8)
FN:145,(anonymous_9)
FN:148,(anonymous_10)
FN:162,(anonymous_11)
FN:216,(anonymous_12)
FN:236,(anonymous_13)
FNF:14
FNH:11
FNDA:4,(anonymous_0)
FNDA:28,(anonymous_1)
FNDA:0,(anonymous_2)
FNDA:0,(anonymous_3)
FNDA:172,(anonymous_4)
FNDA:4,(anonymous_5)
FNDA:4,(anonymous_6)
FNDA:4,(anonymous_7)
FNDA:16,(anonymous_8)
FNDA:16,(anonymous_9)
FNDA:160,(anonymous_10)
FNDA:4,(anonymous_11)
FNDA:40,(anonymous_12)
FNDA:0,(anonymous_13)
DA:1,1
DA:20,1
DA:25,4
DA:26,4
DA:30,28
DA:34,28
DA:42,0
DA:50,0
DA:54,172
DA:58,4
DA:62,4
DA:66,4
DA:70,16
DA:71,16
DA:72,16
DA:73,16
DA:74,16
DA:76,16
DA:77,16
DA:79,16
DA:80,16
DA:82,16
DA:87,16
DA:88,160
DA:90,160
DA:92,160
DA:93,160
DA:94,160
DA:96,160
DA:103,160
DA:104,160
DA:106,160
DA:108,160
DA:109,160
DA:111,160
DA:113,160
DA:114,160
DA:115,160
DA:117,160
DA:118,160
DA:120,160
DA:142,16
DA:146,16
DA:147,16
DA:148,160
DA:150,16
DA:163,4
DA:164,4
DA:166,4
DA:167,4
DA:168,4
DA:169,4
DA:171,4
DA:172,4
DA:173,4
DA:175,4
DA:176,4
DA:177,4
DA:178,4
DA:179,4
DA:180,4
DA:181,4
DA:182,4
DA:183,4
DA:184,4
DA:185,4
DA:186,4
DA:187,4
DA:189,4
DA:216,40
DA:224,4
DA:225,4
DA:226,4
DA:227,4
DA:228,4
DA:229,4
DA:230,4
DA:231,4
DA:233,4
DA:237,0
LF:80
LH:77
BRDA:147,0,0,16
BRDA:147,0,1,0
BRDA:215,1,0,4
BRDA:215,1,1,0
BRDA:217,2,0,4
BRDA:217,2,1,0
BRDA:217,3,0,0
BRDA:217,3,1,4
BRDA:217,4,0,4
BRDA:217,4,1,4
BRDA:218,5,0,4
BRDA:218,5,1,0
BRF:12
BRH:7
end_of_record
TN:
SF:src/analysis/MultiFamilyAnalyzer.ts
FN:7,(anonymous_0)
FN:9,(anonymous_1)
FN:14,(anonymous_2)
FN:43,(anonymous_3)
FN:88,(anonymous_4)
FN:132,(anonymous_5)
FN:144,(anonymous_6)
FN:145,(anonymous_7)
FN:152,(anonymous_8)
FN:153,(anonymous_9)
FN:160,(anonymous_10)
FN:167,(anonymous_11)
FNF:12
FNH:0
FNDA:0,(anonymous_0)
FNDA:0,(anonymous_1)
FNDA:0,(anonymous_2)
FNDA:0,(anonymous_3)
FNDA:0,(anonymous_4)
FNDA:0,(anonymous_5)
FNDA:0,(anonymous_6)
FNDA:0,(anonymous_7)
FNDA:0,(anonymous_8)
FNDA:0,(anonymous_9)
FNDA:0,(anonymous_10)
FNDA:0,(anonymous_11)
DA:1,0
DA:2,0
DA:6,0
DA:8,0
DA:9,0
DA:10,0
DA:15,0
DA:18,0
DA:19,0
DA:20,0
DA:21,0
DA:24,0
DA:27,0
DA:28,0
DA:29,0
DA:37,0
DA:38,0
DA:40,0
DA:44,0
DA:45,0
DA:46,0
DA:47,0
DA:48,0
DA:49,0
DA:50,0
DA:53,0
DA:54,0
DA:55,0
DA:57,0
DA:60,0
DA:85,0
DA:89,0
DA:92,0
DA:93,0
DA:94,0
DA:95,0
DA:96,0
DA:99,0
DA:100,0
DA:101,0
DA:102,0
DA:104,0
DA:105,0
DA:106,0
DA:107,0
DA:108,0
DA:112,0
DA:114,0
DA:133,0
DA:136,0
DA:141,0
DA:145,0
DA:146,0
DA:149,0
DA:153,0
DA:154,0
DA:157,0
DA:161,0
DA:162,0
DA:163,0
DA:165,0
DA:167,0
LF:62
LH:0
BRDA:24,0,0,0
BRDA:24,0,1,0
BRDA:28,1,0,0
BRDA:30,2,0,0
BRDA:30,2,1,0
BRDA:31,3,0,0
BRDA:31,3,1,0
BRDA:32,4,0,0
BRDA:32,4,1,0
BRDA:33,5,0,0
BRDA:33,5,1,0
BRDA:50,6,0,0
BRDA:50,6,1,0
BRDA:96,7,0,0
BRDA:96,7,1,0
BRDA:104,8,0,0
BRDA:105,9,0,0
BRDA:105,9,1,0
BRDA:106,10,0,0
BRDA:106,10,1,0
BRDA:107,11,0,0
BRDA:107,11,1,0
BRDA:108,12,0,0
BRDA:108,12,1,0
BRDA:133,13,0,0
BRDA:133,14,0,0
BRDA:133,14,1,0
BRDA:136,15,0,0
BRDA:136,15,1,0
BRDA:137,16,0,0
BRDA:137,16,1,0
BRDA:138,17,0,0
BRDA:138,17,1,0
BRDA:139,18,0,0
BRDA:139,18,1,0
BRDA:141,19,0,0
BRDA:141,19,1,0
BRDA:149,20,0,0
BRDA:149,20,1,0
BRDA:157,21,0,0
BRDA:157,21,1,0
BRDA:163,22,0,0
BRDA:163,22,1,0
BRF:43
BRH:0
end_of_record
TN:
SF:src/analysis/SFRAnalyzer.ts
FN:7,(anonymous_0)
FN:12,(anonymous_1)
FN:26,(anonymous_2)
FN:49,(anonymous_3)
FN:148,(anonymous_4)
FN:275,(anonymous_5)
FN:294,(anonymous_6)
FN:301,(anonymous_7)
FN:308,(anonymous_8)
FN:317,(anonymous_9)
FN:407,(anonymous_10)
FNF:11
FNH:11
FNDA:172,(anonymous_0)
FNDA:12,(anonymous_1)
FNDA:4,(anonymous_2)
FNDA:40,(anonymous_3)
FNDA:4,(anonymous_4)
FNDA:4,(anonymous_5)
FNDA:4,(anonymous_6)
FNDA:40,(anonymous_7)
FNDA:40,(anonymous_8)
FNDA:4,(anonymous_9)
FNDA:4,(anonymous_10)
DA:1,1
DA:2,1
DA:6,1
DA:8,172
DA:13,12
DA:16,12
DA:17,12
DA:18,12
DA:19,12
DA:20,12
DA:21,12
DA:23,12
DA:27,4
DA:28,4
DA:29,4
DA:30,4
DA:31,4
DA:32,4
DA:33,4
DA:36,4
DA:37,4
DA:38,4
DA:39,4
DA:40,4
DA:41,4
DA:42,4
DA:43,4
DA:44,4
DA:47,4
DA:48,4
DA:49,40
DA:50,4
DA:53,4
DA:54,4
DA:55,4
DA:56,4
DA:58,4
DA:65,4
DA:67,4
DA:122,4
DA:123,4
DA:124,4
DA:125,4
DA:126,4
DA:127,4
DA:128,4
DA:129,4
DA:130,4
DA:131,4
DA:132,4
DA:133,4
DA:134,4
DA:135,4
DA:136,4
DA:139,4
DA:140,0
DA:141,0
DA:145,4
DA:150,4
DA:151,4
DA:152,4
DA:153,4
DA:154,4
DA:155,4
DA:156,4
DA:157,4
DA:159,4
DA:160,4
DA:161,4
DA:162,4
DA:163,4
DA:164,4
DA:165,4
DA:166,4
DA:169,4
DA:170,4
DA:171,4
DA:172,4
DA:173,4
DA:176,4
DA:177,4
DA:182,4
DA:185,4
DA:186,4
DA:187,4
DA:191,4
DA:194,4
DA:199,4
DA:200,4
DA:201,4
DA:202,4
DA:203,4
DA:206,4
DA:207,4
DA:212,4
DA:215,4
DA:216,4
DA:217,4
DA:221,4
DA:224,4
DA:228,4
DA:229,4
DA:230,4
DA:231,4
DA:232,4
DA:233,4
DA:234,4
DA:235,4
DA:236,4
DA:237,4
DA:239,4
DA:240,4
DA:241,4
DA:242,4
DA:243,4
DA:244,4
DA:245,4
DA:246,4
DA:247,4
DA:248,4
DA:249,4
DA:251,4
DA:276,4
DA:295,4
DA:296,4
DA:297,4
DA:299,4
DA:301,40
DA:306,4
DA:307,4
DA:308,40
DA:309,4
DA:310,4
DA:311,4
DA:313,4
DA:319,4
DA:322,4
DA:323,4
DA:326,4
DA:340,4
DA:341,0
DA:342,0
DA:346,4
DA:347,4
DA:348,4
DA:349,4
DA:350,4
DA:351,4
DA:352,4
DA:353,4
DA:355,4
DA:360,4
DA:361,4
DA:362,0
DA:370,4
DA:371,0
DA:390,4
DA:393,4
DA:403,4
DA:408,4
DA:409,4
LF:161
LH:155
BRDA:18,0,0,12
BRDA:18,0,1,0
BRDA:33,1,0,4
BRDA:33,1,1,0
BRDA:56,2,0,4
BRDA:56,2,1,0
BRDA:56,3,0,4
BRDA:56,3,1,4
BRDA:139,4,0,0
BRDA:139,5,0,4
BRDA:139,5,1,0
BRDA:155,6,0,4
BRDA:155,6,1,0
BRDA:297,7,0,4
BRDA:297,7,1,0
BRDA:322,8,0,4
BRDA:322,9,0,0
BRDA:322,9,1,4
BRDA:322,10,0,4
BRDA:322,10,1,4
BRDA:322,11,0,0
BRDA:322,11,1,4
BRDA:322,12,0,4
BRDA:322,12,1,4
BRDA:333,13,0,4
BRDA:333,13,1,0
BRDA:335,14,0,0
BRDA:335,14,1,0
BRDA:340,15,0,0
BRDA:340,16,0,4
BRDA:340,16,1,0
BRDA:346,17,0,4
BRDA:346,18,0,0
BRDA:346,18,1,4
BRDA:346,19,0,4
BRDA:346,19,1,4
BRDA:348,20,0,4
BRDA:348,20,1,0
BRDA:348,21,0,0
BRDA:348,21,1,4
BRDA:348,22,0,4
BRDA:348,22,1,4
BRDA:349,23,0,4
BRDA:349,23,1,0
BRDA:350,24,0,4
BRDA:350,24,1,0
BRDA:351,25,0,4
BRDA:351,25,1,0
BRDA:352,26,0,4
BRDA:352,26,1,0
BRDA:353,27,0,4
BRDA:353,27,1,0
BRDA:360,28,0,4
BRDA:360,29,0,0
BRDA:360,29,1,4
BRDA:360,30,0,4
BRDA:360,30,1,4
BRDA:361,31,0,0
BRDA:370,32,0,0
BRDA:394,33,0,0
BRDA:394,33,1,4
BRDA:394,34,0,4
BRDA:394,34,1,4
BRDA:395,35,0,0
BRDA:395,35,1,4
BRDA:395,36,0,4
BRDA:395,36,1,4
BRDA:395,37,0,0
BRDA:395,37,1,4
BRDA:395,38,0,4
BRDA:395,38,1,4
BRDA:396,39,0,0
BRDA:396,39,1,4
BRDA:396,40,0,4
BRDA:396,40,1,4
BRDA:396,41,0,0
BRDA:396,41,1,4
BRDA:396,42,0,4
BRDA:396,42,1,4
BRF:79
BRH:49
end_of_record
TN:
SF:src/analysis/index.ts
FN:1,(anonymous_0)
FN:2,(anonymous_1)
FN:3,(anonymous_2)
FNF:3
FNH:0
FNDA:0,(anonymous_0)
FNDA:0,(anonymous_1)
FNDA:0,(anonymous_2)
DA:1,0
DA:2,0
DA:3,0
LF:3
LH:0
BRF:0
BRH:0
end_of_record
TN:
SF:src/controllers/dealController.ts
FN:10,(anonymous_0)
FN:15,(anonymous_1)
FN:31,(anonymous_2)
FN:38,(anonymous_3)
FN:56,(anonymous_4)
FN:241,(anonymous_5)
FN:352,(anonymous_6)
FN:450,(anonymous_7)
FN:471,(anonymous_8)
FN:490,(anonymous_9)
FN:512,(anonymous_10)
FN:531,(anonymous_11)
FNF:12
FNH:0
FNDA:0,(anonymous_0)
FNDA:0,(anonymous_1)
FNDA:0,(anonymous_2)
FNDA:0,(anonymous_3)
FNDA:0,(anonymous_4)
FNDA:0,(anonymous_5)
FNDA:0,(anonymous_6)
FNDA:0,(anonymous_7)
FNDA:0,(anonymous_8)
FNDA:0,(anonymous_9)
FNDA:0,(anonymous_10)
FNDA:0,(anonymous_11)
DA:2,0
DA:3,0
DA:6,0
DA:10,0
DA:11,0
DA:12,0
DA:15,0
DA:16,0
DA:17,0
DA:31,0
DA:32,0
DA:34,0
DA:35,0
DA:38,0
DA:39,0
DA:40,0
DA:44,0
DA:46,0
DA:48,0
DA:49,0
DA:56,0
DA:57,0
DA:58,0
DA:59,0
DA:60,0
DA:62,0
DA:63,0
DA:65,0
DA:66,0
DA:69,0
DA:76,0
DA:79,0
DA:105,0
DA:106,0
DA:107,0
DA:110,0
DA:111,0
DA:112,0
DA:113,0
DA:114,0
DA:115,0
DA:116,0
DA:119,0
DA:120,0
DA:122,0
DA:140,0
DA:141,0
DA:142,0
DA:143,0
DA:146,0
DA:147,0
DA:148,0
DA:151,0
DA:155,0
DA:156,0
DA:157,0
DA:158,0
DA:159,0
DA:161,0
DA:162,0
DA:164,0
DA:183,0
DA:184,0
DA:185,0
DA:187,0
DA:193,0
DA:194,0
DA:195,0
DA:198,0
DA:199,0
DA:200,0
DA:201,0
DA:203,0
DA:212,0
DA:221,0
DA:222,0
DA:223,0
DA:224,0
DA:225,0
DA:226,0
DA:227,0
DA:228,0
DA:229,0
DA:232,0
DA:235,0
DA:236,0
DA:237,0
DA:241,0
DA:242,0
DA:243,0
DA:244,0
DA:245,0
DA:248,0
DA:255,0
DA:258,0
DA:261,0
DA:264,0
DA:267,0
DA:270,0
DA:278,0
DA:279,0
DA:282,0
DA:285,0
DA:288,0
DA:291,0
DA:294,0
DA:297,0
DA:298,0
DA:299,0
DA:301,0
DA:302,0
DA:303,0
DA:304,0
DA:306,0
DA:307,0
DA:309,0
DA:314,0
DA:317,0
DA:320,0
DA:322,0
DA:344,0
DA:345,0
DA:346,0
DA:347,0
DA:348,0
DA:349,0
DA:352,0
DA:353,0
DA:354,0
DA:355,0
DA:359,0
DA:361,0
DA:370,0
DA:378,0
DA:392,0
DA:398,0
DA:402,0
DA:405,0
DA:406,0
DA:407,0
DA:410,0
DA:411,0
DA:412,0
DA:417,0
DA:418,0
DA:419,0
DA:421,0
DA:422,0
DA:423,0
DA:424,0
DA:425,0
DA:426,0
DA:427,0
DA:428,0
DA:429,0
DA:432,0
DA:440,0
DA:442,0
DA:443,0
DA:450,0
DA:451,0
DA:452,0
DA:454,0
DA:455,0
DA:459,0
DA:460,0
DA:461,0
DA:463,0
DA:464,0
DA:471,0
DA:472,0
DA:474,0
DA:479,0
DA:480,0
DA:482,0
DA:483,0
DA:490,0
DA:491,0
DA:492,0
DA:495,0
DA:501,0
DA:502,0
DA:504,0
DA:505,0
DA:512,0
DA:513,0
DA:514,0
DA:515,0
DA:517,0
DA:518,0
DA:521,0
DA:523,0
DA:524,0
DA:531,0
DA:532,0
DA:533,0
DA:535,0
DA:536,0
DA:540,0
DA:541,0
DA:543,0
DA:547,0
DA:550,0
DA:552,0
DA:554,0
DA:555,0
LF:206
LH:0
BRDA:34,0,0,0
BRDA:34,0,1,0
BRDA:34,1,0,0
BRDA:34,1,1,0
BRDA:39,2,0,0
BRDA:65,3,0,0
BRDA:94,4,0,0
BRDA:94,4,1,0
BRDA:106,5,0,0
BRDA:106,5,1,0
BRDA:106,6,0,0
BRDA:106,6,1,0
BRDA:110,7,0,0
BRDA:110,7,1,0
BRDA:111,8,0,0
BRDA:111,8,1,0
BRDA:111,9,0,0
BRDA:111,9,1,0
BRDA:111,10,0,0
BRDA:111,10,1,0
BRDA:112,11,0,0
BRDA:112,11,1,0
BRDA:113,12,0,0
BRDA:113,12,1,0
BRDA:114,13,0,0
BRDA:114,13,1,0
BRDA:115,14,0,0
BRDA:115,14,1,0
BRDA:116,15,0,0
BRDA:116,15,1,0
BRDA:120,16,0,0
BRDA:120,16,1,0
BRDA:120,17,0,0
BRDA:120,17,1,0
BRDA:120,18,0,0
BRDA:120,18,1,0
BRDA:124,19,0,0
BRDA:124,19,1,0
BRDA:124,20,0,0
BRDA:124,20,1,0
BRDA:124,21,0,0
BRDA:124,21,1,0
BRDA:125,22,0,0
BRDA:125,22,1,0
BRDA:125,23,0,0
BRDA:125,23,1,0
BRDA:125,24,0,0
BRDA:125,24,1,0
BRDA:147,25,0,0
BRDA:147,25,1,0
BRDA:157,26,0,0
BRDA:157,26,1,0
BRDA:198,27,0,0
BRDA:198,27,1,0
BRDA:217,28,0,0
BRDA:217,28,1,0
BRDA:217,29,0,0
BRDA:217,29,1,0
BRDA:217,30,0,0
BRDA:217,30,1,0
BRDA:217,31,0,0
BRDA:217,31,1,0
BRDA:217,32,0,0
BRDA:217,32,1,0
BRDA:261,33,0,0
BRDA:261,33,1,0
BRDA:264,34,0,0
BRDA:264,34,1,0
BRDA:267,35,0,0
BRDA:267,35,1,0
BRDA:302,36,0,0
BRDA:306,37,0,0
BRDA:306,37,1,0
BRDA:317,38,0,0
BRDA:317,38,1,0
BRDA:359,39,0,0
BRDA:359,39,1,0
BRDA:388,40,0,0
BRDA:388,40,1,0
BRDA:388,41,0,0
BRDA:388,41,1,0
BRDA:388,42,0,0
BRDA:388,42,1,0
BRDA:405,43,0,0
BRDA:405,44,0,0
BRDA:405,44,1,0
BRDA:405,45,0,0
BRDA:405,45,1,0
BRDA:405,46,0,0
BRDA:405,46,1,0
BRDA:405,47,0,0
BRDA:405,47,1,0
BRDA:410,48,0,0
BRDA:417,49,0,0
BRDA:417,50,0,0
BRDA:417,50,1,0
BRDA:417,51,0,0
BRDA:417,51,1,0
BRDA:417,52,0,0
BRDA:417,52,1,0
BRDA:417,53,0,0
BRDA:417,53,1,0
BRDA:417,54,0,0
BRDA:417,54,1,0
BRDA:417,55,0,0
BRDA:417,55,1,0
BRDA:435,56,0,0
BRDA:435,56,1,0
BRDA:435,57,0,0
BRDA:435,57,1,0
BRDA:436,58,0,0
BRDA:436,58,1,0
BRDA:436,59,0,0
BRDA:436,59,1,0
BRDA:437,60,0,0
BRDA:437,60,1,0
BRDA:437,61,0,0
BRDA:437,61,1,0
BRDA:437,62,0,0
BRDA:437,62,1,0
BRDA:454,63,0,0
BRDA:454,64,0,0
BRDA:454,64,1,0
BRDA:459,65,0,0
BRDA:459,65,1,0
BRDA:459,66,0,0
BRDA:459,66,1,0
BRDA:476,67,0,0
BRDA:476,67,1,0
BRDA:476,68,0,0
BRDA:476,68,1,0
BRDA:498,69,0,0
BRDA:498,69,1,0
BRDA:498,70,0,0
BRDA:498,70,1,0
BRDA:517,71,0,0
BRDA:535,72,0,0
BRDA:535,73,0,0
BRDA:535,73,1,0
BRDA:540,74,0,0
BRDA:540,74,1,0
BRF:141
BRH:0
end_of_record
TN:
SF:src/controllers/deals.ts
FN:17,(anonymous_0)
FN:91,(anonymous_1)
FN:106,(anonymous_2)
FN:122,(anonymous_3)
FN:153,(anonymous_4)
FN:189,(anonymous_5)
FN:205,(anonymous_6)
FN:327,(anonymous_7)
FN:365,(anonymous_8)
FN:404,(anonymous_9)
FN:442,(anonymous_10)
FN:479,(anonymous_11)
FNF:12
FNH:0
FNDA:0,(anonymous_0)
FNDA:0,(anonymous_1)
FNDA:0,(anonymous_2)
FNDA:0,(anonymous_3)
FNDA:0,(anonymous_4)
FNDA:0,(anonymous_5)
FNDA:0,(anonymous_6)
FNDA:0,(anonymous_7)
FNDA:0,(anonymous_8)
FNDA:0,(anonymous_9)
FNDA:0,(anonymous_10)
FNDA:0,(anonymous_11)
DA:1,0
DA:3,0
DA:4,0
DA:6,0
DA:7,0
DA:8,0
DA:9,0
DA:10,0
DA:14,0
DA:17,0
DA:18,0
DA:19,0
DA:20,0
DA:21,0
DA:31,0
DA:43,0
DA:47,0
DA:48,0
DA:49,0
DA:50,0
DA:52,0
DA:55,0
DA:58,0
DA:59,0
DA:62,0
DA:66,0
DA:79,0
DA:80,0
DA:91,0
DA:92,0
DA:93,0
DA:94,0
DA:96,0
DA:97,0
DA:98,0
DA:100,0
DA:106,0
DA:107,0
DA:108,0
DA:109,0
DA:110,0
DA:112,0
DA:113,0
DA:114,0
DA:116,0
DA:122,0
DA:123,0
DA:124,0
DA:125,0
DA:133,0
DA:135,0
DA:136,0
DA:141,0
DA:143,0
DA:144,0
DA:145,0
DA:147,0
DA:153,0
DA:154,0
DA:155,0
DA:156,0
DA:158,0
DA:166,0
DA:169,0
DA:170,0
DA:172,0
DA:177,0
DA:179,0
DA:180,0
DA:181,0
DA:183,0
DA:189,0
DA:190,0
DA:191,0
DA:192,0
DA:193,0
DA:195,0
DA:196,0
DA:197,0
DA:199,0
DA:205,0
DA:206,0
DA:207,0
DA:208,0
DA:211,0
DA:222,0
DA:223,0
DA:224,0
DA:225,0
DA:226,0
DA:227,0
DA:228,0
DA:229,0
DA:231,0
DA:234,0
DA:235,0
DA:239,0
DA:240,0
DA:242,0
DA:244,0
DA:254,0
DA:255,0
DA:256,0
DA:257,0
DA:259,0
DA:260,0
DA:261,0
DA:262,0
DA:263,0
DA:266,0
DA:267,0
DA:268,0
DA:271,0
DA:272,0
DA:273,0
DA:281,0
DA:282,0
DA:283,0
DA:293,0
DA:294,0
DA:314,0
DA:315,0
DA:317,0
DA:318,0
DA:319,0
DA:321,0
DA:327,0
DA:328,0
DA:329,0
DA:330,0
DA:333,0
DA:334,0
DA:335,0
DA:336,0
DA:340,0
DA:351,0
DA:353,0
DA:355,0
DA:356,0
DA:357,0
DA:359,0
DA:365,0
DA:366,0
DA:367,0
DA:368,0
DA:371,0
DA:372,0
DA:373,0
DA:374,0
DA:378,0
DA:390,0
DA:392,0
DA:394,0
DA:395,0
DA:396,0
DA:398,0
DA:404,0
DA:405,0
DA:406,0
DA:407,0
DA:410,0
DA:411,0
DA:412,0
DA:413,0
DA:417,0
DA:428,0
DA:430,0
DA:432,0
DA:433,0
DA:434,0
DA:436,0
DA:442,0
DA:443,0
DA:475,0
DA:479,0
DA:480,0
DA:533,0
LF:177
LH:0
BRDA:20,0,0,0
BRDA:32,1,0,0
BRDA:32,1,1,0
BRDA:33,2,0,0
BRDA:33,2,1,0
BRDA:34,3,0,0
BRDA:34,3,1,0
BRDA:35,4,0,0
BRDA:35,4,1,0
BRDA:36,5,0,0
BRDA:36,5,1,0
BRDA:37,6,0,0
BRDA:37,6,1,0
BRDA:38,7,0,0
BRDA:38,7,1,0
BRDA:39,8,0,0
BRDA:39,8,1,0
BRDA:39,9,0,0
BRDA:39,9,1,0
BRDA:40,10,0,0
BRDA:40,10,1,0
BRDA:47,11,0,0
BRDA:47,11,1,0
BRDA:49,12,0,0
BRDA:49,12,1,0
BRDA:62,13,0,0
BRDA:62,13,1,0
BRDA:64,14,0,0
BRDA:64,14,1,0
BRDA:67,15,0,0
BRDA:67,15,1,0
BRDA:68,16,0,0
BRDA:68,16,1,0
BRDA:69,17,0,0
BRDA:69,17,1,0
BRDA:70,18,0,0
BRDA:70,18,1,0
BRDA:73,19,0,0
BRDA:73,19,1,0
BRDA:74,20,0,0
BRDA:74,20,1,0
BRDA:75,21,0,0
BRDA:75,21,1,0
BRDA:76,22,0,0
BRDA:76,22,1,0
BRDA:97,23,0,0
BRDA:97,23,1,0
BRDA:113,24,0,0
BRDA:113,24,1,0
BRDA:144,25,0,0
BRDA:144,25,1,0
BRDA:180,26,0,0
BRDA:180,26,1,0
BRDA:196,27,0,0
BRDA:196,27,1,0
BRDA:208,28,0,0
BRDA:208,28,1,0
BRDA:212,29,0,0
BRDA:212,29,1,0
BRDA:212,30,0,0
BRDA:212,30,1,0
BRDA:212,31,0,0
BRDA:212,31,1,0
BRDA:213,32,0,0
BRDA:213,32,1,0
BRDA:213,33,0,0
BRDA:213,33,1,0
BRDA:213,34,0,0
BRDA:213,34,1,0
BRDA:214,35,0,0
BRDA:214,35,1,0
BRDA:214,36,0,0
BRDA:214,36,1,0
BRDA:214,37,0,0
BRDA:214,37,1,0
BRDA:215,38,0,0
BRDA:215,38,1,0
BRDA:215,39,0,0
BRDA:215,39,1,0
BRDA:215,40,0,0
BRDA:215,40,1,0
BRDA:216,41,0,0
BRDA:216,41,1,0
BRDA:216,42,0,0
BRDA:216,42,1,0
BRDA:216,43,0,0
BRDA:216,43,1,0
BRDA:217,44,0,0
BRDA:217,44,1,0
BRDA:217,45,0,0
BRDA:217,45,1,0
BRDA:217,46,0,0
BRDA:217,46,1,0
BRDA:222,47,0,0
BRDA:222,47,1,0
BRDA:226,48,0,0
BRDA:226,48,1,0
BRDA:234,49,0,0
BRDA:259,50,0,0
BRDA:259,50,1,0
BRDA:263,51,0,0
BRDA:263,51,1,0
BRDA:263,52,0,0
BRDA:263,52,1,0
BRDA:263,53,0,0
BRDA:263,53,1,0
BRDA:266,54,0,0
BRDA:271,55,0,0
BRDA:281,56,0,0
BRDA:318,57,0,0
BRDA:318,57,1,0
BRDA:334,58,0,0
BRDA:343,59,0,0
BRDA:343,59,1,0
BRDA:346,60,0,0
BRDA:346,60,1,0
BRDA:356,61,0,0
BRDA:356,61,1,0
BRDA:372,62,0,0
BRDA:381,63,0,0
BRDA:381,63,1,0
BRDA:395,64,0,0
BRDA:395,64,1,0
BRDA:411,65,0,0
BRDA:421,66,0,0
BRDA:421,66,1,0
BRDA:433,67,0,0
BRDA:433,67,1,0
BRF:128
BRH:0
end_of_record
TN:
SF:src/models/Deal.ts
FN:306,(anonymous_6)
FN:310,(anonymous_7)
FN:314,(anonymous_8)
FN:318,(anonymous_9)
FN:322,(anonymous_10)
FN:328,(anonymous_11)
FN:332,(anonymous_12)
FN:336,(anonymous_13)
FN:340,(anonymous_14)
FN:344,(anonymous_15)
FNF:10
FNH:0
FNDA:0,(anonymous_6)
FNDA:0,(anonymous_7)
FNDA:0,(anonymous_8)
FNDA:0,(anonymous_9)
FNDA:0,(anonymous_10)
FNDA:0,(anonymous_11)
FNDA:0,(anonymous_12)
FNDA:0,(anonymous_13)
FNDA:0,(anonymous_14)
FNDA:0,(anonymous_15)
DA:1,0
DA:200,0
DA:208,0
DA:289,0
DA:306,0
DA:310,0
DA:314,0
DA:318,0
DA:322,0
DA:328,0
DA:332,0
DA:336,0
DA:340,0
DA:344,0
DA:360,0
DA:363,0
DA:370,0
DA:377,0
LF:18
LH:0
BRF:0
BRH:0
end_of_record
TN:
SF:src/prompts/aiPrompts.ts
FN:3,sfrAnalysisPrompt
FN:125,mfAnalysisPrompt
FN:140,(anonymous_2)
FN:141,(anonymous_3)
FN:156,(anonymous_4)
FNF:5
FNH:0
FNDA:0,sfrAnalysisPrompt
FNDA:0,mfAnalysisPrompt
FNDA:0,(anonymous_2)
FNDA:0,(anonymous_3)
FNDA:0,(anonymous_4)
DA:3,0
DA:4,0
DA:5,0
DA:6,0
DA:7,0
DA:10,0
DA:11,0
DA:12,0
DA:13,0
DA:14,0
DA:15,0
DA:16,0
DA:17,0
DA:20,0
DA:21,0
DA:22,0
DA:23,0
DA:24,0
DA:25,0
DA:26,0
DA:27,0
DA:30,0
DA:31,0
DA:32,0
DA:33,0
DA:35,0
DA:125,0
DA:127,0
DA:128,0
DA:129,0
DA:130,0
DA:133,0
DA:134,0
DA:135,0
DA:136,0
DA:137,0
DA:140,0
DA:141,0
DA:142,0
DA:143,0
DA:145,0
DA:157,0
LF:42
LH:0
BRDA:5,0,0,0
BRDA:5,0,1,0
BRDA:5,1,0,0
BRDA:5,1,1,0
BRDA:5,2,0,0
BRDA:5,2,1,0
BRDA:5,3,0,0
BRDA:5,3,1,0
BRDA:5,4,0,0
BRDA:5,4,1,0
BRDA:5,5,0,0
BRDA:5,5,1,0
BRDA:5,6,0,0
BRDA:5,6,1,0
BRDA:5,7,0,0
BRDA:5,7,1,0
BRDA:5,8,0,0
BRDA:5,8,1,0
BRDA:5,9,0,0
BRDA:5,9,1,0
BRDA:6,10,0,0
BRDA:6,10,1,0
BRDA:6,11,0,0
BRDA:6,11,1,0
BRDA:6,12,0,0
BRDA:6,12,1,0
BRDA:6,13,0,0
BRDA:6,13,1,0
BRDA:6,14,0,0
BRDA:6,14,1,0
BRDA:6,15,0,0
BRDA:6,15,1,0
BRDA:7,16,0,0
BRDA:7,16,1,0
BRDA:10,17,0,0
BRDA:10,17,1,0
BRDA:10,18,0,0
BRDA:10,18,1,0
BRDA:10,19,0,0
BRDA:10,19,1,0
BRDA:10,20,0,0
BRDA:10,20,1,0
BRDA:10,21,0,0
BRDA:10,21,1,0
BRDA:10,22,0,0
BRDA:10,22,1,0
BRDA:11,23,0,0
BRDA:11,23,1,0
BRDA:12,24,0,0
BRDA:12,24,1,0
BRDA:12,25,0,0
BRDA:12,25,1,0
BRDA:12,26,0,0
BRDA:12,26,1,0
BRDA:12,27,0,0
BRDA:12,27,1,0
BRDA:12,28,0,0
BRDA:12,28,1,0
BRDA:12,29,0,0
BRDA:12,29,1,0
BRDA:12,30,0,0
BRDA:12,30,1,0
BRDA:12,31,0,0
BRDA:12,31,1,0
BRDA:12,32,0,0
BRDA:12,32,1,0
BRDA:12,33,0,0
BRDA:12,33,1,0
BRDA:12,34,0,0
BRDA:12,34,1,0
BRDA:12,35,0,0
BRDA:12,35,1,0
BRDA:13,36,0,0
BRDA:13,36,1,0
BRDA:13,37,0,0
BRDA:13,37,1,0
BRDA:13,38,0,0
BRDA:13,38,1,0
BRDA:13,39,0,0
BRDA:13,39,1,0
BRDA:13,40,0,0
BRDA:13,40,1,0
BRDA:13,41,0,0
BRDA:13,41,1,0
BRDA:13,42,0,0
BRDA:13,42,1,0
BRDA:13,43,0,0
BRDA:13,43,1,0
BRDA:13,44,0,0
BRDA:13,44,1,0
BRDA:13,45,0,0
BRDA:13,45,1,0
BRDA:13,46,0,0
BRDA:13,46,1,0
BRDA:13,47,0,0
BRDA:13,47,1,0
BRDA:14,48,0,0
BRDA:14,48,1,0
BRDA:14,49,0,0
BRDA:14,49,1,0
BRDA:14,50,0,0
BRDA:14,50,1,0
BRDA:14,51,0,0
BRDA:14,51,1,0
BRDA:14,52,0,0
BRDA:14,52,1,0
BRDA:14,53,0,0
BRDA:14,53,1,0
BRDA:14,54,0,0
BRDA:14,54,1,0
BRDA:14,55,0,0
BRDA:14,55,1,0
BRDA:15,56,0,0
BRDA:15,56,1,0
BRDA:15,57,0,0
BRDA:15,57,1,0
BRDA:15,58,0,0
BRDA:15,58,1,0
BRDA:15,59,0,0
BRDA:15,59,1,0
BRDA:15,60,0,0
BRDA:15,60,1,0
BRDA:15,61,0,0
BRDA:15,61,1,0
BRDA:15,62,0,0
BRDA:15,62,1,0
BRDA:15,63,0,0
BRDA:15,63,1,0
BRDA:16,64,0,0
BRDA:16,64,1,0
BRDA:16,65,0,0
BRDA:16,65,1,0
BRDA:16,66,0,0
BRDA:16,66,1,0
BRDA:16,67,0,0
BRDA:16,67,1,0
BRDA:16,68,0,0
BRDA:16,68,1,0
BRDA:16,69,0,0
BRDA:16,69,1,0
BRDA:16,70,0,0
BRDA:16,70,1,0
BRDA:16,71,0,0
BRDA:16,71,1,0
BRDA:17,72,0,0
BRDA:17,72,1,0
BRDA:17,73,0,0
BRDA:17,73,1,0
BRDA:17,74,0,0
BRDA:17,74,1,0
BRDA:17,75,0,0
BRDA:17,75,1,0
BRDA:17,76,0,0
BRDA:17,76,1,0
BRDA:17,77,0,0
BRDA:17,77,1,0
BRDA:17,78,0,0
BRDA:17,78,1,0
BRDA:17,79,0,0
BRDA:17,79,1,0
BRDA:20,80,0,0
BRDA:20,80,1,0
BRDA:20,81,0,0
BRDA:20,81,1,0
BRDA:20,82,0,0
BRDA:20,82,1,0
BRDA:20,83,0,0
BRDA:20,83,1,0
BRDA:20,84,0,0
BRDA:20,84,1,0
BRDA:20,85,0,0
BRDA:20,85,1,0
BRDA:21,86,0,0
BRDA:21,86,1,0
BRDA:21,87,0,0
BRDA:21,87,1,0
BRDA:21,88,0,0
BRDA:21,88,1,0
BRDA:21,89,0,0
BRDA:21,89,1,0
BRDA:21,90,0,0
BRDA:21,90,1,0
BRDA:21,91,0,0
BRDA:21,91,1,0
BRDA:22,92,0,0
BRDA:22,92,1,0
BRDA:22,93,0,0
BRDA:22,93,1,0
BRDA:22,94,0,0
BRDA:22,94,1,0
BRDA:22,95,0,0
BRDA:22,95,1,0
BRDA:22,96,0,0
BRDA:22,96,1,0
BRDA:22,97,0,0
BRDA:22,97,1,0
BRDA:23,98,0,0
BRDA:23,98,1,0
BRDA:23,99,0,0
BRDA:23,99,1,0
BRDA:23,100,0,0
BRDA:23,100,1,0
BRDA:23,101,0,0
BRDA:23,101,1,0
BRDA:23,102,0,0
BRDA:23,102,1,0
BRDA:23,103,0,0
BRDA:23,103,1,0
BRDA:24,104,0,0
BRDA:24,104,1,0
BRDA:24,105,0,0
BRDA:24,105,1,0
BRDA:24,106,0,0
BRDA:24,106,1,0
BRDA:24,107,0,0
BRDA:24,107,1,0
BRDA:24,108,0,0
BRDA:24,108,1,0
BRDA:24,109,0,0
BRDA:24,109,1,0
BRDA:25,110,0,0
BRDA:25,110,1,0
BRDA:25,111,0,0
BRDA:25,111,1,0
BRDA:25,112,0,0
BRDA:25,112,1,0
BRDA:25,113,0,0
BRDA:25,113,1,0
BRDA:25,114,0,0
BRDA:25,114,1,0
BRDA:25,115,0,0
BRDA:25,115,1,0
BRDA:26,116,0,0
BRDA:26,116,1,0
BRDA:26,117,0,0
BRDA:26,117,1,0
BRDA:26,118,0,0
BRDA:26,118,1,0
BRDA:26,119,0,0
BRDA:26,119,1,0
BRDA:26,120,0,0
BRDA:26,120,1,0
BRDA:26,121,0,0
BRDA:26,121,1,0
BRDA:27,122,0,0
BRDA:27,122,1,0
BRDA:27,123,0,0
BRDA:27,123,1,0
BRDA:27,124,0,0
BRDA:27,124,1,0
BRDA:27,125,0,0
BRDA:27,125,1,0
BRDA:27,126,0,0
BRDA:27,126,1,0
BRDA:27,127,0,0
BRDA:27,127,1,0
BRDA:30,128,0,0
BRDA:30,128,1,0
BRDA:30,129,0,0
BRDA:30,129,1,0
BRDA:30,130,0,0
BRDA:30,130,1,0
BRDA:30,131,0,0
BRDA:30,131,1,0
BRDA:30,132,0,0
BRDA:30,132,1,0
BRDA:30,133,0,0
BRDA:30,133,1,0
BRDA:30,134,0,0
BRDA:30,134,1,0
BRDA:30,135,0,0
BRDA:30,135,1,0
BRDA:31,136,0,0
BRDA:31,136,1,0
BRDA:31,137,0,0
BRDA:31,137,1,0
BRDA:31,138,0,0
BRDA:31,138,1,0
BRDA:31,139,0,0
BRDA:31,139,1,0
BRDA:31,140,0,0
BRDA:31,140,1,0
BRDA:31,141,0,0
BRDA:31,141,1,0
BRDA:31,142,0,0
BRDA:31,142,1,0
BRDA:31,143,0,0
BRDA:31,143,1,0
BRDA:32,144,0,0
BRDA:32,144,1,0
BRDA:32,145,0,0
BRDA:32,145,1,0
BRDA:32,146,0,0
BRDA:32,146,1,0
BRDA:32,147,0,0
BRDA:32,147,1,0
BRDA:32,148,0,0
BRDA:32,148,1,0
BRDA:32,149,0,0
BRDA:32,149,1,0
BRDA:32,150,0,0
BRDA:32,150,1,0
BRDA:32,151,0,0
BRDA:32,151,1,0
BRDA:33,152,0,0
BRDA:33,152,1,0
BRDA:33,153,0,0
BRDA:33,153,1,0
BRDA:33,154,0,0
BRDA:33,154,1,0
BRDA:33,155,0,0
BRDA:33,155,1,0
BRDA:33,156,0,0
BRDA:33,156,1,0
BRDA:33,157,0,0
BRDA:33,157,1,0
BRDA:33,158,0,0
BRDA:33,158,1,0
BRDA:33,159,0,0
BRDA:33,159,1,0
BRDA:42,160,0,0
BRDA:42,160,1,0
BRDA:43,161,0,0
BRDA:43,161,1,0
BRDA:44,162,0,0
BRDA:44,162,1,0
BRDA:45,163,0,0
BRDA:45,163,1,0
BRDA:49,164,0,0
BRDA:49,164,1,0
BRDA:49,165,0,0
BRDA:49,165,1,0
BRDA:49,166,0,0
BRDA:49,166,1,0
BRDA:49,167,0,0
BRDA:49,167,1,0
BRDA:49,168,0,0
BRDA:49,168,1,0
BRDA:49,169,0,0
BRDA:49,169,1,0
BRDA:55,170,0,0
BRDA:55,170,1,0
BRDA:55,171,0,0
BRDA:55,171,1,0
BRDA:55,172,0,0
BRDA:55,172,1,0
BRDA:55,173,0,0
BRDA:55,173,1,0
BRDA:55,174,0,0
BRDA:55,174,1,0
BRDA:63,175,0,0
BRDA:63,175,1,0
BRDA:79,176,0,0
BRDA:79,176,1,0
BRDA:79,177,0,0
BRDA:79,177,1,0
BRDA:79,178,0,0
BRDA:79,178,1,0
BRDA:79,179,0,0
BRDA:79,179,1,0
BRDA:128,180,0,0
BRDA:128,180,1,0
BRDA:128,181,0,0
BRDA:128,181,1,0
BRDA:128,182,0,0
BRDA:128,182,1,0
BRDA:128,183,0,0
BRDA:128,183,1,0
BRDA:128,184,0,0
BRDA:128,184,1,0
BRDA:128,185,0,0
BRDA:128,185,1,0
BRDA:128,186,0,0
BRDA:128,186,1,0
BRDA:128,187,0,0
BRDA:128,187,1,0
BRDA:128,188,0,0
BRDA:128,188,1,0
BRDA:128,189,0,0
BRDA:128,189,1,0
BRDA:129,190,0,0
BRDA:129,190,1,0
BRDA:129,191,0,0
BRDA:129,191,1,0
BRDA:129,192,0,0
BRDA:129,192,1,0
BRDA:129,193,0,0
BRDA:129,193,1,0
BRDA:129,194,0,0
BRDA:129,194,1,0
BRDA:129,195,0,0
BRDA:129,195,1,0
BRDA:130,196,0,0
BRDA:130,196,1,0
BRDA:133,197,0,0
BRDA:133,197,1,0
BRDA:133,198,0,0
BRDA:133,198,1,0
BRDA:133,199,0,0
BRDA:133,199,1,0
BRDA:133,200,0,0
BRDA:133,200,1,0
BRDA:133,201,0,0
BRDA:133,201,1,0
BRDA:133,202,0,0
BRDA:133,202,1,0
BRDA:133,203,0,0
BRDA:133,203,1,0
BRDA:133,204,0,0
BRDA:133,204,1,0
BRDA:133,205,0,0
BRDA:133,205,1,0
BRDA:133,206,0,0
BRDA:133,206,1,0
BRDA:133,207,0,0
BRDA:133,207,1,0
BRDA:133,208,0,0
BRDA:133,208,1,0
BRDA:134,209,0,0
BRDA:134,209,1,0
BRDA:134,210,0,0
BRDA:134,210,1,0
BRDA:134,211,0,0
BRDA:134,211,1,0
BRDA:134,212,0,0
BRDA:134,212,1,0
BRDA:134,213,0,0
BRDA:134,213,1,0
BRDA:134,214,0,0
BRDA:134,214,1,0
BRDA:134,215,0,0
BRDA:134,215,1,0
BRDA:134,216,0,0
BRDA:134,216,1,0
BRDA:134,217,0,0
BRDA:134,217,1,0
BRDA:134,218,0,0
BRDA:134,218,1,0
BRDA:134,219,0,0
BRDA:134,219,1,0
BRDA:134,220,0,0
BRDA:134,220,1,0
BRDA:135,221,0,0
BRDA:135,221,1,0
BRDA:135,222,0,0
BRDA:135,222,1,0
BRDA:135,223,0,0
BRDA:135,223,1,0
BRDA:135,224,0,0
BRDA:135,224,1,0
BRDA:135,225,0,0
BRDA:135,225,1,0
BRDA:135,226,0,0
BRDA:135,226,1,0
BRDA:136,227,0,0
BRDA:136,227,1,0
BRDA:136,228,0,0
BRDA:136,228,1,0
BRDA:136,229,0,0
BRDA:136,229,1,0
BRDA:136,230,0,0
BRDA:136,230,1,0
BRDA:136,231,0,0
BRDA:136,231,1,0
BRDA:136,232,0,0
BRDA:136,232,1,0
BRDA:137,233,0,0
BRDA:137,233,1,0
BRDA:173,234,0,0
BRDA:173,234,1,0
BRDA:177,235,0,0
BRDA:177,235,1,0
BRDA:177,236,0,0
BRDA:177,236,1,0
BRDA:177,237,0,0
BRDA:177,237,1,0
BRDA:177,238,0,0
BRDA:177,238,1,0
BRDA:179,239,0,0
BRDA:179,239,1,0
BRDA:180,240,0,0
BRDA:180,240,1,0
BRDA:180,241,0,0
BRDA:180,241,1,0
BRDA:183,242,0,0
BRDA:183,242,1,0
BRDA:183,243,0,0
BRDA:183,243,1,0
BRDA:183,244,0,0
BRDA:183,244,1,0
BRDA:183,245,0,0
BRDA:183,245,1,0
BRDA:184,246,0,0
BRDA:184,246,1,0
BRDA:184,247,0,0
BRDA:184,247,1,0
BRDA:184,248,0,0
BRDA:184,248,1,0
BRDA:184,249,0,0
BRDA:184,249,1,0
BRDA:185,250,0,0
BRDA:185,250,1,0
BRDA:185,251,0,0
BRDA:185,251,1,0
BRDA:185,252,0,0
BRDA:185,252,1,0
BRDA:185,253,0,0
BRDA:185,253,1,0
BRDA:186,254,0,0
BRDA:186,254,1,0
BRDA:186,255,0,0
BRDA:186,255,1,0
BRDA:186,256,0,0
BRDA:186,256,1,0
BRDA:186,257,0,0
BRDA:186,257,1,0
BRDA:187,258,0,0
BRDA:187,258,1,0
BRDA:187,259,0,0
BRDA:187,259,1,0
BRDA:187,260,0,0
BRDA:187,260,1,0
BRDA:187,261,0,0
BRDA:187,261,1,0
BRF:524
BRH:0
end_of_record
TN:
SF:src/prompts/contextBuilder.ts
FN:3,buildSFRContext
FNF:1
FNH:0
FNDA:0,buildSFRContext
DA:3,0
DA:7,0
LF:2
LH:0
BRF:0
BRH:0
end_of_record
TN:
SF:src/repositories/DealRepository.ts
FN:9,(anonymous_0)
FN:21,(anonymous_1)
FN:34,(anonymous_2)
FN:49,(anonymous_3)
FN:65,(anonymous_4)
FN:81,(anonymous_5)
FN:108,(anonymous_6)
FNF:7
FNH:0
FNDA:0,(anonymous_0)
FNDA:0,(anonymous_1)
FNDA:0,(anonymous_2)
FNDA:0,(anonymous_3)
FNDA:0,(anonymous_4)
FNDA:0,(anonymous_5)
FNDA:0,(anonymous_6)
DA:1,0
DA:3,0
DA:5,0
DA:10,0
DA:11,0
DA:13,0
DA:14,0
DA:22,0
DA:23,0
DA:24,0
DA:26,0
DA:27,0
DA:35,0
DA:36,0
DA:37,0
DA:39,0
DA:41,0
DA:42,0
DA:50,0
DA:51,0
DA:55,0
DA:57,0
DA:58,0
DA:66,0
DA:67,0
DA:71,0
DA:73,0
DA:74,0
DA:82,0
DA:84,0
DA:85,0
DA:89,0
DA:94,0
DA:100,0
DA:101,0
DA:109,0
DA:110,0
DA:111,0
DA:113,0
DA:114,0
DA:120,0
LF:41
LH:0
BRDA:23,0,0,0
BRDA:23,0,1,0
BRDA:37,1,0,0
BRDA:84,2,0,0
BRF:4
BRH:0
end_of_record
TN:
SF:src/routes/aiRoutes.ts
FNF:0
FNH:0
DA:1,0
DA:2,0
DA:3,0
DA:6,0
DA:8,0
LF:5
LH:0
BRF:0
BRH:0
end_of_record
TN:
SF:src/routes/analysis.ts
FNF:0
FNH:0
DA:1,0
DA:3,0
DA:10,0
LF:3
LH:0
BRF:0
BRH:0
end_of_record
TN:
SF:src/routes/analyzeRoutes.ts
FN:11,(anonymous_1)
FNF:1
FNH:0
FNDA:0,(anonymous_1)
DA:1,0
DA:2,0
DA:3,0
DA:5,0
DA:6,0
DA:8,0
DA:11,0
DA:12,0
DA:13,0
DA:14,0
DA:16,0
DA:18,0
DA:19,0
DA:20,0
DA:24,0
DA:34,0
DA:35,0
DA:37,0
DA:40,0
DA:43,0
DA:44,0
DA:45,0
DA:46,0
DA:47,0
DA:48,0
DA:50,0
DA:51,0
DA:60,0
DA:69,0
DA:70,0
DA:72,0
DA:73,0
DA:74,0
DA:76,0
DA:81,0
DA:83,0
LF:36
LH:0
BRDA:18,0,0,0
BRDA:18,1,0,0
BRDA:18,1,1,0
BRDA:25,2,0,0
BRDA:25,2,1,0
BRDA:25,3,0,0
BRDA:25,3,1,0
BRDA:25,4,0,0
BRDA:25,4,1,0
BRDA:26,5,0,0
BRDA:26,5,1,0
BRDA:26,6,0,0
BRDA:26,6,1,0
BRDA:26,7,0,0
BRDA:26,7,1,0
BRDA:27,8,0,0
BRDA:27,8,1,0
BRDA:27,9,0,0
BRDA:27,9,1,0
BRDA:27,10,0,0
BRDA:27,10,1,0
BRDA:28,11,0,0
BRDA:28,11,1,0
BRDA:28,12,0,0
BRDA:28,12,1,0
BRDA:28,13,0,0
BRDA:28,13,1,0
BRDA:29,14,0,0
BRDA:29,14,1,0
BRDA:29,15,0,0
BRDA:29,15,1,0
BRDA:29,16,0,0
BRDA:29,16,1,0
BRDA:30,17,0,0
BRDA:30,17,1,0
BRDA:30,18,0,0
BRDA:30,18,1,0
BRDA:30,19,0,0
BRDA:30,19,1,0
BRDA:34,20,0,0
BRDA:34,20,1,0
BRDA:44,21,0,0
BRDA:44,21,1,0
BRDA:73,22,0,0
BRDA:73,22,1,0
BRF:45
BRH:0
end_of_record
TN:
SF:src/routes/deals.ts
FN:17,(anonymous_1)
FNF:1
FNH:0
FNDA:0,(anonymous_1)
DA:1,0
DA:2,0
DA:12,0
DA:14,0
DA:17,0
DA:18,0
DA:19,0
DA:25,0
DA:29,0
DA:32,0
DA:33,0
DA:36,0
DA:37,0
DA:38,0
DA:39,0
DA:40,0
DA:43,0
DA:45,0
LF:18
LH:0
BRDA:18,0,0,0
BRDA:18,1,0,0
BRDA:18,1,1,0
BRF:3
BRH:0
end_of_record
TN:
SF:src/services/aiService.ts
FN:7,getAIInsights
FN:70,(anonymous_1)
FNF:2
FNH:0
FNDA:0,getAIInsights
FNDA:0,(anonymous_1)
DA:1,0
DA:2,0
DA:5,0
DA:7,0
DA:8,0
DA:9,0
DA:10,0
DA:11,0
DA:22,0
DA:23,0
DA:25,0
DA:28,0
DA:30,0
DA:37,0
DA:39,0
DA:40,0
DA:41,0
DA:49,0
DA:50,0
DA:59,0
DA:60,0
DA:70,0
DA:71,0
DA:72,0
DA:73,0
DA:74,0
DA:75,0
DA:78,0
DA:85,0
DA:87,0
DA:88,0
LF:31
LH:0
BRDA:10,0,0,0
BRDA:22,1,0,0
BRDA:22,1,1,0
BRDA:37,2,0,0
BRDA:37,2,1,0
BRDA:37,3,0,0
BRDA:37,3,1,0
BRDA:37,4,0,0
BRDA:37,4,1,0
BRDA:42,5,0,0
BRDA:42,5,1,0
BRDA:43,6,0,0
BRDA:43,6,1,0
BRDA:44,7,0,0
BRDA:44,7,1,0
BRDA:45,8,0,0
BRDA:45,8,1,0
BRDA:46,9,0,0
BRDA:46,9,1,0
BRDA:73,10,0,0
BRDA:85,11,0,0
BRDA:85,11,1,0
BRDA:85,12,0,0
BRDA:85,12,1,0
BRDA:85,13,0,0
BRDA:85,13,1,0
BRF:26
BRH:0
end_of_record
TN:
SF:src/services/dealService.ts
FN:8,(anonymous_0)
FN:15,(anonymous_1)
FN:31,(anonymous_2)
FN:44,(anonymous_3)
FN:57,(anonymous_4)
FN:90,(anonymous_5)
FNF:6
FNH:0
FNDA:0,(anonymous_0)
FNDA:0,(anonymous_1)
FNDA:0,(anonymous_2)
FNDA:0,(anonymous_3)
FNDA:0,(anonymous_4)
FNDA:0,(anonymous_5)
DA:1,0
DA:3,0
DA:5,0
DA:9,0
DA:16,0
DA:17,0
DA:18,0
DA:21,0
DA:23,0
DA:24,0
DA:32,0
DA:33,0
DA:34,0
DA:36,0
DA:37,0
DA:45,0
DA:46,0
DA:47,0
DA:49,0
DA:50,0
DA:58,0
DA:59,0
DA:60,0
DA:62,0
DA:63,0
DA:64,0
DA:66,0
DA:67,0
DA:70,0
DA:73,0
DA:74,0
DA:75,0
DA:76,0
DA:78,0
DA:82,0
DA:83,0
DA:91,0
DA:92,0
DA:93,0
DA:95,0
DA:96,0
DA:102,0
LF:42
LH:0
BRDA:8,0,0,0
BRDA:33,1,0,0
BRDA:33,1,1,0
BRDA:46,2,0,0
BRDA:46,2,1,0
BRDA:60,3,0,0
BRDA:60,3,1,0
BRDA:62,4,0,0
BRDA:62,4,1,0
BRDA:66,5,0,0
BRDA:73,6,0,0
BRDA:73,6,1,0
BRDA:75,7,0,0
BRDA:75,7,1,0
BRF:14
BRH:0
end_of_record
TN:
SF:src/services/openai.ts
FN:11,(anonymous_1)
FN:41,(anonymous_2)
FNF:2
FNH:0
FNDA:0,(anonymous_1)
FNDA:0,(anonymous_2)
DA:2,0
DA:3,0
DA:6,0
DA:9,0
DA:11,0
DA:12,0
DA:13,0
DA:14,0
DA:15,0
DA:20,0
DA:23,0
DA:25,0
DA:26,0
DA:29,0
DA:30,0
DA:33,0
DA:35,0
DA:36,0
DA:41,0
DA:42,0
DA:43,0
DA:44,0
DA:47,0
DA:49,0
DA:51,0
DA:52,0
DA:55,0
DA:72,0
DA:73,0
DA:75,0
DA:76,0
DA:79,0
DA:81,0
DA:83,0
DA:84,0
DA:85,0
DA:88,0
DA:89,0
LF:38
LH:0
BRDA:13,0,0,0
BRDA:18,1,0,0
BRDA:18,1,1,0
BRDA:18,2,0,0
BRDA:18,2,1,0
BRDA:23,3,0,0
BRDA:43,4,0,0
BRDA:49,5,0,0
BRDA:49,5,1,0
BRDA:73,6,0,0
BRDA:73,6,1,0
BRDA:73,7,0,0
BRDA:73,7,1,0
BRDA:73,8,0,0
BRDA:73,8,1,0
BRDA:75,9,0,0
BRF:16
BRH:0
end_of_record
TN:
SF:src/utils/analysisAdapter.ts
FN:16,adaptAnalysisForFrontend
FN:264,(anonymous_1)
FN:388,generateProjections
FN:493,(anonymous_3)
FN:599,(anonymous_4)
FN:622,updateExitAnalysisAndReturns
FN:667,(anonymous_6)
FN:695,(anonymous_7)
FNF:8
FNH:0
FNDA:0,adaptAnalysisForFrontend
FNDA:0,(anonymous_1)
FNDA:0,generateProjections
FNDA:0,(anonymous_3)
FNDA:0,(anonymous_4)
FNDA:0,updateExitAnalysisAndReturns
FNDA:0,(anonymous_6)
FNDA:0,(anonymous_7)
DA:1,0
DA:2,0
DA:16,0
DA:17,0
DA:18,0
DA:19,0
DA:20,0
DA:23,0
DA:26,0
DA:36,0
DA:38,0
DA:60,0
DA:67,0
DA:69,0
DA:70,0
DA:71,0
DA:78,0
DA:79,0
DA:82,0
DA:84,0
DA:96,0
DA:100,0
DA:101,0
DA:107,0
DA:108,0
DA:109,0
DA:110,0
DA:111,0
DA:112,0
DA:113,0
DA:115,0
DA:119,0
DA:120,0
DA:125,0
DA:126,0
DA:127,0
DA:131,0
DA:132,0
DA:133,0
DA:153,0
DA:157,0
DA:158,0
DA:159,0
DA:163,0
DA:168,0
DA:170,0
DA:173,0
DA:179,0
DA:184,0
DA:187,0
DA:190,0
DA:191,0
DA:192,0
DA:195,0
DA:199,0
DA:200,0
DA:202,0
DA:208,0
DA:215,0
DA:218,0
DA:222,0
DA:223,0
DA:225,0
DA:231,0
DA:238,0
DA:243,0
DA:244,0
DA:248,0
DA:252,0
DA:253,0
DA:254,0
DA:257,0
DA:258,0
DA:261,0
DA:264,0
DA:265,0
DA:268,0
DA:270,0
DA:287,0
DA:288,0
DA:289,0
DA:294,0
DA:296,0
DA:297,0
DA:300,0
DA:301,0
DA:305,0
DA:306,0
DA:311,0
DA:312,0
DA:315,0
DA:316,0
DA:318,0
DA:319,0
DA:321,0
DA:329,0
DA:334,0
DA:335,0
DA:339,0
DA:341,0
DA:342,0
DA:346,0
DA:347,0
DA:350,0
DA:351,0
DA:354,0
DA:355,0
DA:356,0
DA:361,0
DA:370,0
DA:379,0
DA:381,0
DA:383,0
DA:389,0
DA:390,0
DA:391,0
DA:395,0
DA:398,0
DA:400,0
DA:401,0
DA:403,0
DA:406,0
DA:430,0
DA:438,0
DA:439,0
DA:440,0
DA:443,0
DA:444,0
DA:445,0
DA:448,0
DA:449,0
DA:450,0
DA:451,0
DA:452,0
DA:455,0
DA:464,0
DA:467,0
DA:470,0
DA:473,0
DA:476,0
DA:479,0
DA:488,0
DA:489,0
DA:490,0
DA:493,0
DA:495,0
DA:496,0
DA:497,0
DA:498,0
DA:501,0
DA:502,0
DA:506,0
DA:507,0
DA:508,0
DA:511,0
DA:513,0
DA:514,0
DA:515,0
DA:518,0
DA:527,0
DA:530,0
DA:533,0
DA:536,0
DA:539,0
DA:542,0
DA:545,0
DA:548,0
DA:549,0
DA:552,0
DA:553,0
DA:554,0
DA:556,0
DA:560,0
DA:561,0
DA:562,0
DA:564,0
DA:586,0
DA:587,0
DA:588,0
DA:589,0
DA:590,0
DA:591,0
DA:592,0
DA:595,0
DA:597,0
DA:599,0
DA:623,0
DA:624,0
DA:625,0
DA:626,0
DA:629,0
DA:632,0
DA:633,0
DA:636,0
DA:647,0
DA:654,0
DA:657,0
DA:660,0
DA:661,0
DA:662,0
DA:663,0
DA:666,0
DA:667,0
DA:668,0
DA:669,0
DA:670,0
DA:671,0
DA:674,0
DA:685,0
DA:693,0
DA:695,0
DA:700,0
DA:701,0
DA:703,0
DA:704,0
DA:705,0
DA:706,0
DA:708,0
DA:710,0
DA:711,0
DA:712,0
DA:717,0
DA:719,0
LF:223
LH:0
BRDA:30,0,0,0
BRDA:30,0,1,0
BRDA:30,1,0,0
BRDA:30,1,1,0
BRDA:31,2,0,0
BRDA:31,2,1,0
BRDA:31,3,0,0
BRDA:31,3,1,0
BRDA:36,4,0,0
BRDA:50,5,0,0
BRDA:50,5,1,0
BRDA:67,6,0,0
BRDA:69,7,0,0
BRDA:78,8,0,0
BRDA:82,9,0,0
BRDA:86,10,0,0
BRDA:86,10,1,0
BRDA:87,11,0,0
BRDA:87,11,1,0
BRDA:88,12,0,0
BRDA:88,12,1,0
BRDA:89,13,0,0
BRDA:89,13,1,0
BRDA:90,14,0,0
BRDA:90,14,1,0
BRDA:92,15,0,0
BRDA:92,15,1,0
BRDA:92,16,0,0
BRDA:92,16,1,0
BRDA:100,17,0,0
BRDA:108,18,0,0
BRDA:108,18,1,0
BRDA:108,19,0,0
BRDA:108,19,1,0
BRDA:108,20,0,0
BRDA:108,20,1,0
BRDA:109,21,0,0
BRDA:109,21,1,0
BRDA:110,22,0,0
BRDA:110,22,1,0
BRDA:111,23,0,0
BRDA:111,23,1,0
BRDA:112,24,0,0
BRDA:112,24,1,0
BRDA:113,25,0,0
BRDA:113,25,1,0
BRDA:125,26,0,0
BRDA:125,27,0,0
BRDA:125,27,1,0
BRDA:131,28,0,0
BRDA:131,28,1,0
BRDA:153,29,0,0
BRDA:153,30,0,0
BRDA:153,30,1,0
BRDA:153,30,2,0
BRDA:163,31,0,0
BRDA:163,32,0,0
BRDA:163,32,1,0
BRDA:163,32,2,0
BRDA:168,33,0,0
BRDA:168,33,1,0
BRDA:168,34,0,0
BRDA:168,34,1,0
BRDA:168,35,0,0
BRDA:168,35,1,0
BRDA:168,36,0,0
BRDA:168,36,1,0
BRDA:168,37,0,0
BRDA:168,37,1,0
BRDA:190,38,0,0
BRDA:190,38,1,0
BRDA:195,39,0,0
BRDA:195,40,0,0
BRDA:195,40,1,0
BRDA:195,40,2,0
BRDA:218,41,0,0
BRDA:218,42,0,0
BRDA:218,42,1,0
BRDA:218,42,2,0
BRDA:243,43,0,0
BRDA:248,44,0,0
BRDA:248,45,0,0
BRDA:248,45,1,0
BRDA:248,45,2,0
BRDA:257,46,0,0
BRDA:261,47,0,0
BRDA:261,47,1,0
BRDA:261,48,0,0
BRDA:261,48,1,0
BRDA:261,49,0,0
BRDA:261,49,1,0
BRDA:268,50,0,0
BRDA:294,51,0,0
BRDA:294,51,1,0
BRDA:296,52,0,0
BRDA:296,53,0,0
BRDA:296,53,1,0
BRDA:300,54,0,0
BRDA:300,55,0,0
BRDA:300,55,1,0
BRDA:305,56,0,0
BRDA:305,57,0,0
BRDA:305,57,1,0
BRDA:307,58,0,0
BRDA:307,58,1,0
BRDA:307,58,2,0
BRDA:307,59,0,0
BRDA:307,59,1,0
BRDA:307,60,0,0
BRDA:307,60,1,0
BRDA:307,61,0,0
BRDA:307,61,1,0
BRDA:307,62,0,0
BRDA:307,62,1,0
BRDA:307,63,0,0
BRDA:307,63,1,0
BRDA:307,64,0,0
BRDA:307,64,1,0
BRDA:315,65,0,0
BRDA:316,66,0,0
BRDA:316,66,1,0
BRDA:316,66,2,0
BRDA:316,67,0,0
BRDA:316,67,1,0
BRDA:316,68,0,0
BRDA:316,68,1,0
BRDA:318,69,0,0
BRDA:318,69,1,0
BRDA:318,70,0,0
BRDA:318,70,1,0
BRDA:318,71,0,0
BRDA:318,71,1,0
BRDA:319,72,0,0
BRDA:319,72,1,0
BRDA:319,73,0,0
BRDA:319,73,1,0
BRDA:319,74,0,0
BRDA:319,74,1,0
BRDA:319,75,0,0
BRDA:319,75,1,0
BRDA:319,76,0,0
BRDA:319,76,1,0
BRDA:334,77,0,0
BRDA:339,78,0,0
BRDA:339,79,0,0
BRDA:339,79,1,0
BRDA:339,79,2,0
BRDA:339,80,0,0
BRDA:339,80,1,0
BRDA:339,81,0,0
BRDA:339,81,1,0
BRDA:339,82,0,0
BRDA:339,82,1,0
BRDA:339,83,0,0
BRDA:339,83,1,0
BRDA:346,84,0,0
BRDA:346,85,0,0
BRDA:346,85,1,0
BRDA:350,86,0,0
BRDA:350,86,1,0
BRDA:350,87,0,0
BRDA:350,87,1,0
BRDA:350,88,0,0
BRDA:350,88,1,0
BRDA:351,89,0,0
BRDA:351,89,1,0
BRDA:351,90,0,0
BRDA:351,90,1,0
BRDA:351,91,0,0
BRDA:351,91,1,0
BRDA:354,92,0,0
BRDA:371,93,0,0
BRDA:371,93,1,0
BRDA:371,94,0,0
BRDA:371,94,1,0
BRDA:372,95,0,0
BRDA:372,95,1,0
BRDA:372,96,0,0
BRDA:372,96,1,0
BRDA:372,97,0,0
BRDA:372,97,1,0
BRDA:372,98,0,0
BRDA:372,98,1,0
BRDA:376,99,0,0
BRDA:376,99,1,0
BRDA:376,100,0,0
BRDA:376,100,1,0
BRDA:376,101,0,0
BRDA:376,101,1,0
BRDA:376,102,0,0
BRDA:376,102,1,0
BRDA:376,103,0,0
BRDA:376,103,1,0
BRDA:398,104,0,0
BRDA:398,104,1,0
BRDA:401,105,0,0
BRDA:401,105,1,0
BRDA:407,106,0,0
BRDA:407,106,1,0
BRDA:408,107,0,0
BRDA:408,107,1,0
BRDA:409,108,0,0
BRDA:409,108,1,0
BRDA:410,109,0,0
BRDA:410,109,1,0
BRDA:411,110,0,0
BRDA:411,110,1,0
BRDA:412,111,0,0
BRDA:412,111,1,0
BRDA:413,112,0,0
BRDA:413,112,1,0
BRDA:414,113,0,0
BRDA:414,113,1,0
BRDA:415,114,0,0
BRDA:415,114,1,0
BRDA:416,115,0,0
BRDA:416,115,1,0
BRDA:417,116,0,0
BRDA:417,116,1,0
BRDA:418,117,0,0
BRDA:418,117,1,0
BRDA:438,118,0,0
BRDA:438,118,1,0
BRDA:439,119,0,0
BRDA:439,119,1,0
BRDA:443,120,0,0
BRDA:443,120,1,0
BRDA:443,121,0,0
BRDA:443,121,1,0
BRDA:443,122,0,0
BRDA:443,122,1,0
BRDA:444,123,0,0
BRDA:444,123,1,0
BRDA:444,124,0,0
BRDA:444,124,1,0
BRDA:444,125,0,0
BRDA:444,125,1,0
BRDA:448,126,0,0
BRDA:448,126,1,0
BRDA:448,127,0,0
BRDA:448,127,1,0
BRDA:448,128,0,0
BRDA:448,128,1,0
BRDA:449,129,0,0
BRDA:449,129,1,0
BRDA:449,130,0,0
BRDA:449,130,1,0
BRDA:449,131,0,0
BRDA:449,131,1,0
BRDA:450,132,0,0
BRDA:450,132,1,0
BRDA:450,133,0,0
BRDA:450,133,1,0
BRDA:450,134,0,0
BRDA:450,134,1,0
BRDA:451,135,0,0
BRDA:451,135,1,0
BRDA:451,136,0,0
BRDA:451,136,1,0
BRDA:451,137,0,0
BRDA:451,137,1,0
BRDA:452,138,0,0
BRDA:452,138,1,0
BRDA:452,139,0,0
BRDA:452,139,1,0
BRDA:452,140,0,0
BRDA:452,140,1,0
BRDA:464,141,0,0
BRDA:464,141,1,0
BRDA:465,142,0,0
BRDA:465,142,1,0
BRDA:467,143,0,0
BRDA:467,143,1,0
BRDA:468,144,0,0
BRDA:468,144,1,0
BRDA:470,145,0,0
BRDA:470,145,1,0
BRDA:471,146,0,0
BRDA:471,146,1,0
BRDA:473,147,0,0
BRDA:473,147,1,0
BRDA:474,148,0,0
BRDA:474,148,1,0
BRDA:488,149,0,0
BRDA:488,149,1,0
BRDA:489,150,0,0
BRDA:489,150,1,0
BRDA:490,151,0,0
BRDA:490,151,1,0
BRDA:511,152,0,0
BRDA:527,153,0,0
BRDA:527,153,1,0
BRDA:553,154,0,0
BRDA:553,155,0,0
BRDA:553,155,1,0
BRDA:556,156,0,0
BRDA:561,157,0,0
BRDA:561,157,1,0
BRDA:586,158,0,0
BRDA:632,159,0,0
BRDA:632,159,1,0
BRDA:637,160,0,0
BRDA:637,160,1,0
BRDA:638,161,0,0
BRDA:638,161,1,0
BRDA:639,162,0,0
BRDA:639,162,1,0
BRDA:640,163,0,0
BRDA:640,163,1,0
BRDA:654,164,0,0
BRDA:657,165,0,0
BRDA:657,165,1,0
BRDA:657,166,0,0
BRDA:657,166,1,0
BRDA:657,167,0,0
BRDA:657,167,1,0
BRDA:662,168,0,0
BRDA:662,168,1,0
BRDA:666,169,0,0
BRDA:666,169,1,0
BRDA:670,170,0,0
BRDA:670,170,1,0
BRDA:700,171,0,0
BRDA:700,172,0,0
BRDA:700,172,1,0
BRDA:710,173,0,0
BRDA:710,174,0,0
BRDA:710,174,1,0
BRF:328
BRH:0
end_of_record
TN:
SF:src/utils/financialCalculations.ts
FN:11,(anonymous_0)
FN:22,(anonymous_1)
FN:29,(anonymous_2)
FN:36,(anonymous_3)
FN:43,(anonymous_4)
FN:50,(anonymous_5)
FN:58,(anonymous_6)
FN:66,(anonymous_7)
FN:74,(anonymous_8)
FN:98,(anonymous_9)
FN:99,(anonymous_10)
FN:140,(anonymous_11)
FN:170,(anonymous_12)
FN:177,(anonymous_13)
FN:184,(anonymous_14)
FN:191,(anonymous_15)
FN:201,(anonymous_16)
FN:227,(anonymous_17)
FN:242,(anonymous_18)
FN:253,(anonymous_19)
FN:264,(anonymous_20)
FN:275,(anonymous_21)
FN:286,(anonymous_22)
FN:297,(anonymous_23)
FN:308,(anonymous_24)
FN:321,(anonymous_25)
FN:348,(anonymous_26)
FNF:27
FNH:23
FNDA:39,(anonymous_0)
FNDA:28,(anonymous_1)
FNDA:0,(anonymous_2)
FNDA:172,(anonymous_3)
FNDA:172,(anonymous_4)
FNDA:6,(anonymous_5)
FNDA:12,(anonymous_6)
FNDA:12,(anonymous_7)
FNDA:4,(anonymous_8)
FNDA:164,(anonymous_9)
FNDA:1968,(anonymous_10)
FNDA:16,(anonymous_11)
FNDA:4,(anonymous_12)
FNDA:4,(anonymous_13)
FNDA:0,(anonymous_14)
FNDA:4,(anonymous_15)
FNDA:0,(anonymous_16)
FNDA:6,(anonymous_17)
FNDA:0,(anonymous_18)
FNDA:6,(anonymous_19)
FNDA:6,(anonymous_20)
FNDA:7,(anonymous_21)
FNDA:6,(anonymous_22)
FNDA:6,(anonymous_23)
FNDA:6,(anonymous_24)
FNDA:2,(anonymous_25)
FNDA:2,(anonymous_26)
DA:3,2
DA:12,39
DA:13,39
DA:14,39
DA:15,38
DA:23,28
DA:30,0
DA:37,172
DA:44,172
DA:51,6
DA:52,5
DA:59,12
DA:60,12
DA:67,12
DA:68,12
DA:75,4
DA:76,4
DA:79,4
DA:80,4
DA:81,44
DA:83,4
DA:87,4
DA:88,4
DA:89,4
DA:92,4
DA:93,0
DA:94,0
DA:95,0
DA:98,4
DA:99,164
DA:100,1968
DA:104,4
DA:105,4
DA:106,4
DA:107,4
DA:109,4
DA:110,164
DA:112,164
DA:113,4
DA:114,4
DA:115,4
DA:118,160
DA:119,92
DA:121,68
DA:124,160
DA:127,160
DA:128,4
DA:132,0
DA:133,0
DA:134,0
DA:147,16
DA:149,16
DA:150,16
DA:151,16
DA:152,16
DA:155,16
DA:157,16
DA:171,4
DA:178,4
DA:185,0
DA:192,4
DA:202,0
DA:217,0
DA:232,6
DA:233,5
DA:243,0
DA:244,0
DA:254,6
DA:255,5
DA:265,6
DA:266,5
DA:276,7
DA:277,6
DA:287,6
DA:288,5
DA:298,6
DA:299,5
DA:309,6
DA:310,5
DA:323,2
DA:325,1
DA:326,1
DA:329,1
DA:330,1
DA:334,1
DA:337,1
DA:349,2
DA:350,1
LF:88
LH:76
BRDA:14,0,0,1
BRDA:23,1,0,28
BRDA:23,1,1,28
BRDA:51,2,0,1
BRDA:59,3,0,0
BRDA:67,4,0,0
BRDA:81,5,0,4
BRDA:81,6,0,44
BRDA:81,6,1,44
BRDA:81,6,2,40
BRDA:81,6,3,0
BRDA:92,7,0,0
BRDA:112,8,0,4
BRDA:118,9,0,92
BRDA:118,9,1,68
BRDA:127,10,0,4
BRDA:155,11,0,16
BRDA:155,11,1,0
BRDA:171,12,0,4
BRDA:171,12,1,0
BRDA:178,13,0,4
BRDA:178,13,1,0
BRDA:185,14,0,0
BRDA:185,14,1,0
BRDA:192,15,0,4
BRDA:192,15,1,0
BRDA:232,16,0,1
BRDA:243,17,0,0
BRDA:254,18,0,1
BRDA:265,19,0,1
BRDA:276,20,0,1
BRDA:287,21,0,1
BRDA:298,22,0,1
BRDA:309,23,0,1
BRDA:323,24,0,1
BRDA:349,25,0,1
BRF:36
BRH:25
end_of_record
TN:
SF:src/utils/logger.ts
FNF:0
FNH:0
DA:1,0
DA:3,0
DA:16,0
DA:17,0
LF:4
LH:0
BRDA:16,0,0,0
BRF:1
BRH:0
end_of_record
TN:
SF:src/utils/modelCheck.ts
FN:10,checkModels
FN:18,(anonymous_2)
FN:32,checkCollections
FN:36,(anonymous_4)
FN:45,(anonymous_5)
FNF:5
FNH:0
FNDA:0,checkModels
FNDA:0,(anonymous_2)
FNDA:0,checkCollections
FNDA:0,(anonymous_4)
FNDA:0,(anonymous_5)
DA:1,0
DA:2,0
DA:5,0
DA:10,0
DA:11,0
DA:12,0
DA:15,0
DA:18,0
DA:20,0
DA:21,0
DA:22,0
DA:25,0
DA:26,0
DA:32,0
DA:33,0
DA:34,0
DA:35,0
DA:36,0
DA:38,0
DA:41,0
DA:44,0
DA:45,0
DA:48,0
DA:49,0
DA:50,0
DA:53,0
DA:54,0
DA:56,0
DA:57,0
LF:29
LH:0
BRDA:20,0,0,0
BRDA:48,1,0,0
BRF:2
BRH:0
end_of_record
TN:
SF:src/utils/fixers/projectionFixer.ts
FN:19,ensureExpenseInflation
FN:38,(anonymous_1)
FN:93,shouldRegenerateProjections
FNF:3
FNH:0
FNDA:0,ensureExpenseInflation
FNDA:0,(anonymous_1)
FNDA:0,shouldRegenerateProjections
DA:19,0
DA:23,0
DA:24,0
DA:25,0
DA:28,0
DA:29,0
DA:34,0
DA:35,0
DA:38,0
DA:39,0
DA:41,0
DA:45,0
DA:48,0
DA:56,0
DA:66,0
DA:69,0
DA:72,0
DA:74,0
DA:78,0
DA:79,0
DA:80,0
DA:81,0
DA:84,0
DA:93,0
DA:95,0
DA:96,0
DA:97,0
DA:101,0
DA:102,0
DA:106,0
DA:107,0
DA:110,0
DA:113,0
LF:33
LH:0
BRDA:21,0,0,0
BRDA:23,1,0,0
BRDA:23,2,0,0
BRDA:23,2,1,0
BRDA:23,2,2,0
BRDA:35,3,0,0
BRDA:35,3,1,0
BRDA:35,4,0,0
BRDA:35,4,1,0
BRDA:35,5,0,0
BRDA:35,5,1,0
BRDA:35,6,0,0
BRDA:35,6,1,0
BRDA:35,7,0,0
BRDA:35,7,1,0
BRDA:35,8,0,0
BRDA:35,8,1,0
BRDA:39,9,0,0
BRDA:66,10,0,0
BRDA:66,10,1,0
BRDA:67,11,0,0
BRDA:67,11,1,0
BRDA:67,11,2,0
BRDA:67,12,0,0
BRDA:67,12,1,0
BRDA:72,13,0,0
BRDA:72,13,1,0
BRDA:78,14,0,0
BRDA:95,15,0,0
BRDA:95,16,0,0
BRDA:95,16,1,0
BRDA:95,16,2,0
BRDA:102,17,0,0
BRDA:102,18,0,0
BRDA:102,18,1,0
BRDA:102,18,2,0
BRDA:102,18,3,0
BRF:37
BRH:0
end_of_record
